2024-01-15 00:53:40,335 [INFO] Activator:176 - 


2024-01-15 00:53:40,341 [INFO] Activator:177 - !SESSION log4j initialized
2024-01-15 00:53:45,682 [ERROR] LogOutputStream:75 - [STDERR_REDIRECT] 
2024-01-15 00:53:46,388 [INFO] LogOutputStream:77 - [STDOUT_REDIRECT] 
2024-01-15 00:53:48,009 [INFO] LogOutputStream:77 - [STDOUT_REDIRECT] 
2024-01-15 00:53:50,454 [INFO] ApplicationProperties:184 - Using Application install path: /Applications/STM32CubeIDE.app/Contents/Eclipse/plugins/com.st.stm32cube.common.mx_6.10.0.202311202037
2024-01-15 00:53:50,510 [INFO] DbMcusXml:78 - Set database path to: /Applications/STM32CubeIDE.app/Contents/Eclipse/plugins/com.st.stm32cube.common.mx_6.10.0.202311202037//db//mcu/
2024-01-15 00:53:50,511 [INFO] ApiDb:274 - Set plugin database path to: /Applications/STM32CubeIDE.app/Contents/Eclipse/plugins/com.st.stm32cube.common.mx_6.10.0.202311202037//db//plugins/boardmanager/
2024-01-15 00:53:50,513 [WARN] ApiDb:259 - Overriding images path with different value:  => /Applications/STM32CubeIDE.app/Contents/Eclipse/plugins/com.st.stm32cube.common.mx_6.10.0.202311202037//db//plugins/mcufinder/images/
2024-01-15 00:53:50,545 [INFO] ApiDb:250 - Set database path to: /Users/romeluis/.stmcufinder/plugins/mcufinder//mcu/
2024-01-15 00:53:50,550 [INFO] DbMcusAds:125 - Set database path to: /Users/romeluis/.stmcufinder/plugins/mcufinder//mcu/
2024-01-15 00:53:50,553 [INFO] CrossReferenceDbSqlite:203 - Set database path to: /Users/romeluis/.stmcufinder/plugins/mcufinder//mcu/cs/
2024-01-15 00:53:50,902 [INFO] RulesReader:64 - Compatibility file has been processed (297 Rules)
2024-01-15 00:53:51,351 [INFO] DbMcusXml:78 - Set database path to: /Applications/STM32CubeIDE.app/Contents/Eclipse/plugins/com.st.stm32cube.common.mx_6.10.0.202311202037//db//mcu/
2024-01-15 00:53:51,354 [INFO] ApiDb:274 - Set plugin database path to: /Applications/STM32CubeIDE.app/Contents/Eclipse/plugins/com.st.stm32cube.common.mx_6.10.0.202311202037//db//plugins/boardmanager/
2024-01-15 00:53:51,357 [INFO] ApiDb:261 - Set plugin images path to: /Applications/STM32CubeIDE.app/Contents/Eclipse/plugins/com.st.stm32cube.common.mx_6.10.0.202311202037//db//plugins/mcufinder/images/
2024-01-15 00:53:51,361 [WARN] DbFile:41 - Overriding database path with different value: /Users/romeluis/.stmcufinder/plugins/mcufinder/ => /Users/romeluis/.stmcufinder/plugins/mcufinder
2024-01-15 00:53:51,362 [INFO] ApiDb:250 - Set database path to: /Users/romeluis/.stmcufinder/plugins/mcufinder//mcu/
2024-01-15 00:53:51,362 [WARN] DbFile:41 - Overriding database path with different value: /Users/romeluis/.stmcufinder/plugins/mcufinder/ => /Users/romeluis/.stmcufinder/plugins/mcufinder
2024-01-15 00:53:51,362 [INFO] DbMcusAds:125 - Set database path to: /Users/romeluis/.stmcufinder/plugins/mcufinder//mcu/
2024-01-15 00:53:51,362 [WARN] DbFile:41 - Overriding database path with different value: /Users/romeluis/.stmcufinder/plugins/mcufinder/ => /Users/romeluis/.stmcufinder/plugins/mcufinder
2024-01-15 00:53:51,362 [WARN] DbFile:41 - Overriding database path with different value: /Users/romeluis/.stmcufinder/plugins/mcufinder/ => /Users/romeluis/.stmcufinder/plugins/mcufinder
2024-01-15 00:53:51,363 [INFO] CrossReferenceDbSqlite:203 - Set database path to: /Users/romeluis/.stmcufinder/plugins/mcufinder//mcu/cs/
2024-01-15 00:53:51,978 [INFO] MainPanel:264 - HeapMemory: 353370112
2024-01-15 00:53:52,228 [INFO] DbMcusXml:78 - Set database path to: /Applications/STM32CubeIDE.app/Contents/Eclipse/plugins/com.st.stm32cube.common.mx_6.10.0.202311202037//db//mcu/
2024-01-15 00:53:52,229 [INFO] ApiDb:274 - Set plugin database path to: /Applications/STM32CubeIDE.app/Contents/Eclipse/plugins/com.st.stm32cube.common.mx_6.10.0.202311202037//db//plugins/boardmanager/
2024-01-15 00:53:52,230 [INFO] ApiDb:261 - Set plugin images path to: /Applications/STM32CubeIDE.app/Contents/Eclipse/plugins/com.st.stm32cube.common.mx_6.10.0.202311202037//db//plugins/mcufinder/images/
2024-01-15 00:53:52,232 [WARN] DbFile:41 - Overriding database path with different value: /Users/romeluis/.stmcufinder/plugins/mcufinder/ => /Users/romeluis/.stmcufinder/plugins/mcufinder
2024-01-15 00:53:52,232 [INFO] ApiDb:250 - Set database path to: /Users/romeluis/.stmcufinder/plugins/mcufinder//mcu/
2024-01-15 00:53:52,232 [WARN] DbFile:41 - Overriding database path with different value: /Users/romeluis/.stmcufinder/plugins/mcufinder/ => /Users/romeluis/.stmcufinder/plugins/mcufinder
2024-01-15 00:53:52,232 [INFO] DbMcusAds:125 - Set database path to: /Users/romeluis/.stmcufinder/plugins/mcufinder//mcu/
2024-01-15 00:53:52,232 [WARN] DbFile:41 - Overriding database path with different value: /Users/romeluis/.stmcufinder/plugins/mcufinder/ => /Users/romeluis/.stmcufinder/plugins/mcufinder
2024-01-15 00:53:52,232 [WARN] DbFile:41 - Overriding database path with different value: /Users/romeluis/.stmcufinder/plugins/mcufinder/ => /Users/romeluis/.stmcufinder/plugins/mcufinder
2024-01-15 00:53:52,232 [INFO] CrossReferenceDbSqlite:203 - Set database path to: /Users/romeluis/.stmcufinder/plugins/mcufinder//mcu/cs/
2024-01-15 00:53:52,261 [INFO] ApplicationProperties:184 - Using Application install path: /Applications/STM32CubeIDE.app/Contents/Eclipse/plugins/com.st.stm32cube.common.mx_6.10.0.202311202037
2024-01-15 00:53:52,264 [INFO] PluginManage:196 - Search for loadable plugins [exclusion list=, ]
2024-01-15 00:53:52,270 [INFO] PluginManage:310 - Check plugin analytics
2024-01-15 00:53:52,707 [INFO] AnalyticsPlugin:253 - Accepted Software Licenses: STM32CubeMX.6.10.0
2024-01-15 00:53:52,708 [INFO] AnalyticsPlugin:255 - Accepted CMSIS Pack Licenses: 
2024-01-15 00:53:52,708 [INFO] AnalyticsPlugin:257 - Accepted Firmware Licenses: FW.F4.1.28.0,FW.F4.1.27.0
2024-01-15 00:53:52,723 [INFO] PluginManage:359 - Loaded plugin analytics (category:tool,tabindex:-1)
2024-01-15 00:53:52,726 [INFO] PluginManage:310 - Check plugin cadmodel
2024-01-15 00:53:52,922 [ERROR] LogOutputStream:75 - [STDERR_REDIRECT] [Fatal Error] :2:10: DOCTYPE is disallowed when the feature "http://apache.org/xml/features/disallow-doctype-decl" set to true.
2024-01-15 00:53:52,923 [ERROR] LogOutputStream:75 - [STDERR_REDIRECT] 
2024-01-15 00:53:53,100 [INFO] CADModel:105 - Init CAD model plugin
2024-01-15 00:53:53,100 [INFO] PluginManage:359 - Loaded plugin cadmodel (category:power,tabindex:5)
2024-01-15 00:53:53,100 [INFO] PluginManage:310 - Check plugin clock
2024-01-15 00:53:53,111 [INFO] PluginManage:359 - Loaded plugin clock (category:base,tabindex:2)
2024-01-15 00:53:53,112 [INFO] PluginManage:310 - Check plugin ddr
2024-01-15 00:53:53,113 [INFO] PluginManage:359 - Loaded plugin ddr (category:tool,tabindex:6)
2024-01-15 00:53:53,114 [INFO] PluginManage:310 - Check plugin filemanager
2024-01-15 00:53:53,259 [INFO] PluginManage:359 - Loaded plugin filemanager (category:base,tabindex:10)
2024-01-15 00:53:53,259 [INFO] PluginManage:310 - Check plugin ipmanager
2024-01-15 00:53:53,266 [INFO] PluginManage:359 - Loaded plugin ipmanager (category:base,tabindex:5)
2024-01-15 00:53:53,266 [INFO] PluginManage:310 - Check plugin lpbam
2024-01-15 00:53:53,273 [INFO] PluginManage:359 - Loaded plugin lpbam (category:base,tabindex:0)
2024-01-15 00:53:53,273 [INFO] PluginManage:310 - Check plugin memorymap
2024-01-15 00:53:53,283 [INFO] PluginManage:359 - Loaded plugin memorymap (category:base,tabindex:4)
2024-01-15 00:53:53,283 [INFO] PluginManage:310 - Check plugin pinoutandconfiguration
2024-01-15 00:53:53,287 [INFO] PluginManage:359 - Loaded plugin pinoutandconfiguration (category:base,tabindex:1)
2024-01-15 00:53:53,287 [INFO] PluginManage:310 - Check plugin pinoutconfig
2024-01-15 00:53:53,370 [WARN] SupportedApi:132 - Cannot load RTOS API schema: s4s-elt-must-match.1: The content of 'definitions' must match (annotation?, (simpleType | complexType)?, (unique | key | keyref)*)). A problem was found starting at: attribute.
2024-01-15 00:53:53,548 [INFO] PluginManage:359 - Loaded plugin pinoutconfig (category:base,tabindex:0)
2024-01-15 00:53:53,548 [INFO] PluginManage:310 - Check plugin power
2024-01-15 00:53:53,566 [INFO] PluginManage:359 - Loaded plugin power (category:power,tabindex:4)
2024-01-15 00:53:53,567 [INFO] PluginManage:310 - Check plugin projectmanager
2024-01-15 00:53:53,596 [INFO] PluginManage:359 - Loaded plugin projectmanager (category:projectmanager,tabindex:3)
2024-01-15 00:53:53,596 [INFO] PluginManage:310 - Check plugin thirdparty
2024-01-15 00:53:53,961 [INFO] PluginManage:359 - Loaded plugin thirdparty (category:base,tabindex:-1)
2024-01-15 00:53:53,964 [INFO] PluginManage:310 - Check plugin tools
2024-01-15 00:53:53,961 [WARN] IntegrityCheckThread:84 - waiting for thirdparty lock release [integrity check]
2024-01-15 00:53:53,965 [INFO] IntegrityCheckThread:86 - entering critical section [integrity check]
2024-01-15 00:53:53,970 [INFO] ThirdPartyUpdaterWithRetryManager:70 - Updater plugin not ready yet. [1/15]
2024-01-15 00:53:53,977 [INFO] PluginManage:359 - Loaded plugin tools (category:base,tabindex:7)
2024-01-15 00:53:53,978 [INFO] PluginManage:310 - Check plugin tutovideos
2024-01-15 00:53:54,207 [INFO] PluginManage:359 - Loaded plugin tutovideos (category:base,tabindex:-1)
2024-01-15 00:53:54,210 [INFO] PluginManage:310 - Check plugin updater
2024-01-15 00:53:54,241 [INFO] PluginManage:359 - Loaded plugin updater (category:base,tabindex:12)
2024-01-15 00:53:54,242 [INFO] PluginManage:310 - Check plugin userauth
2024-01-15 00:53:54,252 [INFO] UserAuth:114 - Init User Auth plugin
2024-01-15 00:53:54,253 [INFO] PluginManage:359 - Loaded plugin userauth (category:base,tabindex:14)
2024-01-15 00:53:54,254 [INFO] PluginManage:283 - PluginManage : Loaded plugins [17]
2024-01-15 00:53:54,542 [INFO] PinOutPanel:1499 - setPackage(No Configuration,No Configuration)
2024-01-15 00:53:54,602 [INFO] CADModel:165 - CPN selected for project level
2024-01-15 00:53:54,602 [INFO] CADModel:114 - Register for checkConnection events
2024-01-15 00:53:54,615 [INFO] IPUIPlugin:80 - create IPUIPlugin
2024-01-15 00:53:54,615 [INFO] PluginManager:220 - loadIPPluginJar : add mdma
2024-01-15 00:53:54,620 [INFO] IPUIPlugin:80 - create IPUIPlugin
2024-01-15 00:53:54,621 [INFO] PluginManager:220 - loadIPPluginJar : add freertos
2024-01-15 00:53:54,623 [INFO] IPUIPlugin:80 - create IPUIPlugin
2024-01-15 00:53:54,623 [INFO] PluginManager:220 - loadIPPluginJar : add gic
2024-01-15 00:53:54,628 [INFO] IPUIPlugin:80 - create IPUIPlugin
2024-01-15 00:53:54,628 [INFO] PluginManager:220 - loadIPPluginJar : add adc
2024-01-15 00:53:54,630 [INFO] IPUIPlugin:80 - create IPUIPlugin
2024-01-15 00:53:54,630 [INFO] PluginManager:220 - loadIPPluginJar : add gtzc
2024-01-15 00:53:54,631 [INFO] IPUIPlugin:80 - create IPUIPlugin
2024-01-15 00:53:54,631 [INFO] PluginManager:220 - loadIPPluginJar : add quadspi
2024-01-15 00:53:54,632 [INFO] IPUIPlugin:80 - create IPUIPlugin
2024-01-15 00:53:54,632 [INFO] PluginManager:220 - loadIPPluginJar : add aes
2024-01-15 00:53:54,633 [INFO] IPUIPlugin:80 - create IPUIPlugin
2024-01-15 00:53:54,634 [INFO] PluginManager:220 - loadIPPluginJar : add pdm2pcm
2024-01-15 00:53:54,634 [INFO] IPUIPlugin:80 - create IPUIPlugin
2024-01-15 00:53:54,635 [INFO] PluginManager:220 - loadIPPluginJar : add hash
2024-01-15 00:53:54,635 [INFO] IPUIPlugin:80 - create IPUIPlugin
2024-01-15 00:53:54,635 [INFO] PluginManager:220 - loadIPPluginJar : add tim
2024-01-15 00:53:54,636 [INFO] IPUIPlugin:80 - create IPUIPlugin
2024-01-15 00:53:54,636 [INFO] PluginManager:220 - loadIPPluginJar : add tsc
2024-01-15 00:53:54,637 [INFO] IPUIPlugin:80 - create IPUIPlugin
2024-01-15 00:53:54,637 [INFO] PluginManager:220 - loadIPPluginJar : add ts
2024-01-15 00:53:54,640 [INFO] IPUIPlugin:80 - create IPUIPlugin
2024-01-15 00:53:54,641 [INFO] PluginManager:220 - loadIPPluginJar : add can
2024-01-15 00:53:54,643 [INFO] IPUIPlugin:80 - create IPUIPlugin
2024-01-15 00:53:54,644 [INFO] PluginManager:220 - loadIPPluginJar : add dma3
2024-01-15 00:53:54,645 [INFO] IPUIPlugin:80 - create IPUIPlugin
2024-01-15 00:53:54,645 [INFO] PluginManager:220 - loadIPPluginJar : add dfsdm
2024-01-15 00:53:54,646 [INFO] IPUIPlugin:80 - create IPUIPlugin
2024-01-15 00:53:54,646 [INFO] PluginManager:220 - loadIPPluginJar : add spi
2024-01-15 00:53:54,647 [INFO] IPUIPlugin:80 - create IPUIPlugin
2024-01-15 00:53:54,647 [INFO] PluginManager:220 - loadIPPluginJar : add gfxmmu
2024-01-15 00:53:54,648 [INFO] IPUIPlugin:80 - create IPUIPlugin
2024-01-15 00:53:54,648 [INFO] PluginManager:220 - loadIPPluginJar : add genericplugin
2024-01-15 00:53:54,649 [INFO] IPUIPlugin:80 - create IPUIPlugin
2024-01-15 00:53:54,649 [INFO] PluginManager:220 - loadIPPluginJar : add cryp
2024-01-15 00:53:54,652 [INFO] IPUIPlugin:80 - create IPUIPlugin
2024-01-15 00:53:54,652 [INFO] PluginManager:220 - loadIPPluginJar : add gpio
2024-01-15 00:53:54,653 [INFO] IPUIPlugin:80 - create IPUIPlugin
2024-01-15 00:53:54,653 [INFO] PluginManager:220 - loadIPPluginJar : add comp
2024-01-15 00:53:54,654 [INFO] IPUIPlugin:80 - create IPUIPlugin
2024-01-15 00:53:54,655 [INFO] PluginManager:220 - loadIPPluginJar : add tracer_emb
2024-01-15 00:53:54,657 [INFO] IPUIPlugin:80 - create IPUIPlugin
2024-01-15 00:53:54,657 [INFO] PluginManager:220 - loadIPPluginJar : add openamp
2024-01-15 00:53:54,660 [INFO] IPUIPlugin:80 - create IPUIPlugin
2024-01-15 00:53:54,660 [INFO] PluginManager:220 - loadIPPluginJar : add stm32_wpan
2024-01-15 00:53:54,663 [INFO] IPUIPlugin:80 - create IPUIPlugin
2024-01-15 00:53:54,667 [INFO] PluginManager:220 - loadIPPluginJar : add plateformsettings
2024-01-15 00:53:54,670 [INFO] IPUIPlugin:80 - create IPUIPlugin
2024-01-15 00:53:54,670 [INFO] PluginManager:220 - loadIPPluginJar : add ipddr
2024-01-15 00:53:54,671 [INFO] IPUIPlugin:80 - create IPUIPlugin
2024-01-15 00:53:54,672 [INFO] PluginManager:220 - loadIPPluginJar : add usart
2024-01-15 00:53:54,672 [INFO] IPUIPlugin:80 - create IPUIPlugin
2024-01-15 00:53:54,672 [INFO] PluginManager:220 - loadIPPluginJar : add ltdc
2024-01-15 00:53:54,674 [INFO] IPUIPlugin:80 - create IPUIPlugin
2024-01-15 00:53:54,674 [INFO] PluginManager:220 - loadIPPluginJar : add nvic
2024-01-15 00:53:54,675 [INFO] IPUIPlugin:80 - create IPUIPlugin
2024-01-15 00:53:54,675 [INFO] PluginManager:220 - loadIPPluginJar : add fatfs
2024-01-15 00:53:54,679 [INFO] IPUIPlugin:80 - create IPUIPlugin
2024-01-15 00:53:54,679 [INFO] PluginManager:220 - loadIPPluginJar : add linkedlist
2024-01-15 00:53:54,683 [INFO] IPUIPlugin:80 - create IPUIPlugin
2024-01-15 00:53:54,683 [INFO] PluginManager:220 - loadIPPluginJar : add dma
2024-01-15 00:53:54,686 [INFO] IPUIPlugin:80 - create IPUIPlugin
2024-01-15 00:53:54,686 [INFO] PluginManager:220 - loadIPPluginJar : add fmc
2024-01-15 00:53:54,688 [INFO] IPUIPlugin:80 - create IPUIPlugin
2024-01-15 00:53:54,688 [INFO] PluginManager:220 - loadIPPluginJar : add i2s
2024-01-15 00:53:54,689 [INFO] IPUIPlugin:80 - create IPUIPlugin
2024-01-15 00:53:54,689 [INFO] PluginManager:220 - loadIPPluginJar : add ucpd
2024-01-15 00:53:54,690 [INFO] IPUIPlugin:80 - create IPUIPlugin
2024-01-15 00:53:54,690 [INFO] PluginManager:220 - loadIPPluginJar : add lorawan
2024-01-15 00:53:54,692 [INFO] IPUIPlugin:80 - create IPUIPlugin
2024-01-15 00:53:54,692 [INFO] PluginManager:220 - loadIPPluginJar : add opamp
2024-01-15 00:53:54,693 [INFO] IPUIPlugin:80 - create IPUIPlugin
2024-01-15 00:53:54,693 [INFO] PluginManager:220 - loadIPPluginJar : add i3c
2024-01-15 00:53:54,695 [INFO] IPUIPlugin:80 - create IPUIPlugin
2024-01-15 00:53:54,695 [INFO] PluginManager:220 - loadIPPluginJar : add touchsensing
2024-01-15 00:53:54,696 [INFO] IPUIPlugin:80 - create IPUIPlugin
2024-01-15 00:53:54,696 [INFO] PluginManager:220 - loadIPPluginJar : add i2c
2024-01-15 00:53:54,698 [INFO] IPUIPlugin:80 - create IPUIPlugin
2024-01-15 00:53:54,699 [INFO] PluginManager:220 - loadIPPluginJar : add resmgrutility
2024-01-15 00:53:54,700 [INFO] IPUIPlugin:80 - create IPUIPlugin
2024-01-15 00:53:54,700 [INFO] PluginManager:220 - loadIPPluginJar : add sai
2024-01-15 00:53:54,702 [INFO] IPUIPlugin:80 - create IPUIPlugin
2024-01-15 00:53:54,702 [INFO] PluginManager:220 - loadIPPluginJar : add usbx
2024-01-15 00:53:54,826 [INFO] CADModel:165 - CPN selected for project level
2024-01-15 00:53:54,827 [INFO] CADModel:114 - Register for checkConnection events
2024-01-15 00:53:54,828 [FATAL] Updater:308 - Updater called before beeing initialized
2024-01-15 00:53:54,828 [ERROR] CADModel:125 - Updater not yet initialized, retry later 
2024-01-15 00:53:55,069 [INFO] CADModel:165 - CPN selected for project level
2024-01-15 00:53:55,069 [INFO] CADModel:114 - Register for checkConnection events
2024-01-15 00:53:55,069 [FATAL] Updater:308 - Updater called before beeing initialized
2024-01-15 00:53:55,069 [ERROR] CADModel:125 - Updater not yet initialized, retry later 
2024-01-15 00:53:55,072 [FATAL] Updater:308 - Updater called before beeing initialized
2024-01-15 00:53:55,232 [FATAL] Updater:308 - Updater called before beeing initialized
2024-01-15 00:53:55,238 [INFO] DbMcusAds:53 - JSON generation date=Wed Nov 29 05:52:27 EST 2023 (1701255147349)
2024-01-15 00:53:55,238 [FATAL] Updater:308 - Updater called before beeing initialized
2024-01-15 00:53:55,297 [WARN] DetailPanel:346 - Failed to get advertising image, set to default
2024-01-15 00:53:55,370 [FATAL] Updater:308 - Updater called before beeing initialized
2024-01-15 00:53:55,373 [FATAL] Updater:308 - Updater called before beeing initialized
2024-01-15 00:53:55,373 [FATAL] Updater:308 - Updater called before beeing initialized
2024-01-15 00:53:55,373 [WARN] DetailPanel:346 - Failed to get advertising image, set to default
2024-01-15 00:53:55,376 [FATAL] Updater:308 - Updater called before beeing initialized
2024-01-15 00:53:55,436 [ERROR] Updater:1120 - MainUpdater not yet initialized. External WinMGr cannot be set.
2024-01-15 00:53:55,469 [INFO] Updater:1056 - Updater Version found : 6.10.0
2024-01-15 00:53:55,488 [INFO] ApplicationProperties:184 - Using Application install path: /Applications/STM32CubeIDE.app/Contents/Eclipse/plugins/com.st.stm32cube.common.mx_6.10.0.202311202037
2024-01-15 00:53:55,863 [INFO] MainUpdater:2873 - connection check result : 10
2024-01-15 00:53:55,864 [INFO] MainUpdater:290 - Updater Check For Update Now.
2024-01-15 00:53:55,864 [INFO] MicroXplorer:498 - Change Database Version : DB.6.0.100
2024-01-15 00:53:55,875 [INFO] McuFinderGlobals:63 - Set McuFinder mode to 2 (CubeIDE integrated)
2024-01-15 00:53:56,130 [INFO] CheckServerUpdateThread:120 - End of CheckServer Thread
2024-01-15 00:53:56,142 [INFO] UserAuth:404 - Internet connection configuration mode: 1
2024-01-15 00:53:56,159 [INFO] JxBrowserEngine:152 - Initiate JxBrowser Engine with user profile folder
2024-01-15 00:53:57,209 [WARN] PackLoader:240 - Cannot read IP mode file for STMicroelectronics.X-CUBE-SMBUS.2.1.0
2024-01-15 00:53:57,245 [WARN] PackLoader:240 - Cannot read IP mode file for STMicroelectronics.X-CUBE-TOUCHGFX.4.23.0
2024-01-15 00:53:57,329 [WARN] PackLoader:240 - Cannot read IP mode file for STMicroelectronics.X-CUBE-AZRTOS-F7.1.1.0
2024-01-15 00:53:57,386 [WARN] PackLoader:240 - Cannot read IP mode file for STMicroelectronics.FP-SNS-MOTENV1.4.3.2
2024-01-15 00:53:57,414 [WARN] PackLoader:240 - Cannot read IP mode file for STMicroelectronics.FP-SNS-FLIGHT1.5.0.2
2024-01-15 00:53:57,435 [WARN] PackLoader:240 - Cannot read IP mode file for STMicroelectronics.X-CUBE-DISPLAY.3.0.0
2024-01-15 00:53:57,481 [WARN] PackLoader:240 - Cannot read IP mode file for STMicroelectronics.X-CUBE-BLE1.7.0.0
2024-01-15 00:53:57,501 [WARN] PackLoader:240 - Cannot read IP mode file for emotas.I-CUBE-CANOPEN.1.3.0
2024-01-15 00:53:57,520 [WARN] PackLoader:240 - Cannot read IP mode file for STMicroelectronics.FP-SNS-SMARTAG2.1.2.0
2024-01-15 00:53:57,542 [INFO] LogOutputStream:77 - [STDOUT_REDIRECT] 1 : Invalid condition id : UX_CORESTACK_Condition cause : null
2024-01-15 00:53:57,544 [INFO] LogOutputStream:77 - [STDOUT_REDIRECT] 1 : Invalid condition id : UX_CORESTACK_Condition cause : null
2024-01-15 00:53:57,544 [INFO] LogOutputStream:77 - [STDOUT_REDIRECT] 1 : Invalid condition id : UX_CORESTACK_Condition cause : null
2024-01-15 00:53:57,544 [INFO] LogOutputStream:77 - [STDOUT_REDIRECT] 1 : Invalid condition id : UX_CORESTACK_Condition cause : null
2024-01-15 00:53:57,545 [INFO] LogOutputStream:77 - [STDOUT_REDIRECT] 1 : Invalid condition id : UX_CORESTACK_Condition cause : null
2024-01-15 00:53:57,557 [WARN] PackLoader:240 - Cannot read IP mode file for STMicroelectronics.X-CUBE-AZRTOS-WL.2.0.0
2024-01-15 00:53:57,584 [WARN] PackLoader:240 - Cannot read IP mode file for WES.I-CUBE-Cesium.1.3.0
2024-01-15 00:53:57,595 [WARN] PackLoader:240 - Cannot read IP mode file for STMicroelectronics.X-CUBE-BLE2.3.3.0
2024-01-15 00:53:57,615 [WARN] PackLoader:240 - Cannot read IP mode file for STMicroelectronics.X-CUBE-ALGOBUILD.1.3.0
2024-01-15 00:53:57,657 [WARN] PackLoader:240 - Cannot read IP mode file for STMicroelectronics.X-CUBE-AZRTOS-G0.1.1.0
2024-01-15 00:53:57,676 [WARN] PackLoader:240 - Cannot read IP mode file for STMicroelectronics.X-CUBE-NFC4.3.0.0
2024-01-15 00:53:57,728 [WARN] PackLoader:240 - Cannot read IP mode file for STMicroelectronics.X-CUBE-BLEMGR.3.0.0
2024-01-15 00:53:57,743 [WARN] PackLoader:240 - Cannot read IP mode file for STMicroelectronics.FP-ATR-SIGFOX1.3.2.0
2024-01-15 00:53:57,813 [WARN] PackLoader:240 - Cannot read IP mode file for SEGGER.I-CUBE-embOS.1.3.1
2024-01-15 00:53:57,997 [WARN] PackLoader:240 - Cannot read IP mode file for STMicroelectronics.X-CUBE-GNSS1.6.0.0
2024-01-15 00:53:58,033 [WARN] PackLoader:240 - Cannot read IP mode file for STMicroelectronics.X-CUBE-AZRTOS-F4.1.1.0
2024-01-15 00:53:58,061 [WARN] PackLoader:240 - Cannot read IP mode file for wolfSSL.I-CUBE-wolfSSL.5.6.6
2024-01-15 00:53:58,105 [WARN] PackLoader:240 - Cannot read IP mode file for STMicroelectronics.X-CUBE-AZRTOS-L5.2.0.0
2024-01-15 00:53:58,122 [WARN] PackLoader:240 - Cannot read IP mode file for STMicroelectronics.X-CUBE-EEPRMA1.4.2.0
2024-01-15 00:53:58,134 [WARN] PackLoader:240 - Cannot read IP mode file for ITTIA_DB.I-CUBE-ITTIADB.8.8.0
2024-01-15 00:53:58,150 [WARN] PackLoader:240 - Cannot read IP mode file for STMicroelectronics.X-CUBE-NFC7.1.0.1
2024-01-15 00:53:58,178 [WARN] PackLoader:240 - Cannot read IP mode file for STMicroelectronics.X-CUBE-NFC6.3.0.0
2024-01-15 00:53:58,186 [WARN] PackLoader:240 - Cannot read IP mode file for STMicroelectronics.X-CUBE-AI.8.1.0
2024-01-15 00:53:58,234 [WARN] ConditionMgr:438 - getConditionDescription Invalid condition id : LAN8742 Phy interface Condition cause : null
2024-01-15 00:53:58,237 [WARN] PackLoader:240 - Cannot read IP mode file for STMicroelectronics.X-CUBE-AZRTOS-L4.2.0.0
2024-01-15 00:53:58,247 [WARN] ConditionMgr:1039 - genDependencies : Invalid condition id : LAN8742 Phy interface Condition cause : null
2024-01-15 00:53:58,248 [WARN] ConditionMgr:1039 - genDependencies : Invalid condition id : LAN8742 Phy interface Condition cause : null
2024-01-15 00:53:58,249 [WARN] ConditionMgr:1039 - genDependencies : Invalid condition id : LAN8742 Phy interface Condition cause : null
2024-01-15 00:53:58,260 [WARN] PackLoader:240 - Cannot read IP mode file for STMicroelectronics.X-CUBE-SFXS2LP1.4.0.0
2024-01-15 00:53:58,283 [WARN] ConditionMgr:438 - getConditionDescription Invalid condition id : UX DEVICE CLASS RTOS Condition cause : null
2024-01-15 00:53:58,284 [WARN] ConditionMgr:438 - getConditionDescription Invalid condition id : UX DEVICE CLASS RTOS Condition cause : null
2024-01-15 00:53:58,289 [WARN] PackLoader:240 - Cannot read IP mode file for STMicroelectronics.X-CUBE-AZRTOS-WB.2.0.0
2024-01-15 00:53:58,291 [WARN] ConditionMgr:1039 - genDependencies : Invalid condition id : UX DEVICE CLASS RTOS Condition cause : null
2024-01-15 00:53:58,291 [WARN] ConditionMgr:1039 - genDependencies : Invalid condition id : UX DEVICE CLASS RTOS Condition cause : null
2024-01-15 00:53:58,292 [WARN] ConditionMgr:1039 - genDependencies : Invalid condition id : UX DEVICE CLASS RTOS Condition cause : null
2024-01-15 00:53:58,292 [WARN] ConditionMgr:1039 - genDependencies : Invalid condition id : UX DEVICE CLASS RTOS Condition cause : null
2024-01-15 00:53:58,292 [WARN] ConditionMgr:1039 - genDependencies : Invalid condition id : UX DEVICE CLASS RTOS Condition cause : null
2024-01-15 00:53:58,305 [WARN] PackLoader:240 - Cannot read IP mode file for STMicroelectronics.X-CUBE-SUBG2.5.0.0
2024-01-15 00:53:58,328 [WARN] PackLoader:240 - Cannot read IP mode file for STMicroelectronics.X-CUBE-AZRTOS-G4.2.0.0
2024-01-15 00:53:58,350 [WARN] PackLoader:240 - Cannot read IP mode file for Infineon.AIROC-Wi-Fi-Bluetooth-STM32.1.5.1
2024-01-15 00:53:58,368 [WARN] PackLoader:240 - Cannot read IP mode file for STMicroelectronics.FP-SNS-MOTENVWB1.1.3.1
2024-01-15 00:53:58,376 [WARN] PackLoader:240 - Cannot read IP mode file for STMicroelectronics.X-CUBE-ISPU.2.0.0
2024-01-15 00:53:58,454 [WARN] PackLoader:240 - Cannot read IP mode file for STMicroelectronics.X-CUBE-MEMS1.10.0.0
2024-01-15 00:53:58,642 [WARN] PackLoader:240 - Cannot read IP mode file for STMicroelectronics.X-CUBE-FREERTOS.1.1.0
2024-01-15 00:53:58,653 [WARN] PackLoader:240 - Cannot read IP mode file for portGmbH.I-Cube-SoM-uGOAL.1.1.0
2024-01-15 00:53:58,658 [WARN] PackLoader:240 - Cannot read IP mode file for STMicroelectronics.X-CUBE-ALS.1.0.1
2024-01-15 00:53:58,662 [WARN] PackLoader:240 - Cannot read IP mode file for STMicroelectronics.FP-ATR-ASTRA1.2.0.0
2024-01-15 00:53:58,676 [WARN] PackLoader:240 - Cannot read IP mode file for STMicroelectronics.X-CUBE-TOF1.3.4.0
2024-01-15 00:53:58,710 [WARN] PackLoader:240 - Cannot read IP mode file for STMicroelectronics.X-CUBE-AZRTOS-H7.3.2.0
2024-01-15 00:53:58,724 [INFO] ThirdParty:978 - Integrity check success = true
2024-01-15 00:53:58,724 [INFO] IntegrityCheckThread:100 - exiting critical section [integrity check]
2024-01-15 00:53:58,724 [INFO] IntegrityCheckThread:103 - End integrity checks thread
2024-01-15 00:54:01,064 [INFO] WebApp:161 - Instantiating new browser for Auth
2024-01-15 00:54:02,318 [INFO] WebApp:780 - Register for checkConnection events
2024-01-15 00:54:02,319 [INFO] WebApp:414 - Apply proxy settings
2024-01-15 00:54:02,327 [INFO] WebApp:459 - Chromium authenticates against Manually configured proxy
2024-01-15 00:54:02,348 [INFO] WebApp:467 - Username used for proxy authentication: 
2024-01-15 00:54:02,500 [INFO] WebApp:192 - Starting web application
2024-01-15 00:54:02,500 [INFO] WebApp:544 - Web application path used /Applications/STM32CubeIDE.app/Contents/Eclipse/plugins/com.st.stm32cube.common.mx_6.10.0.202311202037/db/plugins/mcufinder/reactClient1/index.html
2024-01-15 00:54:23,609 [ERROR] LogOutputStream:75 - [STDERR_REDIRECT] SLF4J: Failed to load class "org.slf4j.impl.StaticLoggerBinder".
2024-01-15 00:54:23,611 [ERROR] LogOutputStream:75 - [STDERR_REDIRECT] SLF4J: Defaulting to no-operation (NOP) logger implementation
2024-01-15 00:54:23,611 [ERROR] LogOutputStream:75 - [STDERR_REDIRECT] SLF4J: See http://www.slf4j.org/codes.html#StaticLoggerBinder for further details.
2024-01-15 01:02:13,164 [ERROR] LogOutputStream:75 - [STDERR_REDIRECT] 
