2024-02-19 15:30:39,804 [INFO] Activator:176 - 


2024-02-19 15:30:39,811 [INFO] Activator:177 - !SESSION log4j initialized
2024-02-19 15:30:45,033 [ERROR] LogOutputStream:75 - [STDERR_REDIRECT] 
2024-02-19 15:30:45,933 [INFO] LogOutputStream:77 - [STDOUT_REDIRECT] 
2024-02-19 15:30:48,016 [INFO] LogOutputStream:77 - [STDOUT_REDIRECT] 
2024-02-19 15:30:50,431 [INFO] ApplicationProperties:184 - Using Application install path: /Applications/STM32CubeIDE.app/Contents/Eclipse/plugins/com.st.stm32cube.common.mx_6.10.0.202311202037
2024-02-19 15:30:50,449 [INFO] DbMcusXml:78 - Set database path to: /Applications/STM32CubeIDE.app/Contents/Eclipse/plugins/com.st.stm32cube.common.mx_6.10.0.202311202037//db//mcu/
2024-02-19 15:30:50,449 [INFO] ApiDb:274 - Set plugin database path to: /Applications/STM32CubeIDE.app/Contents/Eclipse/plugins/com.st.stm32cube.common.mx_6.10.0.202311202037//db//plugins/boardmanager/
2024-02-19 15:30:50,451 [WARN] ApiDb:259 - Overriding images path with different value:  => /Applications/STM32CubeIDE.app/Contents/Eclipse/plugins/com.st.stm32cube.common.mx_6.10.0.202311202037//db//plugins/mcufinder/images/
2024-02-19 15:30:50,461 [INFO] ApiDb:250 - Set database path to: /Users/romeluis/.stmcufinder/plugins/mcufinder//mcu/
2024-02-19 15:30:50,463 [INFO] DbMcusAds:125 - Set database path to: /Users/romeluis/.stmcufinder/plugins/mcufinder//mcu/
2024-02-19 15:30:50,464 [INFO] CrossReferenceDbSqlite:203 - Set database path to: /Users/romeluis/.stmcufinder/plugins/mcufinder//mcu/cs/
2024-02-19 15:30:50,632 [INFO] RulesReader:64 - Compatibility file has been processed (297 Rules)
2024-02-19 15:30:50,750 [INFO] DbMcusXml:78 - Set database path to: /Applications/STM32CubeIDE.app/Contents/Eclipse/plugins/com.st.stm32cube.common.mx_6.10.0.202311202037//db//mcu/
2024-02-19 15:30:50,752 [INFO] ApiDb:274 - Set plugin database path to: /Applications/STM32CubeIDE.app/Contents/Eclipse/plugins/com.st.stm32cube.common.mx_6.10.0.202311202037//db//plugins/boardmanager/
2024-02-19 15:30:50,753 [INFO] ApiDb:261 - Set plugin images path to: /Applications/STM32CubeIDE.app/Contents/Eclipse/plugins/com.st.stm32cube.common.mx_6.10.0.202311202037//db//plugins/mcufinder/images/
2024-02-19 15:30:50,754 [WARN] DbFile:41 - Overriding database path with different value: /Users/romeluis/.stmcufinder/plugins/mcufinder/ => /Users/romeluis/.stmcufinder/plugins/mcufinder
2024-02-19 15:30:50,755 [INFO] ApiDb:250 - Set database path to: /Users/romeluis/.stmcufinder/plugins/mcufinder//mcu/
2024-02-19 15:30:50,755 [WARN] DbFile:41 - Overriding database path with different value: /Users/romeluis/.stmcufinder/plugins/mcufinder/ => /Users/romeluis/.stmcufinder/plugins/mcufinder
2024-02-19 15:30:50,755 [INFO] DbMcusAds:125 - Set database path to: /Users/romeluis/.stmcufinder/plugins/mcufinder//mcu/
2024-02-19 15:30:50,755 [WARN] DbFile:41 - Overriding database path with different value: /Users/romeluis/.stmcufinder/plugins/mcufinder/ => /Users/romeluis/.stmcufinder/plugins/mcufinder
2024-02-19 15:30:50,755 [WARN] DbFile:41 - Overriding database path with different value: /Users/romeluis/.stmcufinder/plugins/mcufinder/ => /Users/romeluis/.stmcufinder/plugins/mcufinder
2024-02-19 15:30:50,755 [INFO] CrossReferenceDbSqlite:203 - Set database path to: /Users/romeluis/.stmcufinder/plugins/mcufinder//mcu/cs/
2024-02-19 15:30:50,933 [INFO] MainPanel:264 - HeapMemory: 344981504
2024-02-19 15:30:51,064 [INFO] DbMcusXml:78 - Set database path to: /Applications/STM32CubeIDE.app/Contents/Eclipse/plugins/com.st.stm32cube.common.mx_6.10.0.202311202037//db//mcu/
2024-02-19 15:30:51,064 [INFO] ApiDb:274 - Set plugin database path to: /Applications/STM32CubeIDE.app/Contents/Eclipse/plugins/com.st.stm32cube.common.mx_6.10.0.202311202037//db//plugins/boardmanager/
2024-02-19 15:30:51,064 [INFO] ApiDb:261 - Set plugin images path to: /Applications/STM32CubeIDE.app/Contents/Eclipse/plugins/com.st.stm32cube.common.mx_6.10.0.202311202037//db//plugins/mcufinder/images/
2024-02-19 15:30:51,065 [WARN] DbFile:41 - Overriding database path with different value: /Users/romeluis/.stmcufinder/plugins/mcufinder/ => /Users/romeluis/.stmcufinder/plugins/mcufinder
2024-02-19 15:30:51,065 [INFO] ApiDb:250 - Set database path to: /Users/romeluis/.stmcufinder/plugins/mcufinder//mcu/
2024-02-19 15:30:51,065 [WARN] DbFile:41 - Overriding database path with different value: /Users/romeluis/.stmcufinder/plugins/mcufinder/ => /Users/romeluis/.stmcufinder/plugins/mcufinder
2024-02-19 15:30:51,065 [INFO] DbMcusAds:125 - Set database path to: /Users/romeluis/.stmcufinder/plugins/mcufinder//mcu/
2024-02-19 15:30:51,065 [WARN] DbFile:41 - Overriding database path with different value: /Users/romeluis/.stmcufinder/plugins/mcufinder/ => /Users/romeluis/.stmcufinder/plugins/mcufinder
2024-02-19 15:30:51,065 [WARN] DbFile:41 - Overriding database path with different value: /Users/romeluis/.stmcufinder/plugins/mcufinder/ => /Users/romeluis/.stmcufinder/plugins/mcufinder
2024-02-19 15:30:51,065 [INFO] CrossReferenceDbSqlite:203 - Set database path to: /Users/romeluis/.stmcufinder/plugins/mcufinder//mcu/cs/
2024-02-19 15:30:51,104 [INFO] ApplicationProperties:184 - Using Application install path: /Applications/STM32CubeIDE.app/Contents/Eclipse/plugins/com.st.stm32cube.common.mx_6.10.0.202311202037
2024-02-19 15:30:51,112 [INFO] PluginManage:196 - Search for loadable plugins [exclusion list=, ]
2024-02-19 15:30:51,118 [INFO] PluginManage:310 - Check plugin analytics
2024-02-19 15:30:51,755 [INFO] AnalyticsPlugin:253 - Accepted Software Licenses: STM32CubeMX.6.10.0
2024-02-19 15:30:51,756 [INFO] AnalyticsPlugin:255 - Accepted CMSIS Pack Licenses: 
2024-02-19 15:30:51,756 [INFO] AnalyticsPlugin:257 - Accepted Firmware Licenses: FW.F4.1.28.0,FW.F4.1.27.0
2024-02-19 15:30:51,760 [INFO] PluginManage:359 - Loaded plugin analytics (category:tool,tabindex:-1)
2024-02-19 15:30:51,761 [INFO] PluginManage:310 - Check plugin cadmodel
2024-02-19 15:30:51,901 [ERROR] LogOutputStream:75 - [STDERR_REDIRECT] [Fatal Error] :2:10: DOCTYPE is disallowed when the feature "http://apache.org/xml/features/disallow-doctype-decl" set to true.
2024-02-19 15:30:51,902 [ERROR] LogOutputStream:75 - [STDERR_REDIRECT] 
2024-02-19 15:30:52,148 [INFO] CADModel:105 - Init CAD model plugin
2024-02-19 15:30:52,149 [INFO] PluginManage:359 - Loaded plugin cadmodel (category:power,tabindex:5)
2024-02-19 15:30:52,149 [INFO] PluginManage:310 - Check plugin clock
2024-02-19 15:30:52,161 [INFO] PluginManage:359 - Loaded plugin clock (category:base,tabindex:2)
2024-02-19 15:30:52,162 [INFO] PluginManage:310 - Check plugin ddr
2024-02-19 15:30:52,164 [INFO] PluginManage:359 - Loaded plugin ddr (category:tool,tabindex:6)
2024-02-19 15:30:52,164 [INFO] PluginManage:310 - Check plugin filemanager
2024-02-19 15:30:52,342 [INFO] PluginManage:359 - Loaded plugin filemanager (category:base,tabindex:10)
2024-02-19 15:30:52,343 [INFO] PluginManage:310 - Check plugin ipmanager
2024-02-19 15:30:52,350 [INFO] PluginManage:359 - Loaded plugin ipmanager (category:base,tabindex:5)
2024-02-19 15:30:52,351 [INFO] PluginManage:310 - Check plugin lpbam
2024-02-19 15:30:52,361 [INFO] PluginManage:359 - Loaded plugin lpbam (category:base,tabindex:0)
2024-02-19 15:30:52,361 [INFO] PluginManage:310 - Check plugin memorymap
2024-02-19 15:30:52,371 [INFO] PluginManage:359 - Loaded plugin memorymap (category:base,tabindex:4)
2024-02-19 15:30:52,372 [INFO] PluginManage:310 - Check plugin pinoutandconfiguration
2024-02-19 15:30:52,377 [INFO] PluginManage:359 - Loaded plugin pinoutandconfiguration (category:base,tabindex:1)
2024-02-19 15:30:52,377 [INFO] PluginManage:310 - Check plugin pinoutconfig
2024-02-19 15:30:52,474 [WARN] SupportedApi:132 - Cannot load RTOS API schema: s4s-elt-must-match.1: The content of 'definitions' must match (annotation?, (simpleType | complexType)?, (unique | key | keyref)*)). A problem was found starting at: attribute.
2024-02-19 15:30:52,665 [INFO] PluginManage:359 - Loaded plugin pinoutconfig (category:base,tabindex:0)
2024-02-19 15:30:52,665 [INFO] PluginManage:310 - Check plugin power
2024-02-19 15:30:52,677 [INFO] PluginManage:359 - Loaded plugin power (category:power,tabindex:4)
2024-02-19 15:30:52,677 [INFO] PluginManage:310 - Check plugin projectmanager
2024-02-19 15:30:52,710 [INFO] PluginManage:359 - Loaded plugin projectmanager (category:projectmanager,tabindex:3)
2024-02-19 15:30:52,710 [INFO] PluginManage:310 - Check plugin thirdparty
2024-02-19 15:30:52,900 [INFO] PluginManage:359 - Loaded plugin thirdparty (category:base,tabindex:-1)
2024-02-19 15:30:52,900 [WARN] IntegrityCheckThread:84 - waiting for thirdparty lock release [integrity check]
2024-02-19 15:30:52,900 [INFO] PluginManage:310 - Check plugin tools
2024-02-19 15:30:52,901 [INFO] IntegrityCheckThread:86 - entering critical section [integrity check]
2024-02-19 15:30:52,903 [INFO] ThirdPartyUpdaterWithRetryManager:70 - Updater plugin not ready yet. [1/15]
2024-02-19 15:30:52,904 [INFO] PluginManage:359 - Loaded plugin tools (category:base,tabindex:7)
2024-02-19 15:30:52,904 [INFO] PluginManage:310 - Check plugin tutovideos
2024-02-19 15:30:53,123 [INFO] PluginManage:359 - Loaded plugin tutovideos (category:base,tabindex:-1)
2024-02-19 15:30:53,124 [INFO] PluginManage:310 - Check plugin updater
2024-02-19 15:30:53,153 [INFO] PluginManage:359 - Loaded plugin updater (category:base,tabindex:12)
2024-02-19 15:30:53,154 [INFO] PluginManage:310 - Check plugin userauth
2024-02-19 15:30:53,164 [INFO] UserAuth:114 - Init User Auth plugin
2024-02-19 15:30:53,165 [INFO] PluginManage:359 - Loaded plugin userauth (category:base,tabindex:14)
2024-02-19 15:30:53,166 [INFO] PluginManage:283 - PluginManage : Loaded plugins [17]
2024-02-19 15:30:53,586 [INFO] PinOutPanel:1499 - setPackage(No Configuration,No Configuration)
2024-02-19 15:30:53,692 [INFO] CADModel:165 - CPN selected for project level
2024-02-19 15:30:53,692 [INFO] CADModel:114 - Register for checkConnection events
2024-02-19 15:30:53,707 [INFO] IPUIPlugin:80 - create IPUIPlugin
2024-02-19 15:30:53,708 [INFO] PluginManager:220 - loadIPPluginJar : add mdma
2024-02-19 15:30:53,714 [INFO] IPUIPlugin:80 - create IPUIPlugin
2024-02-19 15:30:53,714 [INFO] PluginManager:220 - loadIPPluginJar : add freertos
2024-02-19 15:30:53,718 [INFO] IPUIPlugin:80 - create IPUIPlugin
2024-02-19 15:30:53,719 [INFO] PluginManager:220 - loadIPPluginJar : add gic
2024-02-19 15:30:53,725 [INFO] IPUIPlugin:80 - create IPUIPlugin
2024-02-19 15:30:53,725 [INFO] PluginManager:220 - loadIPPluginJar : add adc
2024-02-19 15:30:53,728 [INFO] IPUIPlugin:80 - create IPUIPlugin
2024-02-19 15:30:53,729 [INFO] PluginManager:220 - loadIPPluginJar : add gtzc
2024-02-19 15:30:53,731 [INFO] IPUIPlugin:80 - create IPUIPlugin
2024-02-19 15:30:53,731 [INFO] PluginManager:220 - loadIPPluginJar : add quadspi
2024-02-19 15:30:53,733 [INFO] IPUIPlugin:80 - create IPUIPlugin
2024-02-19 15:30:53,733 [INFO] PluginManager:220 - loadIPPluginJar : add aes
2024-02-19 15:30:53,735 [INFO] IPUIPlugin:80 - create IPUIPlugin
2024-02-19 15:30:53,735 [INFO] PluginManager:220 - loadIPPluginJar : add pdm2pcm
2024-02-19 15:30:53,737 [INFO] IPUIPlugin:80 - create IPUIPlugin
2024-02-19 15:30:53,737 [INFO] PluginManager:220 - loadIPPluginJar : add hash
2024-02-19 15:30:53,739 [INFO] IPUIPlugin:80 - create IPUIPlugin
2024-02-19 15:30:53,740 [INFO] PluginManager:220 - loadIPPluginJar : add tim
2024-02-19 15:30:53,740 [INFO] IPUIPlugin:80 - create IPUIPlugin
2024-02-19 15:30:53,741 [INFO] PluginManager:220 - loadIPPluginJar : add tsc
2024-02-19 15:30:53,741 [INFO] IPUIPlugin:80 - create IPUIPlugin
2024-02-19 15:30:53,741 [INFO] PluginManager:220 - loadIPPluginJar : add ts
2024-02-19 15:30:53,744 [INFO] IPUIPlugin:80 - create IPUIPlugin
2024-02-19 15:30:53,744 [INFO] PluginManager:220 - loadIPPluginJar : add can
2024-02-19 15:30:53,747 [INFO] IPUIPlugin:80 - create IPUIPlugin
2024-02-19 15:30:53,747 [INFO] PluginManager:220 - loadIPPluginJar : add dma3
2024-02-19 15:30:53,748 [INFO] IPUIPlugin:80 - create IPUIPlugin
2024-02-19 15:30:53,748 [INFO] PluginManager:220 - loadIPPluginJar : add dfsdm
2024-02-19 15:30:53,750 [INFO] IPUIPlugin:80 - create IPUIPlugin
2024-02-19 15:30:53,750 [INFO] PluginManager:220 - loadIPPluginJar : add spi
2024-02-19 15:30:53,751 [INFO] IPUIPlugin:80 - create IPUIPlugin
2024-02-19 15:30:53,752 [INFO] PluginManager:220 - loadIPPluginJar : add gfxmmu
2024-02-19 15:30:53,753 [INFO] IPUIPlugin:80 - create IPUIPlugin
2024-02-19 15:30:53,754 [INFO] PluginManager:220 - loadIPPluginJar : add genericplugin
2024-02-19 15:30:53,755 [INFO] IPUIPlugin:80 - create IPUIPlugin
2024-02-19 15:30:53,756 [INFO] PluginManager:220 - loadIPPluginJar : add cryp
2024-02-19 15:30:53,759 [INFO] IPUIPlugin:80 - create IPUIPlugin
2024-02-19 15:30:53,760 [INFO] PluginManager:220 - loadIPPluginJar : add gpio
2024-02-19 15:30:53,763 [INFO] IPUIPlugin:80 - create IPUIPlugin
2024-02-19 15:30:53,763 [INFO] PluginManager:220 - loadIPPluginJar : add comp
2024-02-19 15:30:53,765 [INFO] IPUIPlugin:80 - create IPUIPlugin
2024-02-19 15:30:53,765 [INFO] PluginManager:220 - loadIPPluginJar : add tracer_emb
2024-02-19 15:30:53,771 [INFO] IPUIPlugin:80 - create IPUIPlugin
2024-02-19 15:30:53,772 [INFO] PluginManager:220 - loadIPPluginJar : add openamp
2024-02-19 15:30:53,778 [INFO] IPUIPlugin:80 - create IPUIPlugin
2024-02-19 15:30:53,778 [INFO] PluginManager:220 - loadIPPluginJar : add stm32_wpan
2024-02-19 15:30:53,784 [INFO] IPUIPlugin:80 - create IPUIPlugin
2024-02-19 15:30:53,787 [INFO] PluginManager:220 - loadIPPluginJar : add plateformsettings
2024-02-19 15:30:53,791 [INFO] IPUIPlugin:80 - create IPUIPlugin
2024-02-19 15:30:53,791 [INFO] PluginManager:220 - loadIPPluginJar : add ipddr
2024-02-19 15:30:53,796 [INFO] IPUIPlugin:80 - create IPUIPlugin
2024-02-19 15:30:53,796 [INFO] PluginManager:220 - loadIPPluginJar : add usart
2024-02-19 15:30:53,797 [INFO] IPUIPlugin:80 - create IPUIPlugin
2024-02-19 15:30:53,797 [INFO] PluginManager:220 - loadIPPluginJar : add ltdc
2024-02-19 15:30:53,799 [INFO] IPUIPlugin:80 - create IPUIPlugin
2024-02-19 15:30:53,799 [INFO] PluginManager:220 - loadIPPluginJar : add nvic
2024-02-19 15:30:53,800 [INFO] IPUIPlugin:80 - create IPUIPlugin
2024-02-19 15:30:53,801 [INFO] PluginManager:220 - loadIPPluginJar : add fatfs
2024-02-19 15:30:53,806 [INFO] IPUIPlugin:80 - create IPUIPlugin
2024-02-19 15:30:53,806 [INFO] PluginManager:220 - loadIPPluginJar : add linkedlist
2024-02-19 15:30:53,810 [INFO] IPUIPlugin:80 - create IPUIPlugin
2024-02-19 15:30:53,810 [INFO] PluginManager:220 - loadIPPluginJar : add dma
2024-02-19 15:30:53,816 [INFO] IPUIPlugin:80 - create IPUIPlugin
2024-02-19 15:30:53,817 [INFO] PluginManager:220 - loadIPPluginJar : add fmc
2024-02-19 15:30:53,821 [INFO] IPUIPlugin:80 - create IPUIPlugin
2024-02-19 15:30:53,822 [INFO] PluginManager:220 - loadIPPluginJar : add i2s
2024-02-19 15:30:53,824 [INFO] IPUIPlugin:80 - create IPUIPlugin
2024-02-19 15:30:53,824 [INFO] PluginManager:220 - loadIPPluginJar : add ucpd
2024-02-19 15:30:53,827 [INFO] IPUIPlugin:80 - create IPUIPlugin
2024-02-19 15:30:53,827 [INFO] PluginManager:220 - loadIPPluginJar : add lorawan
2024-02-19 15:30:53,833 [INFO] IPUIPlugin:80 - create IPUIPlugin
2024-02-19 15:30:53,833 [INFO] PluginManager:220 - loadIPPluginJar : add opamp
2024-02-19 15:30:53,836 [INFO] IPUIPlugin:80 - create IPUIPlugin
2024-02-19 15:30:53,836 [INFO] PluginManager:220 - loadIPPluginJar : add i3c
2024-02-19 15:30:53,838 [INFO] IPUIPlugin:80 - create IPUIPlugin
2024-02-19 15:30:53,838 [INFO] PluginManager:220 - loadIPPluginJar : add touchsensing
2024-02-19 15:30:53,840 [INFO] IPUIPlugin:80 - create IPUIPlugin
2024-02-19 15:30:53,840 [INFO] PluginManager:220 - loadIPPluginJar : add i2c
2024-02-19 15:30:53,846 [INFO] IPUIPlugin:80 - create IPUIPlugin
2024-02-19 15:30:53,846 [INFO] PluginManager:220 - loadIPPluginJar : add resmgrutility
2024-02-19 15:30:53,848 [INFO] IPUIPlugin:80 - create IPUIPlugin
2024-02-19 15:30:53,849 [INFO] PluginManager:220 - loadIPPluginJar : add sai
2024-02-19 15:30:53,869 [INFO] IPUIPlugin:80 - create IPUIPlugin
2024-02-19 15:30:53,871 [INFO] PluginManager:220 - loadIPPluginJar : add usbx
2024-02-19 15:30:54,202 [INFO] CADModel:165 - CPN selected for project level
2024-02-19 15:30:54,205 [INFO] CADModel:114 - Register for checkConnection events
2024-02-19 15:30:54,206 [FATAL] Updater:308 - Updater called before beeing initialized
2024-02-19 15:30:54,206 [ERROR] CADModel:125 - Updater not yet initialized, retry later 
2024-02-19 15:30:55,881 [INFO] CADModel:165 - CPN selected for project level
2024-02-19 15:30:55,882 [INFO] CADModel:114 - Register for checkConnection events
2024-02-19 15:30:55,883 [FATAL] Updater:308 - Updater called before beeing initialized
2024-02-19 15:30:55,883 [ERROR] CADModel:125 - Updater not yet initialized, retry later 
2024-02-19 15:30:55,886 [FATAL] Updater:308 - Updater called before beeing initialized
2024-02-19 15:30:55,912 [INFO] ThirdPartyUpdaterWithRetryManager:70 - Updater plugin not ready yet. [2/15]
2024-02-19 15:30:56,059 [FATAL] Updater:308 - Updater called before beeing initialized
2024-02-19 15:30:56,065 [INFO] DbMcusAds:53 - JSON generation date=Wed Nov 29 05:52:27 EST 2023 (1701255147349)
2024-02-19 15:30:56,065 [FATAL] Updater:308 - Updater called before beeing initialized
2024-02-19 15:30:56,118 [WARN] DetailPanel:346 - Failed to get advertising image, set to default
2024-02-19 15:30:56,182 [FATAL] Updater:308 - Updater called before beeing initialized
2024-02-19 15:30:56,184 [FATAL] Updater:308 - Updater called before beeing initialized
2024-02-19 15:30:56,184 [FATAL] Updater:308 - Updater called before beeing initialized
2024-02-19 15:30:56,184 [WARN] DetailPanel:346 - Failed to get advertising image, set to default
2024-02-19 15:30:56,185 [FATAL] Updater:308 - Updater called before beeing initialized
2024-02-19 15:30:56,257 [ERROR] Updater:1120 - MainUpdater not yet initialized. External WinMGr cannot be set.
2024-02-19 15:30:56,262 [INFO] Updater:1056 - Updater Version found : 6.10.0
2024-02-19 15:30:56,276 [INFO] ApplicationProperties:184 - Using Application install path: /Applications/STM32CubeIDE.app/Contents/Eclipse/plugins/com.st.stm32cube.common.mx_6.10.0.202311202037
2024-02-19 15:30:56,914 [INFO] MainUpdater:2873 - connection check result : 10
2024-02-19 15:30:56,915 [INFO] MainUpdater:290 - Updater Check For Update Now.
2024-02-19 15:30:56,916 [INFO] MicroXplorer:498 - Change Database Version : DB.6.0.100
2024-02-19 15:30:56,926 [INFO] McuFinderGlobals:63 - Set McuFinder mode to 2 (CubeIDE integrated)
2024-02-19 15:30:57,190 [INFO] CheckServerUpdateThread:120 - End of CheckServer Thread
2024-02-19 15:30:57,470 [INFO] UserAuth:404 - Internet connection configuration mode: 1
2024-02-19 15:30:57,483 [INFO] JxBrowserEngine:152 - Initiate JxBrowser Engine with user profile folder
2024-02-19 15:30:59,229 [WARN] PackLoader:240 - Cannot read IP mode file for STMicroelectronics.X-CUBE-SMBUS.2.1.0
2024-02-19 15:30:59,289 [WARN] PackLoader:240 - Cannot read IP mode file for STMicroelectronics.X-CUBE-TOUCHGFX.4.23.0
2024-02-19 15:30:59,394 [WARN] PackLoader:240 - Cannot read IP mode file for STMicroelectronics.X-CUBE-AZRTOS-F7.1.1.0
2024-02-19 15:30:59,568 [WARN] PackLoader:240 - Cannot read IP mode file for STMicroelectronics.FP-SNS-MOTENV1.4.3.2
2024-02-19 15:30:59,616 [WARN] PackLoader:240 - Cannot read IP mode file for STMicroelectronics.FP-SNS-FLIGHT1.5.0.2
2024-02-19 15:30:59,655 [WARN] PackLoader:240 - Cannot read IP mode file for STMicroelectronics.X-CUBE-DISPLAY.3.0.0
2024-02-19 15:30:59,716 [WARN] PackLoader:240 - Cannot read IP mode file for STMicroelectronics.X-CUBE-BLE1.7.0.0
2024-02-19 15:30:59,778 [WARN] PackLoader:240 - Cannot read IP mode file for emotas.I-CUBE-CANOPEN.1.3.0
2024-02-19 15:30:59,807 [WARN] PackLoader:240 - Cannot read IP mode file for STMicroelectronics.FP-SNS-SMARTAG2.1.2.0
2024-02-19 15:30:59,842 [INFO] LogOutputStream:77 - [STDOUT_REDIRECT] 1 : Invalid condition id : UX_CORESTACK_Condition cause : null
2024-02-19 15:30:59,843 [INFO] LogOutputStream:77 - [STDOUT_REDIRECT] 1 : Invalid condition id : UX_CORESTACK_Condition cause : null
2024-02-19 15:30:59,843 [INFO] LogOutputStream:77 - [STDOUT_REDIRECT] 1 : Invalid condition id : UX_CORESTACK_Condition cause : null
2024-02-19 15:30:59,844 [INFO] LogOutputStream:77 - [STDOUT_REDIRECT] 1 : Invalid condition id : UX_CORESTACK_Condition cause : null
2024-02-19 15:30:59,845 [INFO] LogOutputStream:77 - [STDOUT_REDIRECT] 1 : Invalid condition id : UX_CORESTACK_Condition cause : null
2024-02-19 15:30:59,857 [WARN] PackLoader:240 - Cannot read IP mode file for STMicroelectronics.X-CUBE-AZRTOS-WL.2.0.0
2024-02-19 15:30:59,890 [WARN] PackLoader:240 - Cannot read IP mode file for WES.I-CUBE-Cesium.1.3.0
2024-02-19 15:30:59,911 [WARN] PackLoader:240 - Cannot read IP mode file for STMicroelectronics.X-CUBE-BLE2.3.3.0
2024-02-19 15:30:59,948 [WARN] PackLoader:240 - Cannot read IP mode file for STMicroelectronics.X-CUBE-ALGOBUILD.1.3.0
2024-02-19 15:30:59,995 [WARN] PackLoader:240 - Cannot read IP mode file for STMicroelectronics.X-CUBE-AZRTOS-G0.1.1.0
2024-02-19 15:31:00,021 [WARN] PackLoader:240 - Cannot read IP mode file for STMicroelectronics.X-CUBE-NFC4.3.0.0
2024-02-19 15:31:00,087 [WARN] PackLoader:240 - Cannot read IP mode file for STMicroelectronics.X-CUBE-BLEMGR.3.0.0
2024-02-19 15:31:00,114 [WARN] PackLoader:240 - Cannot read IP mode file for STMicroelectronics.FP-ATR-SIGFOX1.3.2.0
2024-02-19 15:31:00,131 [WARN] PackLoader:240 - Cannot read IP mode file for STMicroelectronics.X-CUBE-EEPRMA1.5.1.0
2024-02-19 15:31:00,261 [WARN] PackLoader:240 - Cannot read IP mode file for SEGGER.I-CUBE-embOS.1.3.1
2024-02-19 15:31:00,545 [WARN] PackLoader:240 - Cannot read IP mode file for STMicroelectronics.X-CUBE-GNSS1.6.0.0
2024-02-19 15:31:00,848 [WARN] PackLoader:240 - Cannot read IP mode file for STMicroelectronics.X-CUBE-AZRTOS-F4.1.1.0
2024-02-19 15:31:01,084 [WARN] PackLoader:240 - Cannot read IP mode file for wolfSSL.I-CUBE-wolfSSL.5.6.6
2024-02-19 15:31:01,154 [WARN] PackLoader:240 - Cannot read IP mode file for STMicroelectronics.X-CUBE-AZRTOS-L5.2.0.0
2024-02-19 15:31:01,192 [WARN] PackLoader:240 - Cannot read IP mode file for STMicroelectronics.X-CUBE-EEPRMA1.4.2.0
2024-02-19 15:31:01,243 [WARN] PackLoader:240 - Cannot read IP mode file for ITTIA_DB.I-CUBE-ITTIADB.8.8.0
2024-02-19 15:31:01,266 [WARN] PackLoader:240 - Cannot read IP mode file for STMicroelectronics.X-CUBE-NFC7.1.0.1
2024-02-19 15:31:01,363 [WARN] PackLoader:240 - Cannot read IP mode file for STMicroelectronics.X-CUBE-NFC6.3.0.0
2024-02-19 15:31:01,432 [WARN] PackLoader:240 - Cannot read IP mode file for STMicroelectronics.X-CUBE-AI.8.1.0
2024-02-19 15:31:01,563 [WARN] ConditionMgr:438 - getConditionDescription Invalid condition id : LAN8742 Phy interface Condition cause : null
2024-02-19 15:31:01,568 [WARN] PackLoader:240 - Cannot read IP mode file for STMicroelectronics.X-CUBE-AZRTOS-L4.2.0.0
2024-02-19 15:31:01,585 [WARN] ConditionMgr:1039 - genDependencies : Invalid condition id : LAN8742 Phy interface Condition cause : null
2024-02-19 15:31:01,586 [WARN] ConditionMgr:1039 - genDependencies : Invalid condition id : LAN8742 Phy interface Condition cause : null
2024-02-19 15:31:01,588 [WARN] ConditionMgr:1039 - genDependencies : Invalid condition id : LAN8742 Phy interface Condition cause : null
2024-02-19 15:31:01,629 [WARN] PackLoader:240 - Cannot read IP mode file for STMicroelectronics.X-CUBE-SFXS2LP1.4.0.0
2024-02-19 15:31:01,690 [WARN] ConditionMgr:438 - getConditionDescription Invalid condition id : UX DEVICE CLASS RTOS Condition cause : null
2024-02-19 15:31:01,691 [WARN] ConditionMgr:438 - getConditionDescription Invalid condition id : UX DEVICE CLASS RTOS Condition cause : null
2024-02-19 15:31:01,696 [WARN] PackLoader:240 - Cannot read IP mode file for STMicroelectronics.X-CUBE-AZRTOS-WB.2.0.0
2024-02-19 15:31:01,697 [WARN] ConditionMgr:1039 - genDependencies : Invalid condition id : UX DEVICE CLASS RTOS Condition cause : null
2024-02-19 15:31:01,698 [WARN] ConditionMgr:1039 - genDependencies : Invalid condition id : UX DEVICE CLASS RTOS Condition cause : null
2024-02-19 15:31:01,699 [WARN] ConditionMgr:1039 - genDependencies : Invalid condition id : UX DEVICE CLASS RTOS Condition cause : null
2024-02-19 15:31:01,699 [WARN] ConditionMgr:1039 - genDependencies : Invalid condition id : UX DEVICE CLASS RTOS Condition cause : null
2024-02-19 15:31:01,699 [WARN] ConditionMgr:1039 - genDependencies : Invalid condition id : UX DEVICE CLASS RTOS Condition cause : null
2024-02-19 15:31:01,738 [WARN] PackLoader:240 - Cannot read IP mode file for STMicroelectronics.X-CUBE-SUBG2.5.0.0
2024-02-19 15:31:01,844 [WARN] PackLoader:240 - Cannot read IP mode file for STMicroelectronics.X-CUBE-AZRTOS-G4.2.0.0
2024-02-19 15:31:01,902 [WARN] PackLoader:240 - Cannot read IP mode file for Infineon.AIROC-Wi-Fi-Bluetooth-STM32.1.5.1
2024-02-19 15:31:01,967 [WARN] PackLoader:240 - Cannot read IP mode file for STMicroelectronics.FP-SNS-MOTENVWB1.1.3.1
2024-02-19 15:31:01,974 [WARN] PackLoader:240 - Cannot read IP mode file for STMicroelectronics.X-CUBE-ISPU.2.0.0
2024-02-19 15:31:02,121 [WARN] PackLoader:240 - Cannot read IP mode file for STMicroelectronics.X-CUBE-MEMS1.10.0.0
2024-02-19 15:31:02,927 [WARN] PackLoader:240 - Cannot read IP mode file for STMicroelectronics.X-CUBE-FREERTOS.1.1.0
2024-02-19 15:31:02,976 [WARN] PackLoader:240 - Cannot read IP mode file for portGmbH.I-Cube-SoM-uGOAL.1.1.0
2024-02-19 15:31:02,994 [WARN] PackLoader:240 - Cannot read IP mode file for STMicroelectronics.X-CUBE-ALS.1.0.1
2024-02-19 15:31:03,012 [WARN] PackLoader:240 - Cannot read IP mode file for STMicroelectronics.FP-ATR-ASTRA1.2.0.0
2024-02-19 15:31:03,161 [WARN] PackLoader:240 - Cannot read IP mode file for STMicroelectronics.X-CUBE-TOF1.3.4.0
2024-02-19 15:31:03,320 [WARN] PackLoader:240 - Cannot read IP mode file for STMicroelectronics.X-CUBE-AZRTOS-H7.3.2.0
2024-02-19 15:31:03,338 [INFO] ThirdParty:978 - Integrity check success = true
2024-02-19 15:31:03,338 [INFO] IntegrityCheckThread:100 - exiting critical section [integrity check]
2024-02-19 15:31:03,338 [INFO] IntegrityCheckThread:103 - End integrity checks thread
2024-02-19 15:31:03,384 [INFO] WebApp:161 - Instantiating new browser for Auth
2024-02-19 15:31:04,832 [INFO] WebApp:780 - Register for checkConnection events
2024-02-19 15:31:04,834 [INFO] WebApp:414 - Apply proxy settings
2024-02-19 15:31:04,854 [INFO] WebApp:459 - Chromium authenticates against Manually configured proxy
2024-02-19 15:31:04,874 [INFO] WebApp:467 - Username used for proxy authentication: 
2024-02-19 15:31:05,041 [INFO] WebApp:192 - Starting web application
2024-02-19 15:31:05,043 [INFO] WebApp:544 - Web application path used /Applications/STM32CubeIDE.app/Contents/Eclipse/plugins/com.st.stm32cube.common.mx_6.10.0.202311202037/db/plugins/mcufinder/reactClient1/index.html
2024-02-19 15:31:26,248 [ERROR] LogOutputStream:75 - [STDERR_REDIRECT] SLF4J: Failed to load class "org.slf4j.impl.StaticLoggerBinder".
2024-02-19 15:31:26,249 [ERROR] LogOutputStream:75 - [STDERR_REDIRECT] SLF4J: Defaulting to no-operation (NOP) logger implementation
2024-02-19 15:31:26,250 [ERROR] LogOutputStream:75 - [STDERR_REDIRECT] SLF4J: See http://www.slf4j.org/codes.html#StaticLoggerBinder for further details.
2024-02-19 17:56:21,185 [ERROR] LogOutputStream:75 - [STDERR_REDIRECT] 
