2024-03-01 11:50:41,347 [INFO] Activator:176 - 


2024-03-01 11:50:41,355 [INFO] Activator:177 - !SESSION log4j initialized
2024-03-01 11:50:47,016 [ERROR] LogOutputStream:75 - [STDERR_REDIRECT] 
2024-03-01 11:50:49,631 [INFO] LogOutputStream:77 - [STDOUT_REDIRECT] 
2024-03-01 11:50:52,658 [INFO] ApplicationProperties:184 - Using Application install path: /Applications/STM32CubeIDE.app/Contents/Eclipse/plugins/com.st.stm32cube.common.mx_6.10.0.202311202037
2024-03-01 11:50:52,676 [INFO] DbMcusXml:78 - Set database path to: /Applications/STM32CubeIDE.app/Contents/Eclipse/plugins/com.st.stm32cube.common.mx_6.10.0.202311202037//db//mcu/
2024-03-01 11:50:52,676 [INFO] ApiDb:274 - Set plugin database path to: /Applications/STM32CubeIDE.app/Contents/Eclipse/plugins/com.st.stm32cube.common.mx_6.10.0.202311202037//db//plugins/boardmanager/
2024-03-01 11:50:52,676 [WARN] ApiDb:259 - Overriding images path with different value:  => /Applications/STM32CubeIDE.app/Contents/Eclipse/plugins/com.st.stm32cube.common.mx_6.10.0.202311202037//db//plugins/mcufinder/images/
2024-03-01 11:50:52,684 [INFO] ApiDb:250 - Set database path to: /Users/romeluis/.stmcufinder/plugins/mcufinder//mcu/
2024-03-01 11:50:52,685 [INFO] DbMcusAds:125 - Set database path to: /Users/romeluis/.stmcufinder/plugins/mcufinder//mcu/
2024-03-01 11:50:52,687 [INFO] CrossReferenceDbSqlite:203 - Set database path to: /Users/romeluis/.stmcufinder/plugins/mcufinder//mcu/cs/
2024-03-01 11:50:52,813 [INFO] RulesReader:64 - Compatibility file has been processed (297 Rules)
2024-03-01 11:50:52,877 [INFO] DbMcusXml:78 - Set database path to: /Applications/STM32CubeIDE.app/Contents/Eclipse/plugins/com.st.stm32cube.common.mx_6.10.0.202311202037//db//mcu/
2024-03-01 11:50:52,877 [INFO] ApiDb:274 - Set plugin database path to: /Applications/STM32CubeIDE.app/Contents/Eclipse/plugins/com.st.stm32cube.common.mx_6.10.0.202311202037//db//plugins/boardmanager/
2024-03-01 11:50:52,877 [INFO] ApiDb:261 - Set plugin images path to: /Applications/STM32CubeIDE.app/Contents/Eclipse/plugins/com.st.stm32cube.common.mx_6.10.0.202311202037//db//plugins/mcufinder/images/
2024-03-01 11:50:52,878 [WARN] DbFile:41 - Overriding database path with different value: /Users/romeluis/.stmcufinder/plugins/mcufinder/ => /Users/romeluis/.stmcufinder/plugins/mcufinder
2024-03-01 11:50:52,878 [INFO] ApiDb:250 - Set database path to: /Users/romeluis/.stmcufinder/plugins/mcufinder//mcu/
2024-03-01 11:50:52,878 [WARN] DbFile:41 - Overriding database path with different value: /Users/romeluis/.stmcufinder/plugins/mcufinder/ => /Users/romeluis/.stmcufinder/plugins/mcufinder
2024-03-01 11:50:52,878 [INFO] DbMcusAds:125 - Set database path to: /Users/romeluis/.stmcufinder/plugins/mcufinder//mcu/
2024-03-01 11:50:52,878 [WARN] DbFile:41 - Overriding database path with different value: /Users/romeluis/.stmcufinder/plugins/mcufinder/ => /Users/romeluis/.stmcufinder/plugins/mcufinder
2024-03-01 11:50:52,878 [WARN] DbFile:41 - Overriding database path with different value: /Users/romeluis/.stmcufinder/plugins/mcufinder/ => /Users/romeluis/.stmcufinder/plugins/mcufinder
2024-03-01 11:50:52,878 [INFO] CrossReferenceDbSqlite:203 - Set database path to: /Users/romeluis/.stmcufinder/plugins/mcufinder//mcu/cs/
2024-03-01 11:50:52,961 [INFO] MainPanel:264 - HeapMemory: 268435456
2024-03-01 11:50:53,047 [INFO] DbMcusXml:78 - Set database path to: /Applications/STM32CubeIDE.app/Contents/Eclipse/plugins/com.st.stm32cube.common.mx_6.10.0.202311202037//db//mcu/
2024-03-01 11:50:53,047 [INFO] ApiDb:274 - Set plugin database path to: /Applications/STM32CubeIDE.app/Contents/Eclipse/plugins/com.st.stm32cube.common.mx_6.10.0.202311202037//db//plugins/boardmanager/
2024-03-01 11:50:53,048 [INFO] ApiDb:261 - Set plugin images path to: /Applications/STM32CubeIDE.app/Contents/Eclipse/plugins/com.st.stm32cube.common.mx_6.10.0.202311202037//db//plugins/mcufinder/images/
2024-03-01 11:50:53,048 [WARN] DbFile:41 - Overriding database path with different value: /Users/romeluis/.stmcufinder/plugins/mcufinder/ => /Users/romeluis/.stmcufinder/plugins/mcufinder
2024-03-01 11:50:53,048 [INFO] ApiDb:250 - Set database path to: /Users/romeluis/.stmcufinder/plugins/mcufinder//mcu/
2024-03-01 11:50:53,048 [WARN] DbFile:41 - Overriding database path with different value: /Users/romeluis/.stmcufinder/plugins/mcufinder/ => /Users/romeluis/.stmcufinder/plugins/mcufinder
2024-03-01 11:50:53,048 [INFO] DbMcusAds:125 - Set database path to: /Users/romeluis/.stmcufinder/plugins/mcufinder//mcu/
2024-03-01 11:50:53,048 [WARN] DbFile:41 - Overriding database path with different value: /Users/romeluis/.stmcufinder/plugins/mcufinder/ => /Users/romeluis/.stmcufinder/plugins/mcufinder
2024-03-01 11:50:53,048 [WARN] DbFile:41 - Overriding database path with different value: /Users/romeluis/.stmcufinder/plugins/mcufinder/ => /Users/romeluis/.stmcufinder/plugins/mcufinder
2024-03-01 11:50:53,048 [INFO] CrossReferenceDbSqlite:203 - Set database path to: /Users/romeluis/.stmcufinder/plugins/mcufinder//mcu/cs/
2024-03-01 11:50:53,070 [INFO] ApplicationProperties:184 - Using Application install path: /Applications/STM32CubeIDE.app/Contents/Eclipse/plugins/com.st.stm32cube.common.mx_6.10.0.202311202037
2024-03-01 11:50:53,071 [INFO] PluginManage:196 - Search for loadable plugins [exclusion list=, ]
2024-03-01 11:50:53,075 [INFO] PluginManage:310 - Check plugin analytics
2024-03-01 11:50:53,321 [INFO] AnalyticsPlugin:253 - Accepted Software Licenses: STM32CubeMX.6.10.0
2024-03-01 11:50:53,322 [INFO] AnalyticsPlugin:255 - Accepted CMSIS Pack Licenses: 
2024-03-01 11:50:53,322 [INFO] AnalyticsPlugin:257 - Accepted Firmware Licenses: FW.F4.1.28.0,FW.F4.1.27.0
2024-03-01 11:50:53,327 [INFO] PluginManage:359 - Loaded plugin analytics (category:tool,tabindex:-1)
2024-03-01 11:50:53,329 [INFO] PluginManage:310 - Check plugin cadmodel
2024-03-01 11:50:53,866 [ERROR] LogOutputStream:75 - [STDERR_REDIRECT] [Fatal Error] :2:10: DOCTYPE is disallowed when the feature "http://apache.org/xml/features/disallow-doctype-decl" set to true.
2024-03-01 11:50:53,870 [ERROR] LogOutputStream:75 - [STDERR_REDIRECT] 
2024-03-01 11:50:53,914 [INFO] CADModel:105 - Init CAD model plugin
2024-03-01 11:50:53,914 [INFO] PluginManage:359 - Loaded plugin cadmodel (category:power,tabindex:5)
2024-03-01 11:50:53,915 [INFO] PluginManage:310 - Check plugin clock
2024-03-01 11:50:53,936 [INFO] PluginManage:359 - Loaded plugin clock (category:base,tabindex:2)
2024-03-01 11:50:53,936 [INFO] PluginManage:310 - Check plugin ddr
2024-03-01 11:50:53,937 [INFO] PluginManage:359 - Loaded plugin ddr (category:tool,tabindex:6)
2024-03-01 11:50:53,937 [INFO] PluginManage:310 - Check plugin filemanager
2024-03-01 11:50:54,254 [INFO] PluginManage:359 - Loaded plugin filemanager (category:base,tabindex:10)
2024-03-01 11:50:54,255 [INFO] PluginManage:310 - Check plugin ipmanager
2024-03-01 11:50:54,268 [INFO] PluginManage:359 - Loaded plugin ipmanager (category:base,tabindex:5)
2024-03-01 11:50:54,268 [INFO] PluginManage:310 - Check plugin lpbam
2024-03-01 11:50:54,280 [INFO] PluginManage:359 - Loaded plugin lpbam (category:base,tabindex:0)
2024-03-01 11:50:54,281 [INFO] PluginManage:310 - Check plugin memorymap
2024-03-01 11:50:54,292 [INFO] PluginManage:359 - Loaded plugin memorymap (category:base,tabindex:4)
2024-03-01 11:50:54,292 [INFO] PluginManage:310 - Check plugin pinoutandconfiguration
2024-03-01 11:50:54,296 [INFO] PluginManage:359 - Loaded plugin pinoutandconfiguration (category:base,tabindex:1)
2024-03-01 11:50:54,297 [INFO] PluginManage:310 - Check plugin pinoutconfig
2024-03-01 11:50:54,384 [WARN] SupportedApi:132 - Cannot load RTOS API schema: s4s-elt-must-match.1: The content of 'definitions' must match (annotation?, (simpleType | complexType)?, (unique | key | keyref)*)). A problem was found starting at: attribute.
2024-03-01 11:50:54,542 [INFO] PluginManage:359 - Loaded plugin pinoutconfig (category:base,tabindex:0)
2024-03-01 11:50:54,542 [INFO] PluginManage:310 - Check plugin power
2024-03-01 11:50:54,558 [INFO] PluginManage:359 - Loaded plugin power (category:power,tabindex:4)
2024-03-01 11:50:54,559 [INFO] PluginManage:310 - Check plugin projectmanager
2024-03-01 11:50:54,588 [INFO] PluginManage:359 - Loaded plugin projectmanager (category:projectmanager,tabindex:3)
2024-03-01 11:50:54,589 [INFO] PluginManage:310 - Check plugin thirdparty
2024-03-01 11:50:54,822 [INFO] PluginManage:359 - Loaded plugin thirdparty (category:base,tabindex:-1)
2024-03-01 11:50:54,826 [INFO] PluginManage:310 - Check plugin tools
2024-03-01 11:50:54,822 [WARN] IntegrityCheckThread:84 - waiting for thirdparty lock release [integrity check]
2024-03-01 11:50:54,827 [INFO] IntegrityCheckThread:86 - entering critical section [integrity check]
2024-03-01 11:50:54,832 [INFO] ThirdPartyUpdaterWithRetryManager:70 - Updater plugin not ready yet. [1/15]
2024-03-01 11:50:54,836 [INFO] PluginManage:359 - Loaded plugin tools (category:base,tabindex:7)
2024-03-01 11:50:54,836 [INFO] PluginManage:310 - Check plugin tutovideos
2024-03-01 11:50:55,005 [INFO] PluginManage:359 - Loaded plugin tutovideos (category:base,tabindex:-1)
2024-03-01 11:50:55,005 [INFO] PluginManage:310 - Check plugin updater
2024-03-01 11:50:55,019 [INFO] PluginManage:359 - Loaded plugin updater (category:base,tabindex:12)
2024-03-01 11:50:55,020 [INFO] PluginManage:310 - Check plugin userauth
2024-03-01 11:50:55,025 [INFO] UserAuth:114 - Init User Auth plugin
2024-03-01 11:50:55,026 [INFO] PluginManage:359 - Loaded plugin userauth (category:base,tabindex:14)
2024-03-01 11:50:55,027 [INFO] PluginManage:283 - PluginManage : Loaded plugins [17]
2024-03-01 11:50:55,283 [INFO] PinOutPanel:1499 - setPackage(No Configuration,No Configuration)
2024-03-01 11:50:55,345 [INFO] CADModel:165 - CPN selected for project level
2024-03-01 11:50:55,345 [INFO] CADModel:114 - Register for checkConnection events
2024-03-01 11:50:55,361 [INFO] IPUIPlugin:80 - create IPUIPlugin
2024-03-01 11:50:55,361 [INFO] PluginManager:220 - loadIPPluginJar : add mdma
2024-03-01 11:50:55,367 [INFO] IPUIPlugin:80 - create IPUIPlugin
2024-03-01 11:50:55,367 [INFO] PluginManager:220 - loadIPPluginJar : add freertos
2024-03-01 11:50:55,370 [INFO] IPUIPlugin:80 - create IPUIPlugin
2024-03-01 11:50:55,371 [INFO] PluginManager:220 - loadIPPluginJar : add gic
2024-03-01 11:50:55,376 [INFO] IPUIPlugin:80 - create IPUIPlugin
2024-03-01 11:50:55,376 [INFO] PluginManager:220 - loadIPPluginJar : add adc
2024-03-01 11:50:55,378 [INFO] IPUIPlugin:80 - create IPUIPlugin
2024-03-01 11:50:55,378 [INFO] PluginManager:220 - loadIPPluginJar : add gtzc
2024-03-01 11:50:55,380 [INFO] IPUIPlugin:80 - create IPUIPlugin
2024-03-01 11:50:55,380 [INFO] PluginManager:220 - loadIPPluginJar : add quadspi
2024-03-01 11:50:55,381 [INFO] IPUIPlugin:80 - create IPUIPlugin
2024-03-01 11:50:55,381 [INFO] PluginManager:220 - loadIPPluginJar : add aes
2024-03-01 11:50:55,384 [INFO] IPUIPlugin:80 - create IPUIPlugin
2024-03-01 11:50:55,384 [INFO] PluginManager:220 - loadIPPluginJar : add pdm2pcm
2024-03-01 11:50:55,385 [INFO] IPUIPlugin:80 - create IPUIPlugin
2024-03-01 11:50:55,385 [INFO] PluginManager:220 - loadIPPluginJar : add hash
2024-03-01 11:50:55,386 [INFO] IPUIPlugin:80 - create IPUIPlugin
2024-03-01 11:50:55,386 [INFO] PluginManager:220 - loadIPPluginJar : add tim
2024-03-01 11:50:55,387 [INFO] IPUIPlugin:80 - create IPUIPlugin
2024-03-01 11:50:55,387 [INFO] PluginManager:220 - loadIPPluginJar : add tsc
2024-03-01 11:50:55,388 [INFO] IPUIPlugin:80 - create IPUIPlugin
2024-03-01 11:50:55,388 [INFO] PluginManager:220 - loadIPPluginJar : add ts
2024-03-01 11:50:55,389 [INFO] IPUIPlugin:80 - create IPUIPlugin
2024-03-01 11:50:55,389 [INFO] PluginManager:220 - loadIPPluginJar : add can
2024-03-01 11:50:55,391 [INFO] IPUIPlugin:80 - create IPUIPlugin
2024-03-01 11:50:55,391 [INFO] PluginManager:220 - loadIPPluginJar : add dma3
2024-03-01 11:50:55,393 [INFO] IPUIPlugin:80 - create IPUIPlugin
2024-03-01 11:50:55,393 [INFO] PluginManager:220 - loadIPPluginJar : add dfsdm
2024-03-01 11:50:55,394 [INFO] IPUIPlugin:80 - create IPUIPlugin
2024-03-01 11:50:55,395 [INFO] PluginManager:220 - loadIPPluginJar : add spi
2024-03-01 11:50:55,396 [INFO] IPUIPlugin:80 - create IPUIPlugin
2024-03-01 11:50:55,396 [INFO] PluginManager:220 - loadIPPluginJar : add gfxmmu
2024-03-01 11:50:55,397 [INFO] IPUIPlugin:80 - create IPUIPlugin
2024-03-01 11:50:55,397 [INFO] PluginManager:220 - loadIPPluginJar : add genericplugin
2024-03-01 11:50:55,398 [INFO] IPUIPlugin:80 - create IPUIPlugin
2024-03-01 11:50:55,398 [INFO] PluginManager:220 - loadIPPluginJar : add cryp
2024-03-01 11:50:55,405 [INFO] IPUIPlugin:80 - create IPUIPlugin
2024-03-01 11:50:55,405 [INFO] PluginManager:220 - loadIPPluginJar : add gpio
2024-03-01 11:50:55,407 [INFO] IPUIPlugin:80 - create IPUIPlugin
2024-03-01 11:50:55,407 [INFO] PluginManager:220 - loadIPPluginJar : add comp
2024-03-01 11:50:55,408 [INFO] IPUIPlugin:80 - create IPUIPlugin
2024-03-01 11:50:55,408 [INFO] PluginManager:220 - loadIPPluginJar : add tracer_emb
2024-03-01 11:50:55,411 [INFO] IPUIPlugin:80 - create IPUIPlugin
2024-03-01 11:50:55,412 [INFO] PluginManager:220 - loadIPPluginJar : add openamp
2024-03-01 11:50:55,416 [INFO] IPUIPlugin:80 - create IPUIPlugin
2024-03-01 11:50:55,417 [INFO] PluginManager:220 - loadIPPluginJar : add stm32_wpan
2024-03-01 11:50:55,422 [INFO] IPUIPlugin:80 - create IPUIPlugin
2024-03-01 11:50:55,425 [INFO] PluginManager:220 - loadIPPluginJar : add plateformsettings
2024-03-01 11:50:55,431 [INFO] IPUIPlugin:80 - create IPUIPlugin
2024-03-01 11:50:55,431 [INFO] PluginManager:220 - loadIPPluginJar : add ipddr
2024-03-01 11:50:55,436 [INFO] IPUIPlugin:80 - create IPUIPlugin
2024-03-01 11:50:55,436 [INFO] PluginManager:220 - loadIPPluginJar : add usart
2024-03-01 11:50:55,437 [INFO] IPUIPlugin:80 - create IPUIPlugin
2024-03-01 11:50:55,438 [INFO] PluginManager:220 - loadIPPluginJar : add ltdc
2024-03-01 11:50:55,440 [INFO] IPUIPlugin:80 - create IPUIPlugin
2024-03-01 11:50:55,440 [INFO] PluginManager:220 - loadIPPluginJar : add nvic
2024-03-01 11:50:55,440 [INFO] IPUIPlugin:80 - create IPUIPlugin
2024-03-01 11:50:55,441 [INFO] PluginManager:220 - loadIPPluginJar : add fatfs
2024-03-01 11:50:55,445 [INFO] IPUIPlugin:80 - create IPUIPlugin
2024-03-01 11:50:55,445 [INFO] PluginManager:220 - loadIPPluginJar : add linkedlist
2024-03-01 11:50:55,448 [INFO] IPUIPlugin:80 - create IPUIPlugin
2024-03-01 11:50:55,448 [INFO] PluginManager:220 - loadIPPluginJar : add dma
2024-03-01 11:50:55,451 [INFO] IPUIPlugin:80 - create IPUIPlugin
2024-03-01 11:50:55,451 [INFO] PluginManager:220 - loadIPPluginJar : add fmc
2024-03-01 11:50:55,453 [INFO] IPUIPlugin:80 - create IPUIPlugin
2024-03-01 11:50:55,453 [INFO] PluginManager:220 - loadIPPluginJar : add i2s
2024-03-01 11:50:55,455 [INFO] IPUIPlugin:80 - create IPUIPlugin
2024-03-01 11:50:55,455 [INFO] PluginManager:220 - loadIPPluginJar : add ucpd
2024-03-01 11:50:55,469 [INFO] IPUIPlugin:80 - create IPUIPlugin
2024-03-01 11:50:55,469 [INFO] PluginManager:220 - loadIPPluginJar : add lorawan
2024-03-01 11:50:55,472 [INFO] IPUIPlugin:80 - create IPUIPlugin
2024-03-01 11:50:55,472 [INFO] PluginManager:220 - loadIPPluginJar : add opamp
2024-03-01 11:50:55,474 [INFO] IPUIPlugin:80 - create IPUIPlugin
2024-03-01 11:50:55,474 [INFO] PluginManager:220 - loadIPPluginJar : add i3c
2024-03-01 11:50:55,476 [INFO] IPUIPlugin:80 - create IPUIPlugin
2024-03-01 11:50:55,476 [INFO] PluginManager:220 - loadIPPluginJar : add touchsensing
2024-03-01 11:50:55,479 [INFO] IPUIPlugin:80 - create IPUIPlugin
2024-03-01 11:50:55,479 [INFO] PluginManager:220 - loadIPPluginJar : add i2c
2024-03-01 11:50:55,482 [INFO] IPUIPlugin:80 - create IPUIPlugin
2024-03-01 11:50:55,482 [INFO] PluginManager:220 - loadIPPluginJar : add resmgrutility
2024-03-01 11:50:55,484 [INFO] IPUIPlugin:80 - create IPUIPlugin
2024-03-01 11:50:55,485 [INFO] PluginManager:220 - loadIPPluginJar : add sai
2024-03-01 11:50:55,488 [INFO] IPUIPlugin:80 - create IPUIPlugin
2024-03-01 11:50:55,488 [INFO] PluginManager:220 - loadIPPluginJar : add usbx
2024-03-01 11:50:55,607 [INFO] CADModel:165 - CPN selected for project level
2024-03-01 11:50:55,608 [INFO] CADModel:114 - Register for checkConnection events
2024-03-01 11:50:55,608 [FATAL] Updater:308 - Updater called before beeing initialized
2024-03-01 11:50:55,608 [ERROR] CADModel:125 - Updater not yet initialized, retry later 
2024-03-01 11:50:55,848 [INFO] CADModel:165 - CPN selected for project level
2024-03-01 11:50:55,848 [INFO] CADModel:114 - Register for checkConnection events
2024-03-01 11:50:55,848 [FATAL] Updater:308 - Updater called before beeing initialized
2024-03-01 11:50:55,848 [ERROR] CADModel:125 - Updater not yet initialized, retry later 
2024-03-01 11:50:55,850 [FATAL] Updater:308 - Updater called before beeing initialized
2024-03-01 11:50:56,006 [FATAL] Updater:308 - Updater called before beeing initialized
2024-03-01 11:50:56,011 [INFO] DbMcusAds:53 - JSON generation date=Wed Nov 29 05:52:27 EST 2023 (1701255147349)
2024-03-01 11:50:56,012 [FATAL] Updater:308 - Updater called before beeing initialized
2024-03-01 11:50:56,073 [WARN] DetailPanel:346 - Failed to get advertising image, set to default
2024-03-01 11:50:56,141 [FATAL] Updater:308 - Updater called before beeing initialized
2024-03-01 11:50:56,144 [FATAL] Updater:308 - Updater called before beeing initialized
2024-03-01 11:50:56,144 [FATAL] Updater:308 - Updater called before beeing initialized
2024-03-01 11:50:56,144 [WARN] DetailPanel:346 - Failed to get advertising image, set to default
2024-03-01 11:50:56,144 [FATAL] Updater:308 - Updater called before beeing initialized
2024-03-01 11:50:56,211 [ERROR] Updater:1120 - MainUpdater not yet initialized. External WinMGr cannot be set.
2024-03-01 11:50:56,252 [INFO] Updater:1056 - Updater Version found : 6.10.0
2024-03-01 11:50:56,265 [INFO] ApplicationProperties:184 - Using Application install path: /Applications/STM32CubeIDE.app/Contents/Eclipse/plugins/com.st.stm32cube.common.mx_6.10.0.202311202037
2024-03-01 11:50:56,640 [INFO] MainUpdater:2873 - connection check result : 10
2024-03-01 11:50:56,641 [INFO] MainUpdater:290 - Updater Check For Update Now.
2024-03-01 11:50:56,641 [INFO] MicroXplorer:498 - Change Database Version : DB.6.0.100
2024-03-01 11:50:56,646 [INFO] McuFinderGlobals:63 - Set McuFinder mode to 2 (CubeIDE integrated)
2024-03-01 11:50:56,887 [INFO] CheckServerUpdateThread:120 - End of CheckServer Thread
2024-03-01 11:50:56,910 [INFO] UserAuth:404 - Internet connection configuration mode: 1
2024-03-01 11:50:56,921 [INFO] JxBrowserEngine:152 - Initiate JxBrowser Engine with user profile folder
2024-03-01 11:50:57,957 [WARN] PackLoader:240 - Cannot read IP mode file for STMicroelectronics.X-CUBE-SMBUS.2.1.0
2024-03-01 11:50:57,988 [WARN] PackLoader:240 - Cannot read IP mode file for STMicroelectronics.X-CUBE-TOUCHGFX.4.23.0
2024-03-01 11:50:58,037 [WARN] PackLoader:240 - Cannot read IP mode file for STMicroelectronics.X-CUBE-AZRTOS-F7.1.1.0
2024-03-01 11:50:58,087 [WARN] PackLoader:240 - Cannot read IP mode file for STMicroelectronics.FP-SNS-MOTENV1.4.3.2
2024-03-01 11:50:58,131 [WARN] PackLoader:240 - Cannot read IP mode file for STMicroelectronics.FP-SNS-FLIGHT1.5.0.2
2024-03-01 11:50:58,165 [WARN] PackLoader:240 - Cannot read IP mode file for STMicroelectronics.X-CUBE-DISPLAY.3.0.0
2024-03-01 11:50:58,217 [WARN] PackLoader:240 - Cannot read IP mode file for STMicroelectronics.X-CUBE-BLE1.7.0.0
2024-03-01 11:50:58,267 [WARN] PackLoader:240 - Cannot read IP mode file for emotas.I-CUBE-CANOPEN.1.3.0
2024-03-01 11:50:58,303 [WARN] PackLoader:240 - Cannot read IP mode file for STMicroelectronics.FP-SNS-SMARTAG2.1.2.0
2024-03-01 11:50:58,339 [INFO] LogOutputStream:77 - [STDOUT_REDIRECT] 1 : Invalid condition id : UX_CORESTACK_Condition cause : null
2024-03-01 11:50:58,341 [INFO] LogOutputStream:77 - [STDOUT_REDIRECT] 1 : Invalid condition id : UX_CORESTACK_Condition cause : null
2024-03-01 11:50:58,341 [INFO] LogOutputStream:77 - [STDOUT_REDIRECT] 1 : Invalid condition id : UX_CORESTACK_Condition cause : null
2024-03-01 11:50:58,341 [INFO] LogOutputStream:77 - [STDOUT_REDIRECT] 1 : Invalid condition id : UX_CORESTACK_Condition cause : null
2024-03-01 11:50:58,342 [INFO] LogOutputStream:77 - [STDOUT_REDIRECT] 1 : Invalid condition id : UX_CORESTACK_Condition cause : null
2024-03-01 11:50:58,354 [WARN] PackLoader:240 - Cannot read IP mode file for STMicroelectronics.X-CUBE-AZRTOS-WL.2.0.0
2024-03-01 11:50:58,391 [WARN] PackLoader:240 - Cannot read IP mode file for WES.I-CUBE-Cesium.1.3.0
2024-03-01 11:50:58,405 [WARN] PackLoader:240 - Cannot read IP mode file for STMicroelectronics.X-CUBE-BLE2.3.3.0
2024-03-01 11:50:58,435 [WARN] PackLoader:240 - Cannot read IP mode file for STMicroelectronics.X-CUBE-ALGOBUILD.1.3.0
2024-03-01 11:50:58,473 [WARN] PackLoader:240 - Cannot read IP mode file for STMicroelectronics.X-CUBE-AZRTOS-G0.1.1.0
2024-03-01 11:50:58,511 [WARN] PackLoader:240 - Cannot read IP mode file for STMicroelectronics.X-CUBE-NFC4.3.0.0
2024-03-01 11:50:58,571 [WARN] PackLoader:240 - Cannot read IP mode file for STMicroelectronics.X-CUBE-BLEMGR.3.0.0
2024-03-01 11:50:58,585 [WARN] PackLoader:240 - Cannot read IP mode file for STMicroelectronics.FP-ATR-SIGFOX1.3.2.0
2024-03-01 11:50:58,593 [WARN] PackLoader:240 - Cannot read IP mode file for STMicroelectronics.X-CUBE-EEPRMA1.5.1.0
2024-03-01 11:50:58,667 [WARN] PackLoader:240 - Cannot read IP mode file for SEGGER.I-CUBE-embOS.1.3.1
2024-03-01 11:50:58,742 [WARN] PackLoader:240 - Cannot read IP mode file for STMicroelectronics.X-CUBE-GNSS1.6.0.0
2024-03-01 11:50:58,782 [WARN] PackLoader:240 - Cannot read IP mode file for STMicroelectronics.X-CUBE-AZRTOS-F4.1.1.0
2024-03-01 11:50:58,798 [WARN] PackLoader:240 - Cannot read IP mode file for wolfSSL.I-CUBE-wolfSSL.5.6.6
2024-03-01 11:50:58,824 [WARN] PackLoader:240 - Cannot read IP mode file for STMicroelectronics.X-CUBE-AZRTOS-L5.2.0.0
2024-03-01 11:50:58,838 [WARN] PackLoader:240 - Cannot read IP mode file for STMicroelectronics.X-CUBE-EEPRMA1.4.2.0
2024-03-01 11:50:58,844 [WARN] PackLoader:240 - Cannot read IP mode file for ITTIA_DB.I-CUBE-ITTIADB.8.8.0
2024-03-01 11:50:58,850 [WARN] PackLoader:240 - Cannot read IP mode file for STMicroelectronics.X-CUBE-NFC7.1.0.1
2024-03-01 11:50:58,876 [WARN] PackLoader:240 - Cannot read IP mode file for STMicroelectronics.X-CUBE-NFC6.3.0.0
2024-03-01 11:50:58,894 [WARN] PackLoader:240 - Cannot read IP mode file for STMicroelectronics.X-CUBE-AI.8.1.0
2024-03-01 11:50:58,917 [WARN] ConditionMgr:438 - getConditionDescription Invalid condition id : LAN8742 Phy interface Condition cause : null
2024-03-01 11:50:58,918 [WARN] PackLoader:240 - Cannot read IP mode file for STMicroelectronics.X-CUBE-AZRTOS-L4.2.0.0
2024-03-01 11:50:58,926 [WARN] ConditionMgr:1039 - genDependencies : Invalid condition id : LAN8742 Phy interface Condition cause : null
2024-03-01 11:50:58,926 [WARN] ConditionMgr:1039 - genDependencies : Invalid condition id : LAN8742 Phy interface Condition cause : null
2024-03-01 11:50:58,928 [WARN] ConditionMgr:1039 - genDependencies : Invalid condition id : LAN8742 Phy interface Condition cause : null
2024-03-01 11:50:58,939 [WARN] PackLoader:240 - Cannot read IP mode file for STMicroelectronics.X-CUBE-SFXS2LP1.4.0.0
2024-03-01 11:50:58,953 [WARN] ConditionMgr:438 - getConditionDescription Invalid condition id : UX DEVICE CLASS RTOS Condition cause : null
2024-03-01 11:50:58,953 [WARN] ConditionMgr:438 - getConditionDescription Invalid condition id : UX DEVICE CLASS RTOS Condition cause : null
2024-03-01 11:50:58,957 [WARN] PackLoader:240 - Cannot read IP mode file for STMicroelectronics.X-CUBE-AZRTOS-WB.2.0.0
2024-03-01 11:50:58,958 [WARN] ConditionMgr:1039 - genDependencies : Invalid condition id : UX DEVICE CLASS RTOS Condition cause : null
2024-03-01 11:50:58,958 [WARN] ConditionMgr:1039 - genDependencies : Invalid condition id : UX DEVICE CLASS RTOS Condition cause : null
2024-03-01 11:50:58,959 [WARN] ConditionMgr:1039 - genDependencies : Invalid condition id : UX DEVICE CLASS RTOS Condition cause : null
2024-03-01 11:50:58,959 [WARN] ConditionMgr:1039 - genDependencies : Invalid condition id : UX DEVICE CLASS RTOS Condition cause : null
2024-03-01 11:50:58,960 [WARN] ConditionMgr:1039 - genDependencies : Invalid condition id : UX DEVICE CLASS RTOS Condition cause : null
2024-03-01 11:50:58,970 [WARN] PackLoader:240 - Cannot read IP mode file for STMicroelectronics.X-CUBE-SUBG2.5.0.0
2024-03-01 11:50:58,999 [WARN] PackLoader:240 - Cannot read IP mode file for STMicroelectronics.X-CUBE-AZRTOS-G4.2.0.0
2024-03-01 11:50:59,016 [WARN] PackLoader:240 - Cannot read IP mode file for Infineon.AIROC-Wi-Fi-Bluetooth-STM32.1.5.1
2024-03-01 11:50:59,027 [WARN] PackLoader:240 - Cannot read IP mode file for STMicroelectronics.FP-SNS-MOTENVWB1.1.3.1
2024-03-01 11:50:59,032 [WARN] PackLoader:240 - Cannot read IP mode file for STMicroelectronics.X-CUBE-ISPU.2.0.0
2024-03-01 11:50:59,084 [WARN] PackLoader:240 - Cannot read IP mode file for STMicroelectronics.X-CUBE-MEMS1.10.0.0
2024-03-01 11:50:59,224 [WARN] PackLoader:240 - Cannot read IP mode file for STMicroelectronics.X-CUBE-FREERTOS.1.1.0
2024-03-01 11:50:59,236 [WARN] PackLoader:240 - Cannot read IP mode file for portGmbH.I-Cube-SoM-uGOAL.1.1.0
2024-03-01 11:50:59,241 [WARN] PackLoader:240 - Cannot read IP mode file for STMicroelectronics.X-CUBE-ALS.1.0.1
2024-03-01 11:50:59,246 [WARN] PackLoader:240 - Cannot read IP mode file for STMicroelectronics.FP-ATR-ASTRA1.2.0.0
2024-03-01 11:50:59,264 [WARN] PackLoader:240 - Cannot read IP mode file for STMicroelectronics.X-CUBE-TOF1.3.4.0
2024-03-01 11:50:59,298 [WARN] PackLoader:240 - Cannot read IP mode file for STMicroelectronics.X-CUBE-AZRTOS-H7.3.2.0
2024-03-01 11:50:59,307 [INFO] ThirdParty:978 - Integrity check success = true
2024-03-01 11:50:59,307 [INFO] IntegrityCheckThread:100 - exiting critical section [integrity check]
2024-03-01 11:50:59,307 [INFO] IntegrityCheckThread:103 - End integrity checks thread
2024-03-01 11:51:01,895 [INFO] WebApp:161 - Instantiating new browser for Auth
2024-03-01 11:51:03,357 [INFO] WebApp:780 - Register for checkConnection events
2024-03-01 11:51:03,358 [INFO] WebApp:414 - Apply proxy settings
2024-03-01 11:51:03,366 [INFO] WebApp:459 - Chromium authenticates against Manually configured proxy
2024-03-01 11:51:03,388 [INFO] WebApp:467 - Username used for proxy authentication: 
2024-03-01 11:51:03,574 [INFO] WebApp:192 - Starting web application
2024-03-01 11:51:03,574 [INFO] WebApp:544 - Web application path used /Applications/STM32CubeIDE.app/Contents/Eclipse/plugins/com.st.stm32cube.common.mx_6.10.0.202311202037/db/plugins/mcufinder/reactClient1/index.html
2024-03-01 11:51:24,991 [ERROR] LogOutputStream:75 - [STDERR_REDIRECT] SLF4J: Failed to load class "org.slf4j.impl.StaticLoggerBinder".
2024-03-01 11:51:24,994 [ERROR] LogOutputStream:75 - [STDERR_REDIRECT] SLF4J: Defaulting to no-operation (NOP) logger implementation
2024-03-01 11:51:24,994 [ERROR] LogOutputStream:75 - [STDERR_REDIRECT] SLF4J: See http://www.slf4j.org/codes.html#StaticLoggerBinder for further details.
2024-03-01 16:44:04,588 [ERROR] LogOutputStream:75 - [STDERR_REDIRECT] 
