2024-02-29 14:55:51,827 [INFO] Activator:176 - 


2024-02-29 14:55:51,834 [INFO] Activator:177 - !SESSION log4j initialized
2024-02-29 14:55:57,315 [ERROR] LogOutputStream:75 - [STDERR_REDIRECT] 
2024-02-29 14:55:58,076 [INFO] LogOutputStream:77 - [STDOUT_REDIRECT] 
2024-02-29 14:56:01,590 [INFO] LogOutputStream:77 - [STDOUT_REDIRECT] 
2024-02-29 14:56:03,945 [ERROR] LogOutputStream:75 - [STDERR_REDIRECT] [Fatal Error] :2:10: DOCTYPE no está permitido cuando la función "http://apache.org/xml/features/disallow-doctype-decl" se ha definido en true.
2024-02-29 14:56:03,950 [ERROR] LogOutputStream:75 - [STDERR_REDIRECT] 
2024-02-29 14:56:04,931 [INFO] ApplicationProperties:184 - Using Application install path: /Applications/STM32CubeIDE.app/Contents/Eclipse/plugins/com.st.stm32cube.common.mx_6.10.0.202311202037
2024-02-29 14:56:04,946 [INFO] DbMcusXml:78 - Set database path to: /Applications/STM32CubeIDE.app/Contents/Eclipse/plugins/com.st.stm32cube.common.mx_6.10.0.202311202037//db//mcu/
2024-02-29 14:56:04,946 [INFO] ApiDb:274 - Set plugin database path to: /Applications/STM32CubeIDE.app/Contents/Eclipse/plugins/com.st.stm32cube.common.mx_6.10.0.202311202037//db//plugins/boardmanager/
2024-02-29 14:56:04,946 [WARN] ApiDb:259 - Overriding images path with different value:  => /Applications/STM32CubeIDE.app/Contents/Eclipse/plugins/com.st.stm32cube.common.mx_6.10.0.202311202037//db//plugins/mcufinder/images/
2024-02-29 14:56:04,954 [INFO] ApiDb:250 - Set database path to: /Users/romeluis/.stmcufinder/plugins/mcufinder//mcu/
2024-02-29 14:56:04,955 [INFO] DbMcusAds:125 - Set database path to: /Users/romeluis/.stmcufinder/plugins/mcufinder//mcu/
2024-02-29 14:56:04,956 [INFO] CrossReferenceDbSqlite:203 - Set database path to: /Users/romeluis/.stmcufinder/plugins/mcufinder//mcu/cs/
2024-02-29 14:56:05,081 [INFO] RulesReader:64 - Compatibility file has been processed (297 Rules)
2024-02-29 14:56:05,145 [INFO] DbMcusXml:78 - Set database path to: /Applications/STM32CubeIDE.app/Contents/Eclipse/plugins/com.st.stm32cube.common.mx_6.10.0.202311202037//db//mcu/
2024-02-29 14:56:05,145 [INFO] ApiDb:274 - Set plugin database path to: /Applications/STM32CubeIDE.app/Contents/Eclipse/plugins/com.st.stm32cube.common.mx_6.10.0.202311202037//db//plugins/boardmanager/
2024-02-29 14:56:05,146 [INFO] ApiDb:261 - Set plugin images path to: /Applications/STM32CubeIDE.app/Contents/Eclipse/plugins/com.st.stm32cube.common.mx_6.10.0.202311202037//db//plugins/mcufinder/images/
2024-02-29 14:56:05,146 [WARN] DbFile:41 - Overriding database path with different value: /Users/romeluis/.stmcufinder/plugins/mcufinder/ => /Users/romeluis/.stmcufinder/plugins/mcufinder
2024-02-29 14:56:05,146 [INFO] ApiDb:250 - Set database path to: /Users/romeluis/.stmcufinder/plugins/mcufinder//mcu/
2024-02-29 14:56:05,146 [WARN] DbFile:41 - Overriding database path with different value: /Users/romeluis/.stmcufinder/plugins/mcufinder/ => /Users/romeluis/.stmcufinder/plugins/mcufinder
2024-02-29 14:56:05,146 [INFO] DbMcusAds:125 - Set database path to: /Users/romeluis/.stmcufinder/plugins/mcufinder//mcu/
2024-02-29 14:56:05,146 [WARN] DbFile:41 - Overriding database path with different value: /Users/romeluis/.stmcufinder/plugins/mcufinder/ => /Users/romeluis/.stmcufinder/plugins/mcufinder
2024-02-29 14:56:05,147 [WARN] DbFile:41 - Overriding database path with different value: /Users/romeluis/.stmcufinder/plugins/mcufinder/ => /Users/romeluis/.stmcufinder/plugins/mcufinder
2024-02-29 14:56:05,147 [INFO] CrossReferenceDbSqlite:203 - Set database path to: /Users/romeluis/.stmcufinder/plugins/mcufinder//mcu/cs/
2024-02-29 14:56:05,242 [INFO] MainPanel:264 - HeapMemory: 363855872
2024-02-29 14:56:05,358 [INFO] DbMcusXml:78 - Set database path to: /Applications/STM32CubeIDE.app/Contents/Eclipse/plugins/com.st.stm32cube.common.mx_6.10.0.202311202037//db//mcu/
2024-02-29 14:56:05,359 [INFO] ApiDb:274 - Set plugin database path to: /Applications/STM32CubeIDE.app/Contents/Eclipse/plugins/com.st.stm32cube.common.mx_6.10.0.202311202037//db//plugins/boardmanager/
2024-02-29 14:56:05,360 [INFO] ApiDb:261 - Set plugin images path to: /Applications/STM32CubeIDE.app/Contents/Eclipse/plugins/com.st.stm32cube.common.mx_6.10.0.202311202037//db//plugins/mcufinder/images/
2024-02-29 14:56:05,361 [WARN] DbFile:41 - Overriding database path with different value: /Users/romeluis/.stmcufinder/plugins/mcufinder/ => /Users/romeluis/.stmcufinder/plugins/mcufinder
2024-02-29 14:56:05,361 [INFO] ApiDb:250 - Set database path to: /Users/romeluis/.stmcufinder/plugins/mcufinder//mcu/
2024-02-29 14:56:05,361 [WARN] DbFile:41 - Overriding database path with different value: /Users/romeluis/.stmcufinder/plugins/mcufinder/ => /Users/romeluis/.stmcufinder/plugins/mcufinder
2024-02-29 14:56:05,361 [INFO] DbMcusAds:125 - Set database path to: /Users/romeluis/.stmcufinder/plugins/mcufinder//mcu/
2024-02-29 14:56:05,361 [WARN] DbFile:41 - Overriding database path with different value: /Users/romeluis/.stmcufinder/plugins/mcufinder/ => /Users/romeluis/.stmcufinder/plugins/mcufinder
2024-02-29 14:56:05,362 [WARN] DbFile:41 - Overriding database path with different value: /Users/romeluis/.stmcufinder/plugins/mcufinder/ => /Users/romeluis/.stmcufinder/plugins/mcufinder
2024-02-29 14:56:05,362 [INFO] CrossReferenceDbSqlite:203 - Set database path to: /Users/romeluis/.stmcufinder/plugins/mcufinder//mcu/cs/
2024-02-29 14:56:05,410 [INFO] ApplicationProperties:184 - Using Application install path: /Applications/STM32CubeIDE.app/Contents/Eclipse/plugins/com.st.stm32cube.common.mx_6.10.0.202311202037
2024-02-29 14:56:05,414 [INFO] PluginManage:196 - Search for loadable plugins [exclusion list=, ]
2024-02-29 14:56:05,419 [INFO] PluginManage:310 - Check plugin analytics
2024-02-29 14:56:05,695 [INFO] AnalyticsPlugin:253 - Accepted Software Licenses: STM32CubeMX.6.10.0
2024-02-29 14:56:05,696 [INFO] AnalyticsPlugin:255 - Accepted CMSIS Pack Licenses: 
2024-02-29 14:56:05,697 [INFO] AnalyticsPlugin:257 - Accepted Firmware Licenses: FW.F4.1.28.0,FW.F4.1.27.0
2024-02-29 14:56:05,713 [INFO] PluginManage:359 - Loaded plugin analytics (category:tool,tabindex:-1)
2024-02-29 14:56:05,713 [INFO] PluginManage:310 - Check plugin cadmodel
2024-02-29 14:56:06,098 [INFO] CADModel:105 - Init CAD model plugin
2024-02-29 14:56:06,099 [INFO] PluginManage:359 - Loaded plugin cadmodel (category:power,tabindex:5)
2024-02-29 14:56:06,100 [INFO] PluginManage:310 - Check plugin clock
2024-02-29 14:56:06,111 [INFO] PluginManage:359 - Loaded plugin clock (category:base,tabindex:2)
2024-02-29 14:56:06,112 [INFO] PluginManage:310 - Check plugin ddr
2024-02-29 14:56:06,114 [INFO] PluginManage:359 - Loaded plugin ddr (category:tool,tabindex:6)
2024-02-29 14:56:06,114 [INFO] PluginManage:310 - Check plugin filemanager
2024-02-29 14:56:06,264 [INFO] PluginManage:359 - Loaded plugin filemanager (category:base,tabindex:10)
2024-02-29 14:56:06,265 [INFO] PluginManage:310 - Check plugin ipmanager
2024-02-29 14:56:06,272 [INFO] PluginManage:359 - Loaded plugin ipmanager (category:base,tabindex:5)
2024-02-29 14:56:06,272 [INFO] PluginManage:310 - Check plugin lpbam
2024-02-29 14:56:06,280 [INFO] PluginManage:359 - Loaded plugin lpbam (category:base,tabindex:0)
2024-02-29 14:56:06,280 [INFO] PluginManage:310 - Check plugin memorymap
2024-02-29 14:56:06,288 [INFO] PluginManage:359 - Loaded plugin memorymap (category:base,tabindex:4)
2024-02-29 14:56:06,288 [INFO] PluginManage:310 - Check plugin pinoutandconfiguration
2024-02-29 14:56:06,292 [INFO] PluginManage:359 - Loaded plugin pinoutandconfiguration (category:base,tabindex:1)
2024-02-29 14:56:06,292 [INFO] PluginManage:310 - Check plugin pinoutconfig
2024-02-29 14:56:06,384 [WARN] SupportedApi:132 - Cannot load RTOS API schema: s4s-elt-must-match.1: The content of 'definitions' must match (annotation?, (simpleType | complexType)?, (unique | key | keyref)*)). A problem was found starting at: attribute.
2024-02-29 14:56:06,559 [INFO] PluginManage:359 - Loaded plugin pinoutconfig (category:base,tabindex:0)
2024-02-29 14:56:06,560 [INFO] PluginManage:310 - Check plugin power
2024-02-29 14:56:06,574 [INFO] PluginManage:359 - Loaded plugin power (category:power,tabindex:4)
2024-02-29 14:56:06,575 [INFO] PluginManage:310 - Check plugin projectmanager
2024-02-29 14:56:06,613 [INFO] PluginManage:359 - Loaded plugin projectmanager (category:projectmanager,tabindex:3)
2024-02-29 14:56:06,614 [INFO] PluginManage:310 - Check plugin thirdparty
2024-02-29 14:56:06,816 [INFO] PluginManage:359 - Loaded plugin thirdparty (category:base,tabindex:-1)
2024-02-29 14:56:06,818 [INFO] PluginManage:310 - Check plugin tools
2024-02-29 14:56:06,816 [WARN] IntegrityCheckThread:84 - waiting for thirdparty lock release [integrity check]
2024-02-29 14:56:06,822 [INFO] IntegrityCheckThread:86 - entering critical section [integrity check]
2024-02-29 14:56:06,827 [INFO] ThirdPartyUpdaterWithRetryManager:70 - Updater plugin not ready yet. [1/15]
2024-02-29 14:56:06,828 [INFO] PluginManage:359 - Loaded plugin tools (category:base,tabindex:7)
2024-02-29 14:56:06,828 [INFO] PluginManage:310 - Check plugin tutovideos
2024-02-29 14:56:07,009 [INFO] PluginManage:359 - Loaded plugin tutovideos (category:base,tabindex:-1)
2024-02-29 14:56:07,010 [INFO] PluginManage:310 - Check plugin updater
2024-02-29 14:56:07,033 [INFO] PluginManage:359 - Loaded plugin updater (category:base,tabindex:12)
2024-02-29 14:56:07,033 [INFO] PluginManage:310 - Check plugin userauth
2024-02-29 14:56:07,040 [INFO] UserAuth:114 - Init User Auth plugin
2024-02-29 14:56:07,040 [INFO] PluginManage:359 - Loaded plugin userauth (category:base,tabindex:14)
2024-02-29 14:56:07,041 [INFO] PluginManage:283 - PluginManage : Loaded plugins [17]
2024-02-29 14:56:07,316 [INFO] PinOutPanel:1499 - setPackage(No Configuration,No Configuration)
2024-02-29 14:56:07,397 [INFO] CADModel:165 - CPN selected for project level
2024-02-29 14:56:07,397 [INFO] CADModel:114 - Register for checkConnection events
2024-02-29 14:56:07,411 [INFO] IPUIPlugin:80 - create IPUIPlugin
2024-02-29 14:56:07,411 [INFO] PluginManager:220 - loadIPPluginJar : add mdma
2024-02-29 14:56:07,416 [INFO] IPUIPlugin:80 - create IPUIPlugin
2024-02-29 14:56:07,416 [INFO] PluginManager:220 - loadIPPluginJar : add freertos
2024-02-29 14:56:07,420 [INFO] IPUIPlugin:80 - create IPUIPlugin
2024-02-29 14:56:07,420 [INFO] PluginManager:220 - loadIPPluginJar : add gic
2024-02-29 14:56:07,426 [INFO] IPUIPlugin:80 - create IPUIPlugin
2024-02-29 14:56:07,426 [INFO] PluginManager:220 - loadIPPluginJar : add adc
2024-02-29 14:56:07,428 [INFO] IPUIPlugin:80 - create IPUIPlugin
2024-02-29 14:56:07,428 [INFO] PluginManager:220 - loadIPPluginJar : add gtzc
2024-02-29 14:56:07,429 [INFO] IPUIPlugin:80 - create IPUIPlugin
2024-02-29 14:56:07,429 [INFO] PluginManager:220 - loadIPPluginJar : add quadspi
2024-02-29 14:56:07,431 [INFO] IPUIPlugin:80 - create IPUIPlugin
2024-02-29 14:56:07,431 [INFO] PluginManager:220 - loadIPPluginJar : add aes
2024-02-29 14:56:07,432 [INFO] IPUIPlugin:80 - create IPUIPlugin
2024-02-29 14:56:07,432 [INFO] PluginManager:220 - loadIPPluginJar : add pdm2pcm
2024-02-29 14:56:07,434 [INFO] IPUIPlugin:80 - create IPUIPlugin
2024-02-29 14:56:07,434 [INFO] PluginManager:220 - loadIPPluginJar : add hash
2024-02-29 14:56:07,436 [INFO] IPUIPlugin:80 - create IPUIPlugin
2024-02-29 14:56:07,436 [INFO] PluginManager:220 - loadIPPluginJar : add tim
2024-02-29 14:56:07,438 [INFO] IPUIPlugin:80 - create IPUIPlugin
2024-02-29 14:56:07,438 [INFO] PluginManager:220 - loadIPPluginJar : add tsc
2024-02-29 14:56:07,439 [INFO] IPUIPlugin:80 - create IPUIPlugin
2024-02-29 14:56:07,439 [INFO] PluginManager:220 - loadIPPluginJar : add ts
2024-02-29 14:56:07,442 [INFO] IPUIPlugin:80 - create IPUIPlugin
2024-02-29 14:56:07,442 [INFO] PluginManager:220 - loadIPPluginJar : add can
2024-02-29 14:56:07,443 [INFO] IPUIPlugin:80 - create IPUIPlugin
2024-02-29 14:56:07,443 [INFO] PluginManager:220 - loadIPPluginJar : add dma3
2024-02-29 14:56:07,445 [INFO] IPUIPlugin:80 - create IPUIPlugin
2024-02-29 14:56:07,445 [INFO] PluginManager:220 - loadIPPluginJar : add dfsdm
2024-02-29 14:56:07,446 [INFO] IPUIPlugin:80 - create IPUIPlugin
2024-02-29 14:56:07,446 [INFO] PluginManager:220 - loadIPPluginJar : add spi
2024-02-29 14:56:07,447 [INFO] IPUIPlugin:80 - create IPUIPlugin
2024-02-29 14:56:07,447 [INFO] PluginManager:220 - loadIPPluginJar : add gfxmmu
2024-02-29 14:56:07,448 [INFO] IPUIPlugin:80 - create IPUIPlugin
2024-02-29 14:56:07,448 [INFO] PluginManager:220 - loadIPPluginJar : add genericplugin
2024-02-29 14:56:07,449 [INFO] IPUIPlugin:80 - create IPUIPlugin
2024-02-29 14:56:07,449 [INFO] PluginManager:220 - loadIPPluginJar : add cryp
2024-02-29 14:56:07,452 [INFO] IPUIPlugin:80 - create IPUIPlugin
2024-02-29 14:56:07,452 [INFO] PluginManager:220 - loadIPPluginJar : add gpio
2024-02-29 14:56:07,453 [INFO] IPUIPlugin:80 - create IPUIPlugin
2024-02-29 14:56:07,454 [INFO] PluginManager:220 - loadIPPluginJar : add comp
2024-02-29 14:56:07,455 [INFO] IPUIPlugin:80 - create IPUIPlugin
2024-02-29 14:56:07,455 [INFO] PluginManager:220 - loadIPPluginJar : add tracer_emb
2024-02-29 14:56:07,458 [INFO] IPUIPlugin:80 - create IPUIPlugin
2024-02-29 14:56:07,458 [INFO] PluginManager:220 - loadIPPluginJar : add openamp
2024-02-29 14:56:07,461 [INFO] IPUIPlugin:80 - create IPUIPlugin
2024-02-29 14:56:07,461 [INFO] PluginManager:220 - loadIPPluginJar : add stm32_wpan
2024-02-29 14:56:07,464 [INFO] IPUIPlugin:80 - create IPUIPlugin
2024-02-29 14:56:07,467 [INFO] PluginManager:220 - loadIPPluginJar : add plateformsettings
2024-02-29 14:56:07,470 [INFO] IPUIPlugin:80 - create IPUIPlugin
2024-02-29 14:56:07,470 [INFO] PluginManager:220 - loadIPPluginJar : add ipddr
2024-02-29 14:56:07,472 [INFO] IPUIPlugin:80 - create IPUIPlugin
2024-02-29 14:56:07,472 [INFO] PluginManager:220 - loadIPPluginJar : add usart
2024-02-29 14:56:07,473 [INFO] IPUIPlugin:80 - create IPUIPlugin
2024-02-29 14:56:07,474 [INFO] PluginManager:220 - loadIPPluginJar : add ltdc
2024-02-29 14:56:07,476 [INFO] IPUIPlugin:80 - create IPUIPlugin
2024-02-29 14:56:07,477 [INFO] PluginManager:220 - loadIPPluginJar : add nvic
2024-02-29 14:56:07,478 [INFO] IPUIPlugin:80 - create IPUIPlugin
2024-02-29 14:56:07,478 [INFO] PluginManager:220 - loadIPPluginJar : add fatfs
2024-02-29 14:56:07,484 [INFO] IPUIPlugin:80 - create IPUIPlugin
2024-02-29 14:56:07,484 [INFO] PluginManager:220 - loadIPPluginJar : add linkedlist
2024-02-29 14:56:07,487 [INFO] IPUIPlugin:80 - create IPUIPlugin
2024-02-29 14:56:07,487 [INFO] PluginManager:220 - loadIPPluginJar : add dma
2024-02-29 14:56:07,490 [INFO] IPUIPlugin:80 - create IPUIPlugin
2024-02-29 14:56:07,490 [INFO] PluginManager:220 - loadIPPluginJar : add fmc
2024-02-29 14:56:07,492 [INFO] IPUIPlugin:80 - create IPUIPlugin
2024-02-29 14:56:07,493 [INFO] PluginManager:220 - loadIPPluginJar : add i2s
2024-02-29 14:56:07,495 [INFO] IPUIPlugin:80 - create IPUIPlugin
2024-02-29 14:56:07,495 [INFO] PluginManager:220 - loadIPPluginJar : add ucpd
2024-02-29 14:56:07,496 [INFO] IPUIPlugin:80 - create IPUIPlugin
2024-02-29 14:56:07,497 [INFO] PluginManager:220 - loadIPPluginJar : add lorawan
2024-02-29 14:56:07,498 [INFO] IPUIPlugin:80 - create IPUIPlugin
2024-02-29 14:56:07,498 [INFO] PluginManager:220 - loadIPPluginJar : add opamp
2024-02-29 14:56:07,500 [INFO] IPUIPlugin:80 - create IPUIPlugin
2024-02-29 14:56:07,500 [INFO] PluginManager:220 - loadIPPluginJar : add i3c
2024-02-29 14:56:07,502 [INFO] IPUIPlugin:80 - create IPUIPlugin
2024-02-29 14:56:07,502 [INFO] PluginManager:220 - loadIPPluginJar : add touchsensing
2024-02-29 14:56:07,503 [INFO] IPUIPlugin:80 - create IPUIPlugin
2024-02-29 14:56:07,503 [INFO] PluginManager:220 - loadIPPluginJar : add i2c
2024-02-29 14:56:07,505 [INFO] IPUIPlugin:80 - create IPUIPlugin
2024-02-29 14:56:07,505 [INFO] PluginManager:220 - loadIPPluginJar : add resmgrutility
2024-02-29 14:56:07,507 [INFO] IPUIPlugin:80 - create IPUIPlugin
2024-02-29 14:56:07,507 [INFO] PluginManager:220 - loadIPPluginJar : add sai
2024-02-29 14:56:07,509 [INFO] IPUIPlugin:80 - create IPUIPlugin
2024-02-29 14:56:07,509 [INFO] PluginManager:220 - loadIPPluginJar : add usbx
2024-02-29 14:56:07,615 [INFO] CADModel:165 - CPN selected for project level
2024-02-29 14:56:07,616 [INFO] CADModel:114 - Register for checkConnection events
2024-02-29 14:56:07,616 [FATAL] Updater:308 - Updater called before beeing initialized
2024-02-29 14:56:07,617 [ERROR] CADModel:125 - Updater not yet initialized, retry later 
2024-02-29 14:56:07,878 [INFO] CADModel:165 - CPN selected for project level
2024-02-29 14:56:07,878 [INFO] CADModel:114 - Register for checkConnection events
2024-02-29 14:56:07,878 [FATAL] Updater:308 - Updater called before beeing initialized
2024-02-29 14:56:07,878 [ERROR] CADModel:125 - Updater not yet initialized, retry later 
2024-02-29 14:56:07,881 [FATAL] Updater:308 - Updater called before beeing initialized
2024-02-29 14:56:08,032 [FATAL] Updater:308 - Updater called before beeing initialized
2024-02-29 14:56:08,038 [INFO] DbMcusAds:53 - JSON generation date=Wed Nov 29 05:52:27 EST 2023 (1701255147349)
2024-02-29 14:56:08,038 [FATAL] Updater:308 - Updater called before beeing initialized
2024-02-29 14:56:08,096 [WARN] DetailPanel:346 - Failed to get advertising image, set to default
2024-02-29 14:56:08,173 [FATAL] Updater:308 - Updater called before beeing initialized
2024-02-29 14:56:08,175 [FATAL] Updater:308 - Updater called before beeing initialized
2024-02-29 14:56:08,175 [FATAL] Updater:308 - Updater called before beeing initialized
2024-02-29 14:56:08,175 [WARN] DetailPanel:346 - Failed to get advertising image, set to default
2024-02-29 14:56:08,176 [FATAL] Updater:308 - Updater called before beeing initialized
2024-02-29 14:56:08,241 [ERROR] Updater:1120 - MainUpdater not yet initialized. External WinMGr cannot be set.
2024-02-29 14:56:08,282 [INFO] Updater:1056 - Updater Version found : 6.10.0
2024-02-29 14:56:08,294 [INFO] ApplicationProperties:184 - Using Application install path: /Applications/STM32CubeIDE.app/Contents/Eclipse/plugins/com.st.stm32cube.common.mx_6.10.0.202311202037
2024-02-29 14:56:08,915 [INFO] MainUpdater:2873 - connection check result : 10
2024-02-29 14:56:08,916 [INFO] MainUpdater:290 - Updater Check For Update Now.
2024-02-29 14:56:08,916 [INFO] MicroXplorer:498 - Change Database Version : DB.6.0.100
2024-02-29 14:56:08,924 [INFO] McuFinderGlobals:63 - Set McuFinder mode to 2 (CubeIDE integrated)
2024-02-29 14:56:09,162 [INFO] CheckServerUpdateThread:120 - End of CheckServer Thread
2024-02-29 14:56:09,624 [INFO] UserAuth:404 - Internet connection configuration mode: 1
2024-02-29 14:56:09,644 [INFO] JxBrowserEngine:152 - Initiate JxBrowser Engine with user profile folder
2024-02-29 14:56:09,977 [WARN] PackLoader:240 - Cannot read IP mode file for STMicroelectronics.X-CUBE-SMBUS.2.1.0
2024-02-29 14:56:10,004 [WARN] PackLoader:240 - Cannot read IP mode file for STMicroelectronics.X-CUBE-TOUCHGFX.4.23.0
2024-02-29 14:56:10,072 [WARN] PackLoader:240 - Cannot read IP mode file for STMicroelectronics.X-CUBE-AZRTOS-F7.1.1.0
2024-02-29 14:56:10,119 [WARN] PackLoader:240 - Cannot read IP mode file for STMicroelectronics.FP-SNS-MOTENV1.4.3.2
2024-02-29 14:56:10,149 [WARN] PackLoader:240 - Cannot read IP mode file for STMicroelectronics.FP-SNS-FLIGHT1.5.0.2
2024-02-29 14:56:10,173 [WARN] PackLoader:240 - Cannot read IP mode file for STMicroelectronics.X-CUBE-DISPLAY.3.0.0
2024-02-29 14:56:10,215 [WARN] PackLoader:240 - Cannot read IP mode file for STMicroelectronics.X-CUBE-BLE1.7.0.0
2024-02-29 14:56:10,236 [WARN] PackLoader:240 - Cannot read IP mode file for emotas.I-CUBE-CANOPEN.1.3.0
2024-02-29 14:56:10,258 [WARN] PackLoader:240 - Cannot read IP mode file for STMicroelectronics.FP-SNS-SMARTAG2.1.2.0
2024-02-29 14:56:10,277 [INFO] LogOutputStream:77 - [STDOUT_REDIRECT] 1 : Invalid condition id : UX_CORESTACK_Condition cause : null
2024-02-29 14:56:10,278 [INFO] LogOutputStream:77 - [STDOUT_REDIRECT] 1 : Invalid condition id : UX_CORESTACK_Condition cause : null
2024-02-29 14:56:10,278 [INFO] LogOutputStream:77 - [STDOUT_REDIRECT] 1 : Invalid condition id : UX_CORESTACK_Condition cause : null
2024-02-29 14:56:10,279 [INFO] LogOutputStream:77 - [STDOUT_REDIRECT] 1 : Invalid condition id : UX_CORESTACK_Condition cause : null
2024-02-29 14:56:10,280 [INFO] LogOutputStream:77 - [STDOUT_REDIRECT] 1 : Invalid condition id : UX_CORESTACK_Condition cause : null
2024-02-29 14:56:10,294 [WARN] PackLoader:240 - Cannot read IP mode file for STMicroelectronics.X-CUBE-AZRTOS-WL.2.0.0
2024-02-29 14:56:10,330 [WARN] PackLoader:240 - Cannot read IP mode file for WES.I-CUBE-Cesium.1.3.0
2024-02-29 14:56:10,365 [WARN] PackLoader:240 - Cannot read IP mode file for STMicroelectronics.X-CUBE-BLE2.3.3.0
2024-02-29 14:56:10,402 [WARN] PackLoader:240 - Cannot read IP mode file for STMicroelectronics.X-CUBE-ALGOBUILD.1.3.0
2024-02-29 14:56:10,468 [WARN] PackLoader:240 - Cannot read IP mode file for STMicroelectronics.X-CUBE-AZRTOS-G0.1.1.0
2024-02-29 14:56:10,510 [WARN] PackLoader:240 - Cannot read IP mode file for STMicroelectronics.X-CUBE-NFC4.3.0.0
2024-02-29 14:56:10,589 [WARN] PackLoader:240 - Cannot read IP mode file for STMicroelectronics.X-CUBE-BLEMGR.3.0.0
2024-02-29 14:56:10,618 [WARN] PackLoader:240 - Cannot read IP mode file for STMicroelectronics.FP-ATR-SIGFOX1.3.2.0
2024-02-29 14:56:10,628 [WARN] PackLoader:240 - Cannot read IP mode file for STMicroelectronics.X-CUBE-EEPRMA1.5.1.0
2024-02-29 14:56:10,709 [WARN] PackLoader:240 - Cannot read IP mode file for SEGGER.I-CUBE-embOS.1.3.1
2024-02-29 14:56:10,762 [WARN] PackLoader:240 - Cannot read IP mode file for STMicroelectronics.X-CUBE-GNSS1.6.0.0
2024-02-29 14:56:10,797 [WARN] PackLoader:240 - Cannot read IP mode file for STMicroelectronics.X-CUBE-AZRTOS-F4.1.1.0
2024-02-29 14:56:10,813 [WARN] PackLoader:240 - Cannot read IP mode file for wolfSSL.I-CUBE-wolfSSL.5.6.6
2024-02-29 14:56:10,843 [WARN] PackLoader:240 - Cannot read IP mode file for STMicroelectronics.X-CUBE-AZRTOS-L5.2.0.0
2024-02-29 14:56:10,858 [WARN] PackLoader:240 - Cannot read IP mode file for STMicroelectronics.X-CUBE-EEPRMA1.4.2.0
2024-02-29 14:56:10,864 [WARN] PackLoader:240 - Cannot read IP mode file for ITTIA_DB.I-CUBE-ITTIADB.8.8.0
2024-02-29 14:56:10,869 [WARN] PackLoader:240 - Cannot read IP mode file for STMicroelectronics.X-CUBE-NFC7.1.0.1
2024-02-29 14:56:10,917 [WARN] PackLoader:240 - Cannot read IP mode file for STMicroelectronics.X-CUBE-NFC6.3.0.0
2024-02-29 14:56:10,937 [WARN] PackLoader:240 - Cannot read IP mode file for STMicroelectronics.X-CUBE-AI.8.1.0
2024-02-29 14:56:10,962 [WARN] ConditionMgr:438 - getConditionDescription Invalid condition id : LAN8742 Phy interface Condition cause : null
2024-02-29 14:56:10,964 [WARN] PackLoader:240 - Cannot read IP mode file for STMicroelectronics.X-CUBE-AZRTOS-L4.2.0.0
2024-02-29 14:56:10,976 [WARN] ConditionMgr:1039 - genDependencies : Invalid condition id : LAN8742 Phy interface Condition cause : null
2024-02-29 14:56:10,977 [WARN] ConditionMgr:1039 - genDependencies : Invalid condition id : LAN8742 Phy interface Condition cause : null
2024-02-29 14:56:10,978 [WARN] ConditionMgr:1039 - genDependencies : Invalid condition id : LAN8742 Phy interface Condition cause : null
2024-02-29 14:56:10,992 [WARN] PackLoader:240 - Cannot read IP mode file for STMicroelectronics.X-CUBE-SFXS2LP1.4.0.0
2024-02-29 14:56:11,007 [WARN] ConditionMgr:438 - getConditionDescription Invalid condition id : UX DEVICE CLASS RTOS Condition cause : null
2024-02-29 14:56:11,008 [WARN] ConditionMgr:438 - getConditionDescription Invalid condition id : UX DEVICE CLASS RTOS Condition cause : null
2024-02-29 14:56:11,012 [WARN] PackLoader:240 - Cannot read IP mode file for STMicroelectronics.X-CUBE-AZRTOS-WB.2.0.0
2024-02-29 14:56:11,013 [WARN] ConditionMgr:1039 - genDependencies : Invalid condition id : UX DEVICE CLASS RTOS Condition cause : null
2024-02-29 14:56:11,013 [WARN] ConditionMgr:1039 - genDependencies : Invalid condition id : UX DEVICE CLASS RTOS Condition cause : null
2024-02-29 14:56:11,013 [WARN] ConditionMgr:1039 - genDependencies : Invalid condition id : UX DEVICE CLASS RTOS Condition cause : null
2024-02-29 14:56:11,014 [WARN] ConditionMgr:1039 - genDependencies : Invalid condition id : UX DEVICE CLASS RTOS Condition cause : null
2024-02-29 14:56:11,014 [WARN] ConditionMgr:1039 - genDependencies : Invalid condition id : UX DEVICE CLASS RTOS Condition cause : null
2024-02-29 14:56:11,025 [WARN] PackLoader:240 - Cannot read IP mode file for STMicroelectronics.X-CUBE-SUBG2.5.0.0
2024-02-29 14:56:11,055 [WARN] PackLoader:240 - Cannot read IP mode file for STMicroelectronics.X-CUBE-AZRTOS-G4.2.0.0
2024-02-29 14:56:11,072 [WARN] PackLoader:240 - Cannot read IP mode file for Infineon.AIROC-Wi-Fi-Bluetooth-STM32.1.5.1
2024-02-29 14:56:11,081 [WARN] PackLoader:240 - Cannot read IP mode file for STMicroelectronics.FP-SNS-MOTENVWB1.1.3.1
2024-02-29 14:56:11,090 [WARN] PackLoader:240 - Cannot read IP mode file for STMicroelectronics.X-CUBE-ISPU.2.0.0
2024-02-29 14:56:11,168 [WARN] PackLoader:240 - Cannot read IP mode file for STMicroelectronics.X-CUBE-MEMS1.10.0.0
2024-02-29 14:56:11,297 [WARN] PackLoader:240 - Cannot read IP mode file for STMicroelectronics.X-CUBE-FREERTOS.1.1.0
2024-02-29 14:56:11,306 [WARN] PackLoader:240 - Cannot read IP mode file for portGmbH.I-Cube-SoM-uGOAL.1.1.0
2024-02-29 14:56:11,313 [WARN] PackLoader:240 - Cannot read IP mode file for STMicroelectronics.X-CUBE-ALS.1.0.1
2024-02-29 14:56:11,316 [WARN] PackLoader:240 - Cannot read IP mode file for STMicroelectronics.FP-ATR-ASTRA1.2.0.0
2024-02-29 14:56:11,331 [WARN] PackLoader:240 - Cannot read IP mode file for STMicroelectronics.X-CUBE-TOF1.3.4.0
2024-02-29 14:56:11,367 [WARN] PackLoader:240 - Cannot read IP mode file for STMicroelectronics.X-CUBE-AZRTOS-H7.3.2.0
2024-02-29 14:56:11,373 [INFO] ThirdParty:978 - Integrity check success = true
2024-02-29 14:56:11,373 [INFO] IntegrityCheckThread:100 - exiting critical section [integrity check]
2024-02-29 14:56:11,373 [INFO] IntegrityCheckThread:103 - End integrity checks thread
2024-02-29 14:56:14,733 [INFO] WebApp:161 - Instantiating new browser for Auth
2024-02-29 14:56:15,950 [INFO] WebApp:780 - Register for checkConnection events
2024-02-29 14:56:15,950 [INFO] WebApp:414 - Apply proxy settings
2024-02-29 14:56:15,958 [INFO] WebApp:459 - Chromium authenticates against Manually configured proxy
2024-02-29 14:56:15,976 [INFO] WebApp:467 - Username used for proxy authentication: 
2024-02-29 14:56:16,130 [INFO] WebApp:192 - Starting web application
2024-02-29 14:56:16,130 [INFO] WebApp:544 - Web application path used /Applications/STM32CubeIDE.app/Contents/Eclipse/plugins/com.st.stm32cube.common.mx_6.10.0.202311202037/db/plugins/mcufinder/reactClient1/index.html
2024-02-29 14:56:37,450 [ERROR] LogOutputStream:75 - [STDERR_REDIRECT] SLF4J: Failed to load class "org.slf4j.impl.StaticLoggerBinder".
2024-02-29 14:56:37,452 [ERROR] LogOutputStream:75 - [STDERR_REDIRECT] SLF4J: Defaulting to no-operation (NOP) logger implementation
2024-02-29 14:56:37,452 [ERROR] LogOutputStream:75 - [STDERR_REDIRECT] SLF4J: See http://www.slf4j.org/codes.html#StaticLoggerBinder for further details.
2024-02-29 15:29:36,595 [ERROR] LogOutputStream:75 - [STDERR_REDIRECT] 
