2024-02-21 11:11:04,499 [INFO] Activator:176 - 


2024-02-21 11:11:04,505 [INFO] Activator:177 - !SESSION log4j initialized
2024-02-21 11:11:10,050 [ERROR] LogOutputStream:75 - [STDERR_REDIRECT] 
2024-02-21 11:11:10,792 [INFO] LogOutputStream:77 - [STDOUT_REDIRECT] 
2024-02-21 11:11:13,117 [INFO] LogOutputStream:77 - [STDOUT_REDIRECT] 
2024-02-21 11:11:17,023 [INFO] ApplicationProperties:184 - Using Application install path: /Applications/STM32CubeIDE.app/Contents/Eclipse/plugins/com.st.stm32cube.common.mx_6.10.0.202311202037
2024-02-21 11:11:17,043 [INFO] DbMcusXml:78 - Set database path to: /Applications/STM32CubeIDE.app/Contents/Eclipse/plugins/com.st.stm32cube.common.mx_6.10.0.202311202037//db//mcu/
2024-02-21 11:11:17,044 [INFO] ApiDb:274 - Set plugin database path to: /Applications/STM32CubeIDE.app/Contents/Eclipse/plugins/com.st.stm32cube.common.mx_6.10.0.202311202037//db//plugins/boardmanager/
2024-02-21 11:11:17,045 [WARN] ApiDb:259 - Overriding images path with different value:  => /Applications/STM32CubeIDE.app/Contents/Eclipse/plugins/com.st.stm32cube.common.mx_6.10.0.202311202037//db//plugins/mcufinder/images/
2024-02-21 11:11:17,055 [INFO] ApiDb:250 - Set database path to: /Users/romeluis/.stmcufinder/plugins/mcufinder//mcu/
2024-02-21 11:11:17,056 [INFO] DbMcusAds:125 - Set database path to: /Users/romeluis/.stmcufinder/plugins/mcufinder//mcu/
2024-02-21 11:11:17,058 [INFO] CrossReferenceDbSqlite:203 - Set database path to: /Users/romeluis/.stmcufinder/plugins/mcufinder//mcu/cs/
2024-02-21 11:11:17,359 [INFO] RulesReader:64 - Compatibility file has been processed (297 Rules)
2024-02-21 11:11:17,431 [INFO] DbMcusXml:78 - Set database path to: /Applications/STM32CubeIDE.app/Contents/Eclipse/plugins/com.st.stm32cube.common.mx_6.10.0.202311202037//db//mcu/
2024-02-21 11:11:17,431 [INFO] ApiDb:274 - Set plugin database path to: /Applications/STM32CubeIDE.app/Contents/Eclipse/plugins/com.st.stm32cube.common.mx_6.10.0.202311202037//db//plugins/boardmanager/
2024-02-21 11:11:17,431 [INFO] ApiDb:261 - Set plugin images path to: /Applications/STM32CubeIDE.app/Contents/Eclipse/plugins/com.st.stm32cube.common.mx_6.10.0.202311202037//db//plugins/mcufinder/images/
2024-02-21 11:11:17,432 [WARN] DbFile:41 - Overriding database path with different value: /Users/romeluis/.stmcufinder/plugins/mcufinder/ => /Users/romeluis/.stmcufinder/plugins/mcufinder
2024-02-21 11:11:17,432 [INFO] ApiDb:250 - Set database path to: /Users/romeluis/.stmcufinder/plugins/mcufinder//mcu/
2024-02-21 11:11:17,432 [WARN] DbFile:41 - Overriding database path with different value: /Users/romeluis/.stmcufinder/plugins/mcufinder/ => /Users/romeluis/.stmcufinder/plugins/mcufinder
2024-02-21 11:11:17,432 [INFO] DbMcusAds:125 - Set database path to: /Users/romeluis/.stmcufinder/plugins/mcufinder//mcu/
2024-02-21 11:11:17,432 [WARN] DbFile:41 - Overriding database path with different value: /Users/romeluis/.stmcufinder/plugins/mcufinder/ => /Users/romeluis/.stmcufinder/plugins/mcufinder
2024-02-21 11:11:17,432 [WARN] DbFile:41 - Overriding database path with different value: /Users/romeluis/.stmcufinder/plugins/mcufinder/ => /Users/romeluis/.stmcufinder/plugins/mcufinder
2024-02-21 11:11:17,432 [INFO] CrossReferenceDbSqlite:203 - Set database path to: /Users/romeluis/.stmcufinder/plugins/mcufinder//mcu/cs/
2024-02-21 11:11:17,515 [INFO] MainPanel:264 - HeapMemory: 371195904
2024-02-21 11:11:17,607 [INFO] DbMcusXml:78 - Set database path to: /Applications/STM32CubeIDE.app/Contents/Eclipse/plugins/com.st.stm32cube.common.mx_6.10.0.202311202037//db//mcu/
2024-02-21 11:11:17,607 [INFO] ApiDb:274 - Set plugin database path to: /Applications/STM32CubeIDE.app/Contents/Eclipse/plugins/com.st.stm32cube.common.mx_6.10.0.202311202037//db//plugins/boardmanager/
2024-02-21 11:11:17,607 [INFO] ApiDb:261 - Set plugin images path to: /Applications/STM32CubeIDE.app/Contents/Eclipse/plugins/com.st.stm32cube.common.mx_6.10.0.202311202037//db//plugins/mcufinder/images/
2024-02-21 11:11:17,607 [WARN] DbFile:41 - Overriding database path with different value: /Users/romeluis/.stmcufinder/plugins/mcufinder/ => /Users/romeluis/.stmcufinder/plugins/mcufinder
2024-02-21 11:11:17,608 [INFO] ApiDb:250 - Set database path to: /Users/romeluis/.stmcufinder/plugins/mcufinder//mcu/
2024-02-21 11:11:17,608 [WARN] DbFile:41 - Overriding database path with different value: /Users/romeluis/.stmcufinder/plugins/mcufinder/ => /Users/romeluis/.stmcufinder/plugins/mcufinder
2024-02-21 11:11:17,608 [INFO] DbMcusAds:125 - Set database path to: /Users/romeluis/.stmcufinder/plugins/mcufinder//mcu/
2024-02-21 11:11:17,608 [WARN] DbFile:41 - Overriding database path with different value: /Users/romeluis/.stmcufinder/plugins/mcufinder/ => /Users/romeluis/.stmcufinder/plugins/mcufinder
2024-02-21 11:11:17,608 [WARN] DbFile:41 - Overriding database path with different value: /Users/romeluis/.stmcufinder/plugins/mcufinder/ => /Users/romeluis/.stmcufinder/plugins/mcufinder
2024-02-21 11:11:17,608 [INFO] CrossReferenceDbSqlite:203 - Set database path to: /Users/romeluis/.stmcufinder/plugins/mcufinder//mcu/cs/
2024-02-21 11:11:17,624 [INFO] ApplicationProperties:184 - Using Application install path: /Applications/STM32CubeIDE.app/Contents/Eclipse/plugins/com.st.stm32cube.common.mx_6.10.0.202311202037
2024-02-21 11:11:17,625 [INFO] PluginManage:196 - Search for loadable plugins [exclusion list=, ]
2024-02-21 11:11:17,629 [INFO] PluginManage:310 - Check plugin analytics
2024-02-21 11:11:17,673 [ERROR] LogOutputStream:75 - [STDERR_REDIRECT] [Fatal Error] :2:10: DOCTYPE is disallowed when the feature "http://apache.org/xml/features/disallow-doctype-decl" set to true.
2024-02-21 11:11:17,701 [ERROR] LogOutputStream:75 - [STDERR_REDIRECT] 
2024-02-21 11:11:17,889 [INFO] AnalyticsPlugin:253 - Accepted Software Licenses: STM32CubeMX.6.10.0
2024-02-21 11:11:17,889 [INFO] AnalyticsPlugin:255 - Accepted CMSIS Pack Licenses: 
2024-02-21 11:11:17,889 [INFO] AnalyticsPlugin:257 - Accepted Firmware Licenses: FW.F4.1.28.0,FW.F4.1.27.0
2024-02-21 11:11:17,893 [INFO] PluginManage:359 - Loaded plugin analytics (category:tool,tabindex:-1)
2024-02-21 11:11:17,895 [INFO] PluginManage:310 - Check plugin cadmodel
2024-02-21 11:11:18,229 [INFO] CADModel:105 - Init CAD model plugin
2024-02-21 11:11:18,230 [INFO] PluginManage:359 - Loaded plugin cadmodel (category:power,tabindex:5)
2024-02-21 11:11:18,230 [INFO] PluginManage:310 - Check plugin clock
2024-02-21 11:11:18,243 [INFO] PluginManage:359 - Loaded plugin clock (category:base,tabindex:2)
2024-02-21 11:11:18,243 [INFO] PluginManage:310 - Check plugin ddr
2024-02-21 11:11:18,246 [INFO] PluginManage:359 - Loaded plugin ddr (category:tool,tabindex:6)
2024-02-21 11:11:18,246 [INFO] PluginManage:310 - Check plugin filemanager
2024-02-21 11:11:18,396 [INFO] PluginManage:359 - Loaded plugin filemanager (category:base,tabindex:10)
2024-02-21 11:11:18,397 [INFO] PluginManage:310 - Check plugin ipmanager
2024-02-21 11:11:18,405 [INFO] PluginManage:359 - Loaded plugin ipmanager (category:base,tabindex:5)
2024-02-21 11:11:18,406 [INFO] PluginManage:310 - Check plugin lpbam
2024-02-21 11:11:18,414 [INFO] PluginManage:359 - Loaded plugin lpbam (category:base,tabindex:0)
2024-02-21 11:11:18,414 [INFO] PluginManage:310 - Check plugin memorymap
2024-02-21 11:11:18,423 [INFO] PluginManage:359 - Loaded plugin memorymap (category:base,tabindex:4)
2024-02-21 11:11:18,423 [INFO] PluginManage:310 - Check plugin pinoutandconfiguration
2024-02-21 11:11:18,427 [INFO] PluginManage:359 - Loaded plugin pinoutandconfiguration (category:base,tabindex:1)
2024-02-21 11:11:18,427 [INFO] PluginManage:310 - Check plugin pinoutconfig
2024-02-21 11:11:18,518 [WARN] SupportedApi:132 - Cannot load RTOS API schema: s4s-elt-must-match.1: The content of 'definitions' must match (annotation?, (simpleType | complexType)?, (unique | key | keyref)*)). A problem was found starting at: attribute.
2024-02-21 11:11:18,740 [INFO] PluginManage:359 - Loaded plugin pinoutconfig (category:base,tabindex:0)
2024-02-21 11:11:18,741 [INFO] PluginManage:310 - Check plugin power
2024-02-21 11:11:18,769 [INFO] PluginManage:359 - Loaded plugin power (category:power,tabindex:4)
2024-02-21 11:11:18,770 [INFO] PluginManage:310 - Check plugin projectmanager
2024-02-21 11:11:18,823 [INFO] PluginManage:359 - Loaded plugin projectmanager (category:projectmanager,tabindex:3)
2024-02-21 11:11:18,823 [INFO] PluginManage:310 - Check plugin thirdparty
2024-02-21 11:11:19,066 [INFO] PluginManage:359 - Loaded plugin thirdparty (category:base,tabindex:-1)
2024-02-21 11:11:19,069 [INFO] PluginManage:310 - Check plugin tools
2024-02-21 11:11:19,066 [WARN] IntegrityCheckThread:84 - waiting for thirdparty lock release [integrity check]
2024-02-21 11:11:19,071 [INFO] IntegrityCheckThread:86 - entering critical section [integrity check]
2024-02-21 11:11:19,073 [INFO] ThirdPartyUpdaterWithRetryManager:70 - Updater plugin not ready yet. [1/15]
2024-02-21 11:11:19,075 [INFO] PluginManage:359 - Loaded plugin tools (category:base,tabindex:7)
2024-02-21 11:11:19,076 [INFO] PluginManage:310 - Check plugin tutovideos
2024-02-21 11:11:19,336 [INFO] PluginManage:359 - Loaded plugin tutovideos (category:base,tabindex:-1)
2024-02-21 11:11:19,338 [INFO] PluginManage:310 - Check plugin updater
2024-02-21 11:11:19,360 [INFO] PluginManage:359 - Loaded plugin updater (category:base,tabindex:12)
2024-02-21 11:11:19,361 [INFO] PluginManage:310 - Check plugin userauth
2024-02-21 11:11:19,369 [INFO] UserAuth:114 - Init User Auth plugin
2024-02-21 11:11:19,369 [INFO] PluginManage:359 - Loaded plugin userauth (category:base,tabindex:14)
2024-02-21 11:11:19,370 [INFO] PluginManage:283 - PluginManage : Loaded plugins [17]
2024-02-21 11:11:19,636 [INFO] PinOutPanel:1499 - setPackage(No Configuration,No Configuration)
2024-02-21 11:11:19,704 [INFO] CADModel:165 - CPN selected for project level
2024-02-21 11:11:19,704 [INFO] CADModel:114 - Register for checkConnection events
2024-02-21 11:11:19,717 [INFO] IPUIPlugin:80 - create IPUIPlugin
2024-02-21 11:11:19,717 [INFO] PluginManager:220 - loadIPPluginJar : add mdma
2024-02-21 11:11:19,723 [INFO] IPUIPlugin:80 - create IPUIPlugin
2024-02-21 11:11:19,723 [INFO] PluginManager:220 - loadIPPluginJar : add freertos
2024-02-21 11:11:19,726 [INFO] IPUIPlugin:80 - create IPUIPlugin
2024-02-21 11:11:19,726 [INFO] PluginManager:220 - loadIPPluginJar : add gic
2024-02-21 11:11:19,731 [INFO] IPUIPlugin:80 - create IPUIPlugin
2024-02-21 11:11:19,732 [INFO] PluginManager:220 - loadIPPluginJar : add adc
2024-02-21 11:11:19,734 [INFO] IPUIPlugin:80 - create IPUIPlugin
2024-02-21 11:11:19,734 [INFO] PluginManager:220 - loadIPPluginJar : add gtzc
2024-02-21 11:11:19,735 [INFO] IPUIPlugin:80 - create IPUIPlugin
2024-02-21 11:11:19,735 [INFO] PluginManager:220 - loadIPPluginJar : add quadspi
2024-02-21 11:11:19,736 [INFO] IPUIPlugin:80 - create IPUIPlugin
2024-02-21 11:11:19,736 [INFO] PluginManager:220 - loadIPPluginJar : add aes
2024-02-21 11:11:19,738 [INFO] IPUIPlugin:80 - create IPUIPlugin
2024-02-21 11:11:19,738 [INFO] PluginManager:220 - loadIPPluginJar : add pdm2pcm
2024-02-21 11:11:19,739 [INFO] IPUIPlugin:80 - create IPUIPlugin
2024-02-21 11:11:19,739 [INFO] PluginManager:220 - loadIPPluginJar : add hash
2024-02-21 11:11:19,740 [INFO] IPUIPlugin:80 - create IPUIPlugin
2024-02-21 11:11:19,740 [INFO] PluginManager:220 - loadIPPluginJar : add tim
2024-02-21 11:11:19,741 [INFO] IPUIPlugin:80 - create IPUIPlugin
2024-02-21 11:11:19,741 [INFO] PluginManager:220 - loadIPPluginJar : add tsc
2024-02-21 11:11:19,742 [INFO] IPUIPlugin:80 - create IPUIPlugin
2024-02-21 11:11:19,743 [INFO] PluginManager:220 - loadIPPluginJar : add ts
2024-02-21 11:11:19,745 [INFO] IPUIPlugin:80 - create IPUIPlugin
2024-02-21 11:11:19,745 [INFO] PluginManager:220 - loadIPPluginJar : add can
2024-02-21 11:11:19,747 [INFO] IPUIPlugin:80 - create IPUIPlugin
2024-02-21 11:11:19,747 [INFO] PluginManager:220 - loadIPPluginJar : add dma3
2024-02-21 11:11:19,748 [INFO] IPUIPlugin:80 - create IPUIPlugin
2024-02-21 11:11:19,748 [INFO] PluginManager:220 - loadIPPluginJar : add dfsdm
2024-02-21 11:11:19,749 [INFO] IPUIPlugin:80 - create IPUIPlugin
2024-02-21 11:11:19,749 [INFO] PluginManager:220 - loadIPPluginJar : add spi
2024-02-21 11:11:19,750 [INFO] IPUIPlugin:80 - create IPUIPlugin
2024-02-21 11:11:19,750 [INFO] PluginManager:220 - loadIPPluginJar : add gfxmmu
2024-02-21 11:11:19,752 [INFO] IPUIPlugin:80 - create IPUIPlugin
2024-02-21 11:11:19,752 [INFO] PluginManager:220 - loadIPPluginJar : add genericplugin
2024-02-21 11:11:19,753 [INFO] IPUIPlugin:80 - create IPUIPlugin
2024-02-21 11:11:19,753 [INFO] PluginManager:220 - loadIPPluginJar : add cryp
2024-02-21 11:11:19,755 [INFO] IPUIPlugin:80 - create IPUIPlugin
2024-02-21 11:11:19,756 [INFO] PluginManager:220 - loadIPPluginJar : add gpio
2024-02-21 11:11:19,757 [INFO] IPUIPlugin:80 - create IPUIPlugin
2024-02-21 11:11:19,757 [INFO] PluginManager:220 - loadIPPluginJar : add comp
2024-02-21 11:11:19,758 [INFO] IPUIPlugin:80 - create IPUIPlugin
2024-02-21 11:11:19,758 [INFO] PluginManager:220 - loadIPPluginJar : add tracer_emb
2024-02-21 11:11:19,761 [INFO] IPUIPlugin:80 - create IPUIPlugin
2024-02-21 11:11:19,761 [INFO] PluginManager:220 - loadIPPluginJar : add openamp
2024-02-21 11:11:19,764 [INFO] IPUIPlugin:80 - create IPUIPlugin
2024-02-21 11:11:19,764 [INFO] PluginManager:220 - loadIPPluginJar : add stm32_wpan
2024-02-21 11:11:19,767 [INFO] IPUIPlugin:80 - create IPUIPlugin
2024-02-21 11:11:19,770 [INFO] PluginManager:220 - loadIPPluginJar : add plateformsettings
2024-02-21 11:11:19,772 [INFO] IPUIPlugin:80 - create IPUIPlugin
2024-02-21 11:11:19,773 [INFO] PluginManager:220 - loadIPPluginJar : add ipddr
2024-02-21 11:11:19,774 [INFO] IPUIPlugin:80 - create IPUIPlugin
2024-02-21 11:11:19,774 [INFO] PluginManager:220 - loadIPPluginJar : add usart
2024-02-21 11:11:19,775 [INFO] IPUIPlugin:80 - create IPUIPlugin
2024-02-21 11:11:19,775 [INFO] PluginManager:220 - loadIPPluginJar : add ltdc
2024-02-21 11:11:19,777 [INFO] IPUIPlugin:80 - create IPUIPlugin
2024-02-21 11:11:19,777 [INFO] PluginManager:220 - loadIPPluginJar : add nvic
2024-02-21 11:11:19,777 [INFO] IPUIPlugin:80 - create IPUIPlugin
2024-02-21 11:11:19,777 [INFO] PluginManager:220 - loadIPPluginJar : add fatfs
2024-02-21 11:11:19,781 [INFO] IPUIPlugin:80 - create IPUIPlugin
2024-02-21 11:11:19,781 [INFO] PluginManager:220 - loadIPPluginJar : add linkedlist
2024-02-21 11:11:19,786 [INFO] IPUIPlugin:80 - create IPUIPlugin
2024-02-21 11:11:19,786 [INFO] PluginManager:220 - loadIPPluginJar : add dma
2024-02-21 11:11:19,790 [INFO] IPUIPlugin:80 - create IPUIPlugin
2024-02-21 11:11:19,790 [INFO] PluginManager:220 - loadIPPluginJar : add fmc
2024-02-21 11:11:19,791 [INFO] IPUIPlugin:80 - create IPUIPlugin
2024-02-21 11:11:19,791 [INFO] PluginManager:220 - loadIPPluginJar : add i2s
2024-02-21 11:11:19,792 [INFO] IPUIPlugin:80 - create IPUIPlugin
2024-02-21 11:11:19,792 [INFO] PluginManager:220 - loadIPPluginJar : add ucpd
2024-02-21 11:11:19,794 [INFO] IPUIPlugin:80 - create IPUIPlugin
2024-02-21 11:11:19,794 [INFO] PluginManager:220 - loadIPPluginJar : add lorawan
2024-02-21 11:11:19,795 [INFO] IPUIPlugin:80 - create IPUIPlugin
2024-02-21 11:11:19,795 [INFO] PluginManager:220 - loadIPPluginJar : add opamp
2024-02-21 11:11:19,798 [INFO] IPUIPlugin:80 - create IPUIPlugin
2024-02-21 11:11:19,798 [INFO] PluginManager:220 - loadIPPluginJar : add i3c
2024-02-21 11:11:19,800 [INFO] IPUIPlugin:80 - create IPUIPlugin
2024-02-21 11:11:19,800 [INFO] PluginManager:220 - loadIPPluginJar : add touchsensing
2024-02-21 11:11:19,801 [INFO] IPUIPlugin:80 - create IPUIPlugin
2024-02-21 11:11:19,801 [INFO] PluginManager:220 - loadIPPluginJar : add i2c
2024-02-21 11:11:19,804 [INFO] IPUIPlugin:80 - create IPUIPlugin
2024-02-21 11:11:19,804 [INFO] PluginManager:220 - loadIPPluginJar : add resmgrutility
2024-02-21 11:11:19,806 [INFO] IPUIPlugin:80 - create IPUIPlugin
2024-02-21 11:11:19,806 [INFO] PluginManager:220 - loadIPPluginJar : add sai
2024-02-21 11:11:19,807 [INFO] IPUIPlugin:80 - create IPUIPlugin
2024-02-21 11:11:19,808 [INFO] PluginManager:220 - loadIPPluginJar : add usbx
2024-02-21 11:11:19,933 [INFO] CADModel:165 - CPN selected for project level
2024-02-21 11:11:19,933 [INFO] CADModel:114 - Register for checkConnection events
2024-02-21 11:11:19,934 [FATAL] Updater:308 - Updater called before beeing initialized
2024-02-21 11:11:19,934 [ERROR] CADModel:125 - Updater not yet initialized, retry later 
2024-02-21 11:11:20,242 [INFO] CADModel:165 - CPN selected for project level
2024-02-21 11:11:20,243 [INFO] CADModel:114 - Register for checkConnection events
2024-02-21 11:11:20,243 [FATAL] Updater:308 - Updater called before beeing initialized
2024-02-21 11:11:20,243 [ERROR] CADModel:125 - Updater not yet initialized, retry later 
2024-02-21 11:11:20,246 [FATAL] Updater:308 - Updater called before beeing initialized
2024-02-21 11:11:20,409 [FATAL] Updater:308 - Updater called before beeing initialized
2024-02-21 11:11:20,418 [INFO] DbMcusAds:53 - JSON generation date=Wed Nov 29 05:52:27 EST 2023 (1701255147349)
2024-02-21 11:11:20,419 [FATAL] Updater:308 - Updater called before beeing initialized
2024-02-21 11:11:20,480 [WARN] DetailPanel:346 - Failed to get advertising image, set to default
2024-02-21 11:11:20,560 [FATAL] Updater:308 - Updater called before beeing initialized
2024-02-21 11:11:20,562 [FATAL] Updater:308 - Updater called before beeing initialized
2024-02-21 11:11:20,562 [FATAL] Updater:308 - Updater called before beeing initialized
2024-02-21 11:11:20,562 [WARN] DetailPanel:346 - Failed to get advertising image, set to default
2024-02-21 11:11:20,565 [FATAL] Updater:308 - Updater called before beeing initialized
2024-02-21 11:11:20,633 [ERROR] Updater:1120 - MainUpdater not yet initialized. External WinMGr cannot be set.
2024-02-21 11:11:20,676 [INFO] Updater:1056 - Updater Version found : 6.10.0
2024-02-21 11:11:20,690 [INFO] ApplicationProperties:184 - Using Application install path: /Applications/STM32CubeIDE.app/Contents/Eclipse/plugins/com.st.stm32cube.common.mx_6.10.0.202311202037
2024-02-21 11:11:21,093 [INFO] MainUpdater:2873 - connection check result : 10
2024-02-21 11:11:21,094 [INFO] MainUpdater:290 - Updater Check For Update Now.
2024-02-21 11:11:21,094 [INFO] MicroXplorer:498 - Change Database Version : DB.6.0.100
2024-02-21 11:11:21,102 [INFO] McuFinderGlobals:63 - Set McuFinder mode to 2 (CubeIDE integrated)
2024-02-21 11:11:21,372 [INFO] CheckServerUpdateThread:120 - End of CheckServer Thread
2024-02-21 11:11:21,587 [INFO] UserAuth:404 - Internet connection configuration mode: 1
2024-02-21 11:11:21,601 [INFO] JxBrowserEngine:152 - Initiate JxBrowser Engine with user profile folder
2024-02-21 11:11:22,216 [WARN] PackLoader:240 - Cannot read IP mode file for STMicroelectronics.X-CUBE-SMBUS.2.1.0
2024-02-21 11:11:22,251 [WARN] PackLoader:240 - Cannot read IP mode file for STMicroelectronics.X-CUBE-TOUCHGFX.4.23.0
2024-02-21 11:11:22,294 [WARN] PackLoader:240 - Cannot read IP mode file for STMicroelectronics.X-CUBE-AZRTOS-F7.1.1.0
2024-02-21 11:11:22,321 [WARN] PackLoader:240 - Cannot read IP mode file for STMicroelectronics.FP-SNS-MOTENV1.4.3.2
2024-02-21 11:11:22,358 [WARN] PackLoader:240 - Cannot read IP mode file for STMicroelectronics.FP-SNS-FLIGHT1.5.0.2
2024-02-21 11:11:22,376 [WARN] PackLoader:240 - Cannot read IP mode file for STMicroelectronics.X-CUBE-DISPLAY.3.0.0
2024-02-21 11:11:22,412 [WARN] PackLoader:240 - Cannot read IP mode file for STMicroelectronics.X-CUBE-BLE1.7.0.0
2024-02-21 11:11:22,432 [WARN] PackLoader:240 - Cannot read IP mode file for emotas.I-CUBE-CANOPEN.1.3.0
2024-02-21 11:11:22,454 [WARN] PackLoader:240 - Cannot read IP mode file for STMicroelectronics.FP-SNS-SMARTAG2.1.2.0
2024-02-21 11:11:22,483 [INFO] LogOutputStream:77 - [STDOUT_REDIRECT] 1 : Invalid condition id : UX_CORESTACK_Condition cause : null
2024-02-21 11:11:22,485 [INFO] LogOutputStream:77 - [STDOUT_REDIRECT] 1 : Invalid condition id : UX_CORESTACK_Condition cause : null
2024-02-21 11:11:22,486 [INFO] LogOutputStream:77 - [STDOUT_REDIRECT] 1 : Invalid condition id : UX_CORESTACK_Condition cause : null
2024-02-21 11:11:22,489 [INFO] LogOutputStream:77 - [STDOUT_REDIRECT] 1 : Invalid condition id : UX_CORESTACK_Condition cause : null
2024-02-21 11:11:22,489 [INFO] LogOutputStream:77 - [STDOUT_REDIRECT] 1 : Invalid condition id : UX_CORESTACK_Condition cause : null
2024-02-21 11:11:22,504 [WARN] PackLoader:240 - Cannot read IP mode file for STMicroelectronics.X-CUBE-AZRTOS-WL.2.0.0
2024-02-21 11:11:22,526 [WARN] PackLoader:240 - Cannot read IP mode file for WES.I-CUBE-Cesium.1.3.0
2024-02-21 11:11:22,541 [WARN] PackLoader:240 - Cannot read IP mode file for STMicroelectronics.X-CUBE-BLE2.3.3.0
2024-02-21 11:11:22,558 [WARN] PackLoader:240 - Cannot read IP mode file for STMicroelectronics.X-CUBE-ALGOBUILD.1.3.0
2024-02-21 11:11:22,600 [WARN] PackLoader:240 - Cannot read IP mode file for STMicroelectronics.X-CUBE-AZRTOS-G0.1.1.0
2024-02-21 11:11:22,618 [WARN] PackLoader:240 - Cannot read IP mode file for STMicroelectronics.X-CUBE-NFC4.3.0.0
2024-02-21 11:11:22,674 [WARN] PackLoader:240 - Cannot read IP mode file for STMicroelectronics.X-CUBE-BLEMGR.3.0.0
2024-02-21 11:11:22,697 [WARN] PackLoader:240 - Cannot read IP mode file for STMicroelectronics.FP-ATR-SIGFOX1.3.2.0
2024-02-21 11:11:22,709 [WARN] PackLoader:240 - Cannot read IP mode file for STMicroelectronics.X-CUBE-EEPRMA1.5.1.0
2024-02-21 11:11:22,799 [WARN] PackLoader:240 - Cannot read IP mode file for SEGGER.I-CUBE-embOS.1.3.1
2024-02-21 11:11:22,896 [WARN] PackLoader:240 - Cannot read IP mode file for STMicroelectronics.X-CUBE-GNSS1.6.0.0
2024-02-21 11:11:22,929 [WARN] PackLoader:240 - Cannot read IP mode file for STMicroelectronics.X-CUBE-AZRTOS-F4.1.1.0
2024-02-21 11:11:22,950 [WARN] PackLoader:240 - Cannot read IP mode file for wolfSSL.I-CUBE-wolfSSL.5.6.6
2024-02-21 11:11:22,983 [WARN] PackLoader:240 - Cannot read IP mode file for STMicroelectronics.X-CUBE-AZRTOS-L5.2.0.0
2024-02-21 11:11:22,992 [WARN] PackLoader:240 - Cannot read IP mode file for STMicroelectronics.X-CUBE-EEPRMA1.4.2.0
2024-02-21 11:11:22,998 [WARN] PackLoader:240 - Cannot read IP mode file for ITTIA_DB.I-CUBE-ITTIADB.8.8.0
2024-02-21 11:11:23,007 [WARN] PackLoader:240 - Cannot read IP mode file for STMicroelectronics.X-CUBE-NFC7.1.0.1
2024-02-21 11:11:23,034 [WARN] PackLoader:240 - Cannot read IP mode file for STMicroelectronics.X-CUBE-NFC6.3.0.0
2024-02-21 11:11:23,047 [WARN] PackLoader:240 - Cannot read IP mode file for STMicroelectronics.X-CUBE-AI.8.1.0
2024-02-21 11:11:23,073 [WARN] ConditionMgr:438 - getConditionDescription Invalid condition id : LAN8742 Phy interface Condition cause : null
2024-02-21 11:11:23,075 [WARN] PackLoader:240 - Cannot read IP mode file for STMicroelectronics.X-CUBE-AZRTOS-L4.2.0.0
2024-02-21 11:11:23,083 [WARN] ConditionMgr:1039 - genDependencies : Invalid condition id : LAN8742 Phy interface Condition cause : null
2024-02-21 11:11:23,084 [WARN] ConditionMgr:1039 - genDependencies : Invalid condition id : LAN8742 Phy interface Condition cause : null
2024-02-21 11:11:23,085 [WARN] ConditionMgr:1039 - genDependencies : Invalid condition id : LAN8742 Phy interface Condition cause : null
2024-02-21 11:11:23,095 [WARN] PackLoader:240 - Cannot read IP mode file for STMicroelectronics.X-CUBE-SFXS2LP1.4.0.0
2024-02-21 11:11:23,113 [WARN] ConditionMgr:438 - getConditionDescription Invalid condition id : UX DEVICE CLASS RTOS Condition cause : null
2024-02-21 11:11:23,113 [WARN] ConditionMgr:438 - getConditionDescription Invalid condition id : UX DEVICE CLASS RTOS Condition cause : null
2024-02-21 11:11:23,118 [WARN] PackLoader:240 - Cannot read IP mode file for STMicroelectronics.X-CUBE-AZRTOS-WB.2.0.0
2024-02-21 11:11:23,119 [WARN] ConditionMgr:1039 - genDependencies : Invalid condition id : UX DEVICE CLASS RTOS Condition cause : null
2024-02-21 11:11:23,119 [WARN] ConditionMgr:1039 - genDependencies : Invalid condition id : UX DEVICE CLASS RTOS Condition cause : null
2024-02-21 11:11:23,119 [WARN] ConditionMgr:1039 - genDependencies : Invalid condition id : UX DEVICE CLASS RTOS Condition cause : null
2024-02-21 11:11:23,120 [WARN] ConditionMgr:1039 - genDependencies : Invalid condition id : UX DEVICE CLASS RTOS Condition cause : null
2024-02-21 11:11:23,120 [WARN] ConditionMgr:1039 - genDependencies : Invalid condition id : UX DEVICE CLASS RTOS Condition cause : null
2024-02-21 11:11:23,132 [WARN] PackLoader:240 - Cannot read IP mode file for STMicroelectronics.X-CUBE-SUBG2.5.0.0
2024-02-21 11:11:23,160 [WARN] PackLoader:240 - Cannot read IP mode file for STMicroelectronics.X-CUBE-AZRTOS-G4.2.0.0
2024-02-21 11:11:23,178 [WARN] PackLoader:240 - Cannot read IP mode file for Infineon.AIROC-Wi-Fi-Bluetooth-STM32.1.5.1
2024-02-21 11:11:23,188 [WARN] PackLoader:240 - Cannot read IP mode file for STMicroelectronics.FP-SNS-MOTENVWB1.1.3.1
2024-02-21 11:11:23,193 [WARN] PackLoader:240 - Cannot read IP mode file for STMicroelectronics.X-CUBE-ISPU.2.0.0
2024-02-21 11:11:23,249 [WARN] PackLoader:240 - Cannot read IP mode file for STMicroelectronics.X-CUBE-MEMS1.10.0.0
2024-02-21 11:11:23,375 [WARN] PackLoader:240 - Cannot read IP mode file for STMicroelectronics.X-CUBE-FREERTOS.1.1.0
2024-02-21 11:11:23,386 [WARN] PackLoader:240 - Cannot read IP mode file for portGmbH.I-Cube-SoM-uGOAL.1.1.0
2024-02-21 11:11:23,390 [WARN] PackLoader:240 - Cannot read IP mode file for STMicroelectronics.X-CUBE-ALS.1.0.1
2024-02-21 11:11:23,396 [WARN] PackLoader:240 - Cannot read IP mode file for STMicroelectronics.FP-ATR-ASTRA1.2.0.0
2024-02-21 11:11:23,409 [WARN] PackLoader:240 - Cannot read IP mode file for STMicroelectronics.X-CUBE-TOF1.3.4.0
2024-02-21 11:11:23,445 [WARN] PackLoader:240 - Cannot read IP mode file for STMicroelectronics.X-CUBE-AZRTOS-H7.3.2.0
2024-02-21 11:11:23,451 [INFO] ThirdParty:978 - Integrity check success = true
2024-02-21 11:11:23,451 [INFO] IntegrityCheckThread:100 - exiting critical section [integrity check]
2024-02-21 11:11:23,451 [INFO] IntegrityCheckThread:103 - End integrity checks thread
2024-02-21 11:11:26,624 [INFO] WebApp:161 - Instantiating new browser for Auth
2024-02-21 11:11:27,827 [INFO] WebApp:780 - Register for checkConnection events
2024-02-21 11:11:27,828 [INFO] WebApp:414 - Apply proxy settings
2024-02-21 11:11:27,847 [INFO] WebApp:459 - Chromium authenticates against Manually configured proxy
2024-02-21 11:11:27,879 [INFO] WebApp:467 - Username used for proxy authentication: 
2024-02-21 11:11:28,060 [INFO] WebApp:192 - Starting web application
2024-02-21 11:11:28,060 [INFO] WebApp:544 - Web application path used /Applications/STM32CubeIDE.app/Contents/Eclipse/plugins/com.st.stm32cube.common.mx_6.10.0.202311202037/db/plugins/mcufinder/reactClient1/index.html
2024-02-21 11:11:49,647 [ERROR] LogOutputStream:75 - [STDERR_REDIRECT] SLF4J: Failed to load class "org.slf4j.impl.StaticLoggerBinder".
2024-02-21 11:11:49,650 [ERROR] LogOutputStream:75 - [STDERR_REDIRECT] SLF4J: Defaulting to no-operation (NOP) logger implementation
2024-02-21 11:11:49,651 [ERROR] LogOutputStream:75 - [STDERR_REDIRECT] SLF4J: See http://www.slf4j.org/codes.html#StaticLoggerBinder for further details.
2024-02-21 11:52:27,140 [ERROR] ConfigurationRetriever:142 - IOException on connection: Connect timed out
2024-02-21 12:13:40,381 [INFO] McuFinderGlobals:63 - Set McuFinder mode to 2 (CubeIDE integrated)
2024-02-21 12:13:40,392 [INFO] MainUpdater:2873 - connection check result : 10
2024-02-21 12:13:41,212 [INFO] ApiDb:581 - Connected to CubeFinder SQLite database (/Users/romeluis/.stmcufinder/plugins/mcufinder/mcu/cube-finder-db.db)
2024-02-21 12:13:41,281 [INFO] ApiDb:668 - CubeFinder database Data Model version=2.1
2024-02-21 12:13:41,281 [INFO] ApiDb:669 - CubeFinder database Configuration version=3.0.39
2024-02-21 12:13:41,294 [INFO] ApiDb:670 - CubeFinder database generation date=2024-01-11 (1704964531)
2024-02-21 12:13:41,294 [INFO] ApiDb:671 - CubeFinder database FW Pack versions=[FP-ATR-ASTRA1_V2.0.0, FP-SNS-FLIGHT1_V5.0.1, FP-SNS-FLIGHT1_V5.0.2, FP-SNS-MOTENV1_V4.3.1, FP-SNS-MOTENV1_V4.3.2, FP-SNS-MOTENVWB1_V1.3.1, FP-SNS-SMARTAG2_V1.2.0, STM32Cube_FW_C0_V1.1.0, STM32Cube_FW_F4_V1.28.0, STM32Cube_FW_F7_V1.17.0, STM32Cube_FW_G0_V1.6.2, STM32Cube_FW_G4_V1.5.2, STM32Cube_FW_H5_V0.5.1, STM32Cube_FW_H5_V1.1.1, STM32Cube_FW_H5_V1.2.0RC2, STM32Cube_FW_H7_V1.11.0, STM32Cube_FW_L0_V1.12.2, STM32Cube_FW_L5_V1.5.0, STM32Cube_FW_U5_V1.3.0RC4, STM32Cube_FW_U5_V1.4.0, STM32Cube_FW_WBA_V1.0.0RC1, STM32Cube_FW_WBA_V1.1.0RC1, STM32Cube_FW_WBA_V1.2.0, STM32Cube_FW_WBA_V1.2.0RC2, STM32Cube_FW_WB_V1.15.0RC1, STM32Cube_FW_WB_V1.16.0, STM32Cube_FW_WB_V1.16.0RC2, STM32Cube_FW_WB_V1.18.0, STM32Cube_FW_WL_V1.3.0, X-CUBE-ALGOBUILD_V1.3.0, X-CUBE-ALS_V1.0.1, X-CUBE-AZRTOS-F4_V1.1.0, X-CUBE-AZRTOS-F7_V1.1.0, X-CUBE-AZRTOS-G0_V1.1.0, X-CUBE-AZRTOS-G4_V2.0.0, X-CUBE-AZRTOS-H7_V3.2.0, X-CUBE-AZRTOS-L4_V1.0.0, X-CUBE-AZRTOS-L4_V2.0.0, X-CUBE-AZRTOS-L5_V1.1.0, X-CUBE-AZRTOS-WB_V2.0.0, X-CUBE-AZRTOS-WL_V2.0.0, X-CUBE-BLE1_V7.0.0, X-CUBE-BLE2_V3.3.0, X-CUBE-BLEMGR_V3.0.0, X-CUBE-EEPRMA1_V4.1.0, X-CUBE-EEPRMA1_V4.2.0, X-CUBE-FREERTOS_V1.1.0, X-CUBE-GNSS1_V6.0.0, X-CUBE-MEMS1_V10.0.0, X-CUBE-MEMS1_V9.1.0, X-CUBE-MEMS1_V9.4.0, X-CUBE-MEMS1_V9.6.0, X-CUBE-NFC4_V3.0.0, X-CUBE-NFC7_V1.0.1, X-CUBE-SFXS2LP1_V4.0.0, X-CUBE-SUBG2_V5.0.0, X-CUBE-TOF1_V3.4.0]
2024-02-21 12:13:41,397 [INFO] DbBoardsSqlite:226 - include board P-NUCLEO-WB55-NUCLEO as a kit item of type 'Nucleo-64'
2024-02-21 12:13:41,397 [INFO] DbBoardsSqlite:226 - include board P-NUCLEO-WB55-USBDONGLE as a kit item of type 'Nucleo USB Dongle'
2024-02-21 12:13:41,398 [INFO] DbBoardsSqlite:226 - include board STEVAL-IDP005V1 as a kit item of type 'Evaluation Board'
2024-02-21 12:13:41,398 [INFO] DbBoardsSqlite:226 - include board STEVAL-IDP005V2 as a kit item of type 'Evaluation Board'
2024-02-21 12:13:41,507 [INFO] ApiDb:240 - Found 371 in-development CPN: [B-G473E-ZEST1S, B-WB1M-WPAN1, B-WL5M-SUBG1, NUCLEO-C031C6, NUCLEO-H503RB, NUCLEO-H563ZI, NUCLEO-U545RE-Q, NUCLEO-U5A5ZJ-Q, NUCLEO-WBA52CG, NUCLEO-WBA55CG, STEVAL-MKBOXPRO, STEVAL-PROTEUS1, STEVAL-STWINBX1, STM320518-EVAL, STM32C0116-DK, STM32C011D6Y3TR, STM32C011D6Y6TR, STM32C011F4P3, STM32C011F4P6, STM32C011F4U3, STM32C011F4U6TR, STM32C011F6P3, STM32C011F6P6, STM32C011F6U3, STM32C011F6U6TR, STM32C011J4M3, STM32C011J4M6, STM32C011J6M3, STM32C011J6M6, STM32C0316-DK, STM32C031C4T3, STM32C031C4T6, STM32C031C4U3, STM32C031C4U6, STM32C031C6T3, STM32C031C6T6, STM32C031C6U3, STM32C031C6U6, STM32C031F4P3, STM32C031F4P6, STM32C031F6P3, STM32C031F6P6, STM32C031G4U3, STM32C031G4U6, STM32C031G6U3, STM32C031G6U6, STM32C031K4T3, STM32C031K4T6, STM32C031K4U3, STM32C031K4U6, STM32C031K6T3, STM32C031K6T6, STM32C031K6U3, STM32C031K6U6, STM32G071K8TXN, STM32G071K8UXN, STM32G081GBU6N, STM32G081KBT6N, STM32G081KBUXN, STM32G0B1CCT6N, STM32G0B1KCT6, STM32G0B1NEY6TR, STM32G0B1RCT6N, STM32G0C1CCT6, STM32G0C1CCT6N, STM32G0C1CCU6N, STM32G0C1CET6N, STM32G0C1CEU6N, STM32G0C1KCT6, STM32G0C1NEY6TR, STM32G0C1RCI6N, STM32G0C1RCT6N, STM32G0C1REI6N, STM32G0C1RET6N, STM32G0C1VCI6, STM32G0C1VEI6, STM32G471CCT6, STM32G471CCU6, STM32G471CET3, STM32G471CET6, STM32G471CEU3, STM32G471CEU6, STM32G471MCT6, STM32G471MET3, STM32G471MET6, STM32G471MEY6TR, STM32G471QCT6, STM32G471QET3, STM32G471RCT6, STM32G471RET3, STM32G471RET6, STM32G471VCH6, STM32G471VCI6, STM32G471VCT6, STM32G471VEH3, STM32G471VEH6, STM32G471VEI3, STM32G471VEI6, STM32G471VET3, STM32G471VET6, STM32G474CCT6, STM32H503CBT6, STM32H503CBU6, STM32H503EBY6TR, STM32H503KBU6, STM32H503RBT6, STM32H562AGI6, STM32H562AII6, STM32H562IGK6, STM32H562IGT6, STM32H562IIK6, STM32H562IIT6, STM32H562RGT6, STM32H562RGV6, STM32H562RIT6, STM32H562RIV6, STM32H562VGT6, STM32H562VIT6, STM32H562ZGT6, STM32H562ZIT6, STM32H563AGI6, STM32H563AII3Q, STM32H563AII6, STM32H563IGK6, STM32H563IGT6, STM32H563IIK3Q, STM32H563IIK6, STM32H563IIT3Q, STM32H563IIT6, STM32H563MIY3QTR, STM32H563RGT6, STM32H563RGV6, STM32H563RIT6, STM32H563RIV6, STM32H563VGT6, STM32H563VIT3Q, STM32H563VIT6, STM32H563ZGT6, STM32H563ZIT3Q, STM32H563ZIT6, STM32H573AII3Q, STM32H573AII6, STM32H573I-DK, STM32H573IIK3Q, STM32H573IIK6, STM32H573IIT3Q, STM32H573IIT6, STM32H573MIY3QTR, STM32H573RIT6, STM32H573RIV6, STM32H573VIT3Q, STM32H573VIT6, STM32H573ZIT3Q, STM32H573ZIT6, STM32L4R5QGI6STR, STM32MP131AAE3, STM32MP131AAF3, STM32MP131AAG3, STM32MP131CAE3, STM32MP131CAF3, STM32MP131CAG3, STM32MP131DAE7, STM32MP131DAF7, STM32MP131DAG7, STM32MP131FAE7, STM32MP131FAF7, STM32MP131FAG7, STM32MP133AAE3, STM32MP133AAF3, STM32MP133AAG3, STM32MP133CAE3, STM32MP133CAF3, STM32MP133CAG3, STM32MP133DAE7, STM32MP133DAF7, STM32MP133DAG7, STM32MP133FAE7, STM32MP133FAF7, STM32MP133FAG7, STM32MP135AAE3, STM32MP135AAF3, STM32MP135AAG3, STM32MP135CAE3, STM32MP135CAF3, STM32MP135CAG3, STM32MP135DAE7, STM32MP135DAF7, STM32MP135DAG7, STM32MP135F-DK, STM32MP135FAE7, STM32MP135FAF7, STM32MP135FAF7T, STM32MP135FAF7U, STM32MP135FAG7, STM32U535CBT6, STM32U535CBT6Q, STM32U535CBU6, STM32U535CBU6Q, STM32U535CCT6, STM32U535CCT6Q, STM32U535CCU6, STM32U535CCU6Q, STM32U535CET6, STM32U535CET6Q, STM32U535CEU6, STM32U535CEU6Q, STM32U535JEY6QTR, STM32U535NCY6QTR, STM32U535NEY6QTR, STM32U535RBI6, STM32U535RBI6Q, STM32U535RBT6, STM32U535RBT6Q, STM32U535RCI6, STM32U535RCI6Q, STM32U535RCT6, STM32U535RCT6Q, STM32U535REI6, STM32U535REI6Q, STM32U535RET6, STM32U535RET6Q, STM32U535VCI6, STM32U535VCI6Q, STM32U535VCT6, STM32U535VCT6Q, STM32U535VEI6, STM32U535VEI6Q, STM32U535VET6, STM32U535VET6Q, STM32U545CET6, STM32U545CET6Q, STM32U545CEU6, STM32U545CEU6Q, STM32U545JEY6QTR, STM32U545NEY6QTR, STM32U545REI6, STM32U545REI6Q, STM32U545RET6, STM32U545RET6Q, STM32U545VEI6, STM32U545VEI6Q, STM32U545VET6, STM32U545VET6Q, STM32U595AIH6, STM32U595AIH6Q, STM32U595AJH6, STM32U595AJH6Q, STM32U595QII6, STM32U595QII6Q, STM32U595QJI6, STM32U595QJI6Q, STM32U595RIT6, STM32U595RIT6Q, STM32U595RJT6, STM32U595RJT6Q, STM32U595VIT6, STM32U595VIT6Q, STM32U595VJT6, STM32U595VJT6Q, STM32U595ZIT6, STM32U595ZIT6Q, STM32U595ZIY6QTR, STM32U595ZJT6, STM32U595ZJT6Q, STM32U595ZJY6QTR, STM32U599BJY6QTR, STM32U599NIH6Q, STM32U599NJH6Q, STM32U599VIT6Q, STM32U599VJT6, STM32U599VJT6Q, STM32U599ZIT6Q, STM32U599ZIY6QTR, STM32U599ZJT6Q, STM32U599ZJY6QTR, STM32U5A5AJH6, STM32U5A5AJH6Q, STM32U5A5QJI6, STM32U5A5QJI6Q, STM32U5A5RJT6, STM32U5A5RJT6Q, STM32U5A5VJT6, STM32U5A5VJT6Q, STM32U5A5ZJT6, STM32U5A5ZJT6Q, STM32U5A5ZJY6QTR, STM32U5A9BJY6QTR, STM32U5A9J-DK, STM32U5A9NJH6Q, STM32U5A9VJT6Q, STM32U5A9ZJT6Q, STM32U5A9ZJY6QTR, STM32U5F7VIT6, STM32U5F7VIT6Q, STM32U5F7VJT6, STM32U5F7VJT6Q, STM32U5F9BJY6QTR, STM32U5F9NJH6Q, STM32U5F9VIT6Q, STM32U5F9VJT6Q, STM32U5F9ZIJ6QTR, STM32U5F9ZIT6Q, STM32U5F9ZJJ6QTR, STM32U5F9ZJT6Q, STM32U5G7VJT6, STM32U5G7VJT6Q, STM32U5G9BJY6QTR, STM32U5G9J-DK1, STM32U5G9J-DK2, STM32U5G9NJH6Q, STM32U5G9VJT6Q, STM32U5G9ZJJ6QTR, STM32U5G9ZJT6Q, STM32WB1MMCH6, STM32WBA50KEU6, STM32WBA50KEU6TR, STM32WBA50KGU6, STM32WBA50KGU6TR, STM32WBA52CEU6, STM32WBA52CEU6TR, STM32WBA52CEU7, STM32WBA52CEU7TR, STM32WBA52CGU6, STM32WBA52CGU6TR, STM32WBA52CGU6U, STM32WBA52CGU7, STM32WBA52CGU7TR, STM32WBA52KEU6, STM32WBA52KEU6TR, STM32WBA52KGU6, STM32WBA52KGU6TR, STM32WBA54CEU6, STM32WBA54CEU6TR, STM32WBA54CEU7, STM32WBA54CEU7TR, STM32WBA54CGU6, STM32WBA54CGU6TR, STM32WBA54CGU7, STM32WBA54CGU7TR, STM32WBA54KEU6, STM32WBA54KEU6TR, STM32WBA54KEU7, STM32WBA54KEU7TR, STM32WBA54KGU6, STM32WBA54KGU6TR, STM32WBA54KGU7, STM32WBA54KGU7TR, STM32WBA55CEU6, STM32WBA55CEU6TR, STM32WBA55CEU7, STM32WBA55CEU7TR, STM32WBA55CGU6, STM32WBA55CGU6TR, STM32WBA55CGU6U, STM32WBA55CGU7, STM32WBA55CGU7TR, STM32WBA55G-DK1, STM32WBA55HEF6, STM32WBA55HEF7, STM32WBA55HGF6, STM32WBA55HGF7, STM32WBA55UEI6, STM32WBA55UEI6TR, STM32WBA55UEI7, STM32WBA55UEI7TR, STM32WBA55UGI6, STM32WBA55UGI6TR, STM32WBA55UGI7, STM32WBA55UGI7TR, STM32WL5MOCH6, STM32WL5MOCH6TR]
2024-02-21 12:13:41,643 [INFO] BoardInfo:889 - No configuration file found for board P-NUCLEO-WB55
2024-02-21 12:13:41,644 [INFO] DbBoards:161 - Kit is not supported: P-NUCLEO-WB55
2024-02-21 12:13:41,649 [INFO] BoardInfo:889 - No configuration file found for board STEVAL-BFA001V1B
2024-02-21 12:13:41,649 [INFO] DbBoards:161 - Kit is not supported: STEVAL-BFA001V1B
2024-02-21 12:13:41,650 [INFO] BoardInfo:889 - No configuration file found for board STEVAL-BFA001V2B
2024-02-21 12:13:41,650 [INFO] DbBoards:161 - Kit is not supported: STEVAL-BFA001V2B
2024-02-21 12:13:41,787 [INFO] DbBoards:168 - Found 193 boards, 190 are supported
2024-02-21 12:13:41,787 [INFO] DbBoards:169 - Found 193 boards, 3 of them is supported for  Bsp
2024-02-21 12:13:41,791 [INFO] ApiDb:668 - CubeFinder database Data Model version=2.1
2024-02-21 12:13:41,791 [INFO] ApiDb:669 - CubeFinder database Configuration version=3.0.39
2024-02-21 12:13:41,791 [INFO] ApiDb:670 - CubeFinder database generation date=2024-01-11 (1704964531)
2024-02-21 12:13:41,792 [INFO] ApiDb:671 - CubeFinder database FW Pack versions=[FP-ATR-ASTRA1_V2.0.0, FP-SNS-FLIGHT1_V5.0.1, FP-SNS-FLIGHT1_V5.0.2, FP-SNS-MOTENV1_V4.3.1, FP-SNS-MOTENV1_V4.3.2, FP-SNS-MOTENVWB1_V1.3.1, FP-SNS-SMARTAG2_V1.2.0, STM32Cube_FW_C0_V1.1.0, STM32Cube_FW_F4_V1.28.0, STM32Cube_FW_F7_V1.17.0, STM32Cube_FW_G0_V1.6.2, STM32Cube_FW_G4_V1.5.2, STM32Cube_FW_H5_V0.5.1, STM32Cube_FW_H5_V1.1.1, STM32Cube_FW_H5_V1.2.0RC2, STM32Cube_FW_H7_V1.11.0, STM32Cube_FW_L0_V1.12.2, STM32Cube_FW_L5_V1.5.0, STM32Cube_FW_U5_V1.3.0RC4, STM32Cube_FW_U5_V1.4.0, STM32Cube_FW_WBA_V1.0.0RC1, STM32Cube_FW_WBA_V1.1.0RC1, STM32Cube_FW_WBA_V1.2.0, STM32Cube_FW_WBA_V1.2.0RC2, STM32Cube_FW_WB_V1.15.0RC1, STM32Cube_FW_WB_V1.16.0, STM32Cube_FW_WB_V1.16.0RC2, STM32Cube_FW_WB_V1.18.0, STM32Cube_FW_WL_V1.3.0, X-CUBE-ALGOBUILD_V1.3.0, X-CUBE-ALS_V1.0.1, X-CUBE-AZRTOS-F4_V1.1.0, X-CUBE-AZRTOS-F7_V1.1.0, X-CUBE-AZRTOS-G0_V1.1.0, X-CUBE-AZRTOS-G4_V2.0.0, X-CUBE-AZRTOS-H7_V3.2.0, X-CUBE-AZRTOS-L4_V1.0.0, X-CUBE-AZRTOS-L4_V2.0.0, X-CUBE-AZRTOS-L5_V1.1.0, X-CUBE-AZRTOS-WB_V2.0.0, X-CUBE-AZRTOS-WL_V2.0.0, X-CUBE-BLE1_V7.0.0, X-CUBE-BLE2_V3.3.0, X-CUBE-BLEMGR_V3.0.0, X-CUBE-EEPRMA1_V4.1.0, X-CUBE-EEPRMA1_V4.2.0, X-CUBE-FREERTOS_V1.1.0, X-CUBE-GNSS1_V6.0.0, X-CUBE-MEMS1_V10.0.0, X-CUBE-MEMS1_V9.1.0, X-CUBE-MEMS1_V9.4.0, X-CUBE-MEMS1_V9.6.0, X-CUBE-NFC4_V3.0.0, X-CUBE-NFC7_V1.0.1, X-CUBE-SFXS2LP1_V4.0.0, X-CUBE-SUBG2_V5.0.0, X-CUBE-TOF1_V3.4.0]
2024-02-21 12:13:43,061 [INFO] ApiDb:240 - Found 371 in-development CPN: [B-G473E-ZEST1S, B-WB1M-WPAN1, B-WL5M-SUBG1, NUCLEO-C031C6, NUCLEO-H503RB, NUCLEO-H563ZI, NUCLEO-U545RE-Q, NUCLEO-U5A5ZJ-Q, NUCLEO-WBA52CG, NUCLEO-WBA55CG, STEVAL-MKBOXPRO, STEVAL-PROTEUS1, STEVAL-STWINBX1, STM320518-EVAL, STM32C0116-DK, STM32C011D6Y3TR, STM32C011D6Y6TR, STM32C011F4P3, STM32C011F4P6, STM32C011F4U3, STM32C011F4U6TR, STM32C011F6P3, STM32C011F6P6, STM32C011F6U3, STM32C011F6U6TR, STM32C011J4M3, STM32C011J4M6, STM32C011J6M3, STM32C011J6M6, STM32C0316-DK, STM32C031C4T3, STM32C031C4T6, STM32C031C4U3, STM32C031C4U6, STM32C031C6T3, STM32C031C6T6, STM32C031C6U3, STM32C031C6U6, STM32C031F4P3, STM32C031F4P6, STM32C031F6P3, STM32C031F6P6, STM32C031G4U3, STM32C031G4U6, STM32C031G6U3, STM32C031G6U6, STM32C031K4T3, STM32C031K4T6, STM32C031K4U3, STM32C031K4U6, STM32C031K6T3, STM32C031K6T6, STM32C031K6U3, STM32C031K6U6, STM32G071K8TXN, STM32G071K8UXN, STM32G081GBU6N, STM32G081KBT6N, STM32G081KBUXN, STM32G0B1CCT6N, STM32G0B1KCT6, STM32G0B1NEY6TR, STM32G0B1RCT6N, STM32G0C1CCT6, STM32G0C1CCT6N, STM32G0C1CCU6N, STM32G0C1CET6N, STM32G0C1CEU6N, STM32G0C1KCT6, STM32G0C1NEY6TR, STM32G0C1RCI6N, STM32G0C1RCT6N, STM32G0C1REI6N, STM32G0C1RET6N, STM32G0C1VCI6, STM32G0C1VEI6, STM32G471CCT6, STM32G471CCU6, STM32G471CET3, STM32G471CET6, STM32G471CEU3, STM32G471CEU6, STM32G471MCT6, STM32G471MET3, STM32G471MET6, STM32G471MEY6TR, STM32G471QCT6, STM32G471QET3, STM32G471RCT6, STM32G471RET3, STM32G471RET6, STM32G471VCH6, STM32G471VCI6, STM32G471VCT6, STM32G471VEH3, STM32G471VEH6, STM32G471VEI3, STM32G471VEI6, STM32G471VET3, STM32G471VET6, STM32G474CCT6, STM32H503CBT6, STM32H503CBU6, STM32H503EBY6TR, STM32H503KBU6, STM32H503RBT6, STM32H562AGI6, STM32H562AII6, STM32H562IGK6, STM32H562IGT6, STM32H562IIK6, STM32H562IIT6, STM32H562RGT6, STM32H562RGV6, STM32H562RIT6, STM32H562RIV6, STM32H562VGT6, STM32H562VIT6, STM32H562ZGT6, STM32H562ZIT6, STM32H563AGI6, STM32H563AII3Q, STM32H563AII6, STM32H563IGK6, STM32H563IGT6, STM32H563IIK3Q, STM32H563IIK6, STM32H563IIT3Q, STM32H563IIT6, STM32H563MIY3QTR, STM32H563RGT6, STM32H563RGV6, STM32H563RIT6, STM32H563RIV6, STM32H563VGT6, STM32H563VIT3Q, STM32H563VIT6, STM32H563ZGT6, STM32H563ZIT3Q, STM32H563ZIT6, STM32H573AII3Q, STM32H573AII6, STM32H573I-DK, STM32H573IIK3Q, STM32H573IIK6, STM32H573IIT3Q, STM32H573IIT6, STM32H573MIY3QTR, STM32H573RIT6, STM32H573RIV6, STM32H573VIT3Q, STM32H573VIT6, STM32H573ZIT3Q, STM32H573ZIT6, STM32L4R5QGI6STR, STM32MP131AAE3, STM32MP131AAF3, STM32MP131AAG3, STM32MP131CAE3, STM32MP131CAF3, STM32MP131CAG3, STM32MP131DAE7, STM32MP131DAF7, STM32MP131DAG7, STM32MP131FAE7, STM32MP131FAF7, STM32MP131FAG7, STM32MP133AAE3, STM32MP133AAF3, STM32MP133AAG3, STM32MP133CAE3, STM32MP133CAF3, STM32MP133CAG3, STM32MP133DAE7, STM32MP133DAF7, STM32MP133DAG7, STM32MP133FAE7, STM32MP133FAF7, STM32MP133FAG7, STM32MP135AAE3, STM32MP135AAF3, STM32MP135AAG3, STM32MP135CAE3, STM32MP135CAF3, STM32MP135CAG3, STM32MP135DAE7, STM32MP135DAF7, STM32MP135DAG7, STM32MP135F-DK, STM32MP135FAE7, STM32MP135FAF7, STM32MP135FAF7T, STM32MP135FAF7U, STM32MP135FAG7, STM32U535CBT6, STM32U535CBT6Q, STM32U535CBU6, STM32U535CBU6Q, STM32U535CCT6, STM32U535CCT6Q, STM32U535CCU6, STM32U535CCU6Q, STM32U535CET6, STM32U535CET6Q, STM32U535CEU6, STM32U535CEU6Q, STM32U535JEY6QTR, STM32U535NCY6QTR, STM32U535NEY6QTR, STM32U535RBI6, STM32U535RBI6Q, STM32U535RBT6, STM32U535RBT6Q, STM32U535RCI6, STM32U535RCI6Q, STM32U535RCT6, STM32U535RCT6Q, STM32U535REI6, STM32U535REI6Q, STM32U535RET6, STM32U535RET6Q, STM32U535VCI6, STM32U535VCI6Q, STM32U535VCT6, STM32U535VCT6Q, STM32U535VEI6, STM32U535VEI6Q, STM32U535VET6, STM32U535VET6Q, STM32U545CET6, STM32U545CET6Q, STM32U545CEU6, STM32U545CEU6Q, STM32U545JEY6QTR, STM32U545NEY6QTR, STM32U545REI6, STM32U545REI6Q, STM32U545RET6, STM32U545RET6Q, STM32U545VEI6, STM32U545VEI6Q, STM32U545VET6, STM32U545VET6Q, STM32U595AIH6, STM32U595AIH6Q, STM32U595AJH6, STM32U595AJH6Q, STM32U595QII6, STM32U595QII6Q, STM32U595QJI6, STM32U595QJI6Q, STM32U595RIT6, STM32U595RIT6Q, STM32U595RJT6, STM32U595RJT6Q, STM32U595VIT6, STM32U595VIT6Q, STM32U595VJT6, STM32U595VJT6Q, STM32U595ZIT6, STM32U595ZIT6Q, STM32U595ZIY6QTR, STM32U595ZJT6, STM32U595ZJT6Q, STM32U595ZJY6QTR, STM32U599BJY6QTR, STM32U599NIH6Q, STM32U599NJH6Q, STM32U599VIT6Q, STM32U599VJT6, STM32U599VJT6Q, STM32U599ZIT6Q, STM32U599ZIY6QTR, STM32U599ZJT6Q, STM32U599ZJY6QTR, STM32U5A5AJH6, STM32U5A5AJH6Q, STM32U5A5QJI6, STM32U5A5QJI6Q, STM32U5A5RJT6, STM32U5A5RJT6Q, STM32U5A5VJT6, STM32U5A5VJT6Q, STM32U5A5ZJT6, STM32U5A5ZJT6Q, STM32U5A5ZJY6QTR, STM32U5A9BJY6QTR, STM32U5A9J-DK, STM32U5A9NJH6Q, STM32U5A9VJT6Q, STM32U5A9ZJT6Q, STM32U5A9ZJY6QTR, STM32U5F7VIT6, STM32U5F7VIT6Q, STM32U5F7VJT6, STM32U5F7VJT6Q, STM32U5F9BJY6QTR, STM32U5F9NJH6Q, STM32U5F9VIT6Q, STM32U5F9VJT6Q, STM32U5F9ZIJ6QTR, STM32U5F9ZIT6Q, STM32U5F9ZJJ6QTR, STM32U5F9ZJT6Q, STM32U5G7VJT6, STM32U5G7VJT6Q, STM32U5G9BJY6QTR, STM32U5G9J-DK1, STM32U5G9J-DK2, STM32U5G9NJH6Q, STM32U5G9VJT6Q, STM32U5G9ZJJ6QTR, STM32U5G9ZJT6Q, STM32WB1MMCH6, STM32WBA50KEU6, STM32WBA50KEU6TR, STM32WBA50KGU6, STM32WBA50KGU6TR, STM32WBA52CEU6, STM32WBA52CEU6TR, STM32WBA52CEU7, STM32WBA52CEU7TR, STM32WBA52CGU6, STM32WBA52CGU6TR, STM32WBA52CGU6U, STM32WBA52CGU7, STM32WBA52CGU7TR, STM32WBA52KEU6, STM32WBA52KEU6TR, STM32WBA52KGU6, STM32WBA52KGU6TR, STM32WBA54CEU6, STM32WBA54CEU6TR, STM32WBA54CEU7, STM32WBA54CEU7TR, STM32WBA54CGU6, STM32WBA54CGU6TR, STM32WBA54CGU7, STM32WBA54CGU7TR, STM32WBA54KEU6, STM32WBA54KEU6TR, STM32WBA54KEU7, STM32WBA54KEU7TR, STM32WBA54KGU6, STM32WBA54KGU6TR, STM32WBA54KGU7, STM32WBA54KGU7TR, STM32WBA55CEU6, STM32WBA55CEU6TR, STM32WBA55CEU7, STM32WBA55CEU7TR, STM32WBA55CGU6, STM32WBA55CGU6TR, STM32WBA55CGU6U, STM32WBA55CGU7, STM32WBA55CGU7TR, STM32WBA55G-DK1, STM32WBA55HEF6, STM32WBA55HEF7, STM32WBA55HGF6, STM32WBA55HGF7, STM32WBA55UEI6, STM32WBA55UEI6TR, STM32WBA55UEI7, STM32WBA55UEI7TR, STM32WBA55UGI6, STM32WBA55UGI6TR, STM32WBA55UGI7, STM32WBA55UGI7TR, STM32WL5MOCH6, STM32WL5MOCH6TR]
2024-02-21 12:13:43,066 [INFO] DbMcus:218 - Found 3930 MCUs, 3930 are supported
2024-02-21 12:13:43,067 [INFO] ApiDb:423 - Load user favorites file /Users/romeluis/.stm32cubeide/favorites.mcus.txt: 0 item(s)
2024-02-21 12:13:43,067 [INFO] ApiDb:427 - User favorites MCUs=[]
2024-02-21 12:13:43,067 [INFO] DbMcus:224 - Set 0 / 0 favorites MCUs
2024-02-21 12:13:43,289 [INFO] ApiDb:414 - User favorites file not found: /Users/romeluis/.stm32cubeide/favorites.boards.txt
2024-02-21 12:13:43,290 [INFO] DbBoards:198 - Set 0 / 0 favorites Boards
2024-02-21 12:13:43,290 [INFO] McuFinderGlobals:76 - Set McuFinderConnectedMode to true
2024-02-21 12:13:43,306 [INFO] MultiScanPanel:200 - Auto-refresh data requested => check proxy status ongoing
2024-02-21 12:13:43,309 [INFO] FinderPluginLoader:95 - Searching for filters in installed packs
2024-02-21 12:13:45,107 [INFO] LoadUrlFilesThread:185 - End of LoadServerUrlFiles without Thread
2024-02-21 12:13:45,135 [INFO] DetailPanel:341 - Set advertising image to /Users/romeluis/STM32Cube/Repository//en.prom-stm32wl3-mcu-finder.jpg
2024-02-21 12:14:00,146 [INFO] MainUpdater:2873 - connection check result : 10
2024-02-21 12:14:00,148 [INFO] MainUpdater:2873 - connection check result : 10
2024-02-21 12:14:01,022 [INFO] MicroXplorer:468 - Change Database Path : 
2024-02-21 12:14:01,026 [INFO] MicroXplorer:498 - Change Database Version : DB.6.0.100
2024-02-21 12:14:01,032 [WARN] ThirdParty:871 - waiting for thirdparty lock release [close project]
2024-02-21 12:14:01,032 [INFO] ThirdParty:873 - entering critical section [close project]
2024-02-21 12:14:01,043 [INFO] ThirdParty:883 - exiting critical section [close project]
2024-02-21 12:14:01,056 [INFO] PinOutPanel:1499 - setPackage(No Configuration,No Configuration)
2024-02-21 12:14:01,089 [INFO] UtilMem:75 - Begin LoadConfig() Used Memory: 649216480 Bytes (1073741824)
2024-02-21 12:14:01,125 [INFO] MicroXplorer:468 - Change Database Path : /Users/romeluis/.stm32cubemx/databases/DB.6.0.60/db/
2024-02-21 12:14:01,125 [INFO] MicroXplorer:498 - Change Database Version : DB.6.0.60
2024-02-21 12:14:03,816 [INFO] MicroXplorer:468 - Change Database Path : 
2024-02-21 12:14:03,820 [INFO] MicroXplorer:498 - Change Database Version : DB.6.0.100
2024-02-21 12:14:03,820 [INFO] OpenFileManager:312 - Change cursor
2024-02-21 12:14:03,992 [INFO] Mcu:2016 - Initializing MCU STM32F446Z(C-E)Tx STM32F446ZETx STM32F446ZET6
2024-02-21 12:14:05,976 [INFO] Context:659 - Trying to add GPIOservice into a context  which must be forbidden
2024-02-21 12:14:06,903 [INFO] Rule:228 - rule WakeUp0 Mode is applicable
2024-02-21 12:14:06,905 [INFO] Rule:228 - rule WakeUp0 SIGNAL is applicable
2024-02-21 12:14:06,905 [INFO] Rule:228 - rule WakeUp1 Mode is applicable
2024-02-21 12:14:06,905 [INFO] Rule:228 - rule WakeUp1 SIGNAL is applicable
2024-02-21 12:14:06,905 [INFO] Rule:228 - rule WakeUp2 Mode is applicable
2024-02-21 12:14:06,905 [INFO] Rule:228 - rule WakeUp2 SIGNAL is applicable
2024-02-21 12:14:06,905 [INFO] Rule:228 - rule WakeUp4 Mode is applicable
2024-02-21 12:14:06,905 [INFO] Rule:228 - rule WakeUp4 SIGNAL is applicable
2024-02-21 12:14:06,905 [INFO] Rule:228 - rule WakeUp5 Mode is applicable
2024-02-21 12:14:06,905 [INFO] Rule:228 - rule WakeUp5 SIGNAL is applicable
2024-02-21 12:14:06,905 [INFO] Rule:228 - rule Change Default Value for LSE Drive Capability for WB family is applicable
2024-02-21 12:14:06,908 [INFO] DbConfProperties:307 - Apply Compatibility (0/11 Rules)
2024-02-21 12:14:07,107 [INFO] RtosManager:555 - Registered RTOS mode: class=CMSIS, group=RTOS, mode=CMSIS_V1, owner=FREERTOS
2024-02-21 12:14:07,107 [INFO] RtosManager:555 - Registered RTOS mode: class=CMSIS, group=RTOS2, mode=CMSIS_V2, owner=FREERTOS
2024-02-21 12:14:07,107 [INFO] RtosManager:555 - Registered RTOS mode: class=RTOS, group=Core, mode=CMSIS_V1, owner=FREERTOS
2024-02-21 12:14:07,107 [INFO] RtosManager:555 - Registered RTOS mode: class=RTOS, group=Core, mode=CMSIS_V2, owner=FREERTOS
2024-02-21 12:14:07,107 [WARN] ModelIntegratedComponent:184 - Missing modes for component STMicroelectronics:FreeRTOS:0.0.1:STMicroelectronics:RTOS:FreeRTOS:Core:::10.2.0:
2024-02-21 12:14:07,140 [WARN] ModelIntegratedComponent:63 - No mode defined for component null
2024-02-21 12:14:07,140 [WARN] ModelIntegratedComponent:63 - No mode defined for component null
2024-02-21 12:14:07,140 [WARN] ModelIntegratedComponent:63 - No mode defined for component null
2024-02-21 12:14:07,140 [WARN] ModelIntegratedComponent:63 - No mode defined for component null
2024-02-21 12:14:07,140 [WARN] ModelIntegratedComponent:63 - No mode defined for component null
2024-02-21 12:14:07,140 [WARN] ModelIntegratedComponent:63 - No mode defined for component null
2024-02-21 12:14:07,140 [WARN] ModelIntegratedComponent:63 - No mode defined for component null
2024-02-21 12:14:07,140 [WARN] ModelIntegratedComponent:63 - No mode defined for component null
2024-02-21 12:14:07,140 [WARN] ModelIntegratedComponent:63 - No mode defined for component null
2024-02-21 12:14:07,140 [WARN] ModelIntegratedComponent:63 - No mode defined for component null
2024-02-21 12:14:07,140 [WARN] ModelIntegratedComponent:63 - No mode defined for component null
2024-02-21 12:14:07,140 [WARN] ModelIntegratedComponent:63 - No mode defined for component null
2024-02-21 12:14:07,140 [WARN] ModelIntegratedComponent:63 - No mode defined for component null
2024-02-21 12:14:07,140 [WARN] ModelIntegratedComponent:63 - No mode defined for component null
2024-02-21 12:14:07,140 [WARN] ModelIntegratedComponent:63 - No mode defined for component null
2024-02-21 12:14:07,140 [WARN] ModelIntegratedComponent:63 - No mode defined for component null
2024-02-21 12:14:07,140 [WARN] ModelIntegratedComponent:63 - No mode defined for component null
2024-02-21 12:14:07,140 [WARN] ModelIntegratedComponent:63 - No mode defined for component null
2024-02-21 12:14:07,140 [WARN] ModelIntegratedComponent:63 - No mode defined for component null
2024-02-21 12:14:07,140 [WARN] ModelIntegratedComponent:63 - No mode defined for component null
2024-02-21 12:14:07,140 [WARN] ModelIntegratedComponent:63 - No mode defined for component null
2024-02-21 12:14:07,140 [WARN] ModelIntegratedComponent:63 - No mode defined for component null
2024-02-21 12:14:07,140 [WARN] ModelIntegratedComponent:63 - No mode defined for component null
2024-02-21 12:14:07,140 [WARN] ModelIntegratedComponent:63 - No mode defined for component null
2024-02-21 12:14:07,140 [WARN] ModelIntegratedComponent:63 - No mode defined for component null
2024-02-21 12:14:07,140 [WARN] ModelIntegratedComponent:63 - No mode defined for component null
2024-02-21 12:14:07,140 [WARN] ModelIntegratedComponent:63 - No mode defined for component null
2024-02-21 12:14:07,141 [WARN] ModelIntegratedComponent:63 - No mode defined for component null
2024-02-21 12:14:07,141 [WARN] ModelIntegratedComponent:63 - No mode defined for component null
2024-02-21 12:14:07,141 [WARN] ModelIntegratedComponent:63 - No mode defined for component null
2024-02-21 12:14:07,141 [WARN] ModelIntegratedComponent:63 - No mode defined for component null
2024-02-21 12:14:07,141 [WARN] ModelIntegratedComponent:63 - No mode defined for component null
2024-02-21 12:14:07,141 [WARN] ModelIntegratedComponent:63 - No mode defined for component null
2024-02-21 12:14:07,330 [INFO] ThirdPartyModel:298 - Start build external matchings
2024-02-21 12:14:07,617 [INFO] ThirdPartyModel:316 - End build external matchings
2024-02-21 12:14:07,639 [INFO] ImportTextPane:194 - (OptionalMessage_ERROR) IP (RCC) : Invalid parameter (48MHZClocksFreq_Value)
2024-02-21 12:14:07,639 [INFO] ImportTextPane:194 - (OptionalMessage_ERROR) IP (RCC) : Invalid parameter (ADC12outputFreq_Value)
2024-02-21 12:14:07,639 [INFO] ImportTextPane:194 - (OptionalMessage_ERROR) IP (RCC) : Invalid parameter (ADC34outputFreq_Value)
2024-02-21 12:14:07,642 [INFO] ImportTextPane:194 - (OptionalMessage_ERROR) IP (RCC) : Invalid parameter (EthernetFreq_Value)
2024-02-21 12:14:07,642 [INFO] ImportTextPane:194 - (OptionalMessage_ERROR) IP (RCC) : Invalid parameter (FamilyName)
2024-02-21 12:14:07,643 [INFO] ImportTextPane:194 - (OptionalMessage_ERROR) IP (RCC) : Invalid parameter (I2C1Freq_Value)
2024-02-21 12:14:07,643 [INFO] ImportTextPane:194 - (OptionalMessage_ERROR) IP (RCC) : Invalid parameter (I2C2Freq_Value)
2024-02-21 12:14:07,643 [INFO] ImportTextPane:194 - (OptionalMessage_ERROR) IP (RCC) : Invalid parameter (I2C3Freq_Value)
2024-02-21 12:14:07,644 [INFO] ImportTextPane:194 - (OptionalMessage_ERROR) IP (RCC) : Invalid parameter (I2SClocksFreq_Value)
2024-02-21 12:14:07,644 [INFO] ImportTextPane:194 - (OptionalMessage_ERROR) IP (RCC) : Invalid parameter (LCDTFTFreq_Value)
2024-02-21 12:14:07,644 [INFO] ImportTextPane:194 - (OptionalMessage_ERROR) IP (RCC) : Parameter (MCO2PinFreq_Value) has invalid value (168000000)
2024-02-21 12:14:07,644 [INFO] ImportTextPane:194 - (OptionalMessage_ERROR) IP (RCC) : Invalid parameter (MCOFreq_Value)
2024-02-21 12:14:07,646 [INFO] ImportTextPane:194 - (OptionalMessage_ERROR) IP (RCC) : Invalid parameter (PLLMCOFreq_Value)
2024-02-21 12:14:07,646 [INFO] ImportTextPane:194 - (OptionalMessage_ERROR) IP (RCC) : Invalid parameter (PLLMUL)
2024-02-21 12:14:07,648 [INFO] ImportTextPane:194 - (OptionalMessage_ERROR) IP (RCC) : Invalid parameter (PRESCALERUSB)
2024-02-21 12:14:07,648 [INFO] ImportTextPane:194 - (OptionalMessage_ERROR) IP (RCC) : Invalid parameter (SAI_AClocksFreq_Value)
2024-02-21 12:14:07,648 [INFO] ImportTextPane:194 - (OptionalMessage_ERROR) IP (RCC) : Invalid parameter (SAI_BClocksFreq_Value)
2024-02-21 12:14:07,648 [INFO] ImportTextPane:194 - (OptionalMessage_ERROR) IP (RCC) : Invalid parameter (SYSCLKSourceVirtual)
2024-02-21 12:14:07,648 [INFO] ImportTextPane:194 - (OptionalMessage_ERROR) IP (RCC) : Invalid parameter (TIM15Freq_Value)
2024-02-21 12:14:07,648 [INFO] ImportTextPane:194 - (OptionalMessage_ERROR) IP (RCC) : Invalid parameter (TIM16Freq_Value)
2024-02-21 12:14:07,648 [INFO] ImportTextPane:194 - (OptionalMessage_ERROR) IP (RCC) : Invalid parameter (TIM17Freq_Value)
2024-02-21 12:14:07,648 [INFO] ImportTextPane:194 - (OptionalMessage_ERROR) IP (RCC) : Invalid parameter (TIM1Freq_Value)
2024-02-21 12:14:07,649 [INFO] ImportTextPane:194 - (OptionalMessage_ERROR) IP (RCC) : Invalid parameter (TIM20Freq_Value)
2024-02-21 12:14:07,649 [INFO] ImportTextPane:194 - (OptionalMessage_ERROR) IP (RCC) : Invalid parameter (TIM2Freq_Value)
2024-02-21 12:14:07,649 [INFO] ImportTextPane:194 - (OptionalMessage_ERROR) IP (RCC) : Invalid parameter (TIM3Freq_Value)
2024-02-21 12:14:07,649 [INFO] ImportTextPane:194 - (OptionalMessage_ERROR) IP (RCC) : Invalid parameter (TIM8Freq_Value)
2024-02-21 12:14:07,649 [INFO] ImportTextPane:194 - (OptionalMessage_ERROR) IP (RCC) : Invalid parameter (UART4Freq_Value)
2024-02-21 12:14:07,649 [INFO] ImportTextPane:194 - (OptionalMessage_ERROR) IP (RCC) : Invalid parameter (UART5Freq_Value)
2024-02-21 12:14:07,649 [INFO] ImportTextPane:194 - (OptionalMessage_ERROR) IP (RCC) : Invalid parameter (USART1Freq_Value)
2024-02-21 12:14:07,649 [INFO] ImportTextPane:194 - (OptionalMessage_ERROR) IP (RCC) : Invalid parameter (USART2Freq_Value)
2024-02-21 12:14:07,649 [INFO] ImportTextPane:194 - (OptionalMessage_ERROR) IP (RCC) : Invalid parameter (USART3Freq_Value)
2024-02-21 12:14:07,650 [INFO] ImportTextPane:194 - (OptionalMessage_ERROR) IP (RCC) : Invalid parameter (VCOOutput2Freq_Value)
2024-02-21 12:14:07,651 [INFO] ImportTextPane:194 - (OptionalMessage_ERROR) IP (RCC) : Invalid parameter (VCOSAIOutputFreq_ValueQ)
2024-02-21 12:14:07,652 [INFO] ImportTextPane:194 - (OptionalMessage_ERROR) IP (RCC) : Invalid parameter (VCOSAIOutputFreq_ValueR)
2024-02-21 12:14:07,652 [INFO] ImportTextPane:194 - (OptionalMessage_ERROR) IP (RCC) : Invalid parameter (VcooutputI2S)
2024-02-21 12:14:07,652 [INFO] ImportTextPane:194 - (OptionalMessage_ERROR) IP (RCC) : Invalid parameter (VcooutputI2SQ)
2024-02-21 12:14:08,084 [INFO] UtilMem:75 - End LoadConfig() Used Memory: 777444000 Bytes (1073741824)
2024-02-21 12:14:08,277 [INFO] MicroXplorer:468 - Change Database Path : 
2024-02-21 12:14:08,280 [INFO] MicroXplorer:498 - Change Database Version : DB.6.0.100
2024-02-21 12:14:08,281 [WARN] ThirdParty:833 - waiting for thirdparty lock release [change project]
2024-02-21 12:14:08,281 [INFO] ThirdParty:835 - entering critical section [change project]
2024-02-21 12:14:08,281 [INFO] ThirdParty:1030 - CMSIS Pack Vendor :STMicroelectronics USBPD 4.1
2024-02-21 12:14:08,281 [INFO] ThirdParty:1030 - CMSIS Pack Vendor :STMicroelectronics X-CUBE-GNSS1 6.0.0
2024-02-21 12:14:08,281 [INFO] ThirdParty:1030 - CMSIS Pack Vendor :STMicroelectronics USB_HOST 2.0.0
2024-02-21 12:14:08,281 [INFO] ThirdParty:1030 - CMSIS Pack Vendor :STMicroelectronics X-CUBE-AZRTOS-F4 1.1.0
2024-02-21 12:14:08,281 [INFO] ThirdParty:1030 - CMSIS Pack Vendor :STMicroelectronics LIBJPEG 8.0.0
2024-02-21 12:14:08,281 [INFO] ThirdParty:1030 - CMSIS Pack Vendor :STMicroelectronics X-CUBE-SMBUS 2.1.0
2024-02-21 12:14:08,281 [INFO] ThirdParty:1030 - CMSIS Pack Vendor :STMicroelectronics USB_DEVICE 3.0.0
2024-02-21 12:14:08,281 [INFO] ThirdParty:1030 - CMSIS Pack Vendor :STMicroelectronics X-CUBE-AZRTOS-WB 2.0.0
2024-02-21 12:14:08,281 [INFO] ThirdParty:1030 - CMSIS Pack Vendor :wolfSSL I-CUBE-wolfSSL 5.6.6
2024-02-21 12:14:08,281 [INFO] ThirdParty:1030 - CMSIS Pack Vendor :STMicroelectronics X-CUBE-TOUCHGFX 4.23.0
2024-02-21 12:14:08,282 [INFO] ThirdParty:1030 - CMSIS Pack Vendor :STMicroelectronics X-CUBE-AZRTOS-F7 1.1.0
2024-02-21 12:14:08,282 [INFO] ThirdParty:1030 - CMSIS Pack Vendor :STMicroelectronics X-CUBE-AZRTOS-L5 2.0.0
2024-02-21 12:14:08,282 [INFO] ThirdParty:1030 - CMSIS Pack Vendor :STMicroelectronics USB_DEVICE 2.0.0
2024-02-21 12:14:08,282 [INFO] ThirdParty:1030 - CMSIS Pack Vendor :STMicroelectronics X-CUBE-EEPRMA1 4.2.0
2024-02-21 12:14:08,282 [INFO] ThirdParty:1030 - CMSIS Pack Vendor :ITTIA_DB I-CUBE-ITTIADB 8.8.0
2024-02-21 12:14:08,282 [INFO] ThirdParty:1030 - CMSIS Pack Vendor :STMicroelectronics FP-SNS-MOTENV1 4.3.2
2024-02-21 12:14:08,282 [INFO] ThirdParty:1030 - CMSIS Pack Vendor :STMicroelectronics X-CUBE-ALGOBUILD 1.3.0
2024-02-21 12:14:08,282 [INFO] ThirdParty:1030 - CMSIS Pack Vendor :STMicroelectronics FreeRTOS 0.0.1
2024-02-21 12:14:08,282 [INFO] ThirdParty:1030 - CMSIS Pack Vendor :STMicroelectronics X-CUBE-AZRTOS-G0 1.1.0
2024-02-21 12:14:08,282 [INFO] ThirdParty:1030 - CMSIS Pack Vendor :STMicroelectronics X-CUBE-NFC4 3.0.0
2024-02-21 12:14:08,282 [INFO] ThirdParty:1030 - CMSIS Pack Vendor :STMicroelectronics X-CUBE-SUBG2 5.0.0
2024-02-21 12:14:08,282 [INFO] ThirdParty:1030 - CMSIS Pack Vendor :STMicroelectronics STM32_WPAN 1.0.0
2024-02-21 12:14:08,282 [INFO] ThirdParty:1030 - CMSIS Pack Vendor :STMicroelectronics lwIP 2.0.3
2024-02-21 12:14:08,282 [INFO] ThirdParty:1030 - CMSIS Pack Vendor :STMicroelectronics FP-SNS-FLIGHT1 5.0.2
2024-02-21 12:14:08,282 [INFO] ThirdParty:1030 - CMSIS Pack Vendor :STMicroelectronics USB_HOST 1.0.0
2024-02-21 12:14:08,282 [INFO] ThirdParty:1030 - CMSIS Pack Vendor :STMicroelectronics X-CUBE-AZRTOS-G4 2.0.0
2024-02-21 12:14:08,282 [INFO] ThirdParty:1030 - CMSIS Pack Vendor :STMicroelectronics PDM2PCM 3.1.0
2024-02-21 12:14:08,282 [INFO] ThirdParty:1030 - CMSIS Pack Vendor :Infineon AIROC-Wi-Fi-Bluetooth-STM32 1.5.1
2024-02-21 12:14:08,282 [INFO] ThirdParty:1030 - CMSIS Pack Vendor :STMicroelectronics X-CUBE-BLEMGR 3.0.0
2024-02-21 12:14:08,282 [INFO] ThirdParty:1030 - CMSIS Pack Vendor :STMicroelectronics PDM2PCM 3.3.0
2024-02-21 12:14:08,282 [INFO] ThirdParty:1030 - CMSIS Pack Vendor :STMicroelectronics X-CUBE-DISPLAY 3.0.0
2024-02-21 12:14:08,282 [INFO] ThirdParty:1030 - CMSIS Pack Vendor :STMicroelectronics FP-SNS-MOTENVWB1 1.3.1
2024-02-21 12:14:08,282 [INFO] ThirdParty:1030 - CMSIS Pack Vendor :STMicroelectronics X-CUBE-BLE1 7.0.0
2024-02-21 12:14:08,282 [INFO] ThirdParty:1030 - CMSIS Pack Vendor :STMicroelectronics FP-ATR-SIGFOX1 3.2.0
2024-02-21 12:14:08,282 [INFO] ThirdParty:1030 - CMSIS Pack Vendor :STMicroelectronics X-CUBE-ISPU 2.0.0
2024-02-21 12:14:08,282 [INFO] ThirdParty:1030 - CMSIS Pack Vendor :STMicroelectronics X-CUBE-EEPRMA1 5.1.0
2024-02-21 12:14:08,282 [INFO] ThirdParty:1030 - CMSIS Pack Vendor :STMicroelectronics HAL Drivers 0.0.0
2024-02-21 12:14:08,283 [INFO] ThirdParty:1030 - CMSIS Pack Vendor :STMicroelectronics MBEDTLS 2.16.2
2024-02-21 12:14:08,283 [INFO] ThirdParty:1030 - CMSIS Pack Vendor :emotas I-CUBE-CANOPEN 1.3.0
2024-02-21 12:14:08,283 [INFO] ThirdParty:1030 - CMSIS Pack Vendor :STMicroelectronics X-CUBE-MEMS1 10.0.0
2024-02-21 12:14:08,283 [INFO] ThirdParty:1030 - CMSIS Pack Vendor :STMicroelectronics X-CUBE-FREERTOS 1.1.0
2024-02-21 12:14:08,283 [INFO] ThirdParty:1030 - CMSIS Pack Vendor :STMicroelectronics X-CUBE-NFC7 1.0.1
2024-02-21 12:14:08,283 [INFO] ThirdParty:1030 - CMSIS Pack Vendor :STMicroelectronics MBEDTLS 2.14.1
2024-02-21 12:14:08,283 [INFO] ThirdParty:1030 - CMSIS Pack Vendor :STMicroelectronics X-CUBE-NFC6 3.0.0
2024-02-21 12:14:08,283 [INFO] ThirdParty:1030 - CMSIS Pack Vendor :portGmbH I-Cube-SoM-uGOAL 1.1.0
2024-02-21 12:14:08,283 [INFO] ThirdParty:1030 - CMSIS Pack Vendor :STMicroelectronics X-CUBE-ALS 1.0.1
2024-02-21 12:14:08,283 [INFO] ThirdParty:1030 - CMSIS Pack Vendor :STMicroelectronics ThreadX 1.0.0
2024-02-21 12:14:08,283 [INFO] ThirdParty:1030 - CMSIS Pack Vendor :STMicroelectronics FP-SNS-SMARTAG2 1.2.0
2024-02-21 12:14:08,283 [INFO] ThirdParty:1030 - CMSIS Pack Vendor :STMicroelectronics X-CUBE-AZRTOS-WL 2.0.0
2024-02-21 12:14:08,283 [INFO] ThirdParty:1030 - CMSIS Pack Vendor :SEGGER I-CUBE-embOS 1.3.1
2024-02-21 12:14:08,283 [INFO] ThirdParty:1030 - CMSIS Pack Vendor :STMicroelectronics USB_DEVICE 1.0.0
2024-02-21 12:14:08,283 [INFO] ThirdParty:1030 - CMSIS Pack Vendor :STMicroelectronics X-CUBE-AI 8.1.0
2024-02-21 12:14:08,283 [INFO] ThirdParty:1030 - CMSIS Pack Vendor :STMicroelectronics X-CUBE-AZRTOS-L4 2.0.0
2024-02-21 12:14:08,283 [INFO] ThirdParty:1030 - CMSIS Pack Vendor :STMicroelectronics ThreadX 0.0.2
2024-02-21 12:14:08,283 [INFO] ThirdParty:1030 - CMSIS Pack Vendor :WES I-CUBE-Cesium 1.3.0
2024-02-21 12:14:08,283 [INFO] ThirdParty:1030 - CMSIS Pack Vendor :STMicroelectronics FP-ATR-ASTRA1 2.0.0
2024-02-21 12:14:08,283 [INFO] ThirdParty:1030 - CMSIS Pack Vendor :STMicroelectronics lwIP 2.1.2
2024-02-21 12:14:08,283 [INFO] ThirdParty:1030 - CMSIS Pack Vendor :STMicroelectronics X-CUBE-SFXS2LP1 4.0.0
2024-02-21 12:14:08,283 [INFO] ThirdParty:1030 - CMSIS Pack Vendor :STMicroelectronics X-CUBE-BLE2 3.3.0
2024-02-21 12:14:08,283 [INFO] ThirdParty:1030 - CMSIS Pack Vendor :STMicroelectronics X-CUBE-TOF1 3.4.0
2024-02-21 12:14:08,283 [INFO] ThirdParty:1030 - CMSIS Pack Vendor :STMicroelectronics X-CUBE-AZRTOS-H7 3.2.0
2024-02-21 12:14:08,283 [INFO] ThirdParty:1030 - CMSIS Pack Vendor :STMicroelectronics PDM2PCM 3.2.0
2024-02-21 12:14:08,285 [INFO] ThirdParty:841 - exiting critical section [change project]
2024-02-21 12:14:09,140 [INFO] PinOutPanel:1499 - setPackage(No Configuration,No Configuration)
2024-02-21 12:14:09,146 [INFO] PinOutPanel:1499 - setPackage(STM32F446ZETx,LQFP144)
2024-02-21 12:14:10,237 [INFO] UtilMem:75 - Before build in PCC Used Memory: 828598880 Bytes (1073741824)
2024-02-21 12:14:11,781 [INFO] UtilMem:75 - After build in PCC Used Memory: 782814720 Bytes (1073741824)
2024-02-21 12:14:11,907 [INFO] IPUIPlugin:80 - create IPUIPlugin
2024-02-21 12:14:11,910 [INFO] IPUIPlugin:80 - create IPUIPlugin
2024-02-21 12:14:11,910 [INFO] IPUIPlugin:80 - create IPUIPlugin
2024-02-21 12:14:11,911 [INFO] IPUIPlugin:80 - create IPUIPlugin
2024-02-21 12:14:11,911 [INFO] IPUIPlugin:80 - create IPUIPlugin
2024-02-21 12:14:11,912 [INFO] IPUIPlugin:80 - create IPUIPlugin
2024-02-21 12:14:11,912 [INFO] IPUIPlugin:80 - create IPUIPlugin
2024-02-21 12:14:11,912 [INFO] IPUIPlugin:80 - create IPUIPlugin
2024-02-21 12:14:11,913 [INFO] IPUIPlugin:80 - create IPUIPlugin
2024-02-21 12:14:11,913 [INFO] IPUIPlugin:80 - create IPUIPlugin
2024-02-21 12:14:11,914 [INFO] IPUIPlugin:80 - create IPUIPlugin
2024-02-21 12:14:11,914 [INFO] IPUIPlugin:80 - create IPUIPlugin
2024-02-21 12:14:11,914 [INFO] IPUIPlugin:80 - create IPUIPlugin
2024-02-21 12:14:11,922 [INFO] IPUIPlugin:80 - create IPUIPlugin
2024-02-21 12:14:11,922 [INFO] IPUIPlugin:80 - create IPUIPlugin
2024-02-21 12:14:11,922 [INFO] IPUIPlugin:80 - create IPUIPlugin
2024-02-21 12:14:11,922 [INFO] IPUIPlugin:80 - create IPUIPlugin
2024-02-21 12:14:11,923 [INFO] IPUIPlugin:80 - create IPUIPlugin
2024-02-21 12:14:11,923 [INFO] IPUIPlugin:80 - create IPUIPlugin
2024-02-21 12:14:11,923 [INFO] IPUIPlugin:80 - create IPUIPlugin
2024-02-21 12:14:11,923 [INFO] IPUIPlugin:80 - create IPUIPlugin
2024-02-21 12:14:11,923 [INFO] IPUIPlugin:80 - create IPUIPlugin
2024-02-21 12:14:11,923 [INFO] IPUIPlugin:80 - create IPUIPlugin
2024-02-21 12:14:11,923 [INFO] IPUIPlugin:80 - create IPUIPlugin
2024-02-21 12:14:11,923 [INFO] IPUIPlugin:80 - create IPUIPlugin
2024-02-21 12:14:11,924 [INFO] IPUIPlugin:80 - create IPUIPlugin
2024-02-21 12:14:11,924 [INFO] IPUIPlugin:80 - create IPUIPlugin
2024-02-21 12:14:11,924 [INFO] IPUIPlugin:80 - create IPUIPlugin
2024-02-21 12:14:11,924 [INFO] IPUIPlugin:80 - create IPUIPlugin
2024-02-21 12:14:11,924 [INFO] IPUIPlugin:80 - create IPUIPlugin
2024-02-21 12:14:11,924 [INFO] IPUIPlugin:80 - create IPUIPlugin
2024-02-21 12:14:11,924 [INFO] IPUIPlugin:80 - create IPUIPlugin
2024-02-21 12:14:11,925 [INFO] IPUIPlugin:80 - create IPUIPlugin
2024-02-21 12:14:11,925 [INFO] IPUIPlugin:80 - create IPUIPlugin
2024-02-21 12:14:11,925 [INFO] IPUIPlugin:80 - create IPUIPlugin
2024-02-21 12:14:11,925 [INFO] IPUIPlugin:80 - create IPUIPlugin
2024-02-21 12:14:11,925 [INFO] IPUIPlugin:80 - create IPUIPlugin
2024-02-21 12:14:11,925 [INFO] IPUIPlugin:80 - create IPUIPlugin
2024-02-21 12:14:11,925 [INFO] IPUIPlugin:80 - create IPUIPlugin
2024-02-21 12:14:11,925 [INFO] IPUIPlugin:80 - create IPUIPlugin
2024-02-21 12:14:11,925 [INFO] IPUIPlugin:80 - create IPUIPlugin
2024-02-21 12:14:11,925 [INFO] IPUIPlugin:80 - create IPUIPlugin
2024-02-21 12:14:11,925 [INFO] IPUIPlugin:80 - create IPUIPlugin
2024-02-21 12:14:11,926 [INFO] IPUIPlugin:80 - create IPUIPlugin
2024-02-21 12:14:11,930 [INFO] IPUIPlugin:80 - create IPUIPlugin
2024-02-21 12:14:11,931 [INFO] IPUIPlugin:80 - create IPUIPlugin
2024-02-21 12:14:11,931 [INFO] IPUIPlugin:80 - create IPUIPlugin
2024-02-21 12:14:11,931 [INFO] IPUIPlugin:80 - create IPUIPlugin
2024-02-21 12:14:11,931 [INFO] IPUIPlugin:80 - create IPUIPlugin
2024-02-21 12:14:11,931 [INFO] IPUIPlugin:80 - create IPUIPlugin
2024-02-21 12:14:11,932 [INFO] IPUIPlugin:80 - create IPUIPlugin
2024-02-21 12:14:11,932 [INFO] IPUIPlugin:80 - create IPUIPlugin
2024-02-21 12:14:11,932 [INFO] IPUIPlugin:80 - create IPUIPlugin
2024-02-21 12:14:11,932 [INFO] IPUIPlugin:80 - create IPUIPlugin
2024-02-21 12:14:11,933 [INFO] IPUIPlugin:80 - create IPUIPlugin
2024-02-21 12:14:11,933 [INFO] IPUIPlugin:80 - create IPUIPlugin
2024-02-21 12:14:11,935 [INFO] IPUIPlugin:80 - create IPUIPlugin
2024-02-21 12:14:11,935 [INFO] IPUIPlugin:80 - create IPUIPlugin
2024-02-21 12:14:11,936 [INFO] IPUIPlugin:80 - create IPUIPlugin
2024-02-21 12:14:11,936 [INFO] IPUIPlugin:80 - create IPUIPlugin
2024-02-21 12:14:11,936 [INFO] IPUIPlugin:80 - create IPUIPlugin
2024-02-21 12:14:11,940 [INFO] IPUIPlugin:80 - create IPUIPlugin
2024-02-21 12:14:11,941 [INFO] IPUIPlugin:80 - create IPUIPlugin
2024-02-21 12:14:12,027 [INFO] ApiDbMcu:508 - Load IP Config File for PDM2PCM
2024-02-21 12:14:12,063 [WARN] IP:2119 - I2C_Coeff_DF not found: check if there is a RefParameter without a condition.
2024-02-21 12:14:12,064 [WARN] IP:2119 - Analog_Filter not found: check if there is a RefParameter without a condition.
2024-02-21 12:14:12,512 [INFO] CADModel:165 - CPN selected for project levelSTM32F446ZET6
2024-02-21 12:14:12,512 [INFO] CADModel:114 - Register for checkConnection events
2024-02-21 12:14:12,562 [INFO] OpenFileManager:343 - Restore cursor
2024-02-21 12:14:12,813 [WARN] IP:2119 - I2C_Coeff_DF not found: check if there is a RefParameter without a condition.
2024-02-21 12:14:12,813 [WARN] IP:2119 - Analog_Filter not found: check if there is a RefParameter without a condition.
2024-02-21 12:14:12,814 [WARN] IP:2119 - I2C_Coeff_DF not found: check if there is a RefParameter without a condition.
2024-02-21 12:14:12,814 [WARN] IP:2119 - Analog_Filter not found: check if there is a RefParameter without a condition.
2024-02-21 12:14:14,163 [INFO] UtilMem:75 - End SaveConfig() Used Memory: 791430872 Bytes (1073741824)
2024-02-21 12:14:14,294 [INFO] UtilMem:75 - End SaveConfig() Used Memory: 818685896 Bytes (1073741824)
2024-02-21 12:14:14,894 [INFO] BlockDiagram:2759 - set Specific Code input for plugin: SYS
2024-02-21 12:14:14,895 [INFO] BlockDiagram:2759 - set Specific Code input for plugin: RCC
2024-02-21 12:14:14,895 [INFO] BlockDiagram:2759 - set Specific Code input for plugin: I2C
2024-02-21 12:14:14,895 [INFO] BlockDiagram:2759 - set Specific Code input for plugin: USB_OTG_FS
2024-02-21 12:14:14,895 [INFO] BlockDiagram:2759 - set Specific Code input for plugin: NVIC
2024-02-21 12:14:14,895 [INFO] BlockDiagram:2759 - set Specific Code input for plugin: USART
2024-02-21 12:14:14,895 [INFO] BlockDiagram:2759 - set Specific Code input for plugin: GPIO
2024-02-21 12:14:14,896 [INFO] CodeGenerator:807 - code generatio: config db path: /Applications/STM32CubeIDE.app/Contents/Eclipse/plugins/com.st.stm32cube.common.mx_6.10.0.202311202037//db/
2024-02-21 12:14:14,905 [WARN] IP:2119 - I2C_Coeff_DF not found: check if there is a RefParameter without a condition.
2024-02-21 12:14:14,905 [WARN] IP:2119 - Analog_Filter not found: check if there is a RefParameter without a condition.
2024-02-21 12:14:15,456 [INFO] CodeEngine:255 - oldGeneratedFile, /Users/romeluis/STM32CubeIDE/workspace_1.14.0/lab6/MXTmpFiles/license.tmp_save
2024-02-21 12:14:16,336 [INFO] CodeEngine:279 - Generated code: /Users/romeluis/STM32CubeIDE/workspace_1.14.0/lab6/MXTmpFiles/license.tmp
2024-02-21 12:14:16,560 [INFO] CodeEngine:255 - oldGeneratedFile, /Users/romeluis/STM32CubeIDE/workspace_1.14.0/lab6/MXTmpFiles/gpio.tmp_save
2024-02-21 12:14:16,769 [INFO] CodeEngine:279 - Generated code: /Users/romeluis/STM32CubeIDE/workspace_1.14.0/lab6/MXTmpFiles/gpio.tmp
2024-02-21 12:14:17,088 [WARN] IPConfigManager:2946 - Warning: the RefConfig PWREx_EnableUSBVoltageDetector is not available in your config.xml file
2024-02-21 12:14:17,101 [INFO] CodeEngine:255 - oldGeneratedFile, /Users/romeluis/STM32CubeIDE/workspace_1.14.0/lab6/Core/Src/stm32f4xx_it.c_save
2024-02-21 12:14:17,302 [INFO] CodeEngine:279 - Generated code: /Users/romeluis/STM32CubeIDE/workspace_1.14.0/lab6/Core/Src/stm32f4xx_it.c
2024-02-21 12:14:17,304 [INFO] CodeEngine:255 - oldGeneratedFile, /Users/romeluis/STM32CubeIDE/workspace_1.14.0/lab6/Core/Inc/stm32f4xx_it.h_save
2024-02-21 12:14:17,381 [INFO] CodeEngine:279 - Generated code: /Users/romeluis/STM32CubeIDE/workspace_1.14.0/lab6/Core/Inc/stm32f4xx_it.h
2024-02-21 12:14:17,395 [INFO] CodeEngine:255 - oldGeneratedFile, /Users/romeluis/STM32CubeIDE/workspace_1.14.0/lab6/Core/Src/stm32f4xx_hal_msp.c_save
2024-02-21 12:14:17,677 [INFO] CodeEngine:279 - Generated code: /Users/romeluis/STM32CubeIDE/workspace_1.14.0/lab6/Core/Src/stm32f4xx_hal_msp.c
2024-02-21 12:14:17,681 [INFO] CodeEngine:255 - oldGeneratedFile, /Users/romeluis/STM32CubeIDE/workspace_1.14.0/lab6/MXTmpFiles/system.tmp_save
2024-02-21 12:14:17,823 [INFO] CodeEngine:279 - Generated code: /Users/romeluis/STM32CubeIDE/workspace_1.14.0/lab6/MXTmpFiles/system.tmp
2024-02-21 12:14:17,846 [INFO] CodeEngine:311 - oldGeneratedFile, /Users/romeluis/STM32CubeIDE/workspace_1.14.0/lab6/Core/Inc/stm32f4xx_hal_conf.h_save
2024-02-21 12:14:18,024 [INFO] CodeEngine:335 - Generated code: /Users/romeluis/STM32CubeIDE/workspace_1.14.0/lab6/Core/Inc/stm32f4xx_hal_conf.h
2024-02-21 12:14:18,127 [WARN] IPConfigManager:2946 - Warning: the RefConfig PLL2P_FOR_MCO is not available in your config.xml file
2024-02-21 12:14:18,143 [WARN] IPConfigManager:3440 - IP not found : USB_OTG
2024-02-21 12:14:18,144 [WARN] CodeGenerator:3939 - IP not found : null
2024-02-21 12:14:18,152 [INFO] CodeEngine:255 - oldGeneratedFile, /Users/romeluis/STM32CubeIDE/workspace_1.14.0/lab6/Core/Inc/main.h_save
2024-02-21 12:14:18,298 [INFO] CodeEngine:279 - Generated code: /Users/romeluis/STM32CubeIDE/workspace_1.14.0/lab6/Core/Inc/main.h
2024-02-21 12:14:18,300 [INFO] CodeEngine:255 - oldGeneratedFile, /Users/romeluis/STM32CubeIDE/workspace_1.14.0/lab6/Core/Src/main.c_save
2024-02-21 12:14:18,590 [INFO] CodeEngine:279 - Generated code: /Users/romeluis/STM32CubeIDE/workspace_1.14.0/lab6/Core/Src/main.c
2024-02-21 12:14:19,226 [INFO] ProjectBuilder:3076 - Time for Copy HAL[1] : 68mS.
2024-02-21 12:14:19,241 [INFO] ProjectBuilder:4485 - Project Generator version: 4.2.0-B44
2024-02-21 12:14:19,672 [INFO] ConfigFileManager:1495 - The Die is : DIE421
2024-02-21 12:14:19,695 [INFO] ApiDbMcu:508 - Load IP Config File for FATFS
2024-02-21 12:14:19,713 [INFO] ApiDbMcu:508 - Load IP Config File for FREERTOS
2024-02-21 12:14:19,720 [INFO] ApiDbMcu:508 - Load IP Config File for LIBJPEG
2024-02-21 12:14:19,729 [INFO] ApiDbMcu:508 - Load IP Config File for MBEDTLS
2024-02-21 12:14:19,778 [INFO] ApiDbMcu:508 - Load IP Config File for USB_DEVICE
2024-02-21 12:14:19,785 [INFO] ApiDbMcu:508 - Load IP Config File for USB_HOST
2024-02-21 12:14:20,958 [INFO] LogOutputStream:77 - [STDOUT_REDIRECT] 
2024-02-21 12:14:24,133 [INFO] ProjectBuilder:4747 - Time for Generating toolchain IDE Files: 4883mS.
2024-02-21 12:14:24,138 [INFO] ProjectBuilder:2947 - Time for Copy CMSIS : 2mS.
2024-02-21 12:14:24,140 [INFO] ProjectBuilder:2947 - Time for Copy CMSIS : 1mS.
2024-02-21 12:14:25,186 [INFO] McuFinderGlobals:76 - Set McuFinderConnectedMode to true
2024-02-21 12:14:25,592 [INFO] ApiDb:448 - Save user favorites file /Users/romeluis/.stm32cubeide/favorites.mcus.txt: 0 item(s)
2024-02-21 12:14:25,595 [INFO] ApiDb:452 - User favorites MCUs=[]
2024-02-21 12:35:42,714 [ERROR] LogOutputStream:75 - [STDERR_REDIRECT] 
