2024-01-18 20:32:24,184 [INFO] Activator:176 - 


2024-01-18 20:32:24,189 [INFO] Activator:177 - !SESSION log4j initialized
2024-01-18 20:32:30,183 [ERROR] LogOutputStream:75 - [STDERR_REDIRECT] 
2024-01-18 20:32:32,886 [INFO] LogOutputStream:77 - [STDOUT_REDIRECT] 
2024-01-18 20:32:35,245 [INFO] ApplicationProperties:184 - Using Application install path: /Applications/STM32CubeIDE.app/Contents/Eclipse/plugins/com.st.stm32cube.common.mx_6.10.0.202311202037
2024-01-18 20:32:35,279 [INFO] DbMcusXml:78 - Set database path to: /Applications/STM32CubeIDE.app/Contents/Eclipse/plugins/com.st.stm32cube.common.mx_6.10.0.202311202037//db//mcu/
2024-01-18 20:32:35,280 [INFO] ApiDb:274 - Set plugin database path to: /Applications/STM32CubeIDE.app/Contents/Eclipse/plugins/com.st.stm32cube.common.mx_6.10.0.202311202037//db//plugins/boardmanager/
2024-01-18 20:32:35,282 [WARN] ApiDb:259 - Overriding images path with different value:  => /Applications/STM32CubeIDE.app/Contents/Eclipse/plugins/com.st.stm32cube.common.mx_6.10.0.202311202037//db//plugins/mcufinder/images/
2024-01-18 20:32:35,298 [INFO] ApiDb:250 - Set database path to: /Users/romeluis/.stmcufinder/plugins/mcufinder//mcu/
2024-01-18 20:32:35,304 [INFO] DbMcusAds:125 - Set database path to: /Users/romeluis/.stmcufinder/plugins/mcufinder//mcu/
2024-01-18 20:32:35,313 [INFO] CrossReferenceDbSqlite:203 - Set database path to: /Users/romeluis/.stmcufinder/plugins/mcufinder//mcu/cs/
2024-01-18 20:32:35,723 [INFO] RulesReader:64 - Compatibility file has been processed (297 Rules)
2024-01-18 20:32:35,842 [INFO] DbMcusXml:78 - Set database path to: /Applications/STM32CubeIDE.app/Contents/Eclipse/plugins/com.st.stm32cube.common.mx_6.10.0.202311202037//db//mcu/
2024-01-18 20:32:35,844 [INFO] ApiDb:274 - Set plugin database path to: /Applications/STM32CubeIDE.app/Contents/Eclipse/plugins/com.st.stm32cube.common.mx_6.10.0.202311202037//db//plugins/boardmanager/
2024-01-18 20:32:35,846 [INFO] ApiDb:261 - Set plugin images path to: /Applications/STM32CubeIDE.app/Contents/Eclipse/plugins/com.st.stm32cube.common.mx_6.10.0.202311202037//db//plugins/mcufinder/images/
2024-01-18 20:32:35,848 [WARN] DbFile:41 - Overriding database path with different value: /Users/romeluis/.stmcufinder/plugins/mcufinder/ => /Users/romeluis/.stmcufinder/plugins/mcufinder
2024-01-18 20:32:35,848 [INFO] ApiDb:250 - Set database path to: /Users/romeluis/.stmcufinder/plugins/mcufinder//mcu/
2024-01-18 20:32:35,848 [WARN] DbFile:41 - Overriding database path with different value: /Users/romeluis/.stmcufinder/plugins/mcufinder/ => /Users/romeluis/.stmcufinder/plugins/mcufinder
2024-01-18 20:32:35,849 [INFO] DbMcusAds:125 - Set database path to: /Users/romeluis/.stmcufinder/plugins/mcufinder//mcu/
2024-01-18 20:32:35,849 [WARN] DbFile:41 - Overriding database path with different value: /Users/romeluis/.stmcufinder/plugins/mcufinder/ => /Users/romeluis/.stmcufinder/plugins/mcufinder
2024-01-18 20:32:35,849 [WARN] DbFile:41 - Overriding database path with different value: /Users/romeluis/.stmcufinder/plugins/mcufinder/ => /Users/romeluis/.stmcufinder/plugins/mcufinder
2024-01-18 20:32:35,849 [INFO] CrossReferenceDbSqlite:203 - Set database path to: /Users/romeluis/.stmcufinder/plugins/mcufinder//mcu/cs/
2024-01-18 20:32:35,985 [INFO] MainPanel:264 - HeapMemory: 268435456
2024-01-18 20:32:36,748 [INFO] DbMcusXml:78 - Set database path to: /Applications/STM32CubeIDE.app/Contents/Eclipse/plugins/com.st.stm32cube.common.mx_6.10.0.202311202037//db//mcu/
2024-01-18 20:32:36,751 [INFO] ApiDb:274 - Set plugin database path to: /Applications/STM32CubeIDE.app/Contents/Eclipse/plugins/com.st.stm32cube.common.mx_6.10.0.202311202037//db//plugins/boardmanager/
2024-01-18 20:32:36,751 [INFO] ApiDb:261 - Set plugin images path to: /Applications/STM32CubeIDE.app/Contents/Eclipse/plugins/com.st.stm32cube.common.mx_6.10.0.202311202037//db//plugins/mcufinder/images/
2024-01-18 20:32:36,752 [WARN] DbFile:41 - Overriding database path with different value: /Users/romeluis/.stmcufinder/plugins/mcufinder/ => /Users/romeluis/.stmcufinder/plugins/mcufinder
2024-01-18 20:32:36,752 [INFO] ApiDb:250 - Set database path to: /Users/romeluis/.stmcufinder/plugins/mcufinder//mcu/
2024-01-18 20:32:36,752 [WARN] DbFile:41 - Overriding database path with different value: /Users/romeluis/.stmcufinder/plugins/mcufinder/ => /Users/romeluis/.stmcufinder/plugins/mcufinder
2024-01-18 20:32:36,752 [INFO] DbMcusAds:125 - Set database path to: /Users/romeluis/.stmcufinder/plugins/mcufinder//mcu/
2024-01-18 20:32:36,752 [WARN] DbFile:41 - Overriding database path with different value: /Users/romeluis/.stmcufinder/plugins/mcufinder/ => /Users/romeluis/.stmcufinder/plugins/mcufinder
2024-01-18 20:32:36,752 [WARN] DbFile:41 - Overriding database path with different value: /Users/romeluis/.stmcufinder/plugins/mcufinder/ => /Users/romeluis/.stmcufinder/plugins/mcufinder
2024-01-18 20:32:36,752 [INFO] CrossReferenceDbSqlite:203 - Set database path to: /Users/romeluis/.stmcufinder/plugins/mcufinder//mcu/cs/
2024-01-18 20:32:36,795 [INFO] ApplicationProperties:184 - Using Application install path: /Applications/STM32CubeIDE.app/Contents/Eclipse/plugins/com.st.stm32cube.common.mx_6.10.0.202311202037
2024-01-18 20:32:36,797 [INFO] PluginManage:196 - Search for loadable plugins [exclusion list=, ]
2024-01-18 20:32:36,802 [INFO] PluginManage:310 - Check plugin analytics
2024-01-18 20:32:37,074 [INFO] AnalyticsPlugin:253 - Accepted Software Licenses: STM32CubeMX.6.10.0
2024-01-18 20:32:37,074 [INFO] AnalyticsPlugin:255 - Accepted CMSIS Pack Licenses: 
2024-01-18 20:32:37,074 [INFO] AnalyticsPlugin:257 - Accepted Firmware Licenses: FW.F4.1.28.0,FW.F4.1.27.0
2024-01-18 20:32:37,084 [INFO] PluginManage:359 - Loaded plugin analytics (category:tool,tabindex:-1)
2024-01-18 20:32:37,085 [INFO] PluginManage:310 - Check plugin cadmodel
2024-01-18 20:32:37,591 [INFO] CADModel:105 - Init CAD model plugin
2024-01-18 20:32:37,593 [INFO] PluginManage:359 - Loaded plugin cadmodel (category:power,tabindex:5)
2024-01-18 20:32:37,594 [INFO] PluginManage:310 - Check plugin clock
2024-01-18 20:32:37,625 [INFO] PluginManage:359 - Loaded plugin clock (category:base,tabindex:2)
2024-01-18 20:32:37,626 [INFO] PluginManage:310 - Check plugin ddr
2024-01-18 20:32:37,628 [INFO] PluginManage:359 - Loaded plugin ddr (category:tool,tabindex:6)
2024-01-18 20:32:37,628 [INFO] PluginManage:310 - Check plugin filemanager
2024-01-18 20:32:37,946 [INFO] PluginManage:359 - Loaded plugin filemanager (category:base,tabindex:10)
2024-01-18 20:32:37,951 [INFO] PluginManage:310 - Check plugin ipmanager
2024-01-18 20:32:37,969 [INFO] PluginManage:359 - Loaded plugin ipmanager (category:base,tabindex:5)
2024-01-18 20:32:37,970 [INFO] PluginManage:310 - Check plugin lpbam
2024-01-18 20:32:37,998 [INFO] PluginManage:359 - Loaded plugin lpbam (category:base,tabindex:0)
2024-01-18 20:32:38,001 [INFO] PluginManage:310 - Check plugin memorymap
2024-01-18 20:32:38,015 [INFO] PluginManage:359 - Loaded plugin memorymap (category:base,tabindex:4)
2024-01-18 20:32:38,027 [INFO] PluginManage:310 - Check plugin pinoutandconfiguration
2024-01-18 20:32:38,037 [INFO] PluginManage:359 - Loaded plugin pinoutandconfiguration (category:base,tabindex:1)
2024-01-18 20:32:38,037 [INFO] PluginManage:310 - Check plugin pinoutconfig
2024-01-18 20:32:38,160 [ERROR] LogOutputStream:75 - [STDERR_REDIRECT] [Fatal Error] :2:10: DOCTYPE is disallowed when the feature "http://apache.org/xml/features/disallow-doctype-decl" set to true.
2024-01-18 20:32:38,165 [ERROR] LogOutputStream:75 - [STDERR_REDIRECT] 
2024-01-18 20:32:38,165 [WARN] SupportedApi:132 - Cannot load RTOS API schema: s4s-elt-must-match.1: The content of 'definitions' must match (annotation?, (simpleType | complexType)?, (unique | key | keyref)*)). A problem was found starting at: attribute.
2024-01-18 20:32:38,355 [INFO] PluginManage:359 - Loaded plugin pinoutconfig (category:base,tabindex:0)
2024-01-18 20:32:38,355 [INFO] PluginManage:310 - Check plugin power
2024-01-18 20:32:38,375 [INFO] PluginManage:359 - Loaded plugin power (category:power,tabindex:4)
2024-01-18 20:32:38,375 [INFO] PluginManage:310 - Check plugin projectmanager
2024-01-18 20:32:38,411 [INFO] PluginManage:359 - Loaded plugin projectmanager (category:projectmanager,tabindex:3)
2024-01-18 20:32:38,411 [INFO] PluginManage:310 - Check plugin thirdparty
2024-01-18 20:32:38,581 [INFO] PluginManage:359 - Loaded plugin thirdparty (category:base,tabindex:-1)
2024-01-18 20:32:38,582 [INFO] PluginManage:310 - Check plugin tools
2024-01-18 20:32:38,581 [WARN] IntegrityCheckThread:84 - waiting for thirdparty lock release [integrity check]
2024-01-18 20:32:38,582 [INFO] IntegrityCheckThread:86 - entering critical section [integrity check]
2024-01-18 20:32:38,583 [INFO] ThirdPartyUpdaterWithRetryManager:70 - Updater plugin not ready yet. [1/15]
2024-01-18 20:32:38,584 [INFO] PluginManage:359 - Loaded plugin tools (category:base,tabindex:7)
2024-01-18 20:32:38,584 [INFO] PluginManage:310 - Check plugin tutovideos
2024-01-18 20:32:38,780 [INFO] PluginManage:359 - Loaded plugin tutovideos (category:base,tabindex:-1)
2024-01-18 20:32:38,781 [INFO] PluginManage:310 - Check plugin updater
2024-01-18 20:32:38,809 [INFO] PluginManage:359 - Loaded plugin updater (category:base,tabindex:12)
2024-01-18 20:32:38,810 [INFO] PluginManage:310 - Check plugin userauth
2024-01-18 20:32:38,823 [INFO] UserAuth:114 - Init User Auth plugin
2024-01-18 20:32:38,824 [INFO] PluginManage:359 - Loaded plugin userauth (category:base,tabindex:14)
2024-01-18 20:32:38,825 [INFO] PluginManage:283 - PluginManage : Loaded plugins [17]
2024-01-18 20:32:39,159 [INFO] PinOutPanel:1499 - setPackage(No Configuration,No Configuration)
2024-01-18 20:32:39,284 [INFO] CADModel:165 - CPN selected for project level
2024-01-18 20:32:39,285 [INFO] CADModel:114 - Register for checkConnection events
2024-01-18 20:32:39,317 [INFO] IPUIPlugin:80 - create IPUIPlugin
2024-01-18 20:32:39,318 [INFO] PluginManager:220 - loadIPPluginJar : add mdma
2024-01-18 20:32:39,324 [INFO] IPUIPlugin:80 - create IPUIPlugin
2024-01-18 20:32:39,325 [INFO] PluginManager:220 - loadIPPluginJar : add freertos
2024-01-18 20:32:39,328 [INFO] IPUIPlugin:80 - create IPUIPlugin
2024-01-18 20:32:39,329 [INFO] PluginManager:220 - loadIPPluginJar : add gic
2024-01-18 20:32:39,334 [INFO] IPUIPlugin:80 - create IPUIPlugin
2024-01-18 20:32:39,334 [INFO] PluginManager:220 - loadIPPluginJar : add adc
2024-01-18 20:32:39,337 [INFO] IPUIPlugin:80 - create IPUIPlugin
2024-01-18 20:32:39,337 [INFO] PluginManager:220 - loadIPPluginJar : add gtzc
2024-01-18 20:32:39,338 [INFO] IPUIPlugin:80 - create IPUIPlugin
2024-01-18 20:32:39,338 [INFO] PluginManager:220 - loadIPPluginJar : add quadspi
2024-01-18 20:32:39,339 [INFO] IPUIPlugin:80 - create IPUIPlugin
2024-01-18 20:32:39,339 [INFO] PluginManager:220 - loadIPPluginJar : add aes
2024-01-18 20:32:39,341 [INFO] IPUIPlugin:80 - create IPUIPlugin
2024-01-18 20:32:39,341 [INFO] PluginManager:220 - loadIPPluginJar : add pdm2pcm
2024-01-18 20:32:39,342 [INFO] IPUIPlugin:80 - create IPUIPlugin
2024-01-18 20:32:39,342 [INFO] PluginManager:220 - loadIPPluginJar : add hash
2024-01-18 20:32:39,343 [INFO] IPUIPlugin:80 - create IPUIPlugin
2024-01-18 20:32:39,343 [INFO] PluginManager:220 - loadIPPluginJar : add tim
2024-01-18 20:32:39,344 [INFO] IPUIPlugin:80 - create IPUIPlugin
2024-01-18 20:32:39,344 [INFO] PluginManager:220 - loadIPPluginJar : add tsc
2024-01-18 20:32:39,345 [INFO] IPUIPlugin:80 - create IPUIPlugin
2024-01-18 20:32:39,345 [INFO] PluginManager:220 - loadIPPluginJar : add ts
2024-01-18 20:32:39,347 [INFO] IPUIPlugin:80 - create IPUIPlugin
2024-01-18 20:32:39,347 [INFO] PluginManager:220 - loadIPPluginJar : add can
2024-01-18 20:32:39,349 [INFO] IPUIPlugin:80 - create IPUIPlugin
2024-01-18 20:32:39,349 [INFO] PluginManager:220 - loadIPPluginJar : add dma3
2024-01-18 20:32:39,351 [INFO] IPUIPlugin:80 - create IPUIPlugin
2024-01-18 20:32:39,351 [INFO] PluginManager:220 - loadIPPluginJar : add dfsdm
2024-01-18 20:32:39,352 [INFO] IPUIPlugin:80 - create IPUIPlugin
2024-01-18 20:32:39,352 [INFO] PluginManager:220 - loadIPPluginJar : add spi
2024-01-18 20:32:39,353 [INFO] IPUIPlugin:80 - create IPUIPlugin
2024-01-18 20:32:39,353 [INFO] PluginManager:220 - loadIPPluginJar : add gfxmmu
2024-01-18 20:32:39,354 [INFO] IPUIPlugin:80 - create IPUIPlugin
2024-01-18 20:32:39,354 [INFO] PluginManager:220 - loadIPPluginJar : add genericplugin
2024-01-18 20:32:39,355 [INFO] IPUIPlugin:80 - create IPUIPlugin
2024-01-18 20:32:39,355 [INFO] PluginManager:220 - loadIPPluginJar : add cryp
2024-01-18 20:32:39,358 [INFO] IPUIPlugin:80 - create IPUIPlugin
2024-01-18 20:32:39,358 [INFO] PluginManager:220 - loadIPPluginJar : add gpio
2024-01-18 20:32:39,400 [INFO] IPUIPlugin:80 - create IPUIPlugin
2024-01-18 20:32:39,404 [INFO] PluginManager:220 - loadIPPluginJar : add comp
2024-01-18 20:32:39,416 [INFO] IPUIPlugin:80 - create IPUIPlugin
2024-01-18 20:32:39,416 [INFO] PluginManager:220 - loadIPPluginJar : add tracer_emb
2024-01-18 20:32:39,418 [INFO] IPUIPlugin:80 - create IPUIPlugin
2024-01-18 20:32:39,418 [INFO] PluginManager:220 - loadIPPluginJar : add openamp
2024-01-18 20:32:39,421 [INFO] IPUIPlugin:80 - create IPUIPlugin
2024-01-18 20:32:39,422 [INFO] PluginManager:220 - loadIPPluginJar : add stm32_wpan
2024-01-18 20:32:39,426 [INFO] IPUIPlugin:80 - create IPUIPlugin
2024-01-18 20:32:39,440 [INFO] PluginManager:220 - loadIPPluginJar : add plateformsettings
2024-01-18 20:32:39,445 [INFO] IPUIPlugin:80 - create IPUIPlugin
2024-01-18 20:32:39,445 [INFO] PluginManager:220 - loadIPPluginJar : add ipddr
2024-01-18 20:32:39,447 [INFO] IPUIPlugin:80 - create IPUIPlugin
2024-01-18 20:32:39,447 [INFO] PluginManager:220 - loadIPPluginJar : add usart
2024-01-18 20:32:39,448 [INFO] IPUIPlugin:80 - create IPUIPlugin
2024-01-18 20:32:39,448 [INFO] PluginManager:220 - loadIPPluginJar : add ltdc
2024-01-18 20:32:39,450 [INFO] IPUIPlugin:80 - create IPUIPlugin
2024-01-18 20:32:39,450 [INFO] PluginManager:220 - loadIPPluginJar : add nvic
2024-01-18 20:32:39,451 [INFO] IPUIPlugin:80 - create IPUIPlugin
2024-01-18 20:32:39,451 [INFO] PluginManager:220 - loadIPPluginJar : add fatfs
2024-01-18 20:32:39,455 [INFO] IPUIPlugin:80 - create IPUIPlugin
2024-01-18 20:32:39,455 [INFO] PluginManager:220 - loadIPPluginJar : add linkedlist
2024-01-18 20:32:39,459 [INFO] IPUIPlugin:80 - create IPUIPlugin
2024-01-18 20:32:39,459 [INFO] PluginManager:220 - loadIPPluginJar : add dma
2024-01-18 20:32:39,462 [INFO] IPUIPlugin:80 - create IPUIPlugin
2024-01-18 20:32:39,462 [INFO] PluginManager:220 - loadIPPluginJar : add fmc
2024-01-18 20:32:39,463 [INFO] IPUIPlugin:80 - create IPUIPlugin
2024-01-18 20:32:39,464 [INFO] PluginManager:220 - loadIPPluginJar : add i2s
2024-01-18 20:32:39,465 [INFO] IPUIPlugin:80 - create IPUIPlugin
2024-01-18 20:32:39,466 [INFO] PluginManager:220 - loadIPPluginJar : add ucpd
2024-01-18 20:32:39,467 [INFO] IPUIPlugin:80 - create IPUIPlugin
2024-01-18 20:32:39,468 [INFO] PluginManager:220 - loadIPPluginJar : add lorawan
2024-01-18 20:32:39,469 [INFO] IPUIPlugin:80 - create IPUIPlugin
2024-01-18 20:32:39,469 [INFO] PluginManager:220 - loadIPPluginJar : add opamp
2024-01-18 20:32:39,471 [INFO] IPUIPlugin:80 - create IPUIPlugin
2024-01-18 20:32:39,471 [INFO] PluginManager:220 - loadIPPluginJar : add i3c
2024-01-18 20:32:39,473 [INFO] IPUIPlugin:80 - create IPUIPlugin
2024-01-18 20:32:39,473 [INFO] PluginManager:220 - loadIPPluginJar : add touchsensing
2024-01-18 20:32:39,480 [INFO] IPUIPlugin:80 - create IPUIPlugin
2024-01-18 20:32:39,480 [INFO] PluginManager:220 - loadIPPluginJar : add i2c
2024-01-18 20:32:39,485 [INFO] IPUIPlugin:80 - create IPUIPlugin
2024-01-18 20:32:39,485 [INFO] PluginManager:220 - loadIPPluginJar : add resmgrutility
2024-01-18 20:32:39,487 [INFO] IPUIPlugin:80 - create IPUIPlugin
2024-01-18 20:32:39,487 [INFO] PluginManager:220 - loadIPPluginJar : add sai
2024-01-18 20:32:39,488 [INFO] IPUIPlugin:80 - create IPUIPlugin
2024-01-18 20:32:39,488 [INFO] PluginManager:220 - loadIPPluginJar : add usbx
2024-01-18 20:32:39,657 [INFO] CADModel:165 - CPN selected for project level
2024-01-18 20:32:39,657 [INFO] CADModel:114 - Register for checkConnection events
2024-01-18 20:32:39,658 [FATAL] Updater:308 - Updater called before beeing initialized
2024-01-18 20:32:39,658 [ERROR] CADModel:125 - Updater not yet initialized, retry later 
2024-01-18 20:32:39,929 [INFO] CADModel:165 - CPN selected for project level
2024-01-18 20:32:39,929 [INFO] CADModel:114 - Register for checkConnection events
2024-01-18 20:32:39,929 [FATAL] Updater:308 - Updater called before beeing initialized
2024-01-18 20:32:39,930 [ERROR] CADModel:125 - Updater not yet initialized, retry later 
2024-01-18 20:32:39,932 [FATAL] Updater:308 - Updater called before beeing initialized
2024-01-18 20:32:40,098 [FATAL] Updater:308 - Updater called before beeing initialized
2024-01-18 20:32:40,104 [INFO] DbMcusAds:53 - JSON generation date=Wed Nov 29 05:52:27 EST 2023 (1701255147349)
2024-01-18 20:32:40,105 [FATAL] Updater:308 - Updater called before beeing initialized
2024-01-18 20:32:40,169 [WARN] DetailPanel:346 - Failed to get advertising image, set to default
2024-01-18 20:32:40,239 [FATAL] Updater:308 - Updater called before beeing initialized
2024-01-18 20:32:40,240 [FATAL] Updater:308 - Updater called before beeing initialized
2024-01-18 20:32:40,240 [FATAL] Updater:308 - Updater called before beeing initialized
2024-01-18 20:32:40,240 [WARN] DetailPanel:346 - Failed to get advertising image, set to default
2024-01-18 20:32:40,242 [FATAL] Updater:308 - Updater called before beeing initialized
2024-01-18 20:32:40,298 [ERROR] Updater:1120 - MainUpdater not yet initialized. External WinMGr cannot be set.
2024-01-18 20:32:40,341 [INFO] Updater:1056 - Updater Version found : 6.10.0
2024-01-18 20:32:40,355 [INFO] ApplicationProperties:184 - Using Application install path: /Applications/STM32CubeIDE.app/Contents/Eclipse/plugins/com.st.stm32cube.common.mx_6.10.0.202311202037
2024-01-18 20:32:40,709 [INFO] MainUpdater:2873 - connection check result : 10
2024-01-18 20:32:40,710 [INFO] MainUpdater:3567 - Updater definition file requires update
2024-01-18 20:32:40,711 [INFO] MainUpdater:290 - Updater Check For Update Now.
2024-01-18 20:32:40,711 [INFO] MicroXplorer:498 - Change Database Version : DB.6.0.100
2024-01-18 20:32:40,717 [INFO] McuFinderGlobals:63 - Set McuFinder mode to 2 (CubeIDE integrated)
2024-01-18 20:32:40,858 [INFO] ServerAccessManage:473 - Download File updaters.zip
2024-01-18 20:32:40,967 [INFO] FileExtend:240 - Unzip File : updaters.zip
2024-01-18 20:32:40,967 [INFO] FileExtend:255 - Standard Zip Deflate
2024-01-18 20:32:41,026 [INFO] UserAuth:404 - Internet connection configuration mode: 1
2024-01-18 20:32:41,078 [INFO] JxBrowserEngine:152 - Initiate JxBrowser Engine with user profile folder
2024-01-18 20:32:41,590 [WARN] MainUpdater:1194 - Updater busy. Cannot search thirdparties
2024-01-18 20:32:41,591 [INFO] ThirdPartyUpdaterWithRetryManager:96 - Updater plugin is busy. [1/15]
2024-01-18 20:32:41,806 [INFO] ServerAccessManage:473 - Download File PacksControlFlags.xml
2024-01-18 20:32:41,966 [INFO] ServerAccessManage:473 - Download File cubemx.pidx
2024-01-18 20:32:42,168 [INFO] LoadServerUpdatesThread:375 - End of LoadServerUpdate Thread
2024-01-18 20:32:42,382 [INFO] CheckServerUpdateThread:120 - End of CheckServer Thread
2024-01-18 20:32:44,740 [WARN] PackLoader:240 - Cannot read IP mode file for STMicroelectronics.X-CUBE-SMBUS.2.1.0
2024-01-18 20:32:44,769 [WARN] PackLoader:240 - Cannot read IP mode file for STMicroelectronics.X-CUBE-TOUCHGFX.4.23.0
2024-01-18 20:32:44,822 [WARN] PackLoader:240 - Cannot read IP mode file for STMicroelectronics.X-CUBE-AZRTOS-F7.1.1.0
2024-01-18 20:32:44,854 [WARN] PackLoader:240 - Cannot read IP mode file for STMicroelectronics.FP-SNS-MOTENV1.4.3.2
2024-01-18 20:32:44,878 [WARN] PackLoader:240 - Cannot read IP mode file for STMicroelectronics.FP-SNS-FLIGHT1.5.0.2
2024-01-18 20:32:44,907 [WARN] PackLoader:240 - Cannot read IP mode file for STMicroelectronics.X-CUBE-DISPLAY.3.0.0
2024-01-18 20:32:44,953 [WARN] PackLoader:240 - Cannot read IP mode file for STMicroelectronics.X-CUBE-BLE1.7.0.0
2024-01-18 20:32:44,971 [WARN] PackLoader:240 - Cannot read IP mode file for emotas.I-CUBE-CANOPEN.1.3.0
2024-01-18 20:32:44,993 [WARN] PackLoader:240 - Cannot read IP mode file for STMicroelectronics.FP-SNS-SMARTAG2.1.2.0
2024-01-18 20:32:45,016 [INFO] LogOutputStream:77 - [STDOUT_REDIRECT] 1 : Invalid condition id : UX_CORESTACK_Condition cause : null
2024-01-18 20:32:45,017 [INFO] LogOutputStream:77 - [STDOUT_REDIRECT] 1 : Invalid condition id : UX_CORESTACK_Condition cause : null
2024-01-18 20:32:45,017 [INFO] LogOutputStream:77 - [STDOUT_REDIRECT] 1 : Invalid condition id : UX_CORESTACK_Condition cause : null
2024-01-18 20:32:45,018 [INFO] LogOutputStream:77 - [STDOUT_REDIRECT] 1 : Invalid condition id : UX_CORESTACK_Condition cause : null
2024-01-18 20:32:45,018 [INFO] LogOutputStream:77 - [STDOUT_REDIRECT] 1 : Invalid condition id : UX_CORESTACK_Condition cause : null
2024-01-18 20:32:45,033 [WARN] PackLoader:240 - Cannot read IP mode file for STMicroelectronics.X-CUBE-AZRTOS-WL.2.0.0
2024-01-18 20:32:45,079 [WARN] PackLoader:240 - Cannot read IP mode file for WES.I-CUBE-Cesium.1.3.0
2024-01-18 20:32:45,105 [WARN] PackLoader:240 - Cannot read IP mode file for STMicroelectronics.X-CUBE-BLE2.3.3.0
2024-01-18 20:32:45,127 [WARN] PackLoader:240 - Cannot read IP mode file for STMicroelectronics.X-CUBE-ALGOBUILD.1.3.0
2024-01-18 20:32:45,158 [WARN] PackLoader:240 - Cannot read IP mode file for STMicroelectronics.X-CUBE-AZRTOS-G0.1.1.0
2024-01-18 20:32:45,171 [WARN] PackLoader:240 - Cannot read IP mode file for STMicroelectronics.X-CUBE-NFC4.3.0.0
2024-01-18 20:32:45,218 [WARN] PackLoader:240 - Cannot read IP mode file for STMicroelectronics.X-CUBE-BLEMGR.3.0.0
2024-01-18 20:32:45,241 [WARN] PackLoader:240 - Cannot read IP mode file for STMicroelectronics.FP-ATR-SIGFOX1.3.2.0
2024-01-18 20:32:45,346 [WARN] PackLoader:240 - Cannot read IP mode file for SEGGER.I-CUBE-embOS.1.3.1
2024-01-18 20:32:45,434 [WARN] PackLoader:240 - Cannot read IP mode file for STMicroelectronics.X-CUBE-GNSS1.6.0.0
2024-01-18 20:32:45,464 [WARN] PackLoader:240 - Cannot read IP mode file for STMicroelectronics.X-CUBE-AZRTOS-F4.1.1.0
2024-01-18 20:32:45,491 [WARN] PackLoader:240 - Cannot read IP mode file for wolfSSL.I-CUBE-wolfSSL.5.6.6
2024-01-18 20:32:45,524 [WARN] PackLoader:240 - Cannot read IP mode file for STMicroelectronics.X-CUBE-AZRTOS-L5.2.0.0
2024-01-18 20:32:45,535 [WARN] PackLoader:240 - Cannot read IP mode file for STMicroelectronics.X-CUBE-EEPRMA1.4.2.0
2024-01-18 20:32:45,543 [WARN] PackLoader:240 - Cannot read IP mode file for ITTIA_DB.I-CUBE-ITTIADB.8.8.0
2024-01-18 20:32:45,548 [WARN] PackLoader:240 - Cannot read IP mode file for STMicroelectronics.X-CUBE-NFC7.1.0.1
2024-01-18 20:32:45,569 [WARN] PackLoader:240 - Cannot read IP mode file for STMicroelectronics.X-CUBE-NFC6.3.0.0
2024-01-18 20:32:45,578 [WARN] PackLoader:240 - Cannot read IP mode file for STMicroelectronics.X-CUBE-AI.8.1.0
2024-01-18 20:32:45,613 [WARN] ConditionMgr:438 - getConditionDescription Invalid condition id : LAN8742 Phy interface Condition cause : null
2024-01-18 20:32:45,617 [WARN] PackLoader:240 - Cannot read IP mode file for STMicroelectronics.X-CUBE-AZRTOS-L4.2.0.0
2024-01-18 20:32:45,621 [WARN] ConditionMgr:1039 - genDependencies : Invalid condition id : LAN8742 Phy interface Condition cause : null
2024-01-18 20:32:45,622 [WARN] ConditionMgr:1039 - genDependencies : Invalid condition id : LAN8742 Phy interface Condition cause : null
2024-01-18 20:32:45,623 [WARN] ConditionMgr:1039 - genDependencies : Invalid condition id : LAN8742 Phy interface Condition cause : null
2024-01-18 20:32:45,634 [WARN] PackLoader:240 - Cannot read IP mode file for STMicroelectronics.X-CUBE-SFXS2LP1.4.0.0
2024-01-18 20:32:45,656 [WARN] ConditionMgr:438 - getConditionDescription Invalid condition id : UX DEVICE CLASS RTOS Condition cause : null
2024-01-18 20:32:45,657 [WARN] ConditionMgr:438 - getConditionDescription Invalid condition id : UX DEVICE CLASS RTOS Condition cause : null
2024-01-18 20:32:45,662 [WARN] PackLoader:240 - Cannot read IP mode file for STMicroelectronics.X-CUBE-AZRTOS-WB.2.0.0
2024-01-18 20:32:45,663 [WARN] ConditionMgr:1039 - genDependencies : Invalid condition id : UX DEVICE CLASS RTOS Condition cause : null
2024-01-18 20:32:45,663 [WARN] ConditionMgr:1039 - genDependencies : Invalid condition id : UX DEVICE CLASS RTOS Condition cause : null
2024-01-18 20:32:45,664 [WARN] ConditionMgr:1039 - genDependencies : Invalid condition id : UX DEVICE CLASS RTOS Condition cause : null
2024-01-18 20:32:45,664 [WARN] ConditionMgr:1039 - genDependencies : Invalid condition id : UX DEVICE CLASS RTOS Condition cause : null
2024-01-18 20:32:45,664 [WARN] ConditionMgr:1039 - genDependencies : Invalid condition id : UX DEVICE CLASS RTOS Condition cause : null
2024-01-18 20:32:45,679 [WARN] PackLoader:240 - Cannot read IP mode file for STMicroelectronics.X-CUBE-SUBG2.5.0.0
2024-01-18 20:32:45,705 [WARN] PackLoader:240 - Cannot read IP mode file for STMicroelectronics.X-CUBE-AZRTOS-G4.2.0.0
2024-01-18 20:32:45,730 [WARN] PackLoader:240 - Cannot read IP mode file for Infineon.AIROC-Wi-Fi-Bluetooth-STM32.1.5.1
2024-01-18 20:32:45,738 [WARN] PackLoader:240 - Cannot read IP mode file for STMicroelectronics.FP-SNS-MOTENVWB1.1.3.1
2024-01-18 20:32:45,742 [WARN] PackLoader:240 - Cannot read IP mode file for STMicroelectronics.X-CUBE-ISPU.2.0.0
2024-01-18 20:32:45,797 [WARN] PackLoader:240 - Cannot read IP mode file for STMicroelectronics.X-CUBE-MEMS1.10.0.0
2024-01-18 20:32:45,991 [WARN] PackLoader:240 - Cannot read IP mode file for STMicroelectronics.X-CUBE-FREERTOS.1.1.0
2024-01-18 20:32:46,007 [WARN] PackLoader:240 - Cannot read IP mode file for portGmbH.I-Cube-SoM-uGOAL.1.1.0
2024-01-18 20:32:46,029 [WARN] PackLoader:240 - Cannot read IP mode file for STMicroelectronics.X-CUBE-ALS.1.0.1
2024-01-18 20:32:46,040 [WARN] PackLoader:240 - Cannot read IP mode file for STMicroelectronics.FP-ATR-ASTRA1.2.0.0
2024-01-18 20:32:46,075 [WARN] PackLoader:240 - Cannot read IP mode file for STMicroelectronics.X-CUBE-TOF1.3.4.0
2024-01-18 20:32:46,121 [WARN] PackLoader:240 - Cannot read IP mode file for STMicroelectronics.X-CUBE-AZRTOS-H7.3.2.0
2024-01-18 20:32:46,138 [INFO] ThirdParty:978 - Integrity check success = true
2024-01-18 20:32:46,139 [INFO] IntegrityCheckThread:100 - exiting critical section [integrity check]
2024-01-18 20:32:46,139 [INFO] IntegrityCheckThread:103 - End integrity checks thread
2024-01-18 20:32:46,251 [INFO] WebApp:161 - Instantiating new browser for Auth
2024-01-18 20:32:47,853 [INFO] WebApp:780 - Register for checkConnection events
2024-01-18 20:32:47,858 [INFO] WebApp:414 - Apply proxy settings
2024-01-18 20:32:47,891 [INFO] WebApp:459 - Chromium authenticates against Manually configured proxy
2024-01-18 20:32:47,948 [INFO] WebApp:467 - Username used for proxy authentication: 
2024-01-18 20:32:48,360 [INFO] WebApp:192 - Starting web application
2024-01-18 20:32:48,367 [INFO] WebApp:544 - Web application path used /Applications/STM32CubeIDE.app/Contents/Eclipse/plugins/com.st.stm32cube.common.mx_6.10.0.202311202037/db/plugins/mcufinder/reactClient1/index.html
2024-01-18 20:33:10,023 [ERROR] LogOutputStream:75 - [STDERR_REDIRECT] SLF4J: Failed to load class "org.slf4j.impl.StaticLoggerBinder".
2024-01-18 20:33:10,026 [ERROR] LogOutputStream:75 - [STDERR_REDIRECT] SLF4J: Defaulting to no-operation (NOP) logger implementation
2024-01-18 20:33:10,026 [ERROR] LogOutputStream:75 - [STDERR_REDIRECT] SLF4J: See http://www.slf4j.org/codes.html#StaticLoggerBinder for further details.
2024-01-18 20:34:22,072 [ERROR] LogOutputStream:75 - [STDERR_REDIRECT] 
