2024-01-26 15:09:01,273 [INFO] Activator:176 - 


2024-01-26 15:09:01,279 [INFO] Activator:177 - !SESSION log4j initialized
2024-01-26 15:09:07,203 [ERROR] LogOutputStream:75 - [STDERR_REDIRECT] 
2024-01-26 15:09:08,058 [INFO] LogOutputStream:77 - [STDOUT_REDIRECT] 
2024-01-26 15:09:09,939 [INFO] LogOutputStream:77 - [STDOUT_REDIRECT] 
2024-01-26 15:09:12,432 [INFO] ApplicationProperties:184 - Using Application install path: /Applications/STM32CubeIDE.app/Contents/Eclipse/plugins/com.st.stm32cube.common.mx_6.10.0.202311202037
2024-01-26 15:09:12,471 [INFO] DbMcusXml:78 - Set database path to: /Applications/STM32CubeIDE.app/Contents/Eclipse/plugins/com.st.stm32cube.common.mx_6.10.0.202311202037//db//mcu/
2024-01-26 15:09:12,472 [INFO] ApiDb:274 - Set plugin database path to: /Applications/STM32CubeIDE.app/Contents/Eclipse/plugins/com.st.stm32cube.common.mx_6.10.0.202311202037//db//plugins/boardmanager/
2024-01-26 15:09:12,473 [WARN] ApiDb:259 - Overriding images path with different value:  => /Applications/STM32CubeIDE.app/Contents/Eclipse/plugins/com.st.stm32cube.common.mx_6.10.0.202311202037//db//plugins/mcufinder/images/
2024-01-26 15:09:12,483 [INFO] ApiDb:250 - Set database path to: /Users/romeluis/.stmcufinder/plugins/mcufinder//mcu/
2024-01-26 15:09:12,484 [INFO] DbMcusAds:125 - Set database path to: /Users/romeluis/.stmcufinder/plugins/mcufinder//mcu/
2024-01-26 15:09:12,486 [INFO] CrossReferenceDbSqlite:203 - Set database path to: /Users/romeluis/.stmcufinder/plugins/mcufinder//mcu/cs/
2024-01-26 15:09:12,619 [INFO] RulesReader:64 - Compatibility file has been processed (297 Rules)
2024-01-26 15:09:12,684 [INFO] DbMcusXml:78 - Set database path to: /Applications/STM32CubeIDE.app/Contents/Eclipse/plugins/com.st.stm32cube.common.mx_6.10.0.202311202037//db//mcu/
2024-01-26 15:09:12,684 [INFO] ApiDb:274 - Set plugin database path to: /Applications/STM32CubeIDE.app/Contents/Eclipse/plugins/com.st.stm32cube.common.mx_6.10.0.202311202037//db//plugins/boardmanager/
2024-01-26 15:09:12,684 [INFO] ApiDb:261 - Set plugin images path to: /Applications/STM32CubeIDE.app/Contents/Eclipse/plugins/com.st.stm32cube.common.mx_6.10.0.202311202037//db//plugins/mcufinder/images/
2024-01-26 15:09:12,685 [WARN] DbFile:41 - Overriding database path with different value: /Users/romeluis/.stmcufinder/plugins/mcufinder/ => /Users/romeluis/.stmcufinder/plugins/mcufinder
2024-01-26 15:09:12,685 [INFO] ApiDb:250 - Set database path to: /Users/romeluis/.stmcufinder/plugins/mcufinder//mcu/
2024-01-26 15:09:12,685 [WARN] DbFile:41 - Overriding database path with different value: /Users/romeluis/.stmcufinder/plugins/mcufinder/ => /Users/romeluis/.stmcufinder/plugins/mcufinder
2024-01-26 15:09:12,685 [INFO] DbMcusAds:125 - Set database path to: /Users/romeluis/.stmcufinder/plugins/mcufinder//mcu/
2024-01-26 15:09:12,685 [WARN] DbFile:41 - Overriding database path with different value: /Users/romeluis/.stmcufinder/plugins/mcufinder/ => /Users/romeluis/.stmcufinder/plugins/mcufinder
2024-01-26 15:09:12,685 [WARN] DbFile:41 - Overriding database path with different value: /Users/romeluis/.stmcufinder/plugins/mcufinder/ => /Users/romeluis/.stmcufinder/plugins/mcufinder
2024-01-26 15:09:12,685 [INFO] CrossReferenceDbSqlite:203 - Set database path to: /Users/romeluis/.stmcufinder/plugins/mcufinder//mcu/cs/
2024-01-26 15:09:12,760 [INFO] MainPanel:264 - HeapMemory: 270532608
2024-01-26 15:09:12,838 [INFO] DbMcusXml:78 - Set database path to: /Applications/STM32CubeIDE.app/Contents/Eclipse/plugins/com.st.stm32cube.common.mx_6.10.0.202311202037//db//mcu/
2024-01-26 15:09:12,839 [INFO] ApiDb:274 - Set plugin database path to: /Applications/STM32CubeIDE.app/Contents/Eclipse/plugins/com.st.stm32cube.common.mx_6.10.0.202311202037//db//plugins/boardmanager/
2024-01-26 15:09:12,839 [INFO] ApiDb:261 - Set plugin images path to: /Applications/STM32CubeIDE.app/Contents/Eclipse/plugins/com.st.stm32cube.common.mx_6.10.0.202311202037//db//plugins/mcufinder/images/
2024-01-26 15:09:12,839 [WARN] DbFile:41 - Overriding database path with different value: /Users/romeluis/.stmcufinder/plugins/mcufinder/ => /Users/romeluis/.stmcufinder/plugins/mcufinder
2024-01-26 15:09:12,839 [INFO] ApiDb:250 - Set database path to: /Users/romeluis/.stmcufinder/plugins/mcufinder//mcu/
2024-01-26 15:09:12,839 [WARN] DbFile:41 - Overriding database path with different value: /Users/romeluis/.stmcufinder/plugins/mcufinder/ => /Users/romeluis/.stmcufinder/plugins/mcufinder
2024-01-26 15:09:12,839 [INFO] DbMcusAds:125 - Set database path to: /Users/romeluis/.stmcufinder/plugins/mcufinder//mcu/
2024-01-26 15:09:12,839 [WARN] DbFile:41 - Overriding database path with different value: /Users/romeluis/.stmcufinder/plugins/mcufinder/ => /Users/romeluis/.stmcufinder/plugins/mcufinder
2024-01-26 15:09:12,840 [WARN] DbFile:41 - Overriding database path with different value: /Users/romeluis/.stmcufinder/plugins/mcufinder/ => /Users/romeluis/.stmcufinder/plugins/mcufinder
2024-01-26 15:09:12,840 [INFO] CrossReferenceDbSqlite:203 - Set database path to: /Users/romeluis/.stmcufinder/plugins/mcufinder//mcu/cs/
2024-01-26 15:09:12,857 [INFO] ApplicationProperties:184 - Using Application install path: /Applications/STM32CubeIDE.app/Contents/Eclipse/plugins/com.st.stm32cube.common.mx_6.10.0.202311202037
2024-01-26 15:09:12,858 [INFO] PluginManage:196 - Search for loadable plugins [exclusion list=, ]
2024-01-26 15:09:12,862 [INFO] PluginManage:310 - Check plugin analytics
2024-01-26 15:09:13,255 [INFO] AnalyticsPlugin:253 - Accepted Software Licenses: STM32CubeMX.6.10.0
2024-01-26 15:09:13,268 [INFO] AnalyticsPlugin:255 - Accepted CMSIS Pack Licenses: 
2024-01-26 15:09:13,269 [INFO] AnalyticsPlugin:257 - Accepted Firmware Licenses: FW.F4.1.28.0,FW.F4.1.27.0
2024-01-26 15:09:13,283 [INFO] PluginManage:359 - Loaded plugin analytics (category:tool,tabindex:-1)
2024-01-26 15:09:13,285 [INFO] PluginManage:310 - Check plugin cadmodel
2024-01-26 15:09:13,691 [INFO] CADModel:105 - Init CAD model plugin
2024-01-26 15:09:13,692 [INFO] PluginManage:359 - Loaded plugin cadmodel (category:power,tabindex:5)
2024-01-26 15:09:13,693 [INFO] PluginManage:310 - Check plugin clock
2024-01-26 15:09:13,704 [INFO] PluginManage:359 - Loaded plugin clock (category:base,tabindex:2)
2024-01-26 15:09:13,704 [INFO] PluginManage:310 - Check plugin ddr
2024-01-26 15:09:13,709 [INFO] PluginManage:359 - Loaded plugin ddr (category:tool,tabindex:6)
2024-01-26 15:09:13,709 [INFO] PluginManage:310 - Check plugin filemanager
2024-01-26 15:09:13,893 [ERROR] LogOutputStream:75 - [STDERR_REDIRECT] [Fatal Error] :2:10: DOCTYPE is disallowed when the feature "http://apache.org/xml/features/disallow-doctype-decl" set to true.
2024-01-26 15:09:13,895 [ERROR] LogOutputStream:75 - [STDERR_REDIRECT] 
2024-01-26 15:09:13,918 [INFO] PluginManage:359 - Loaded plugin filemanager (category:base,tabindex:10)
2024-01-26 15:09:13,919 [INFO] PluginManage:310 - Check plugin ipmanager
2024-01-26 15:09:13,925 [INFO] PluginManage:359 - Loaded plugin ipmanager (category:base,tabindex:5)
2024-01-26 15:09:13,925 [INFO] PluginManage:310 - Check plugin lpbam
2024-01-26 15:09:13,934 [INFO] PluginManage:359 - Loaded plugin lpbam (category:base,tabindex:0)
2024-01-26 15:09:13,934 [INFO] PluginManage:310 - Check plugin memorymap
2024-01-26 15:09:13,946 [INFO] PluginManage:359 - Loaded plugin memorymap (category:base,tabindex:4)
2024-01-26 15:09:13,946 [INFO] PluginManage:310 - Check plugin pinoutandconfiguration
2024-01-26 15:09:13,952 [INFO] PluginManage:359 - Loaded plugin pinoutandconfiguration (category:base,tabindex:1)
2024-01-26 15:09:13,952 [INFO] PluginManage:310 - Check plugin pinoutconfig
2024-01-26 15:09:14,037 [WARN] SupportedApi:132 - Cannot load RTOS API schema: s4s-elt-must-match.1: The content of 'definitions' must match (annotation?, (simpleType | complexType)?, (unique | key | keyref)*)). A problem was found starting at: attribute.
2024-01-26 15:09:14,197 [INFO] PluginManage:359 - Loaded plugin pinoutconfig (category:base,tabindex:0)
2024-01-26 15:09:14,197 [INFO] PluginManage:310 - Check plugin power
2024-01-26 15:09:14,213 [INFO] PluginManage:359 - Loaded plugin power (category:power,tabindex:4)
2024-01-26 15:09:14,213 [INFO] PluginManage:310 - Check plugin projectmanager
2024-01-26 15:09:14,246 [INFO] PluginManage:359 - Loaded plugin projectmanager (category:projectmanager,tabindex:3)
2024-01-26 15:09:14,246 [INFO] PluginManage:310 - Check plugin thirdparty
2024-01-26 15:09:14,397 [INFO] PluginManage:359 - Loaded plugin thirdparty (category:base,tabindex:-1)
2024-01-26 15:09:14,398 [INFO] PluginManage:310 - Check plugin tools
2024-01-26 15:09:14,397 [WARN] IntegrityCheckThread:84 - waiting for thirdparty lock release [integrity check]
2024-01-26 15:09:14,399 [INFO] IntegrityCheckThread:86 - entering critical section [integrity check]
2024-01-26 15:09:14,400 [INFO] ThirdPartyUpdaterWithRetryManager:70 - Updater plugin not ready yet. [1/15]
2024-01-26 15:09:14,403 [INFO] PluginManage:359 - Loaded plugin tools (category:base,tabindex:7)
2024-01-26 15:09:14,404 [INFO] PluginManage:310 - Check plugin tutovideos
2024-01-26 15:09:14,558 [INFO] PluginManage:359 - Loaded plugin tutovideos (category:base,tabindex:-1)
2024-01-26 15:09:14,558 [INFO] PluginManage:310 - Check plugin updater
2024-01-26 15:09:14,572 [INFO] PluginManage:359 - Loaded plugin updater (category:base,tabindex:12)
2024-01-26 15:09:14,572 [INFO] PluginManage:310 - Check plugin userauth
2024-01-26 15:09:14,577 [INFO] UserAuth:114 - Init User Auth plugin
2024-01-26 15:09:14,577 [INFO] PluginManage:359 - Loaded plugin userauth (category:base,tabindex:14)
2024-01-26 15:09:14,578 [INFO] PluginManage:283 - PluginManage : Loaded plugins [17]
2024-01-26 15:09:14,812 [INFO] PinOutPanel:1499 - setPackage(No Configuration,No Configuration)
2024-01-26 15:09:14,889 [INFO] CADModel:165 - CPN selected for project level
2024-01-26 15:09:14,890 [INFO] CADModel:114 - Register for checkConnection events
2024-01-26 15:09:14,953 [INFO] IPUIPlugin:80 - create IPUIPlugin
2024-01-26 15:09:14,958 [INFO] PluginManager:220 - loadIPPluginJar : add mdma
2024-01-26 15:09:14,980 [INFO] IPUIPlugin:80 - create IPUIPlugin
2024-01-26 15:09:14,980 [INFO] PluginManager:220 - loadIPPluginJar : add freertos
2024-01-26 15:09:14,983 [INFO] IPUIPlugin:80 - create IPUIPlugin
2024-01-26 15:09:14,983 [INFO] PluginManager:220 - loadIPPluginJar : add gic
2024-01-26 15:09:14,988 [INFO] IPUIPlugin:80 - create IPUIPlugin
2024-01-26 15:09:14,989 [INFO] PluginManager:220 - loadIPPluginJar : add adc
2024-01-26 15:09:14,991 [INFO] IPUIPlugin:80 - create IPUIPlugin
2024-01-26 15:09:14,991 [INFO] PluginManager:220 - loadIPPluginJar : add gtzc
2024-01-26 15:09:14,992 [INFO] IPUIPlugin:80 - create IPUIPlugin
2024-01-26 15:09:14,992 [INFO] PluginManager:220 - loadIPPluginJar : add quadspi
2024-01-26 15:09:14,994 [INFO] IPUIPlugin:80 - create IPUIPlugin
2024-01-26 15:09:14,994 [INFO] PluginManager:220 - loadIPPluginJar : add aes
2024-01-26 15:09:14,996 [INFO] IPUIPlugin:80 - create IPUIPlugin
2024-01-26 15:09:14,996 [INFO] PluginManager:220 - loadIPPluginJar : add pdm2pcm
2024-01-26 15:09:14,997 [INFO] IPUIPlugin:80 - create IPUIPlugin
2024-01-26 15:09:14,997 [INFO] PluginManager:220 - loadIPPluginJar : add hash
2024-01-26 15:09:14,998 [INFO] IPUIPlugin:80 - create IPUIPlugin
2024-01-26 15:09:14,999 [INFO] PluginManager:220 - loadIPPluginJar : add tim
2024-01-26 15:09:15,000 [INFO] IPUIPlugin:80 - create IPUIPlugin
2024-01-26 15:09:15,000 [INFO] PluginManager:220 - loadIPPluginJar : add tsc
2024-01-26 15:09:15,001 [INFO] IPUIPlugin:80 - create IPUIPlugin
2024-01-26 15:09:15,001 [INFO] PluginManager:220 - loadIPPluginJar : add ts
2024-01-26 15:09:15,003 [INFO] IPUIPlugin:80 - create IPUIPlugin
2024-01-26 15:09:15,003 [INFO] PluginManager:220 - loadIPPluginJar : add can
2024-01-26 15:09:15,005 [INFO] IPUIPlugin:80 - create IPUIPlugin
2024-01-26 15:09:15,005 [INFO] PluginManager:220 - loadIPPluginJar : add dma3
2024-01-26 15:09:15,007 [INFO] IPUIPlugin:80 - create IPUIPlugin
2024-01-26 15:09:15,007 [INFO] PluginManager:220 - loadIPPluginJar : add dfsdm
2024-01-26 15:09:15,008 [INFO] IPUIPlugin:80 - create IPUIPlugin
2024-01-26 15:09:15,008 [INFO] PluginManager:220 - loadIPPluginJar : add spi
2024-01-26 15:09:15,009 [INFO] IPUIPlugin:80 - create IPUIPlugin
2024-01-26 15:09:15,009 [INFO] PluginManager:220 - loadIPPluginJar : add gfxmmu
2024-01-26 15:09:15,010 [INFO] IPUIPlugin:80 - create IPUIPlugin
2024-01-26 15:09:15,010 [INFO] PluginManager:220 - loadIPPluginJar : add genericplugin
2024-01-26 15:09:15,011 [INFO] IPUIPlugin:80 - create IPUIPlugin
2024-01-26 15:09:15,012 [INFO] PluginManager:220 - loadIPPluginJar : add cryp
2024-01-26 15:09:15,014 [INFO] IPUIPlugin:80 - create IPUIPlugin
2024-01-26 15:09:15,015 [INFO] PluginManager:220 - loadIPPluginJar : add gpio
2024-01-26 15:09:15,016 [INFO] IPUIPlugin:80 - create IPUIPlugin
2024-01-26 15:09:15,016 [INFO] PluginManager:220 - loadIPPluginJar : add comp
2024-01-26 15:09:15,017 [INFO] IPUIPlugin:80 - create IPUIPlugin
2024-01-26 15:09:15,017 [INFO] PluginManager:220 - loadIPPluginJar : add tracer_emb
2024-01-26 15:09:15,019 [INFO] IPUIPlugin:80 - create IPUIPlugin
2024-01-26 15:09:15,019 [INFO] PluginManager:220 - loadIPPluginJar : add openamp
2024-01-26 15:09:15,022 [INFO] IPUIPlugin:80 - create IPUIPlugin
2024-01-26 15:09:15,023 [INFO] PluginManager:220 - loadIPPluginJar : add stm32_wpan
2024-01-26 15:09:15,027 [INFO] IPUIPlugin:80 - create IPUIPlugin
2024-01-26 15:09:15,040 [INFO] PluginManager:220 - loadIPPluginJar : add plateformsettings
2024-01-26 15:09:15,043 [INFO] IPUIPlugin:80 - create IPUIPlugin
2024-01-26 15:09:15,043 [INFO] PluginManager:220 - loadIPPluginJar : add ipddr
2024-01-26 15:09:15,046 [INFO] IPUIPlugin:80 - create IPUIPlugin
2024-01-26 15:09:15,046 [INFO] PluginManager:220 - loadIPPluginJar : add usart
2024-01-26 15:09:15,047 [INFO] IPUIPlugin:80 - create IPUIPlugin
2024-01-26 15:09:15,047 [INFO] PluginManager:220 - loadIPPluginJar : add ltdc
2024-01-26 15:09:15,049 [INFO] IPUIPlugin:80 - create IPUIPlugin
2024-01-26 15:09:15,049 [INFO] PluginManager:220 - loadIPPluginJar : add nvic
2024-01-26 15:09:15,050 [INFO] IPUIPlugin:80 - create IPUIPlugin
2024-01-26 15:09:15,050 [INFO] PluginManager:220 - loadIPPluginJar : add fatfs
2024-01-26 15:09:15,054 [INFO] IPUIPlugin:80 - create IPUIPlugin
2024-01-26 15:09:15,054 [INFO] PluginManager:220 - loadIPPluginJar : add linkedlist
2024-01-26 15:09:15,058 [INFO] IPUIPlugin:80 - create IPUIPlugin
2024-01-26 15:09:15,058 [INFO] PluginManager:220 - loadIPPluginJar : add dma
2024-01-26 15:09:15,061 [INFO] IPUIPlugin:80 - create IPUIPlugin
2024-01-26 15:09:15,061 [INFO] PluginManager:220 - loadIPPluginJar : add fmc
2024-01-26 15:09:15,062 [INFO] IPUIPlugin:80 - create IPUIPlugin
2024-01-26 15:09:15,062 [INFO] PluginManager:220 - loadIPPluginJar : add i2s
2024-01-26 15:09:15,063 [INFO] IPUIPlugin:80 - create IPUIPlugin
2024-01-26 15:09:15,063 [INFO] PluginManager:220 - loadIPPluginJar : add ucpd
2024-01-26 15:09:15,065 [INFO] IPUIPlugin:80 - create IPUIPlugin
2024-01-26 15:09:15,065 [INFO] PluginManager:220 - loadIPPluginJar : add lorawan
2024-01-26 15:09:15,066 [INFO] IPUIPlugin:80 - create IPUIPlugin
2024-01-26 15:09:15,067 [INFO] PluginManager:220 - loadIPPluginJar : add opamp
2024-01-26 15:09:15,069 [INFO] IPUIPlugin:80 - create IPUIPlugin
2024-01-26 15:09:15,069 [INFO] PluginManager:220 - loadIPPluginJar : add i3c
2024-01-26 15:09:15,073 [INFO] IPUIPlugin:80 - create IPUIPlugin
2024-01-26 15:09:15,073 [INFO] PluginManager:220 - loadIPPluginJar : add touchsensing
2024-01-26 15:09:15,076 [INFO] IPUIPlugin:80 - create IPUIPlugin
2024-01-26 15:09:15,076 [INFO] PluginManager:220 - loadIPPluginJar : add i2c
2024-01-26 15:09:15,078 [INFO] IPUIPlugin:80 - create IPUIPlugin
2024-01-26 15:09:15,078 [INFO] PluginManager:220 - loadIPPluginJar : add resmgrutility
2024-01-26 15:09:15,081 [INFO] IPUIPlugin:80 - create IPUIPlugin
2024-01-26 15:09:15,081 [INFO] PluginManager:220 - loadIPPluginJar : add sai
2024-01-26 15:09:15,083 [INFO] IPUIPlugin:80 - create IPUIPlugin
2024-01-26 15:09:15,083 [INFO] PluginManager:220 - loadIPPluginJar : add usbx
2024-01-26 15:09:15,240 [INFO] CADModel:165 - CPN selected for project level
2024-01-26 15:09:15,241 [INFO] CADModel:114 - Register for checkConnection events
2024-01-26 15:09:15,241 [FATAL] Updater:308 - Updater called before beeing initialized
2024-01-26 15:09:15,241 [ERROR] CADModel:125 - Updater not yet initialized, retry later 
2024-01-26 15:09:15,495 [INFO] CADModel:165 - CPN selected for project level
2024-01-26 15:09:15,495 [INFO] CADModel:114 - Register for checkConnection events
2024-01-26 15:09:15,495 [FATAL] Updater:308 - Updater called before beeing initialized
2024-01-26 15:09:15,495 [ERROR] CADModel:125 - Updater not yet initialized, retry later 
2024-01-26 15:09:15,498 [FATAL] Updater:308 - Updater called before beeing initialized
2024-01-26 15:09:15,659 [FATAL] Updater:308 - Updater called before beeing initialized
2024-01-26 15:09:15,665 [INFO] DbMcusAds:53 - JSON generation date=Wed Nov 29 05:52:27 EST 2023 (1701255147200)
2024-01-26 15:09:15,666 [FATAL] Updater:308 - Updater called before beeing initialized
2024-01-26 15:09:15,726 [WARN] DetailPanel:346 - Failed to get advertising image, set to default
2024-01-26 15:09:15,793 [FATAL] Updater:308 - Updater called before beeing initialized
2024-01-26 15:09:15,794 [FATAL] Updater:308 - Updater called before beeing initialized
2024-01-26 15:09:15,795 [FATAL] Updater:308 - Updater called before beeing initialized
2024-01-26 15:09:15,795 [WARN] DetailPanel:346 - Failed to get advertising image, set to default
2024-01-26 15:09:15,795 [FATAL] Updater:308 - Updater called before beeing initialized
2024-01-26 15:09:15,901 [ERROR] Updater:1120 - MainUpdater not yet initialized. External WinMGr cannot be set.
2024-01-26 15:09:15,944 [INFO] Updater:1056 - Updater Version found : 6.10.0
2024-01-26 15:09:15,955 [INFO] ApplicationProperties:184 - Using Application install path: /Applications/STM32CubeIDE.app/Contents/Eclipse/plugins/com.st.stm32cube.common.mx_6.10.0.202311202037
2024-01-26 15:09:16,302 [INFO] MainUpdater:2873 - connection check result : 10
2024-01-26 15:09:16,302 [INFO] MainUpdater:3567 - Updater definition file requires update
2024-01-26 15:09:16,304 [INFO] MainUpdater:290 - Updater Check For Update Now.
2024-01-26 15:09:16,304 [INFO] MicroXplorer:498 - Change Database Version : DB.6.0.100
2024-01-26 15:09:16,312 [INFO] McuFinderGlobals:63 - Set McuFinder mode to 2 (CubeIDE integrated)
2024-01-26 15:09:16,342 [INFO] ServerAccessManage:473 - Download File updaters.zip
2024-01-26 15:09:16,515 [INFO] FileExtend:240 - Unzip File : updaters.zip
2024-01-26 15:09:16,516 [INFO] FileExtend:255 - Standard Zip Deflate
2024-01-26 15:09:16,703 [INFO] UserAuth:404 - Internet connection configuration mode: 1
2024-01-26 15:09:16,728 [INFO] JxBrowserEngine:152 - Initiate JxBrowser Engine with user profile folder
2024-01-26 15:09:16,793 [INFO] ServerAccessManage:473 - Download File PacksControlFlags.xml
2024-01-26 15:09:16,908 [INFO] ServerAccessManage:473 - Download File cubemx.pidx
2024-01-26 15:09:17,417 [WARN] MainUpdater:1194 - Updater busy. Cannot search thirdparties
2024-01-26 15:09:17,421 [INFO] ThirdPartyUpdaterWithRetryManager:96 - Updater plugin is busy. [1/15]
2024-01-26 15:09:17,685 [INFO] ServerAccessManage:473 - Download File STMicroelectronics.X-CUBE-EEPRMA1.pdsc
2024-01-26 15:09:18,197 [ERROR] ServerAccessManage:1089 - Problem, file not found on Server
2024-01-26 15:09:18,616 [ERROR] ServerAccessManage:1089 - Problem, file not found on Server
2024-01-26 15:09:19,417 [ERROR] ServerAccessManage:1096 - Problem, Http access forbiden
2024-01-26 15:09:19,420 [ERROR] ServerAccessManage:651 - Problem, Http access forbiden : RoweBots.I-CUBE-UNISONRTOS.pdsc.
2024-01-26 15:09:19,853 [WARN] PackLoader:240 - Cannot read IP mode file for STMicroelectronics.X-CUBE-EEPRMA1.5.1.0
2024-01-26 15:09:19,892 [INFO] PopulateThirdPartyThread:66 - Ending populate Thread
2024-01-26 15:09:19,894 [INFO] ThirdParty:1030 - CMSIS Pack Vendor :STMicroelectronics X-CUBE-EEPRMA1 5.1.0
2024-01-26 15:09:19,894 [INFO] LoadServerUpdatesThread:375 - End of LoadServerUpdate Thread
2024-01-26 15:09:20,018 [INFO] CheckServerUpdateThread:120 - End of CheckServer Thread
2024-01-26 15:09:20,563 [WARN] PackLoader:240 - Cannot read IP mode file for STMicroelectronics.X-CUBE-SMBUS.2.1.0
2024-01-26 15:09:20,584 [WARN] PackLoader:240 - Cannot read IP mode file for STMicroelectronics.X-CUBE-TOUCHGFX.4.23.0
2024-01-26 15:09:20,637 [WARN] PackLoader:240 - Cannot read IP mode file for STMicroelectronics.X-CUBE-AZRTOS-F7.1.1.0
2024-01-26 15:09:20,667 [WARN] PackLoader:240 - Cannot read IP mode file for STMicroelectronics.FP-SNS-MOTENV1.4.3.2
2024-01-26 15:09:20,683 [WARN] PackLoader:240 - Cannot read IP mode file for STMicroelectronics.FP-SNS-FLIGHT1.5.0.2
2024-01-26 15:09:20,704 [WARN] PackLoader:240 - Cannot read IP mode file for STMicroelectronics.X-CUBE-DISPLAY.3.0.0
2024-01-26 15:09:20,728 [WARN] PackLoader:240 - Cannot read IP mode file for STMicroelectronics.X-CUBE-BLE1.7.0.0
2024-01-26 15:09:20,751 [WARN] PackLoader:240 - Cannot read IP mode file for emotas.I-CUBE-CANOPEN.1.3.0
2024-01-26 15:09:20,769 [WARN] PackLoader:240 - Cannot read IP mode file for STMicroelectronics.FP-SNS-SMARTAG2.1.2.0
2024-01-26 15:09:20,792 [INFO] LogOutputStream:77 - [STDOUT_REDIRECT] 1 : Invalid condition id : UX_CORESTACK_Condition cause : null
2024-01-26 15:09:20,793 [INFO] LogOutputStream:77 - [STDOUT_REDIRECT] 1 : Invalid condition id : UX_CORESTACK_Condition cause : null
2024-01-26 15:09:20,793 [INFO] LogOutputStream:77 - [STDOUT_REDIRECT] 1 : Invalid condition id : UX_CORESTACK_Condition cause : null
2024-01-26 15:09:20,793 [INFO] LogOutputStream:77 - [STDOUT_REDIRECT] 1 : Invalid condition id : UX_CORESTACK_Condition cause : null
2024-01-26 15:09:20,794 [INFO] LogOutputStream:77 - [STDOUT_REDIRECT] 1 : Invalid condition id : UX_CORESTACK_Condition cause : null
2024-01-26 15:09:20,800 [WARN] PackLoader:240 - Cannot read IP mode file for STMicroelectronics.X-CUBE-AZRTOS-WL.2.0.0
2024-01-26 15:09:20,811 [WARN] PackLoader:240 - Cannot read IP mode file for WES.I-CUBE-Cesium.1.3.0
2024-01-26 15:09:20,825 [WARN] PackLoader:240 - Cannot read IP mode file for STMicroelectronics.X-CUBE-BLE2.3.3.0
2024-01-26 15:09:20,840 [WARN] PackLoader:240 - Cannot read IP mode file for STMicroelectronics.X-CUBE-ALGOBUILD.1.3.0
2024-01-26 15:09:20,863 [WARN] PackLoader:240 - Cannot read IP mode file for STMicroelectronics.X-CUBE-AZRTOS-G0.1.1.0
2024-01-26 15:09:20,899 [WARN] PackLoader:240 - Cannot read IP mode file for STMicroelectronics.X-CUBE-NFC4.3.0.0
2024-01-26 15:09:20,944 [WARN] PackLoader:240 - Cannot read IP mode file for STMicroelectronics.X-CUBE-BLEMGR.3.0.0
2024-01-26 15:09:20,958 [WARN] PackLoader:240 - Cannot read IP mode file for STMicroelectronics.FP-ATR-SIGFOX1.3.2.0
2024-01-26 15:09:20,967 [WARN] PackLoader:240 - Cannot read IP mode file for STMicroelectronics.X-CUBE-EEPRMA1.5.1.0
2024-01-26 15:09:21,041 [WARN] PackLoader:240 - Cannot read IP mode file for SEGGER.I-CUBE-embOS.1.3.1
2024-01-26 15:09:21,086 [WARN] PackLoader:240 - Cannot read IP mode file for STMicroelectronics.X-CUBE-GNSS1.6.0.0
2024-01-26 15:09:21,125 [WARN] PackLoader:240 - Cannot read IP mode file for STMicroelectronics.X-CUBE-AZRTOS-F4.1.1.0
2024-01-26 15:09:21,156 [WARN] PackLoader:240 - Cannot read IP mode file for wolfSSL.I-CUBE-wolfSSL.5.6.6
2024-01-26 15:09:21,184 [WARN] PackLoader:240 - Cannot read IP mode file for STMicroelectronics.X-CUBE-AZRTOS-L5.2.0.0
2024-01-26 15:09:21,201 [WARN] PackLoader:240 - Cannot read IP mode file for STMicroelectronics.X-CUBE-EEPRMA1.4.2.0
2024-01-26 15:09:21,207 [WARN] PackLoader:240 - Cannot read IP mode file for ITTIA_DB.I-CUBE-ITTIADB.8.8.0
2024-01-26 15:09:21,213 [WARN] PackLoader:240 - Cannot read IP mode file for STMicroelectronics.X-CUBE-NFC7.1.0.1
2024-01-26 15:09:21,241 [WARN] PackLoader:240 - Cannot read IP mode file for STMicroelectronics.X-CUBE-NFC6.3.0.0
2024-01-26 15:09:21,250 [WARN] PackLoader:240 - Cannot read IP mode file for STMicroelectronics.X-CUBE-AI.8.1.0
2024-01-26 15:09:21,277 [WARN] ConditionMgr:438 - getConditionDescription Invalid condition id : LAN8742 Phy interface Condition cause : null
2024-01-26 15:09:21,279 [WARN] PackLoader:240 - Cannot read IP mode file for STMicroelectronics.X-CUBE-AZRTOS-L4.2.0.0
2024-01-26 15:09:21,289 [WARN] ConditionMgr:1039 - genDependencies : Invalid condition id : LAN8742 Phy interface Condition cause : null
2024-01-26 15:09:21,289 [WARN] ConditionMgr:1039 - genDependencies : Invalid condition id : LAN8742 Phy interface Condition cause : null
2024-01-26 15:09:21,291 [WARN] ConditionMgr:1039 - genDependencies : Invalid condition id : LAN8742 Phy interface Condition cause : null
2024-01-26 15:09:21,301 [WARN] PackLoader:240 - Cannot read IP mode file for STMicroelectronics.X-CUBE-SFXS2LP1.4.0.0
2024-01-26 15:09:21,318 [WARN] ConditionMgr:438 - getConditionDescription Invalid condition id : UX DEVICE CLASS RTOS Condition cause : null
2024-01-26 15:09:21,319 [WARN] ConditionMgr:438 - getConditionDescription Invalid condition id : UX DEVICE CLASS RTOS Condition cause : null
2024-01-26 15:09:21,323 [WARN] PackLoader:240 - Cannot read IP mode file for STMicroelectronics.X-CUBE-AZRTOS-WB.2.0.0
2024-01-26 15:09:21,325 [WARN] ConditionMgr:1039 - genDependencies : Invalid condition id : UX DEVICE CLASS RTOS Condition cause : null
2024-01-26 15:09:21,325 [WARN] ConditionMgr:1039 - genDependencies : Invalid condition id : UX DEVICE CLASS RTOS Condition cause : null
2024-01-26 15:09:21,326 [WARN] ConditionMgr:1039 - genDependencies : Invalid condition id : UX DEVICE CLASS RTOS Condition cause : null
2024-01-26 15:09:21,327 [WARN] ConditionMgr:1039 - genDependencies : Invalid condition id : UX DEVICE CLASS RTOS Condition cause : null
2024-01-26 15:09:21,327 [WARN] ConditionMgr:1039 - genDependencies : Invalid condition id : UX DEVICE CLASS RTOS Condition cause : null
2024-01-26 15:09:21,353 [WARN] PackLoader:240 - Cannot read IP mode file for STMicroelectronics.X-CUBE-SUBG2.5.0.0
2024-01-26 15:09:21,388 [WARN] PackLoader:240 - Cannot read IP mode file for STMicroelectronics.X-CUBE-AZRTOS-G4.2.0.0
2024-01-26 15:09:21,424 [WARN] PackLoader:240 - Cannot read IP mode file for Infineon.AIROC-Wi-Fi-Bluetooth-STM32.1.5.1
2024-01-26 15:09:21,449 [WARN] PackLoader:240 - Cannot read IP mode file for STMicroelectronics.FP-SNS-MOTENVWB1.1.3.1
2024-01-26 15:09:21,457 [WARN] PackLoader:240 - Cannot read IP mode file for STMicroelectronics.X-CUBE-ISPU.2.0.0
2024-01-26 15:09:21,534 [WARN] PackLoader:240 - Cannot read IP mode file for STMicroelectronics.X-CUBE-MEMS1.10.0.0
2024-01-26 15:09:21,653 [WARN] PackLoader:240 - Cannot read IP mode file for STMicroelectronics.X-CUBE-FREERTOS.1.1.0
2024-01-26 15:09:21,662 [WARN] PackLoader:240 - Cannot read IP mode file for portGmbH.I-Cube-SoM-uGOAL.1.1.0
2024-01-26 15:09:21,667 [WARN] PackLoader:240 - Cannot read IP mode file for STMicroelectronics.X-CUBE-ALS.1.0.1
2024-01-26 15:09:21,670 [WARN] PackLoader:240 - Cannot read IP mode file for STMicroelectronics.FP-ATR-ASTRA1.2.0.0
2024-01-26 15:09:21,683 [WARN] PackLoader:240 - Cannot read IP mode file for STMicroelectronics.X-CUBE-TOF1.3.4.0
2024-01-26 15:09:21,720 [WARN] PackLoader:240 - Cannot read IP mode file for STMicroelectronics.X-CUBE-AZRTOS-H7.3.2.0
2024-01-26 15:09:21,734 [INFO] ThirdParty:978 - Integrity check success = true
2024-01-26 15:09:21,735 [INFO] IntegrityCheckThread:100 - exiting critical section [integrity check]
2024-01-26 15:09:21,735 [INFO] IntegrityCheckThread:103 - End integrity checks thread
2024-01-26 15:09:21,780 [INFO] WebApp:161 - Instantiating new browser for Auth
2024-01-26 15:09:23,013 [INFO] WebApp:780 - Register for checkConnection events
2024-01-26 15:09:23,013 [INFO] WebApp:414 - Apply proxy settings
2024-01-26 15:09:23,021 [INFO] WebApp:459 - Chromium authenticates against Manually configured proxy
2024-01-26 15:09:23,052 [INFO] WebApp:467 - Username used for proxy authentication: 
2024-01-26 15:09:23,207 [INFO] WebApp:192 - Starting web application
2024-01-26 15:09:23,207 [INFO] WebApp:544 - Web application path used /Applications/STM32CubeIDE.app/Contents/Eclipse/plugins/com.st.stm32cube.common.mx_6.10.0.202311202037/db/plugins/mcufinder/reactClient1/index.html
2024-01-26 15:09:44,719 [ERROR] LogOutputStream:75 - [STDERR_REDIRECT] SLF4J: Failed to load class "org.slf4j.impl.StaticLoggerBinder".
2024-01-26 15:09:44,720 [ERROR] LogOutputStream:75 - [STDERR_REDIRECT] SLF4J: Defaulting to no-operation (NOP) logger implementation
2024-01-26 15:09:44,721 [ERROR] LogOutputStream:75 - [STDERR_REDIRECT] SLF4J: See http://www.slf4j.org/codes.html#StaticLoggerBinder for further details.
2024-01-26 15:14:34,515 [INFO] McuFinderGlobals:63 - Set McuFinder mode to 2 (CubeIDE integrated)
2024-01-26 15:14:34,520 [INFO] MainUpdater:2873 - connection check result : 10
2024-01-26 15:14:34,523 [INFO] McuFinderGlobals:76 - Set McuFinderConnectedMode to true
2024-01-26 15:14:34,955 [INFO] ServerAccessManage:473 - Download File mcusAds.json._tmp_
2024-01-26 15:14:35,070 [INFO] LoadUrlFilesThread:156 - End of LoadUrlFiles Thread
2024-01-26 15:14:35,214 [INFO] ServerAccessManage:473 - Download File cube-finder-db.zip
2024-01-26 15:14:38,083 [INFO] FileExtend:240 - Unzip File : cube-finder-db.zip
2024-01-26 15:14:38,087 [INFO] FileExtend:255 - Standard Zip Deflate
2024-01-26 15:14:38,724 [INFO] LoadUrlFilesThread:156 - End of LoadUrlFiles Thread
2024-01-26 15:14:39,474 [INFO] ServerAccessManage:473 - Download File crdb.zip
2024-01-26 15:14:40,187 [INFO] FileExtend:240 - Unzip File : crdb.zip
2024-01-26 15:14:40,191 [INFO] FileExtend:255 - Standard Zip Deflate
2024-01-26 15:14:40,320 [INFO] LoadUrlFilesThread:156 - End of LoadUrlFiles Thread
2024-01-26 15:14:40,411 [INFO] ServerAccessManage:473 - Download File tutoVideoDB.zip
2024-01-26 15:14:40,426 [INFO] FileExtend:240 - Unzip File : tutoVideoDB.zip
2024-01-26 15:14:40,426 [INFO] FileExtend:255 - Standard Zip Deflate
2024-01-26 15:14:40,537 [INFO] LoadUrlFilesThread:156 - End of LoadUrlFiles Thread
2024-01-26 15:14:40,544 [WARN] DbFile:41 - Overriding database path with different value: /Users/romeluis/.stmcufinder/plugins/mcufinder/ => /Users/romeluis/.stmcufinder/plugins/mcufinder
2024-01-26 15:14:40,668 [INFO] ServerAccessManage:473 - Download File api_config.json
2024-01-26 15:14:40,778 [INFO] LoadUrlFilesThread:156 - End of LoadUrlFiles Thread
2024-01-26 15:14:40,780 [INFO] DbMcusAds:53 - JSON generation date=Wed Nov 29 05:52:27 EST 2023 (1701255147200)
2024-01-26 15:14:40,830 [INFO] LoadUrlFilesThread:185 - End of LoadServerUrlFiles without Thread
2024-01-26 15:14:40,831 [INFO] TargetSelectorAdapter:259 - Refresh data is successful
2024-01-26 15:14:41,056 [INFO] ApiDb:581 - Connected to CubeFinder SQLite database (/Users/romeluis/.stmcufinder/plugins/mcufinder/mcu/cube-finder-db.db)
2024-01-26 15:14:41,118 [INFO] ApiDb:668 - CubeFinder database Data Model version=2.1
2024-01-26 15:14:41,118 [INFO] ApiDb:669 - CubeFinder database Configuration version=3.0.39
2024-01-26 15:14:41,119 [INFO] ApiDb:670 - CubeFinder database generation date=2024-01-11 (1704964531)
2024-01-26 15:14:41,119 [INFO] ApiDb:671 - CubeFinder database FW Pack versions=[FP-ATR-ASTRA1_V2.0.0, FP-SNS-FLIGHT1_V5.0.1, FP-SNS-FLIGHT1_V5.0.2, FP-SNS-MOTENV1_V4.3.1, FP-SNS-MOTENV1_V4.3.2, FP-SNS-MOTENVWB1_V1.3.1, FP-SNS-SMARTAG2_V1.2.0, STM32Cube_FW_C0_V1.1.0, STM32Cube_FW_F4_V1.28.0, STM32Cube_FW_F7_V1.17.0, STM32Cube_FW_G0_V1.6.2, STM32Cube_FW_G4_V1.5.2, STM32Cube_FW_H5_V0.5.1, STM32Cube_FW_H5_V1.1.1, STM32Cube_FW_H5_V1.2.0RC2, STM32Cube_FW_H7_V1.11.0, STM32Cube_FW_L0_V1.12.2, STM32Cube_FW_L5_V1.5.0, STM32Cube_FW_U5_V1.3.0RC4, STM32Cube_FW_U5_V1.4.0, STM32Cube_FW_WBA_V1.0.0RC1, STM32Cube_FW_WBA_V1.1.0RC1, STM32Cube_FW_WBA_V1.2.0, STM32Cube_FW_WBA_V1.2.0RC2, STM32Cube_FW_WB_V1.15.0RC1, STM32Cube_FW_WB_V1.16.0, STM32Cube_FW_WB_V1.16.0RC2, STM32Cube_FW_WB_V1.18.0, STM32Cube_FW_WL_V1.3.0, X-CUBE-ALGOBUILD_V1.3.0, X-CUBE-ALS_V1.0.1, X-CUBE-AZRTOS-F4_V1.1.0, X-CUBE-AZRTOS-F7_V1.1.0, X-CUBE-AZRTOS-G0_V1.1.0, X-CUBE-AZRTOS-G4_V2.0.0, X-CUBE-AZRTOS-H7_V3.2.0, X-CUBE-AZRTOS-L4_V1.0.0, X-CUBE-AZRTOS-L4_V2.0.0, X-CUBE-AZRTOS-L5_V1.1.0, X-CUBE-AZRTOS-WB_V2.0.0, X-CUBE-AZRTOS-WL_V2.0.0, X-CUBE-BLE1_V7.0.0, X-CUBE-BLE2_V3.3.0, X-CUBE-BLEMGR_V3.0.0, X-CUBE-EEPRMA1_V4.1.0, X-CUBE-EEPRMA1_V4.2.0, X-CUBE-FREERTOS_V1.1.0, X-CUBE-GNSS1_V6.0.0, X-CUBE-MEMS1_V10.0.0, X-CUBE-MEMS1_V9.1.0, X-CUBE-MEMS1_V9.4.0, X-CUBE-MEMS1_V9.6.0, X-CUBE-NFC4_V3.0.0, X-CUBE-NFC7_V1.0.1, X-CUBE-SFXS2LP1_V4.0.0, X-CUBE-SUBG2_V5.0.0, X-CUBE-TOF1_V3.4.0]
2024-01-26 15:14:42,441 [INFO] ApiDb:240 - Found 371 in-development CPN: [B-G473E-ZEST1S, B-WB1M-WPAN1, B-WL5M-SUBG1, NUCLEO-C031C6, NUCLEO-H503RB, NUCLEO-H563ZI, NUCLEO-U545RE-Q, NUCLEO-U5A5ZJ-Q, NUCLEO-WBA52CG, NUCLEO-WBA55CG, STEVAL-MKBOXPRO, STEVAL-PROTEUS1, STEVAL-STWINBX1, STM320518-EVAL, STM32C0116-DK, STM32C011D6Y3TR, STM32C011D6Y6TR, STM32C011F4P3, STM32C011F4P6, STM32C011F4U3, STM32C011F4U6TR, STM32C011F6P3, STM32C011F6P6, STM32C011F6U3, STM32C011F6U6TR, STM32C011J4M3, STM32C011J4M6, STM32C011J6M3, STM32C011J6M6, STM32C0316-DK, STM32C031C4T3, STM32C031C4T6, STM32C031C4U3, STM32C031C4U6, STM32C031C6T3, STM32C031C6T6, STM32C031C6U3, STM32C031C6U6, STM32C031F4P3, STM32C031F4P6, STM32C031F6P3, STM32C031F6P6, STM32C031G4U3, STM32C031G4U6, STM32C031G6U3, STM32C031G6U6, STM32C031K4T3, STM32C031K4T6, STM32C031K4U3, STM32C031K4U6, STM32C031K6T3, STM32C031K6T6, STM32C031K6U3, STM32C031K6U6, STM32G071K8TXN, STM32G071K8UXN, STM32G081GBU6N, STM32G081KBT6N, STM32G081KBUXN, STM32G0B1CCT6N, STM32G0B1KCT6, STM32G0B1NEY6TR, STM32G0B1RCT6N, STM32G0C1CCT6, STM32G0C1CCT6N, STM32G0C1CCU6N, STM32G0C1CET6N, STM32G0C1CEU6N, STM32G0C1KCT6, STM32G0C1NEY6TR, STM32G0C1RCI6N, STM32G0C1RCT6N, STM32G0C1REI6N, STM32G0C1RET6N, STM32G0C1VCI6, STM32G0C1VEI6, STM32G471CCT6, STM32G471CCU6, STM32G471CET3, STM32G471CET6, STM32G471CEU3, STM32G471CEU6, STM32G471MCT6, STM32G471MET3, STM32G471MET6, STM32G471MEY6TR, STM32G471QCT6, STM32G471QET3, STM32G471RCT6, STM32G471RET3, STM32G471RET6, STM32G471VCH6, STM32G471VCI6, STM32G471VCT6, STM32G471VEH3, STM32G471VEH6, STM32G471VEI3, STM32G471VEI6, STM32G471VET3, STM32G471VET6, STM32G474CCT6, STM32H503CBT6, STM32H503CBU6, STM32H503EBY6TR, STM32H503KBU6, STM32H503RBT6, STM32H562AGI6, STM32H562AII6, STM32H562IGK6, STM32H562IGT6, STM32H562IIK6, STM32H562IIT6, STM32H562RGT6, STM32H562RGV6, STM32H562RIT6, STM32H562RIV6, STM32H562VGT6, STM32H562VIT6, STM32H562ZGT6, STM32H562ZIT6, STM32H563AGI6, STM32H563AII3Q, STM32H563AII6, STM32H563IGK6, STM32H563IGT6, STM32H563IIK3Q, STM32H563IIK6, STM32H563IIT3Q, STM32H563IIT6, STM32H563MIY3QTR, STM32H563RGT6, STM32H563RGV6, STM32H563RIT6, STM32H563RIV6, STM32H563VGT6, STM32H563VIT3Q, STM32H563VIT6, STM32H563ZGT6, STM32H563ZIT3Q, STM32H563ZIT6, STM32H573AII3Q, STM32H573AII6, STM32H573I-DK, STM32H573IIK3Q, STM32H573IIK6, STM32H573IIT3Q, STM32H573IIT6, STM32H573MIY3QTR, STM32H573RIT6, STM32H573RIV6, STM32H573VIT3Q, STM32H573VIT6, STM32H573ZIT3Q, STM32H573ZIT6, STM32L4R5QGI6STR, STM32MP131AAE3, STM32MP131AAF3, STM32MP131AAG3, STM32MP131CAE3, STM32MP131CAF3, STM32MP131CAG3, STM32MP131DAE7, STM32MP131DAF7, STM32MP131DAG7, STM32MP131FAE7, STM32MP131FAF7, STM32MP131FAG7, STM32MP133AAE3, STM32MP133AAF3, STM32MP133AAG3, STM32MP133CAE3, STM32MP133CAF3, STM32MP133CAG3, STM32MP133DAE7, STM32MP133DAF7, STM32MP133DAG7, STM32MP133FAE7, STM32MP133FAF7, STM32MP133FAG7, STM32MP135AAE3, STM32MP135AAF3, STM32MP135AAG3, STM32MP135CAE3, STM32MP135CAF3, STM32MP135CAG3, STM32MP135DAE7, STM32MP135DAF7, STM32MP135DAG7, STM32MP135F-DK, STM32MP135FAE7, STM32MP135FAF7, STM32MP135FAF7T, STM32MP135FAF7U, STM32MP135FAG7, STM32U535CBT6, STM32U535CBT6Q, STM32U535CBU6, STM32U535CBU6Q, STM32U535CCT6, STM32U535CCT6Q, STM32U535CCU6, STM32U535CCU6Q, STM32U535CET6, STM32U535CET6Q, STM32U535CEU6, STM32U535CEU6Q, STM32U535JEY6QTR, STM32U535NCY6QTR, STM32U535NEY6QTR, STM32U535RBI6, STM32U535RBI6Q, STM32U535RBT6, STM32U535RBT6Q, STM32U535RCI6, STM32U535RCI6Q, STM32U535RCT6, STM32U535RCT6Q, STM32U535REI6, STM32U535REI6Q, STM32U535RET6, STM32U535RET6Q, STM32U535VCI6, STM32U535VCI6Q, STM32U535VCT6, STM32U535VCT6Q, STM32U535VEI6, STM32U535VEI6Q, STM32U535VET6, STM32U535VET6Q, STM32U545CET6, STM32U545CET6Q, STM32U545CEU6, STM32U545CEU6Q, STM32U545JEY6QTR, STM32U545NEY6QTR, STM32U545REI6, STM32U545REI6Q, STM32U545RET6, STM32U545RET6Q, STM32U545VEI6, STM32U545VEI6Q, STM32U545VET6, STM32U545VET6Q, STM32U595AIH6, STM32U595AIH6Q, STM32U595AJH6, STM32U595AJH6Q, STM32U595QII6, STM32U595QII6Q, STM32U595QJI6, STM32U595QJI6Q, STM32U595RIT6, STM32U595RIT6Q, STM32U595RJT6, STM32U595RJT6Q, STM32U595VIT6, STM32U595VIT6Q, STM32U595VJT6, STM32U595VJT6Q, STM32U595ZIT6, STM32U595ZIT6Q, STM32U595ZIY6QTR, STM32U595ZJT6, STM32U595ZJT6Q, STM32U595ZJY6QTR, STM32U599BJY6QTR, STM32U599NIH6Q, STM32U599NJH6Q, STM32U599VIT6Q, STM32U599VJT6, STM32U599VJT6Q, STM32U599ZIT6Q, STM32U599ZIY6QTR, STM32U599ZJT6Q, STM32U599ZJY6QTR, STM32U5A5AJH6, STM32U5A5AJH6Q, STM32U5A5QJI6, STM32U5A5QJI6Q, STM32U5A5RJT6, STM32U5A5RJT6Q, STM32U5A5VJT6, STM32U5A5VJT6Q, STM32U5A5ZJT6, STM32U5A5ZJT6Q, STM32U5A5ZJY6QTR, STM32U5A9BJY6QTR, STM32U5A9J-DK, STM32U5A9NJH6Q, STM32U5A9VJT6Q, STM32U5A9ZJT6Q, STM32U5A9ZJY6QTR, STM32U5F7VIT6, STM32U5F7VIT6Q, STM32U5F7VJT6, STM32U5F7VJT6Q, STM32U5F9BJY6QTR, STM32U5F9NJH6Q, STM32U5F9VIT6Q, STM32U5F9VJT6Q, STM32U5F9ZIJ6QTR, STM32U5F9ZIT6Q, STM32U5F9ZJJ6QTR, STM32U5F9ZJT6Q, STM32U5G7VJT6, STM32U5G7VJT6Q, STM32U5G9BJY6QTR, STM32U5G9J-DK1, STM32U5G9J-DK2, STM32U5G9NJH6Q, STM32U5G9VJT6Q, STM32U5G9ZJJ6QTR, STM32U5G9ZJT6Q, STM32WB1MMCH6, STM32WBA50KEU6, STM32WBA50KEU6TR, STM32WBA50KGU6, STM32WBA50KGU6TR, STM32WBA52CEU6, STM32WBA52CEU6TR, STM32WBA52CEU7, STM32WBA52CEU7TR, STM32WBA52CGU6, STM32WBA52CGU6TR, STM32WBA52CGU6U, STM32WBA52CGU7, STM32WBA52CGU7TR, STM32WBA52KEU6, STM32WBA52KEU6TR, STM32WBA52KGU6, STM32WBA52KGU6TR, STM32WBA54CEU6, STM32WBA54CEU6TR, STM32WBA54CEU7, STM32WBA54CEU7TR, STM32WBA54CGU6, STM32WBA54CGU6TR, STM32WBA54CGU7, STM32WBA54CGU7TR, STM32WBA54KEU6, STM32WBA54KEU6TR, STM32WBA54KEU7, STM32WBA54KEU7TR, STM32WBA54KGU6, STM32WBA54KGU6TR, STM32WBA54KGU7, STM32WBA54KGU7TR, STM32WBA55CEU6, STM32WBA55CEU6TR, STM32WBA55CEU7, STM32WBA55CEU7TR, STM32WBA55CGU6, STM32WBA55CGU6TR, STM32WBA55CGU6U, STM32WBA55CGU7, STM32WBA55CGU7TR, STM32WBA55G-DK1, STM32WBA55HEF6, STM32WBA55HEF7, STM32WBA55HGF6, STM32WBA55HGF7, STM32WBA55UEI6, STM32WBA55UEI6TR, STM32WBA55UEI7, STM32WBA55UEI7TR, STM32WBA55UGI6, STM32WBA55UGI6TR, STM32WBA55UGI7, STM32WBA55UGI7TR, STM32WL5MOCH6, STM32WL5MOCH6TR]
2024-01-26 15:14:42,445 [INFO] DbMcus:218 - Found 3930 MCUs, 3930 are supported
2024-01-26 15:14:42,446 [INFO] ApiDb:423 - Load user favorites file /Users/romeluis/.stm32cubeide/favorites.mcus.txt: 0 item(s)
2024-01-26 15:14:42,446 [INFO] ApiDb:427 - User favorites MCUs=[]
2024-01-26 15:14:42,446 [INFO] DbMcus:224 - Set 0 / 0 favorites MCUs
2024-01-26 15:14:42,620 [INFO] ApiDb:668 - CubeFinder database Data Model version=2.1
2024-01-26 15:14:42,620 [INFO] ApiDb:669 - CubeFinder database Configuration version=3.0.39
2024-01-26 15:14:42,620 [INFO] ApiDb:670 - CubeFinder database generation date=2024-01-11 (1704964531)
2024-01-26 15:14:42,620 [INFO] ApiDb:671 - CubeFinder database FW Pack versions=[FP-ATR-ASTRA1_V2.0.0, FP-SNS-FLIGHT1_V5.0.1, FP-SNS-FLIGHT1_V5.0.2, FP-SNS-MOTENV1_V4.3.1, FP-SNS-MOTENV1_V4.3.2, FP-SNS-MOTENVWB1_V1.3.1, FP-SNS-SMARTAG2_V1.2.0, STM32Cube_FW_C0_V1.1.0, STM32Cube_FW_F4_V1.28.0, STM32Cube_FW_F7_V1.17.0, STM32Cube_FW_G0_V1.6.2, STM32Cube_FW_G4_V1.5.2, STM32Cube_FW_H5_V0.5.1, STM32Cube_FW_H5_V1.1.1, STM32Cube_FW_H5_V1.2.0RC2, STM32Cube_FW_H7_V1.11.0, STM32Cube_FW_L0_V1.12.2, STM32Cube_FW_L5_V1.5.0, STM32Cube_FW_U5_V1.3.0RC4, STM32Cube_FW_U5_V1.4.0, STM32Cube_FW_WBA_V1.0.0RC1, STM32Cube_FW_WBA_V1.1.0RC1, STM32Cube_FW_WBA_V1.2.0, STM32Cube_FW_WBA_V1.2.0RC2, STM32Cube_FW_WB_V1.15.0RC1, STM32Cube_FW_WB_V1.16.0, STM32Cube_FW_WB_V1.16.0RC2, STM32Cube_FW_WB_V1.18.0, STM32Cube_FW_WL_V1.3.0, X-CUBE-ALGOBUILD_V1.3.0, X-CUBE-ALS_V1.0.1, X-CUBE-AZRTOS-F4_V1.1.0, X-CUBE-AZRTOS-F7_V1.1.0, X-CUBE-AZRTOS-G0_V1.1.0, X-CUBE-AZRTOS-G4_V2.0.0, X-CUBE-AZRTOS-H7_V3.2.0, X-CUBE-AZRTOS-L4_V1.0.0, X-CUBE-AZRTOS-L4_V2.0.0, X-CUBE-AZRTOS-L5_V1.1.0, X-CUBE-AZRTOS-WB_V2.0.0, X-CUBE-AZRTOS-WL_V2.0.0, X-CUBE-BLE1_V7.0.0, X-CUBE-BLE2_V3.3.0, X-CUBE-BLEMGR_V3.0.0, X-CUBE-EEPRMA1_V4.1.0, X-CUBE-EEPRMA1_V4.2.0, X-CUBE-FREERTOS_V1.1.0, X-CUBE-GNSS1_V6.0.0, X-CUBE-MEMS1_V10.0.0, X-CUBE-MEMS1_V9.1.0, X-CUBE-MEMS1_V9.4.0, X-CUBE-MEMS1_V9.6.0, X-CUBE-NFC4_V3.0.0, X-CUBE-NFC7_V1.0.1, X-CUBE-SFXS2LP1_V4.0.0, X-CUBE-SUBG2_V5.0.0, X-CUBE-TOF1_V3.4.0]
2024-01-26 15:14:42,661 [INFO] DbBoardsSqlite:226 - include board P-NUCLEO-WB55-NUCLEO as a kit item of type 'Nucleo-64'
2024-01-26 15:14:42,662 [INFO] DbBoardsSqlite:226 - include board P-NUCLEO-WB55-USBDONGLE as a kit item of type 'Nucleo USB Dongle'
2024-01-26 15:14:42,662 [INFO] DbBoardsSqlite:226 - include board STEVAL-IDP005V1 as a kit item of type 'Evaluation Board'
2024-01-26 15:14:42,662 [INFO] DbBoardsSqlite:226 - include board STEVAL-IDP005V2 as a kit item of type 'Evaluation Board'
2024-01-26 15:14:42,686 [INFO] ApiDb:240 - Found 371 in-development CPN: [B-G473E-ZEST1S, B-WB1M-WPAN1, B-WL5M-SUBG1, NUCLEO-C031C6, NUCLEO-H503RB, NUCLEO-H563ZI, NUCLEO-U545RE-Q, NUCLEO-U5A5ZJ-Q, NUCLEO-WBA52CG, NUCLEO-WBA55CG, STEVAL-MKBOXPRO, STEVAL-PROTEUS1, STEVAL-STWINBX1, STM320518-EVAL, STM32C0116-DK, STM32C011D6Y3TR, STM32C011D6Y6TR, STM32C011F4P3, STM32C011F4P6, STM32C011F4U3, STM32C011F4U6TR, STM32C011F6P3, STM32C011F6P6, STM32C011F6U3, STM32C011F6U6TR, STM32C011J4M3, STM32C011J4M6, STM32C011J6M3, STM32C011J6M6, STM32C0316-DK, STM32C031C4T3, STM32C031C4T6, STM32C031C4U3, STM32C031C4U6, STM32C031C6T3, STM32C031C6T6, STM32C031C6U3, STM32C031C6U6, STM32C031F4P3, STM32C031F4P6, STM32C031F6P3, STM32C031F6P6, STM32C031G4U3, STM32C031G4U6, STM32C031G6U3, STM32C031G6U6, STM32C031K4T3, STM32C031K4T6, STM32C031K4U3, STM32C031K4U6, STM32C031K6T3, STM32C031K6T6, STM32C031K6U3, STM32C031K6U6, STM32G071K8TXN, STM32G071K8UXN, STM32G081GBU6N, STM32G081KBT6N, STM32G081KBUXN, STM32G0B1CCT6N, STM32G0B1KCT6, STM32G0B1NEY6TR, STM32G0B1RCT6N, STM32G0C1CCT6, STM32G0C1CCT6N, STM32G0C1CCU6N, STM32G0C1CET6N, STM32G0C1CEU6N, STM32G0C1KCT6, STM32G0C1NEY6TR, STM32G0C1RCI6N, STM32G0C1RCT6N, STM32G0C1REI6N, STM32G0C1RET6N, STM32G0C1VCI6, STM32G0C1VEI6, STM32G471CCT6, STM32G471CCU6, STM32G471CET3, STM32G471CET6, STM32G471CEU3, STM32G471CEU6, STM32G471MCT6, STM32G471MET3, STM32G471MET6, STM32G471MEY6TR, STM32G471QCT6, STM32G471QET3, STM32G471RCT6, STM32G471RET3, STM32G471RET6, STM32G471VCH6, STM32G471VCI6, STM32G471VCT6, STM32G471VEH3, STM32G471VEH6, STM32G471VEI3, STM32G471VEI6, STM32G471VET3, STM32G471VET6, STM32G474CCT6, STM32H503CBT6, STM32H503CBU6, STM32H503EBY6TR, STM32H503KBU6, STM32H503RBT6, STM32H562AGI6, STM32H562AII6, STM32H562IGK6, STM32H562IGT6, STM32H562IIK6, STM32H562IIT6, STM32H562RGT6, STM32H562RGV6, STM32H562RIT6, STM32H562RIV6, STM32H562VGT6, STM32H562VIT6, STM32H562ZGT6, STM32H562ZIT6, STM32H563AGI6, STM32H563AII3Q, STM32H563AII6, STM32H563IGK6, STM32H563IGT6, STM32H563IIK3Q, STM32H563IIK6, STM32H563IIT3Q, STM32H563IIT6, STM32H563MIY3QTR, STM32H563RGT6, STM32H563RGV6, STM32H563RIT6, STM32H563RIV6, STM32H563VGT6, STM32H563VIT3Q, STM32H563VIT6, STM32H563ZGT6, STM32H563ZIT3Q, STM32H563ZIT6, STM32H573AII3Q, STM32H573AII6, STM32H573I-DK, STM32H573IIK3Q, STM32H573IIK6, STM32H573IIT3Q, STM32H573IIT6, STM32H573MIY3QTR, STM32H573RIT6, STM32H573RIV6, STM32H573VIT3Q, STM32H573VIT6, STM32H573ZIT3Q, STM32H573ZIT6, STM32L4R5QGI6STR, STM32MP131AAE3, STM32MP131AAF3, STM32MP131AAG3, STM32MP131CAE3, STM32MP131CAF3, STM32MP131CAG3, STM32MP131DAE7, STM32MP131DAF7, STM32MP131DAG7, STM32MP131FAE7, STM32MP131FAF7, STM32MP131FAG7, STM32MP133AAE3, STM32MP133AAF3, STM32MP133AAG3, STM32MP133CAE3, STM32MP133CAF3, STM32MP133CAG3, STM32MP133DAE7, STM32MP133DAF7, STM32MP133DAG7, STM32MP133FAE7, STM32MP133FAF7, STM32MP133FAG7, STM32MP135AAE3, STM32MP135AAF3, STM32MP135AAG3, STM32MP135CAE3, STM32MP135CAF3, STM32MP135CAG3, STM32MP135DAE7, STM32MP135DAF7, STM32MP135DAG7, STM32MP135F-DK, STM32MP135FAE7, STM32MP135FAF7, STM32MP135FAF7T, STM32MP135FAF7U, STM32MP135FAG7, STM32U535CBT6, STM32U535CBT6Q, STM32U535CBU6, STM32U535CBU6Q, STM32U535CCT6, STM32U535CCT6Q, STM32U535CCU6, STM32U535CCU6Q, STM32U535CET6, STM32U535CET6Q, STM32U535CEU6, STM32U535CEU6Q, STM32U535JEY6QTR, STM32U535NCY6QTR, STM32U535NEY6QTR, STM32U535RBI6, STM32U535RBI6Q, STM32U535RBT6, STM32U535RBT6Q, STM32U535RCI6, STM32U535RCI6Q, STM32U535RCT6, STM32U535RCT6Q, STM32U535REI6, STM32U535REI6Q, STM32U535RET6, STM32U535RET6Q, STM32U535VCI6, STM32U535VCI6Q, STM32U535VCT6, STM32U535VCT6Q, STM32U535VEI6, STM32U535VEI6Q, STM32U535VET6, STM32U535VET6Q, STM32U545CET6, STM32U545CET6Q, STM32U545CEU6, STM32U545CEU6Q, STM32U545JEY6QTR, STM32U545NEY6QTR, STM32U545REI6, STM32U545REI6Q, STM32U545RET6, STM32U545RET6Q, STM32U545VEI6, STM32U545VEI6Q, STM32U545VET6, STM32U545VET6Q, STM32U595AIH6, STM32U595AIH6Q, STM32U595AJH6, STM32U595AJH6Q, STM32U595QII6, STM32U595QII6Q, STM32U595QJI6, STM32U595QJI6Q, STM32U595RIT6, STM32U595RIT6Q, STM32U595RJT6, STM32U595RJT6Q, STM32U595VIT6, STM32U595VIT6Q, STM32U595VJT6, STM32U595VJT6Q, STM32U595ZIT6, STM32U595ZIT6Q, STM32U595ZIY6QTR, STM32U595ZJT6, STM32U595ZJT6Q, STM32U595ZJY6QTR, STM32U599BJY6QTR, STM32U599NIH6Q, STM32U599NJH6Q, STM32U599VIT6Q, STM32U599VJT6, STM32U599VJT6Q, STM32U599ZIT6Q, STM32U599ZIY6QTR, STM32U599ZJT6Q, STM32U599ZJY6QTR, STM32U5A5AJH6, STM32U5A5AJH6Q, STM32U5A5QJI6, STM32U5A5QJI6Q, STM32U5A5RJT6, STM32U5A5RJT6Q, STM32U5A5VJT6, STM32U5A5VJT6Q, STM32U5A5ZJT6, STM32U5A5ZJT6Q, STM32U5A5ZJY6QTR, STM32U5A9BJY6QTR, STM32U5A9J-DK, STM32U5A9NJH6Q, STM32U5A9VJT6Q, STM32U5A9ZJT6Q, STM32U5A9ZJY6QTR, STM32U5F7VIT6, STM32U5F7VIT6Q, STM32U5F7VJT6, STM32U5F7VJT6Q, STM32U5F9BJY6QTR, STM32U5F9NJH6Q, STM32U5F9VIT6Q, STM32U5F9VJT6Q, STM32U5F9ZIJ6QTR, STM32U5F9ZIT6Q, STM32U5F9ZJJ6QTR, STM32U5F9ZJT6Q, STM32U5G7VJT6, STM32U5G7VJT6Q, STM32U5G9BJY6QTR, STM32U5G9J-DK1, STM32U5G9J-DK2, STM32U5G9NJH6Q, STM32U5G9VJT6Q, STM32U5G9ZJJ6QTR, STM32U5G9ZJT6Q, STM32WB1MMCH6, STM32WBA50KEU6, STM32WBA50KEU6TR, STM32WBA50KGU6, STM32WBA50KGU6TR, STM32WBA52CEU6, STM32WBA52CEU6TR, STM32WBA52CEU7, STM32WBA52CEU7TR, STM32WBA52CGU6, STM32WBA52CGU6TR, STM32WBA52CGU6U, STM32WBA52CGU7, STM32WBA52CGU7TR, STM32WBA52KEU6, STM32WBA52KEU6TR, STM32WBA52KGU6, STM32WBA52KGU6TR, STM32WBA54CEU6, STM32WBA54CEU6TR, STM32WBA54CEU7, STM32WBA54CEU7TR, STM32WBA54CGU6, STM32WBA54CGU6TR, STM32WBA54CGU7, STM32WBA54CGU7TR, STM32WBA54KEU6, STM32WBA54KEU6TR, STM32WBA54KEU7, STM32WBA54KEU7TR, STM32WBA54KGU6, STM32WBA54KGU6TR, STM32WBA54KGU7, STM32WBA54KGU7TR, STM32WBA55CEU6, STM32WBA55CEU6TR, STM32WBA55CEU7, STM32WBA55CEU7TR, STM32WBA55CGU6, STM32WBA55CGU6TR, STM32WBA55CGU6U, STM32WBA55CGU7, STM32WBA55CGU7TR, STM32WBA55G-DK1, STM32WBA55HEF6, STM32WBA55HEF7, STM32WBA55HGF6, STM32WBA55HGF7, STM32WBA55UEI6, STM32WBA55UEI6TR, STM32WBA55UEI7, STM32WBA55UEI7TR, STM32WBA55UGI6, STM32WBA55UGI6TR, STM32WBA55UGI7, STM32WBA55UGI7TR, STM32WL5MOCH6, STM32WL5MOCH6TR]
2024-01-26 15:14:42,800 [INFO] BoardInfo:889 - No configuration file found for board P-NUCLEO-WB55
2024-01-26 15:14:42,801 [INFO] DbBoards:161 - Kit is not supported: P-NUCLEO-WB55
2024-01-26 15:14:42,804 [INFO] BoardInfo:889 - No configuration file found for board STEVAL-BFA001V1B
2024-01-26 15:14:42,805 [INFO] DbBoards:161 - Kit is not supported: STEVAL-BFA001V1B
2024-01-26 15:14:42,805 [INFO] BoardInfo:889 - No configuration file found for board STEVAL-BFA001V2B
2024-01-26 15:14:42,805 [INFO] DbBoards:161 - Kit is not supported: STEVAL-BFA001V2B
2024-01-26 15:14:42,910 [INFO] DbBoards:168 - Found 193 boards, 190 are supported
2024-01-26 15:14:42,910 [INFO] DbBoards:169 - Found 193 boards, 3 of them is supported for  Bsp
2024-01-26 15:14:42,912 [INFO] ApiDb:414 - User favorites file not found: /Users/romeluis/.stm32cubeide/favorites.boards.txt
2024-01-26 15:14:42,912 [INFO] DbBoards:198 - Set 0 / 0 favorites Boards
2024-01-26 15:14:42,915 [INFO] ApiDb:668 - CubeFinder database Data Model version=2.1
2024-01-26 15:14:42,915 [INFO] ApiDb:669 - CubeFinder database Configuration version=3.0.39
2024-01-26 15:14:42,915 [INFO] ApiDb:670 - CubeFinder database generation date=2024-01-11 (1704964531)
2024-01-26 15:14:42,915 [INFO] ApiDb:671 - CubeFinder database FW Pack versions=[FP-ATR-ASTRA1_V2.0.0, FP-SNS-FLIGHT1_V5.0.1, FP-SNS-FLIGHT1_V5.0.2, FP-SNS-MOTENV1_V4.3.1, FP-SNS-MOTENV1_V4.3.2, FP-SNS-MOTENVWB1_V1.3.1, FP-SNS-SMARTAG2_V1.2.0, STM32Cube_FW_C0_V1.1.0, STM32Cube_FW_F4_V1.28.0, STM32Cube_FW_F7_V1.17.0, STM32Cube_FW_G0_V1.6.2, STM32Cube_FW_G4_V1.5.2, STM32Cube_FW_H5_V0.5.1, STM32Cube_FW_H5_V1.1.1, STM32Cube_FW_H5_V1.2.0RC2, STM32Cube_FW_H7_V1.11.0, STM32Cube_FW_L0_V1.12.2, STM32Cube_FW_L5_V1.5.0, STM32Cube_FW_U5_V1.3.0RC4, STM32Cube_FW_U5_V1.4.0, STM32Cube_FW_WBA_V1.0.0RC1, STM32Cube_FW_WBA_V1.1.0RC1, STM32Cube_FW_WBA_V1.2.0, STM32Cube_FW_WBA_V1.2.0RC2, STM32Cube_FW_WB_V1.15.0RC1, STM32Cube_FW_WB_V1.16.0, STM32Cube_FW_WB_V1.16.0RC2, STM32Cube_FW_WB_V1.18.0, STM32Cube_FW_WL_V1.3.0, X-CUBE-ALGOBUILD_V1.3.0, X-CUBE-ALS_V1.0.1, X-CUBE-AZRTOS-F4_V1.1.0, X-CUBE-AZRTOS-F7_V1.1.0, X-CUBE-AZRTOS-G0_V1.1.0, X-CUBE-AZRTOS-G4_V2.0.0, X-CUBE-AZRTOS-H7_V3.2.0, X-CUBE-AZRTOS-L4_V1.0.0, X-CUBE-AZRTOS-L4_V2.0.0, X-CUBE-AZRTOS-L5_V1.1.0, X-CUBE-AZRTOS-WB_V2.0.0, X-CUBE-AZRTOS-WL_V2.0.0, X-CUBE-BLE1_V7.0.0, X-CUBE-BLE2_V3.3.0, X-CUBE-BLEMGR_V3.0.0, X-CUBE-EEPRMA1_V4.1.0, X-CUBE-EEPRMA1_V4.2.0, X-CUBE-FREERTOS_V1.1.0, X-CUBE-GNSS1_V6.0.0, X-CUBE-MEMS1_V10.0.0, X-CUBE-MEMS1_V9.1.0, X-CUBE-MEMS1_V9.4.0, X-CUBE-MEMS1_V9.6.0, X-CUBE-NFC4_V3.0.0, X-CUBE-NFC7_V1.0.1, X-CUBE-SFXS2LP1_V4.0.0, X-CUBE-SUBG2_V5.0.0, X-CUBE-TOF1_V3.4.0]
2024-01-26 15:14:43,899 [ERROR] DbExamplesSqlite:437 - Missing JSON key: board_cpn
2024-01-26 15:14:43,902 [ERROR] DbExamplesSqlite:437 - Missing JSON key: board_cpn
2024-01-26 15:14:43,902 [ERROR] DbExamplesSqlite:437 - Missing JSON key: board_cpn
2024-01-26 15:14:43,902 [ERROR] DbExamplesSqlite:437 - Missing JSON key: board_cpn
2024-01-26 15:14:43,952 [INFO] DbExamplesSqlite:395 - Ignored 55 examples not supported by CubeIDE
2024-01-26 15:14:43,953 [INFO] DbExamplesSqlite:396 - Found 7560 examples active
2024-01-26 15:14:43,953 [INFO] DbExamplesSqlite:397 - Found 844 examples obsolete
2024-01-26 15:14:43,953 [INFO] DbExamplesSqlite:398 - Found 0 examples under development
2024-01-26 15:14:43,954 [INFO] DbExamplesSqlite:399 - Found 8 examples not building
2024-01-26 15:14:43,961 [INFO] DbExamples:125 - Found 7513 examples
2024-01-26 15:14:43,982 [INFO] DbExamples:222 - Found 95 boards with related examples
2024-01-26 15:14:43,983 [INFO] DbExamples:235 - Found 80 MCUs with related examples
2024-01-26 15:14:44,005 [INFO] ApiDb:414 - User favorites file not found: /Users/romeluis/.stm32cubeide/favorites.examples.txt
2024-01-26 15:14:44,006 [INFO] DbExamples:250 - Set 0 / 0 favorites Examples
2024-01-26 15:14:44,406 [INFO] McuFinderGlobals:76 - Set McuFinderConnectedMode to true
2024-01-26 15:14:44,418 [INFO] MultiScanPanel:200 - Auto-refresh data requested => check proxy status ongoing
2024-01-26 15:14:44,420 [INFO] FinderPluginLoader:95 - Searching for filters in installed packs
2024-01-26 15:14:46,171 [INFO] LoadUrlFilesThread:185 - End of LoadServerUrlFiles without Thread
2024-01-26 15:14:46,203 [INFO] DetailPanel:341 - Set advertising image to /Users/romeluis/STM32Cube/Repository//en.prom-stm32wl3-mcu-finder.jpg
2024-01-26 15:14:58,141 [INFO] MainUpdater:2873 - connection check result : 10
2024-01-26 15:14:58,143 [INFO] MainUpdater:2873 - connection check result : 10
2024-01-26 15:14:59,132 [INFO] MicroXplorer:468 - Change Database Path : 
2024-01-26 15:14:59,132 [INFO] MicroXplorer:498 - Change Database Version : DB.6.0.100
2024-01-26 15:14:59,137 [WARN] ThirdParty:871 - waiting for thirdparty lock release [close project]
2024-01-26 15:14:59,137 [INFO] ThirdParty:873 - entering critical section [close project]
2024-01-26 15:14:59,146 [INFO] ThirdParty:883 - exiting critical section [close project]
2024-01-26 15:14:59,154 [INFO] PinOutPanel:1499 - setPackage(No Configuration,No Configuration)
2024-01-26 15:14:59,174 [INFO] UtilMem:75 - Begin LoadConfig() Used Memory: 790170216 Bytes (1073741824)
2024-01-26 15:14:59,209 [INFO] MicroXplorer:468 - Change Database Path : /Users/romeluis/.stm32cubemx/databases/DB.6.0.60/db/
2024-01-26 15:14:59,210 [INFO] MicroXplorer:498 - Change Database Version : DB.6.0.60
2024-01-26 15:15:02,126 [INFO] MicroXplorer:468 - Change Database Path : 
2024-01-26 15:15:02,130 [INFO] MicroXplorer:498 - Change Database Version : DB.6.0.100
2024-01-26 15:15:02,133 [INFO] OpenFileManager:312 - Change cursor
2024-01-26 15:15:02,419 [INFO] Mcu:2016 - Initializing MCU STM32F446Z(C-E)Tx STM32F446ZETx STM32F446ZET6
2024-01-26 15:15:06,486 [INFO] Context:659 - Trying to add GPIOservice into a context  which must be forbidden
2024-01-26 15:15:08,114 [INFO] Rule:228 - rule WakeUp0 Mode is applicable
2024-01-26 15:15:08,118 [INFO] Rule:228 - rule WakeUp0 SIGNAL is applicable
2024-01-26 15:15:08,118 [INFO] Rule:228 - rule WakeUp1 Mode is applicable
2024-01-26 15:15:08,119 [INFO] Rule:228 - rule WakeUp1 SIGNAL is applicable
2024-01-26 15:15:08,119 [INFO] Rule:228 - rule WakeUp2 Mode is applicable
2024-01-26 15:15:08,120 [INFO] Rule:228 - rule WakeUp2 SIGNAL is applicable
2024-01-26 15:15:08,121 [INFO] Rule:228 - rule WakeUp4 Mode is applicable
2024-01-26 15:15:08,123 [INFO] Rule:228 - rule WakeUp4 SIGNAL is applicable
2024-01-26 15:15:08,128 [INFO] Rule:228 - rule WakeUp5 Mode is applicable
2024-01-26 15:15:08,128 [INFO] Rule:228 - rule WakeUp5 SIGNAL is applicable
2024-01-26 15:15:08,128 [INFO] Rule:228 - rule Change Default Value for LSE Drive Capability for WB family is applicable
2024-01-26 15:15:08,133 [INFO] DbConfProperties:307 - Apply Compatibility (0/11 Rules)
2024-01-26 15:15:08,474 [INFO] RtosManager:555 - Registered RTOS mode: class=CMSIS, group=RTOS, mode=CMSIS_V1, owner=FREERTOS
2024-01-26 15:15:08,475 [INFO] RtosManager:555 - Registered RTOS mode: class=CMSIS, group=RTOS2, mode=CMSIS_V2, owner=FREERTOS
2024-01-26 15:15:08,475 [INFO] RtosManager:555 - Registered RTOS mode: class=RTOS, group=Core, mode=CMSIS_V1, owner=FREERTOS
2024-01-26 15:15:08,475 [INFO] RtosManager:555 - Registered RTOS mode: class=RTOS, group=Core, mode=CMSIS_V2, owner=FREERTOS
2024-01-26 15:15:08,475 [WARN] ModelIntegratedComponent:184 - Missing modes for component STMicroelectronics:FreeRTOS:0.0.1:STMicroelectronics:RTOS:FreeRTOS:Core:::10.2.0:
2024-01-26 15:15:08,530 [WARN] ModelIntegratedComponent:63 - No mode defined for component null
2024-01-26 15:15:08,530 [WARN] ModelIntegratedComponent:63 - No mode defined for component null
2024-01-26 15:15:08,531 [WARN] ModelIntegratedComponent:63 - No mode defined for component null
2024-01-26 15:15:08,531 [WARN] ModelIntegratedComponent:63 - No mode defined for component null
2024-01-26 15:15:08,531 [WARN] ModelIntegratedComponent:63 - No mode defined for component null
2024-01-26 15:15:08,531 [WARN] ModelIntegratedComponent:63 - No mode defined for component null
2024-01-26 15:15:08,531 [WARN] ModelIntegratedComponent:63 - No mode defined for component null
2024-01-26 15:15:08,531 [WARN] ModelIntegratedComponent:63 - No mode defined for component null
2024-01-26 15:15:08,531 [WARN] ModelIntegratedComponent:63 - No mode defined for component null
2024-01-26 15:15:08,531 [WARN] ModelIntegratedComponent:63 - No mode defined for component null
2024-01-26 15:15:08,531 [WARN] ModelIntegratedComponent:63 - No mode defined for component null
2024-01-26 15:15:08,531 [WARN] ModelIntegratedComponent:63 - No mode defined for component null
2024-01-26 15:15:08,531 [WARN] ModelIntegratedComponent:63 - No mode defined for component null
2024-01-26 15:15:08,531 [WARN] ModelIntegratedComponent:63 - No mode defined for component null
2024-01-26 15:15:08,533 [WARN] ModelIntegratedComponent:63 - No mode defined for component null
2024-01-26 15:15:08,535 [WARN] ModelIntegratedComponent:63 - No mode defined for component null
2024-01-26 15:15:08,535 [WARN] ModelIntegratedComponent:63 - No mode defined for component null
2024-01-26 15:15:08,535 [WARN] ModelIntegratedComponent:63 - No mode defined for component null
2024-01-26 15:15:08,535 [WARN] ModelIntegratedComponent:63 - No mode defined for component null
2024-01-26 15:15:08,535 [WARN] ModelIntegratedComponent:63 - No mode defined for component null
2024-01-26 15:15:08,535 [WARN] ModelIntegratedComponent:63 - No mode defined for component null
2024-01-26 15:15:08,535 [WARN] ModelIntegratedComponent:63 - No mode defined for component null
2024-01-26 15:15:08,535 [WARN] ModelIntegratedComponent:63 - No mode defined for component null
2024-01-26 15:15:08,535 [WARN] ModelIntegratedComponent:63 - No mode defined for component null
2024-01-26 15:15:08,535 [WARN] ModelIntegratedComponent:63 - No mode defined for component null
2024-01-26 15:15:08,535 [WARN] ModelIntegratedComponent:63 - No mode defined for component null
2024-01-26 15:15:08,535 [WARN] ModelIntegratedComponent:63 - No mode defined for component null
2024-01-26 15:15:08,535 [WARN] ModelIntegratedComponent:63 - No mode defined for component null
2024-01-26 15:15:08,536 [WARN] ModelIntegratedComponent:63 - No mode defined for component null
2024-01-26 15:15:08,536 [WARN] ModelIntegratedComponent:63 - No mode defined for component null
2024-01-26 15:15:08,536 [WARN] ModelIntegratedComponent:63 - No mode defined for component null
2024-01-26 15:15:08,536 [WARN] ModelIntegratedComponent:63 - No mode defined for component null
2024-01-26 15:15:08,536 [WARN] ModelIntegratedComponent:63 - No mode defined for component null
2024-01-26 15:15:08,668 [INFO] ThirdPartyModel:298 - Start build external matchings
2024-01-26 15:15:08,971 [INFO] ThirdPartyModel:316 - End build external matchings
2024-01-26 15:15:09,042 [INFO] ImportTextPane:194 - (OptionalMessage_ERROR) IP (RCC) : Invalid parameter (48MHZClocksFreq_Value)
2024-01-26 15:15:09,091 [INFO] ImportTextPane:194 - (OptionalMessage_ERROR) IP (RCC) : Invalid parameter (ADC12outputFreq_Value)
2024-01-26 15:15:09,093 [INFO] ImportTextPane:194 - (OptionalMessage_ERROR) IP (RCC) : Invalid parameter (ADC34outputFreq_Value)
2024-01-26 15:15:09,102 [INFO] ImportTextPane:194 - (OptionalMessage_ERROR) IP (RCC) : Invalid parameter (EthernetFreq_Value)
2024-01-26 15:15:09,102 [INFO] ImportTextPane:194 - (OptionalMessage_ERROR) IP (RCC) : Invalid parameter (FamilyName)
2024-01-26 15:15:09,105 [INFO] ImportTextPane:194 - (OptionalMessage_ERROR) IP (RCC) : Invalid parameter (I2C1Freq_Value)
2024-01-26 15:15:09,105 [INFO] ImportTextPane:194 - (OptionalMessage_ERROR) IP (RCC) : Invalid parameter (I2C2Freq_Value)
2024-01-26 15:15:09,105 [INFO] ImportTextPane:194 - (OptionalMessage_ERROR) IP (RCC) : Invalid parameter (I2C3Freq_Value)
2024-01-26 15:15:09,105 [INFO] ImportTextPane:194 - (OptionalMessage_ERROR) IP (RCC) : Invalid parameter (I2SClocksFreq_Value)
2024-01-26 15:15:09,105 [INFO] ImportTextPane:194 - (OptionalMessage_ERROR) IP (RCC) : Invalid parameter (LCDTFTFreq_Value)
2024-01-26 15:15:09,111 [INFO] ImportTextPane:194 - (OptionalMessage_ERROR) IP (RCC) : Parameter (MCO2PinFreq_Value) has invalid value (168000000)
2024-01-26 15:15:09,111 [INFO] ImportTextPane:194 - (OptionalMessage_ERROR) IP (RCC) : Invalid parameter (MCOFreq_Value)
2024-01-26 15:15:09,117 [INFO] ImportTextPane:194 - (OptionalMessage_ERROR) IP (RCC) : Invalid parameter (PLLMCOFreq_Value)
2024-01-26 15:15:09,117 [INFO] ImportTextPane:194 - (OptionalMessage_ERROR) IP (RCC) : Invalid parameter (PLLMUL)
2024-01-26 15:15:09,117 [INFO] ImportTextPane:194 - (OptionalMessage_ERROR) IP (RCC) : Invalid parameter (PRESCALERUSB)
2024-01-26 15:15:09,118 [INFO] ImportTextPane:194 - (OptionalMessage_ERROR) IP (RCC) : Invalid parameter (SAI_AClocksFreq_Value)
2024-01-26 15:15:09,118 [INFO] ImportTextPane:194 - (OptionalMessage_ERROR) IP (RCC) : Invalid parameter (SAI_BClocksFreq_Value)
2024-01-26 15:15:09,118 [INFO] ImportTextPane:194 - (OptionalMessage_ERROR) IP (RCC) : Invalid parameter (SYSCLKSourceVirtual)
2024-01-26 15:15:09,118 [INFO] ImportTextPane:194 - (OptionalMessage_ERROR) IP (RCC) : Invalid parameter (TIM15Freq_Value)
2024-01-26 15:15:09,118 [INFO] ImportTextPane:194 - (OptionalMessage_ERROR) IP (RCC) : Invalid parameter (TIM16Freq_Value)
2024-01-26 15:15:09,118 [INFO] ImportTextPane:194 - (OptionalMessage_ERROR) IP (RCC) : Invalid parameter (TIM17Freq_Value)
2024-01-26 15:15:09,119 [INFO] ImportTextPane:194 - (OptionalMessage_ERROR) IP (RCC) : Invalid parameter (TIM1Freq_Value)
2024-01-26 15:15:09,119 [INFO] ImportTextPane:194 - (OptionalMessage_ERROR) IP (RCC) : Invalid parameter (TIM20Freq_Value)
2024-01-26 15:15:09,119 [INFO] ImportTextPane:194 - (OptionalMessage_ERROR) IP (RCC) : Invalid parameter (TIM2Freq_Value)
2024-01-26 15:15:09,119 [INFO] ImportTextPane:194 - (OptionalMessage_ERROR) IP (RCC) : Invalid parameter (TIM3Freq_Value)
2024-01-26 15:15:09,119 [INFO] ImportTextPane:194 - (OptionalMessage_ERROR) IP (RCC) : Invalid parameter (TIM8Freq_Value)
2024-01-26 15:15:09,119 [INFO] ImportTextPane:194 - (OptionalMessage_ERROR) IP (RCC) : Invalid parameter (UART4Freq_Value)
2024-01-26 15:15:09,119 [INFO] ImportTextPane:194 - (OptionalMessage_ERROR) IP (RCC) : Invalid parameter (UART5Freq_Value)
2024-01-26 15:15:09,119 [INFO] ImportTextPane:194 - (OptionalMessage_ERROR) IP (RCC) : Invalid parameter (USART1Freq_Value)
2024-01-26 15:15:09,119 [INFO] ImportTextPane:194 - (OptionalMessage_ERROR) IP (RCC) : Invalid parameter (USART2Freq_Value)
2024-01-26 15:15:09,119 [INFO] ImportTextPane:194 - (OptionalMessage_ERROR) IP (RCC) : Invalid parameter (USART3Freq_Value)
2024-01-26 15:15:09,119 [INFO] ImportTextPane:194 - (OptionalMessage_ERROR) IP (RCC) : Invalid parameter (VCOOutput2Freq_Value)
2024-01-26 15:15:09,119 [INFO] ImportTextPane:194 - (OptionalMessage_ERROR) IP (RCC) : Invalid parameter (VCOSAIOutputFreq_ValueQ)
2024-01-26 15:15:09,119 [INFO] ImportTextPane:194 - (OptionalMessage_ERROR) IP (RCC) : Invalid parameter (VCOSAIOutputFreq_ValueR)
2024-01-26 15:15:09,120 [INFO] ImportTextPane:194 - (OptionalMessage_ERROR) IP (RCC) : Invalid parameter (VcooutputI2S)
2024-01-26 15:15:09,120 [INFO] ImportTextPane:194 - (OptionalMessage_ERROR) IP (RCC) : Invalid parameter (VcooutputI2SQ)
2024-01-26 15:15:09,695 [INFO] UtilMem:75 - End LoadConfig() Used Memory: 688261808 Bytes (1073741824)
2024-01-26 15:15:09,858 [INFO] MicroXplorer:468 - Change Database Path : 
2024-01-26 15:15:09,860 [INFO] MicroXplorer:498 - Change Database Version : DB.6.0.100
2024-01-26 15:15:09,862 [WARN] ThirdParty:833 - waiting for thirdparty lock release [change project]
2024-01-26 15:15:09,862 [INFO] ThirdParty:835 - entering critical section [change project]
2024-01-26 15:15:09,862 [INFO] ThirdParty:1030 - CMSIS Pack Vendor :STMicroelectronics USBPD 4.1
2024-01-26 15:15:09,862 [INFO] ThirdParty:1030 - CMSIS Pack Vendor :STMicroelectronics X-CUBE-GNSS1 6.0.0
2024-01-26 15:15:09,862 [INFO] ThirdParty:1030 - CMSIS Pack Vendor :STMicroelectronics USB_HOST 2.0.0
2024-01-26 15:15:09,862 [INFO] ThirdParty:1030 - CMSIS Pack Vendor :STMicroelectronics X-CUBE-AZRTOS-F4 1.1.0
2024-01-26 15:15:09,862 [INFO] ThirdParty:1030 - CMSIS Pack Vendor :STMicroelectronics LIBJPEG 8.0.0
2024-01-26 15:15:09,862 [INFO] ThirdParty:1030 - CMSIS Pack Vendor :STMicroelectronics X-CUBE-SMBUS 2.1.0
2024-01-26 15:15:09,862 [INFO] ThirdParty:1030 - CMSIS Pack Vendor :STMicroelectronics USB_DEVICE 3.0.0
2024-01-26 15:15:09,862 [INFO] ThirdParty:1030 - CMSIS Pack Vendor :STMicroelectronics X-CUBE-AZRTOS-WB 2.0.0
2024-01-26 15:15:09,862 [INFO] ThirdParty:1030 - CMSIS Pack Vendor :wolfSSL I-CUBE-wolfSSL 5.6.6
2024-01-26 15:15:09,862 [INFO] ThirdParty:1030 - CMSIS Pack Vendor :STMicroelectronics X-CUBE-TOUCHGFX 4.23.0
2024-01-26 15:15:09,862 [INFO] ThirdParty:1030 - CMSIS Pack Vendor :STMicroelectronics X-CUBE-AZRTOS-F7 1.1.0
2024-01-26 15:15:09,862 [INFO] ThirdParty:1030 - CMSIS Pack Vendor :STMicroelectronics X-CUBE-AZRTOS-L5 2.0.0
2024-01-26 15:15:09,862 [INFO] ThirdParty:1030 - CMSIS Pack Vendor :STMicroelectronics USB_DEVICE 2.0.0
2024-01-26 15:15:09,863 [INFO] ThirdParty:1030 - CMSIS Pack Vendor :STMicroelectronics X-CUBE-EEPRMA1 4.2.0
2024-01-26 15:15:09,863 [INFO] ThirdParty:1030 - CMSIS Pack Vendor :ITTIA_DB I-CUBE-ITTIADB 8.8.0
2024-01-26 15:15:09,863 [INFO] ThirdParty:1030 - CMSIS Pack Vendor :STMicroelectronics FP-SNS-MOTENV1 4.3.2
2024-01-26 15:15:09,863 [INFO] ThirdParty:1030 - CMSIS Pack Vendor :STMicroelectronics X-CUBE-ALGOBUILD 1.3.0
2024-01-26 15:15:09,863 [INFO] ThirdParty:1030 - CMSIS Pack Vendor :STMicroelectronics FreeRTOS 0.0.1
2024-01-26 15:15:09,863 [INFO] ThirdParty:1030 - CMSIS Pack Vendor :STMicroelectronics X-CUBE-AZRTOS-G0 1.1.0
2024-01-26 15:15:09,863 [INFO] ThirdParty:1030 - CMSIS Pack Vendor :STMicroelectronics X-CUBE-NFC4 3.0.0
2024-01-26 15:15:09,863 [INFO] ThirdParty:1030 - CMSIS Pack Vendor :STMicroelectronics X-CUBE-SUBG2 5.0.0
2024-01-26 15:15:09,863 [INFO] ThirdParty:1030 - CMSIS Pack Vendor :STMicroelectronics STM32_WPAN 1.0.0
2024-01-26 15:15:09,863 [INFO] ThirdParty:1030 - CMSIS Pack Vendor :STMicroelectronics lwIP 2.0.3
2024-01-26 15:15:09,863 [INFO] ThirdParty:1030 - CMSIS Pack Vendor :STMicroelectronics FP-SNS-FLIGHT1 5.0.2
2024-01-26 15:15:09,863 [INFO] ThirdParty:1030 - CMSIS Pack Vendor :STMicroelectronics USB_HOST 1.0.0
2024-01-26 15:15:09,863 [INFO] ThirdParty:1030 - CMSIS Pack Vendor :STMicroelectronics X-CUBE-AZRTOS-G4 2.0.0
2024-01-26 15:15:09,863 [INFO] ThirdParty:1030 - CMSIS Pack Vendor :STMicroelectronics PDM2PCM 3.1.0
2024-01-26 15:15:09,863 [INFO] ThirdParty:1030 - CMSIS Pack Vendor :Infineon AIROC-Wi-Fi-Bluetooth-STM32 1.5.1
2024-01-26 15:15:09,863 [INFO] ThirdParty:1030 - CMSIS Pack Vendor :STMicroelectronics X-CUBE-BLEMGR 3.0.0
2024-01-26 15:15:09,863 [INFO] ThirdParty:1030 - CMSIS Pack Vendor :STMicroelectronics PDM2PCM 3.3.0
2024-01-26 15:15:09,863 [INFO] ThirdParty:1030 - CMSIS Pack Vendor :STMicroelectronics X-CUBE-DISPLAY 3.0.0
2024-01-26 15:15:09,863 [INFO] ThirdParty:1030 - CMSIS Pack Vendor :STMicroelectronics FP-SNS-MOTENVWB1 1.3.1
2024-01-26 15:15:09,863 [INFO] ThirdParty:1030 - CMSIS Pack Vendor :STMicroelectronics X-CUBE-BLE1 7.0.0
2024-01-26 15:15:09,863 [INFO] ThirdParty:1030 - CMSIS Pack Vendor :STMicroelectronics FP-ATR-SIGFOX1 3.2.0
2024-01-26 15:15:09,863 [INFO] ThirdParty:1030 - CMSIS Pack Vendor :STMicroelectronics X-CUBE-ISPU 2.0.0
2024-01-26 15:15:09,863 [INFO] ThirdParty:1030 - CMSIS Pack Vendor :STMicroelectronics X-CUBE-EEPRMA1 5.1.0
2024-01-26 15:15:09,863 [INFO] ThirdParty:1030 - CMSIS Pack Vendor :STMicroelectronics HAL Drivers 0.0.0
2024-01-26 15:15:09,863 [INFO] ThirdParty:1030 - CMSIS Pack Vendor :STMicroelectronics MBEDTLS 2.16.2
2024-01-26 15:15:09,864 [INFO] ThirdParty:1030 - CMSIS Pack Vendor :emotas I-CUBE-CANOPEN 1.3.0
2024-01-26 15:15:09,864 [INFO] ThirdParty:1030 - CMSIS Pack Vendor :STMicroelectronics X-CUBE-MEMS1 10.0.0
2024-01-26 15:15:09,864 [INFO] ThirdParty:1030 - CMSIS Pack Vendor :STMicroelectronics X-CUBE-FREERTOS 1.1.0
2024-01-26 15:15:09,864 [INFO] ThirdParty:1030 - CMSIS Pack Vendor :STMicroelectronics X-CUBE-NFC7 1.0.1
2024-01-26 15:15:09,864 [INFO] ThirdParty:1030 - CMSIS Pack Vendor :STMicroelectronics MBEDTLS 2.14.1
2024-01-26 15:15:09,864 [INFO] ThirdParty:1030 - CMSIS Pack Vendor :STMicroelectronics X-CUBE-NFC6 3.0.0
2024-01-26 15:15:09,864 [INFO] ThirdParty:1030 - CMSIS Pack Vendor :portGmbH I-Cube-SoM-uGOAL 1.1.0
2024-01-26 15:15:09,864 [INFO] ThirdParty:1030 - CMSIS Pack Vendor :STMicroelectronics X-CUBE-ALS 1.0.1
2024-01-26 15:15:09,864 [INFO] ThirdParty:1030 - CMSIS Pack Vendor :STMicroelectronics ThreadX 1.0.0
2024-01-26 15:15:09,864 [INFO] ThirdParty:1030 - CMSIS Pack Vendor :STMicroelectronics FP-SNS-SMARTAG2 1.2.0
2024-01-26 15:15:09,864 [INFO] ThirdParty:1030 - CMSIS Pack Vendor :STMicroelectronics X-CUBE-AZRTOS-WL 2.0.0
2024-01-26 15:15:09,864 [INFO] ThirdParty:1030 - CMSIS Pack Vendor :SEGGER I-CUBE-embOS 1.3.1
2024-01-26 15:15:09,864 [INFO] ThirdParty:1030 - CMSIS Pack Vendor :STMicroelectronics USB_DEVICE 1.0.0
2024-01-26 15:15:09,864 [INFO] ThirdParty:1030 - CMSIS Pack Vendor :STMicroelectronics X-CUBE-AI 8.1.0
2024-01-26 15:15:09,864 [INFO] ThirdParty:1030 - CMSIS Pack Vendor :STMicroelectronics X-CUBE-AZRTOS-L4 2.0.0
2024-01-26 15:15:09,864 [INFO] ThirdParty:1030 - CMSIS Pack Vendor :STMicroelectronics ThreadX 0.0.2
2024-01-26 15:15:09,864 [INFO] ThirdParty:1030 - CMSIS Pack Vendor :WES I-CUBE-Cesium 1.3.0
2024-01-26 15:15:09,865 [INFO] ThirdParty:1030 - CMSIS Pack Vendor :STMicroelectronics FP-ATR-ASTRA1 2.0.0
2024-01-26 15:15:09,865 [INFO] ThirdParty:1030 - CMSIS Pack Vendor :STMicroelectronics lwIP 2.1.2
2024-01-26 15:15:09,866 [INFO] ThirdParty:1030 - CMSIS Pack Vendor :STMicroelectronics X-CUBE-SFXS2LP1 4.0.0
2024-01-26 15:15:09,868 [INFO] ThirdParty:1030 - CMSIS Pack Vendor :STMicroelectronics X-CUBE-BLE2 3.3.0
2024-01-26 15:15:09,869 [INFO] ThirdParty:1030 - CMSIS Pack Vendor :STMicroelectronics X-CUBE-TOF1 3.4.0
2024-01-26 15:15:09,869 [INFO] ThirdParty:1030 - CMSIS Pack Vendor :STMicroelectronics X-CUBE-AZRTOS-H7 3.2.0
2024-01-26 15:15:09,869 [INFO] ThirdParty:1030 - CMSIS Pack Vendor :STMicroelectronics PDM2PCM 3.2.0
2024-01-26 15:15:09,871 [INFO] ThirdParty:841 - exiting critical section [change project]
2024-01-26 15:15:10,702 [INFO] PinOutPanel:1499 - setPackage(No Configuration,No Configuration)
2024-01-26 15:15:10,707 [INFO] PinOutPanel:1499 - setPackage(STM32F446ZETx,LQFP144)
2024-01-26 15:15:11,894 [INFO] UtilMem:75 - Before build in PCC Used Memory: 718922576 Bytes (1073741824)
2024-01-26 15:15:12,995 [INFO] UtilMem:75 - After build in PCC Used Memory: 673759736 Bytes (1073741824)
2024-01-26 15:15:13,097 [INFO] IPUIPlugin:80 - create IPUIPlugin
2024-01-26 15:15:13,098 [INFO] IPUIPlugin:80 - create IPUIPlugin
2024-01-26 15:15:13,098 [INFO] IPUIPlugin:80 - create IPUIPlugin
2024-01-26 15:15:13,098 [INFO] IPUIPlugin:80 - create IPUIPlugin
2024-01-26 15:15:13,099 [INFO] IPUIPlugin:80 - create IPUIPlugin
2024-01-26 15:15:13,099 [INFO] IPUIPlugin:80 - create IPUIPlugin
2024-01-26 15:15:13,099 [INFO] IPUIPlugin:80 - create IPUIPlugin
2024-01-26 15:15:13,100 [INFO] IPUIPlugin:80 - create IPUIPlugin
2024-01-26 15:15:13,100 [INFO] IPUIPlugin:80 - create IPUIPlugin
2024-01-26 15:15:13,100 [INFO] IPUIPlugin:80 - create IPUIPlugin
2024-01-26 15:15:13,100 [INFO] IPUIPlugin:80 - create IPUIPlugin
2024-01-26 15:15:13,100 [INFO] IPUIPlugin:80 - create IPUIPlugin
2024-01-26 15:15:13,100 [INFO] IPUIPlugin:80 - create IPUIPlugin
2024-01-26 15:15:13,100 [INFO] IPUIPlugin:80 - create IPUIPlugin
2024-01-26 15:15:13,101 [INFO] IPUIPlugin:80 - create IPUIPlugin
2024-01-26 15:15:13,103 [INFO] IPUIPlugin:80 - create IPUIPlugin
2024-01-26 15:15:13,104 [INFO] IPUIPlugin:80 - create IPUIPlugin
2024-01-26 15:15:13,104 [INFO] IPUIPlugin:80 - create IPUIPlugin
2024-01-26 15:15:13,104 [INFO] IPUIPlugin:80 - create IPUIPlugin
2024-01-26 15:15:13,104 [INFO] IPUIPlugin:80 - create IPUIPlugin
2024-01-26 15:15:13,104 [INFO] IPUIPlugin:80 - create IPUIPlugin
2024-01-26 15:15:13,104 [INFO] IPUIPlugin:80 - create IPUIPlugin
2024-01-26 15:15:13,104 [INFO] IPUIPlugin:80 - create IPUIPlugin
2024-01-26 15:15:13,105 [INFO] IPUIPlugin:80 - create IPUIPlugin
2024-01-26 15:15:13,105 [INFO] IPUIPlugin:80 - create IPUIPlugin
2024-01-26 15:15:13,105 [INFO] IPUIPlugin:80 - create IPUIPlugin
2024-01-26 15:15:13,105 [INFO] IPUIPlugin:80 - create IPUIPlugin
2024-01-26 15:15:13,105 [INFO] IPUIPlugin:80 - create IPUIPlugin
2024-01-26 15:15:13,105 [INFO] IPUIPlugin:80 - create IPUIPlugin
2024-01-26 15:15:13,105 [INFO] IPUIPlugin:80 - create IPUIPlugin
2024-01-26 15:15:13,105 [INFO] IPUIPlugin:80 - create IPUIPlugin
2024-01-26 15:15:13,105 [INFO] IPUIPlugin:80 - create IPUIPlugin
2024-01-26 15:15:13,106 [INFO] IPUIPlugin:80 - create IPUIPlugin
2024-01-26 15:15:13,106 [INFO] IPUIPlugin:80 - create IPUIPlugin
2024-01-26 15:15:13,106 [INFO] IPUIPlugin:80 - create IPUIPlugin
2024-01-26 15:15:13,106 [INFO] IPUIPlugin:80 - create IPUIPlugin
2024-01-26 15:15:13,106 [INFO] IPUIPlugin:80 - create IPUIPlugin
2024-01-26 15:15:13,106 [INFO] IPUIPlugin:80 - create IPUIPlugin
2024-01-26 15:15:13,106 [INFO] IPUIPlugin:80 - create IPUIPlugin
2024-01-26 15:15:13,106 [INFO] IPUIPlugin:80 - create IPUIPlugin
2024-01-26 15:15:13,106 [INFO] IPUIPlugin:80 - create IPUIPlugin
2024-01-26 15:15:13,106 [INFO] IPUIPlugin:80 - create IPUIPlugin
2024-01-26 15:15:13,106 [INFO] IPUIPlugin:80 - create IPUIPlugin
2024-01-26 15:15:13,106 [INFO] IPUIPlugin:80 - create IPUIPlugin
2024-01-26 15:15:13,106 [INFO] IPUIPlugin:80 - create IPUIPlugin
2024-01-26 15:15:13,107 [INFO] IPUIPlugin:80 - create IPUIPlugin
2024-01-26 15:15:13,107 [INFO] IPUIPlugin:80 - create IPUIPlugin
2024-01-26 15:15:13,107 [INFO] IPUIPlugin:80 - create IPUIPlugin
2024-01-26 15:15:13,107 [INFO] IPUIPlugin:80 - create IPUIPlugin
2024-01-26 15:15:13,107 [INFO] IPUIPlugin:80 - create IPUIPlugin
2024-01-26 15:15:13,107 [INFO] IPUIPlugin:80 - create IPUIPlugin
2024-01-26 15:15:13,107 [INFO] IPUIPlugin:80 - create IPUIPlugin
2024-01-26 15:15:13,107 [INFO] IPUIPlugin:80 - create IPUIPlugin
2024-01-26 15:15:13,107 [INFO] IPUIPlugin:80 - create IPUIPlugin
2024-01-26 15:15:13,107 [INFO] IPUIPlugin:80 - create IPUIPlugin
2024-01-26 15:15:13,108 [INFO] IPUIPlugin:80 - create IPUIPlugin
2024-01-26 15:15:13,108 [INFO] IPUIPlugin:80 - create IPUIPlugin
2024-01-26 15:15:13,108 [INFO] IPUIPlugin:80 - create IPUIPlugin
2024-01-26 15:15:13,108 [INFO] IPUIPlugin:80 - create IPUIPlugin
2024-01-26 15:15:13,108 [INFO] IPUIPlugin:80 - create IPUIPlugin
2024-01-26 15:15:13,109 [INFO] IPUIPlugin:80 - create IPUIPlugin
2024-01-26 15:15:13,109 [INFO] IPUIPlugin:80 - create IPUIPlugin
2024-01-26 15:15:13,109 [INFO] IPUIPlugin:80 - create IPUIPlugin
2024-01-26 15:15:13,157 [INFO] ApiDbMcu:508 - Load IP Config File for PDM2PCM
2024-01-26 15:15:13,644 [INFO] CADModel:165 - CPN selected for project levelSTM32F446ZET6
2024-01-26 15:15:13,646 [INFO] CADModel:114 - Register for checkConnection events
2024-01-26 15:15:13,703 [INFO] OpenFileManager:343 - Restore cursor
2024-01-26 15:15:15,432 [INFO] UtilMem:75 - End SaveConfig() Used Memory: 673390600 Bytes (1073741824)
2024-01-26 15:15:15,895 [INFO] UtilMem:75 - End SaveConfig() Used Memory: 709528896 Bytes (1073741824)
2024-01-26 15:15:16,976 [INFO] BlockDiagram:2759 - set Specific Code input for plugin: SYS
2024-01-26 15:15:16,977 [INFO] BlockDiagram:2759 - set Specific Code input for plugin: ADC
2024-01-26 15:15:16,977 [INFO] BlockDiagram:2759 - set Specific Code input for plugin: RCC
2024-01-26 15:15:16,977 [INFO] BlockDiagram:2759 - set Specific Code input for plugin: USB_OTG_FS
2024-01-26 15:15:16,977 [INFO] BlockDiagram:2759 - set Specific Code input for plugin: NVIC
2024-01-26 15:15:16,977 [INFO] BlockDiagram:2759 - set Specific Code input for plugin: USART
2024-01-26 15:15:16,977 [INFO] BlockDiagram:2759 - set Specific Code input for plugin: DAC
2024-01-26 15:15:16,980 [INFO] BlockDiagram:2759 - set Specific Code input for plugin: GPIO
2024-01-26 15:15:16,981 [INFO] CodeGenerator:807 - code generatio: config db path: /Applications/STM32CubeIDE.app/Contents/Eclipse/plugins/com.st.stm32cube.common.mx_6.10.0.202311202037//db/
2024-01-26 15:15:18,234 [INFO] CodeEngine:255 - oldGeneratedFile, /Users/romeluis/STM32CubeIDE/workspace_1.14.0/lab2/MXTmpFiles/license.tmp_save
2024-01-26 15:15:19,035 [INFO] CodeEngine:279 - Generated code: /Users/romeluis/STM32CubeIDE/workspace_1.14.0/lab2/MXTmpFiles/license.tmp
2024-01-26 15:15:19,310 [INFO] CodeEngine:255 - oldGeneratedFile, /Users/romeluis/STM32CubeIDE/workspace_1.14.0/lab2/MXTmpFiles/gpio.tmp_save
2024-01-26 15:15:19,527 [INFO] CodeEngine:279 - Generated code: /Users/romeluis/STM32CubeIDE/workspace_1.14.0/lab2/MXTmpFiles/gpio.tmp
2024-01-26 15:15:20,033 [WARN] IPConfigManager:2946 - Warning: the RefConfig PWREx_EnableUSBVoltageDetector is not available in your config.xml file
2024-01-26 15:15:20,055 [INFO] CodeEngine:255 - oldGeneratedFile, /Users/romeluis/STM32CubeIDE/workspace_1.14.0/lab2/Core/Src/stm32f4xx_it.c_save
2024-01-26 15:15:20,340 [INFO] CodeEngine:279 - Generated code: /Users/romeluis/STM32CubeIDE/workspace_1.14.0/lab2/Core/Src/stm32f4xx_it.c
2024-01-26 15:15:20,354 [INFO] CodeEngine:255 - oldGeneratedFile, /Users/romeluis/STM32CubeIDE/workspace_1.14.0/lab2/Core/Inc/stm32f4xx_it.h_save
2024-01-26 15:15:20,476 [INFO] CodeEngine:279 - Generated code: /Users/romeluis/STM32CubeIDE/workspace_1.14.0/lab2/Core/Inc/stm32f4xx_it.h
2024-01-26 15:15:20,501 [INFO] CodeEngine:255 - oldGeneratedFile, /Users/romeluis/STM32CubeIDE/workspace_1.14.0/lab2/Core/Src/stm32f4xx_hal_msp.c_save
2024-01-26 15:15:20,730 [INFO] CodeEngine:279 - Generated code: /Users/romeluis/STM32CubeIDE/workspace_1.14.0/lab2/Core/Src/stm32f4xx_hal_msp.c
2024-01-26 15:15:20,733 [INFO] CodeEngine:255 - oldGeneratedFile, /Users/romeluis/STM32CubeIDE/workspace_1.14.0/lab2/MXTmpFiles/system.tmp_save
2024-01-26 15:15:20,808 [INFO] CodeEngine:279 - Generated code: /Users/romeluis/STM32CubeIDE/workspace_1.14.0/lab2/MXTmpFiles/system.tmp
2024-01-26 15:15:20,814 [INFO] CodeEngine:311 - oldGeneratedFile, /Users/romeluis/STM32CubeIDE/workspace_1.14.0/lab2/Core/Inc/stm32f4xx_hal_conf.h_save
2024-01-26 15:15:20,908 [INFO] CodeEngine:335 - Generated code: /Users/romeluis/STM32CubeIDE/workspace_1.14.0/lab2/Core/Inc/stm32f4xx_hal_conf.h
2024-01-26 15:15:20,986 [WARN] IPConfigManager:2946 - Warning: the RefConfig PLL2P_FOR_MCO is not available in your config.xml file
2024-01-26 15:15:20,999 [WARN] IPConfigManager:3440 - IP not found : USB_OTG
2024-01-26 15:15:21,000 [WARN] CodeGenerator:3939 - IP not found : null
2024-01-26 15:15:21,004 [INFO] CodeEngine:255 - oldGeneratedFile, /Users/romeluis/STM32CubeIDE/workspace_1.14.0/lab2/Core/Inc/main.h_save
2024-01-26 15:15:21,150 [INFO] CodeEngine:279 - Generated code: /Users/romeluis/STM32CubeIDE/workspace_1.14.0/lab2/Core/Inc/main.h
2024-01-26 15:15:21,154 [INFO] CodeEngine:255 - oldGeneratedFile, /Users/romeluis/STM32CubeIDE/workspace_1.14.0/lab2/Core/Src/main.c_save
2024-01-26 15:15:21,407 [INFO] CodeEngine:279 - Generated code: /Users/romeluis/STM32CubeIDE/workspace_1.14.0/lab2/Core/Src/main.c
2024-01-26 15:15:22,104 [INFO] ProjectBuilder:3076 - Time for Copy HAL[1] : 82mS.
2024-01-26 15:15:22,123 [INFO] ProjectBuilder:4485 - Project Generator version: 4.2.0-B44
2024-01-26 15:15:22,595 [INFO] ConfigFileManager:1495 - The Die is : DIE421
2024-01-26 15:15:22,623 [INFO] ApiDbMcu:508 - Load IP Config File for FATFS
2024-01-26 15:15:22,647 [INFO] ApiDbMcu:508 - Load IP Config File for FREERTOS
2024-01-26 15:15:22,652 [INFO] ApiDbMcu:508 - Load IP Config File for LIBJPEG
2024-01-26 15:15:22,663 [INFO] ApiDbMcu:508 - Load IP Config File for MBEDTLS
2024-01-26 15:15:22,686 [INFO] ApiDbMcu:508 - Load IP Config File for USB_DEVICE
2024-01-26 15:15:22,694 [INFO] ApiDbMcu:508 - Load IP Config File for USB_HOST
2024-01-26 15:15:23,686 [INFO] LogOutputStream:77 - [STDOUT_REDIRECT] 
2024-01-26 15:15:26,079 [INFO] ProjectBuilder:4747 - Time for Generating toolchain IDE Files: 3943mS.
2024-01-26 15:15:26,091 [INFO] ProjectBuilder:2947 - Time for Copy CMSIS : 5mS.
2024-01-26 15:15:26,096 [INFO] ProjectBuilder:2947 - Time for Copy CMSIS : 0mS.
2024-01-26 15:15:26,858 [INFO] McuFinderGlobals:76 - Set McuFinderConnectedMode to true
2024-01-26 15:15:27,208 [INFO] ApiDb:448 - Save user favorites file /Users/romeluis/.stm32cubeide/favorites.mcus.txt: 0 item(s)
2024-01-26 15:15:27,208 [INFO] ApiDb:452 - User favorites MCUs=[]
