2024-04-10 14:00:42,166 [INFO] Activator:176 - 


2024-04-10 14:00:42,171 [INFO] Activator:177 - !SESSION log4j initialized
2024-04-10 14:00:48,266 [ERROR] LogOutputStream:75 - [STDERR_REDIRECT] 
2024-04-10 14:00:48,937 [INFO] LogOutputStream:77 - [STDOUT_REDIRECT] 
2024-04-10 14:00:51,271 [INFO] LogOutputStream:77 - [STDOUT_REDIRECT] 
2024-04-10 14:00:54,972 [ERROR] LogOutputStream:75 - [STDERR_REDIRECT] [Fatal Error] :2:10: DOCTYPE no está permitido cuando la función "http://apache.org/xml/features/disallow-doctype-decl" se ha definido en true.
2024-04-10 14:00:54,981 [ERROR] LogOutputStream:75 - [STDERR_REDIRECT] 
2024-04-10 14:00:55,124 [INFO] ApplicationProperties:184 - Using Application install path: /Applications/STM32CubeIDE.app/Contents/Eclipse/plugins/com.st.stm32cube.common.mx_6.10.0.202311202037
2024-04-10 14:00:55,139 [INFO] DbMcusXml:78 - Set database path to: /Applications/STM32CubeIDE.app/Contents/Eclipse/plugins/com.st.stm32cube.common.mx_6.10.0.202311202037//db//mcu/
2024-04-10 14:00:55,139 [INFO] ApiDb:274 - Set plugin database path to: /Applications/STM32CubeIDE.app/Contents/Eclipse/plugins/com.st.stm32cube.common.mx_6.10.0.202311202037//db//plugins/boardmanager/
2024-04-10 14:00:55,140 [WARN] ApiDb:259 - Overriding images path with different value:  => /Applications/STM32CubeIDE.app/Contents/Eclipse/plugins/com.st.stm32cube.common.mx_6.10.0.202311202037//db//plugins/mcufinder/images/
2024-04-10 14:00:55,147 [INFO] ApiDb:250 - Set database path to: /Users/romeluis/.stmcufinder/plugins/mcufinder//mcu/
2024-04-10 14:00:55,148 [INFO] DbMcusAds:125 - Set database path to: /Users/romeluis/.stmcufinder/plugins/mcufinder//mcu/
2024-04-10 14:00:55,150 [INFO] CrossReferenceDbSqlite:203 - Set database path to: /Users/romeluis/.stmcufinder/plugins/mcufinder//mcu/cs/
2024-04-10 14:00:55,277 [INFO] RulesReader:64 - Compatibility file has been processed (297 Rules)
2024-04-10 14:00:55,357 [INFO] DbMcusXml:78 - Set database path to: /Applications/STM32CubeIDE.app/Contents/Eclipse/plugins/com.st.stm32cube.common.mx_6.10.0.202311202037//db//mcu/
2024-04-10 14:00:55,358 [INFO] ApiDb:274 - Set plugin database path to: /Applications/STM32CubeIDE.app/Contents/Eclipse/plugins/com.st.stm32cube.common.mx_6.10.0.202311202037//db//plugins/boardmanager/
2024-04-10 14:00:55,360 [INFO] ApiDb:261 - Set plugin images path to: /Applications/STM32CubeIDE.app/Contents/Eclipse/plugins/com.st.stm32cube.common.mx_6.10.0.202311202037//db//plugins/mcufinder/images/
2024-04-10 14:00:55,362 [WARN] DbFile:41 - Overriding database path with different value: /Users/romeluis/.stmcufinder/plugins/mcufinder/ => /Users/romeluis/.stmcufinder/plugins/mcufinder
2024-04-10 14:00:55,362 [INFO] ApiDb:250 - Set database path to: /Users/romeluis/.stmcufinder/plugins/mcufinder//mcu/
2024-04-10 14:00:55,362 [WARN] DbFile:41 - Overriding database path with different value: /Users/romeluis/.stmcufinder/plugins/mcufinder/ => /Users/romeluis/.stmcufinder/plugins/mcufinder
2024-04-10 14:00:55,362 [INFO] DbMcusAds:125 - Set database path to: /Users/romeluis/.stmcufinder/plugins/mcufinder//mcu/
2024-04-10 14:00:55,363 [WARN] DbFile:41 - Overriding database path with different value: /Users/romeluis/.stmcufinder/plugins/mcufinder/ => /Users/romeluis/.stmcufinder/plugins/mcufinder
2024-04-10 14:00:55,363 [WARN] DbFile:41 - Overriding database path with different value: /Users/romeluis/.stmcufinder/plugins/mcufinder/ => /Users/romeluis/.stmcufinder/plugins/mcufinder
2024-04-10 14:00:55,363 [INFO] CrossReferenceDbSqlite:203 - Set database path to: /Users/romeluis/.stmcufinder/plugins/mcufinder//mcu/cs/
2024-04-10 14:00:55,497 [INFO] MainPanel:264 - HeapMemory: 344981504
2024-04-10 14:00:55,608 [INFO] DbMcusXml:78 - Set database path to: /Applications/STM32CubeIDE.app/Contents/Eclipse/plugins/com.st.stm32cube.common.mx_6.10.0.202311202037//db//mcu/
2024-04-10 14:00:55,609 [INFO] ApiDb:274 - Set plugin database path to: /Applications/STM32CubeIDE.app/Contents/Eclipse/plugins/com.st.stm32cube.common.mx_6.10.0.202311202037//db//plugins/boardmanager/
2024-04-10 14:00:55,610 [INFO] ApiDb:261 - Set plugin images path to: /Applications/STM32CubeIDE.app/Contents/Eclipse/plugins/com.st.stm32cube.common.mx_6.10.0.202311202037//db//plugins/mcufinder/images/
2024-04-10 14:00:55,611 [WARN] DbFile:41 - Overriding database path with different value: /Users/romeluis/.stmcufinder/plugins/mcufinder/ => /Users/romeluis/.stmcufinder/plugins/mcufinder
2024-04-10 14:00:55,611 [INFO] ApiDb:250 - Set database path to: /Users/romeluis/.stmcufinder/plugins/mcufinder//mcu/
2024-04-10 14:00:55,611 [WARN] DbFile:41 - Overriding database path with different value: /Users/romeluis/.stmcufinder/plugins/mcufinder/ => /Users/romeluis/.stmcufinder/plugins/mcufinder
2024-04-10 14:00:55,611 [INFO] DbMcusAds:125 - Set database path to: /Users/romeluis/.stmcufinder/plugins/mcufinder//mcu/
2024-04-10 14:00:55,611 [WARN] DbFile:41 - Overriding database path with different value: /Users/romeluis/.stmcufinder/plugins/mcufinder/ => /Users/romeluis/.stmcufinder/plugins/mcufinder
2024-04-10 14:00:55,611 [WARN] DbFile:41 - Overriding database path with different value: /Users/romeluis/.stmcufinder/plugins/mcufinder/ => /Users/romeluis/.stmcufinder/plugins/mcufinder
2024-04-10 14:00:55,611 [INFO] CrossReferenceDbSqlite:203 - Set database path to: /Users/romeluis/.stmcufinder/plugins/mcufinder//mcu/cs/
2024-04-10 14:00:55,636 [INFO] ApplicationProperties:184 - Using Application install path: /Applications/STM32CubeIDE.app/Contents/Eclipse/plugins/com.st.stm32cube.common.mx_6.10.0.202311202037
2024-04-10 14:00:55,637 [INFO] PluginManage:196 - Search for loadable plugins [exclusion list=, ]
2024-04-10 14:00:55,639 [INFO] PluginManage:310 - Check plugin analytics
2024-04-10 14:00:55,880 [INFO] AnalyticsPlugin:253 - Accepted Software Licenses: STM32CubeMX.6.10.0
2024-04-10 14:00:55,881 [INFO] AnalyticsPlugin:255 - Accepted CMSIS Pack Licenses: 
2024-04-10 14:00:55,882 [INFO] AnalyticsPlugin:257 - Accepted Firmware Licenses: FW.F4.1.28.0,FW.F4.1.27.0
2024-04-10 14:00:55,892 [INFO] PluginManage:359 - Loaded plugin analytics (category:tool,tabindex:-1)
2024-04-10 14:00:55,893 [INFO] PluginManage:310 - Check plugin cadmodel
2024-04-10 14:00:56,149 [INFO] CADModel:105 - Init CAD model plugin
2024-04-10 14:00:56,150 [INFO] PluginManage:359 - Loaded plugin cadmodel (category:power,tabindex:5)
2024-04-10 14:00:56,150 [INFO] PluginManage:310 - Check plugin clock
2024-04-10 14:00:56,169 [INFO] PluginManage:359 - Loaded plugin clock (category:base,tabindex:2)
2024-04-10 14:00:56,169 [INFO] PluginManage:310 - Check plugin ddr
2024-04-10 14:00:56,173 [INFO] PluginManage:359 - Loaded plugin ddr (category:tool,tabindex:6)
2024-04-10 14:00:56,174 [INFO] PluginManage:310 - Check plugin filemanager
2024-04-10 14:00:56,393 [INFO] PluginManage:359 - Loaded plugin filemanager (category:base,tabindex:10)
2024-04-10 14:00:56,394 [INFO] PluginManage:310 - Check plugin ipmanager
2024-04-10 14:00:56,415 [INFO] PluginManage:359 - Loaded plugin ipmanager (category:base,tabindex:5)
2024-04-10 14:00:56,415 [INFO] PluginManage:310 - Check plugin lpbam
2024-04-10 14:00:56,430 [INFO] PluginManage:359 - Loaded plugin lpbam (category:base,tabindex:0)
2024-04-10 14:00:56,430 [INFO] PluginManage:310 - Check plugin memorymap
2024-04-10 14:00:56,440 [INFO] PluginManage:359 - Loaded plugin memorymap (category:base,tabindex:4)
2024-04-10 14:00:56,440 [INFO] PluginManage:310 - Check plugin pinoutandconfiguration
2024-04-10 14:00:56,445 [INFO] PluginManage:359 - Loaded plugin pinoutandconfiguration (category:base,tabindex:1)
2024-04-10 14:00:56,445 [INFO] PluginManage:310 - Check plugin pinoutconfig
2024-04-10 14:00:56,542 [WARN] SupportedApi:132 - Cannot load RTOS API schema: s4s-elt-must-match.1: The content of 'definitions' must match (annotation?, (simpleType | complexType)?, (unique | key | keyref)*)). A problem was found starting at: attribute.
2024-04-10 14:00:56,691 [INFO] PluginManage:359 - Loaded plugin pinoutconfig (category:base,tabindex:0)
2024-04-10 14:00:56,692 [INFO] PluginManage:310 - Check plugin power
2024-04-10 14:00:56,704 [INFO] PluginManage:359 - Loaded plugin power (category:power,tabindex:4)
2024-04-10 14:00:56,704 [INFO] PluginManage:310 - Check plugin projectmanager
2024-04-10 14:00:56,745 [INFO] PluginManage:359 - Loaded plugin projectmanager (category:projectmanager,tabindex:3)
2024-04-10 14:00:56,745 [INFO] PluginManage:310 - Check plugin thirdparty
2024-04-10 14:00:57,057 [INFO] PluginManage:359 - Loaded plugin thirdparty (category:base,tabindex:-1)
2024-04-10 14:00:57,057 [WARN] IntegrityCheckThread:84 - waiting for thirdparty lock release [integrity check]
2024-04-10 14:00:57,061 [INFO] PluginManage:310 - Check plugin tools
2024-04-10 14:00:57,061 [INFO] IntegrityCheckThread:86 - entering critical section [integrity check]
2024-04-10 14:00:57,063 [INFO] ThirdPartyUpdaterWithRetryManager:70 - Updater plugin not ready yet. [1/15]
2024-04-10 14:00:57,068 [INFO] PluginManage:359 - Loaded plugin tools (category:base,tabindex:7)
2024-04-10 14:00:57,069 [INFO] PluginManage:310 - Check plugin tutovideos
2024-04-10 14:00:57,248 [INFO] PluginManage:359 - Loaded plugin tutovideos (category:base,tabindex:-1)
2024-04-10 14:00:57,248 [INFO] PluginManage:310 - Check plugin updater
2024-04-10 14:00:57,266 [INFO] PluginManage:359 - Loaded plugin updater (category:base,tabindex:12)
2024-04-10 14:00:57,266 [INFO] PluginManage:310 - Check plugin userauth
2024-04-10 14:00:57,272 [INFO] UserAuth:114 - Init User Auth plugin
2024-04-10 14:00:57,272 [INFO] PluginManage:359 - Loaded plugin userauth (category:base,tabindex:14)
2024-04-10 14:00:57,273 [INFO] PluginManage:283 - PluginManage : Loaded plugins [17]
2024-04-10 14:00:57,516 [INFO] PinOutPanel:1499 - setPackage(No Configuration,No Configuration)
2024-04-10 14:00:57,613 [INFO] CADModel:165 - CPN selected for project level
2024-04-10 14:00:57,614 [INFO] CADModel:114 - Register for checkConnection events
2024-04-10 14:00:57,627 [INFO] IPUIPlugin:80 - create IPUIPlugin
2024-04-10 14:00:57,628 [INFO] PluginManager:220 - loadIPPluginJar : add mdma
2024-04-10 14:00:57,632 [INFO] IPUIPlugin:80 - create IPUIPlugin
2024-04-10 14:00:57,632 [INFO] PluginManager:220 - loadIPPluginJar : add freertos
2024-04-10 14:00:57,635 [INFO] IPUIPlugin:80 - create IPUIPlugin
2024-04-10 14:00:57,635 [INFO] PluginManager:220 - loadIPPluginJar : add gic
2024-04-10 14:00:57,641 [INFO] IPUIPlugin:80 - create IPUIPlugin
2024-04-10 14:00:57,641 [INFO] PluginManager:220 - loadIPPluginJar : add adc
2024-04-10 14:00:57,644 [INFO] IPUIPlugin:80 - create IPUIPlugin
2024-04-10 14:00:57,644 [INFO] PluginManager:220 - loadIPPluginJar : add gtzc
2024-04-10 14:00:57,645 [INFO] IPUIPlugin:80 - create IPUIPlugin
2024-04-10 14:00:57,645 [INFO] PluginManager:220 - loadIPPluginJar : add quadspi
2024-04-10 14:00:57,647 [INFO] IPUIPlugin:80 - create IPUIPlugin
2024-04-10 14:00:57,647 [INFO] PluginManager:220 - loadIPPluginJar : add aes
2024-04-10 14:00:57,649 [INFO] IPUIPlugin:80 - create IPUIPlugin
2024-04-10 14:00:57,650 [INFO] PluginManager:220 - loadIPPluginJar : add pdm2pcm
2024-04-10 14:00:57,651 [INFO] IPUIPlugin:80 - create IPUIPlugin
2024-04-10 14:00:57,651 [INFO] PluginManager:220 - loadIPPluginJar : add hash
2024-04-10 14:00:57,653 [INFO] IPUIPlugin:80 - create IPUIPlugin
2024-04-10 14:00:57,653 [INFO] PluginManager:220 - loadIPPluginJar : add tim
2024-04-10 14:00:57,653 [INFO] IPUIPlugin:80 - create IPUIPlugin
2024-04-10 14:00:57,653 [INFO] PluginManager:220 - loadIPPluginJar : add tsc
2024-04-10 14:00:57,658 [INFO] IPUIPlugin:80 - create IPUIPlugin
2024-04-10 14:00:57,658 [INFO] PluginManager:220 - loadIPPluginJar : add ts
2024-04-10 14:00:57,661 [INFO] IPUIPlugin:80 - create IPUIPlugin
2024-04-10 14:00:57,661 [INFO] PluginManager:220 - loadIPPluginJar : add can
2024-04-10 14:00:57,662 [INFO] IPUIPlugin:80 - create IPUIPlugin
2024-04-10 14:00:57,662 [INFO] PluginManager:220 - loadIPPluginJar : add dma3
2024-04-10 14:00:57,664 [INFO] IPUIPlugin:80 - create IPUIPlugin
2024-04-10 14:00:57,664 [INFO] PluginManager:220 - loadIPPluginJar : add dfsdm
2024-04-10 14:00:57,665 [INFO] IPUIPlugin:80 - create IPUIPlugin
2024-04-10 14:00:57,666 [INFO] PluginManager:220 - loadIPPluginJar : add spi
2024-04-10 14:00:57,667 [INFO] IPUIPlugin:80 - create IPUIPlugin
2024-04-10 14:00:57,667 [INFO] PluginManager:220 - loadIPPluginJar : add gfxmmu
2024-04-10 14:00:57,668 [INFO] IPUIPlugin:80 - create IPUIPlugin
2024-04-10 14:00:57,668 [INFO] PluginManager:220 - loadIPPluginJar : add genericplugin
2024-04-10 14:00:57,669 [INFO] IPUIPlugin:80 - create IPUIPlugin
2024-04-10 14:00:57,669 [INFO] PluginManager:220 - loadIPPluginJar : add cryp
2024-04-10 14:00:57,672 [INFO] IPUIPlugin:80 - create IPUIPlugin
2024-04-10 14:00:57,672 [INFO] PluginManager:220 - loadIPPluginJar : add gpio
2024-04-10 14:00:57,674 [INFO] IPUIPlugin:80 - create IPUIPlugin
2024-04-10 14:00:57,674 [INFO] PluginManager:220 - loadIPPluginJar : add comp
2024-04-10 14:00:57,676 [INFO] IPUIPlugin:80 - create IPUIPlugin
2024-04-10 14:00:57,677 [INFO] PluginManager:220 - loadIPPluginJar : add tracer_emb
2024-04-10 14:00:57,679 [INFO] IPUIPlugin:80 - create IPUIPlugin
2024-04-10 14:00:57,679 [INFO] PluginManager:220 - loadIPPluginJar : add openamp
2024-04-10 14:00:57,682 [INFO] IPUIPlugin:80 - create IPUIPlugin
2024-04-10 14:00:57,682 [INFO] PluginManager:220 - loadIPPluginJar : add stm32_wpan
2024-04-10 14:00:57,686 [INFO] IPUIPlugin:80 - create IPUIPlugin
2024-04-10 14:00:57,690 [INFO] PluginManager:220 - loadIPPluginJar : add plateformsettings
2024-04-10 14:00:57,693 [INFO] IPUIPlugin:80 - create IPUIPlugin
2024-04-10 14:00:57,693 [INFO] PluginManager:220 - loadIPPluginJar : add ipddr
2024-04-10 14:00:57,695 [INFO] IPUIPlugin:80 - create IPUIPlugin
2024-04-10 14:00:57,695 [INFO] PluginManager:220 - loadIPPluginJar : add usart
2024-04-10 14:00:57,697 [INFO] IPUIPlugin:80 - create IPUIPlugin
2024-04-10 14:00:57,697 [INFO] PluginManager:220 - loadIPPluginJar : add ltdc
2024-04-10 14:00:57,699 [INFO] IPUIPlugin:80 - create IPUIPlugin
2024-04-10 14:00:57,699 [INFO] PluginManager:220 - loadIPPluginJar : add nvic
2024-04-10 14:00:57,700 [INFO] IPUIPlugin:80 - create IPUIPlugin
2024-04-10 14:00:57,700 [INFO] PluginManager:220 - loadIPPluginJar : add fatfs
2024-04-10 14:00:57,705 [INFO] IPUIPlugin:80 - create IPUIPlugin
2024-04-10 14:00:57,705 [INFO] PluginManager:220 - loadIPPluginJar : add linkedlist
2024-04-10 14:00:57,709 [INFO] IPUIPlugin:80 - create IPUIPlugin
2024-04-10 14:00:57,709 [INFO] PluginManager:220 - loadIPPluginJar : add dma
2024-04-10 14:00:57,713 [INFO] IPUIPlugin:80 - create IPUIPlugin
2024-04-10 14:00:57,713 [INFO] PluginManager:220 - loadIPPluginJar : add fmc
2024-04-10 14:00:57,715 [INFO] IPUIPlugin:80 - create IPUIPlugin
2024-04-10 14:00:57,715 [INFO] PluginManager:220 - loadIPPluginJar : add i2s
2024-04-10 14:00:57,716 [INFO] IPUIPlugin:80 - create IPUIPlugin
2024-04-10 14:00:57,717 [INFO] PluginManager:220 - loadIPPluginJar : add ucpd
2024-04-10 14:00:57,718 [INFO] IPUIPlugin:80 - create IPUIPlugin
2024-04-10 14:00:57,718 [INFO] PluginManager:220 - loadIPPluginJar : add lorawan
2024-04-10 14:00:57,719 [INFO] IPUIPlugin:80 - create IPUIPlugin
2024-04-10 14:00:57,719 [INFO] PluginManager:220 - loadIPPluginJar : add opamp
2024-04-10 14:00:57,721 [INFO] IPUIPlugin:80 - create IPUIPlugin
2024-04-10 14:00:57,721 [INFO] PluginManager:220 - loadIPPluginJar : add i3c
2024-04-10 14:00:57,723 [INFO] IPUIPlugin:80 - create IPUIPlugin
2024-04-10 14:00:57,723 [INFO] PluginManager:220 - loadIPPluginJar : add touchsensing
2024-04-10 14:00:57,725 [INFO] IPUIPlugin:80 - create IPUIPlugin
2024-04-10 14:00:57,725 [INFO] PluginManager:220 - loadIPPluginJar : add i2c
2024-04-10 14:00:57,727 [INFO] IPUIPlugin:80 - create IPUIPlugin
2024-04-10 14:00:57,727 [INFO] PluginManager:220 - loadIPPluginJar : add resmgrutility
2024-04-10 14:00:57,730 [INFO] IPUIPlugin:80 - create IPUIPlugin
2024-04-10 14:00:57,730 [INFO] PluginManager:220 - loadIPPluginJar : add sai
2024-04-10 14:00:57,732 [INFO] IPUIPlugin:80 - create IPUIPlugin
2024-04-10 14:00:57,732 [INFO] PluginManager:220 - loadIPPluginJar : add usbx
2024-04-10 14:00:57,860 [INFO] CADModel:165 - CPN selected for project level
2024-04-10 14:00:57,860 [INFO] CADModel:114 - Register for checkConnection events
2024-04-10 14:00:57,860 [FATAL] Updater:308 - Updater called before beeing initialized
2024-04-10 14:00:57,860 [ERROR] CADModel:125 - Updater not yet initialized, retry later 
2024-04-10 14:00:58,408 [INFO] CADModel:165 - CPN selected for project level
2024-04-10 14:00:58,408 [INFO] CADModel:114 - Register for checkConnection events
2024-04-10 14:00:58,408 [FATAL] Updater:308 - Updater called before beeing initialized
2024-04-10 14:00:58,409 [ERROR] CADModel:125 - Updater not yet initialized, retry later 
2024-04-10 14:00:58,411 [FATAL] Updater:308 - Updater called before beeing initialized
2024-04-10 14:00:58,557 [FATAL] Updater:308 - Updater called before beeing initialized
2024-04-10 14:00:58,564 [INFO] DbMcusAds:53 - JSON generation date=Wed Nov 29 05:52:27 EST 2023 (1701255147349)
2024-04-10 14:00:58,565 [FATAL] Updater:308 - Updater called before beeing initialized
2024-04-10 14:00:58,629 [WARN] DetailPanel:346 - Failed to get advertising image, set to default
2024-04-10 14:00:58,715 [FATAL] Updater:308 - Updater called before beeing initialized
2024-04-10 14:00:58,718 [FATAL] Updater:308 - Updater called before beeing initialized
2024-04-10 14:00:58,719 [FATAL] Updater:308 - Updater called before beeing initialized
2024-04-10 14:00:58,719 [WARN] DetailPanel:346 - Failed to get advertising image, set to default
2024-04-10 14:00:58,721 [FATAL] Updater:308 - Updater called before beeing initialized
2024-04-10 14:00:58,794 [ERROR] Updater:1120 - MainUpdater not yet initialized. External WinMGr cannot be set.
2024-04-10 14:00:58,823 [INFO] Updater:1056 - Updater Version found : 6.10.0
2024-04-10 14:00:58,836 [INFO] ApplicationProperties:184 - Using Application install path: /Applications/STM32CubeIDE.app/Contents/Eclipse/plugins/com.st.stm32cube.common.mx_6.10.0.202311202037
2024-04-10 14:00:59,199 [INFO] MainUpdater:2873 - connection check result : 10
2024-04-10 14:00:59,200 [INFO] MainUpdater:290 - Updater Check For Update Now.
2024-04-10 14:00:59,200 [INFO] MicroXplorer:498 - Change Database Version : DB.6.0.100
2024-04-10 14:00:59,209 [INFO] McuFinderGlobals:63 - Set McuFinder mode to 2 (CubeIDE integrated)
2024-04-10 14:00:59,514 [INFO] CheckServerUpdateThread:120 - End of CheckServer Thread
2024-04-10 14:00:59,789 [INFO] UserAuth:404 - Internet connection configuration mode: 1
2024-04-10 14:00:59,806 [INFO] JxBrowserEngine:152 - Initiate JxBrowser Engine with user profile folder
2024-04-10 14:01:00,208 [WARN] PackLoader:240 - Cannot read IP mode file for STMicroelectronics.X-CUBE-SMBUS.2.1.0
2024-04-10 14:01:00,233 [WARN] PackLoader:240 - Cannot read IP mode file for STMicroelectronics.X-CUBE-TOUCHGFX.4.23.1
2024-04-10 14:01:00,241 [WARN] PackLoader:240 - Cannot read IP mode file for STMicroelectronics.X-CUBE-TOUCHGFX.4.23.0
2024-04-10 14:01:00,247 [WARN] PackLoader:240 - Cannot read IP mode file for STMicroelectronics.X-CUBE-TOUCHGFX.4.23.2
2024-04-10 14:01:00,306 [WARN] PackLoader:240 - Cannot read IP mode file for STMicroelectronics.X-CUBE-AZRTOS-F7.1.1.0
2024-04-10 14:01:00,329 [WARN] PackLoader:240 - Cannot read IP mode file for STMicroelectronics.FP-SNS-MOTENV1.4.3.2
2024-04-10 14:01:00,374 [WARN] PackLoader:240 - Cannot read IP mode file for STMicroelectronics.FP-SNS-FLIGHT1.5.0.2
2024-04-10 14:01:00,396 [WARN] PackLoader:240 - Cannot read IP mode file for STMicroelectronics.X-CUBE-DISPLAY.3.0.0
2024-04-10 14:01:00,437 [WARN] PackLoader:240 - Cannot read IP mode file for STMicroelectronics.X-CUBE-BLE1.7.0.0
2024-04-10 14:01:00,459 [WARN] PackLoader:240 - Cannot read IP mode file for emotas.I-CUBE-CANOPEN.1.3.0
2024-04-10 14:01:00,493 [WARN] PackLoader:240 - Cannot read IP mode file for STMicroelectronics.X-CUBE-BLEMGR.3.1.0
2024-04-10 14:01:00,510 [WARN] PackLoader:240 - Cannot read IP mode file for STMicroelectronics.FP-SNS-SMARTAG2.1.2.0
2024-04-10 14:01:00,530 [INFO] LogOutputStream:77 - [STDOUT_REDIRECT] 1 : Invalid condition id : UX_CORESTACK_Condition cause : null
2024-04-10 14:01:00,531 [INFO] LogOutputStream:77 - [STDOUT_REDIRECT] 1 : Invalid condition id : UX_CORESTACK_Condition cause : null
2024-04-10 14:01:00,531 [INFO] LogOutputStream:77 - [STDOUT_REDIRECT] 1 : Invalid condition id : UX_CORESTACK_Condition cause : null
2024-04-10 14:01:00,532 [INFO] LogOutputStream:77 - [STDOUT_REDIRECT] 1 : Invalid condition id : UX_CORESTACK_Condition cause : null
2024-04-10 14:01:00,532 [INFO] LogOutputStream:77 - [STDOUT_REDIRECT] 1 : Invalid condition id : UX_CORESTACK_Condition cause : null
2024-04-10 14:01:00,539 [WARN] PackLoader:240 - Cannot read IP mode file for STMicroelectronics.X-CUBE-AZRTOS-WL.2.0.0
2024-04-10 14:01:00,555 [WARN] PackLoader:240 - Cannot read IP mode file for STMicroelectronics.FP-SNS-MOTENV1.5.0.0
2024-04-10 14:01:00,584 [WARN] PackLoader:240 - Cannot read IP mode file for WES.I-CUBE-Cesium.1.3.0
2024-04-10 14:01:00,600 [WARN] PackLoader:240 - Cannot read IP mode file for STMicroelectronics.X-CUBE-BLE2.3.3.0
2024-04-10 14:01:00,613 [WARN] PackLoader:240 - Cannot read IP mode file for STMicroelectronics.X-CUBE-TCPP.4.1.0
2024-04-10 14:01:00,644 [WARN] PackLoader:240 - Cannot read IP mode file for STMicroelectronics.X-CUBE-ALGOBUILD.1.3.0
2024-04-10 14:01:00,698 [WARN] PackLoader:240 - Cannot read IP mode file for STMicroelectronics.X-CUBE-AZRTOS-G0.1.1.0
2024-04-10 14:01:00,724 [WARN] PackLoader:240 - Cannot read IP mode file for STMicroelectronics.X-CUBE-SAFEA1.1.2.2
2024-04-10 14:01:00,761 [WARN] PackLoader:240 - Cannot read IP mode file for STMicroelectronics.X-CUBE-NFC4.3.0.0
2024-04-10 14:01:00,787 [WARN] PackLoader:240 - Cannot read IP mode file for STMicroelectronics.X-CUBE-BLEMGR.3.0.0
2024-04-10 14:01:00,805 [WARN] PackLoader:240 - Cannot read IP mode file for STMicroelectronics.FP-ATR-SIGFOX1.3.2.0
2024-04-10 14:01:00,837 [WARN] PackLoader:240 - Cannot read IP mode file for STMicroelectronics.X-CUBE-EEPRMA1.5.1.0
2024-04-10 14:01:00,955 [WARN] PackLoader:240 - Cannot read IP mode file for SEGGER.I-CUBE-embOS.1.3.1
2024-04-10 14:01:01,009 [WARN] PackLoader:240 - Cannot read IP mode file for STMicroelectronics.X-CUBE-GNSS1.6.0.0
2024-04-10 14:01:01,038 [WARN] PackLoader:240 - Cannot read IP mode file for STMicroelectronics.X-CUBE-AZRTOS-F4.1.1.0
2024-04-10 14:01:01,047 [WARN] PackLoader:240 - Cannot read IP mode file for wolfSSL.I-CUBE-wolfSSL.5.6.6
2024-04-10 14:01:01,072 [WARN] PackLoader:240 - Cannot read IP mode file for STMicroelectronics.X-CUBE-AZRTOS-L5.2.0.0
2024-04-10 14:01:01,084 [WARN] PackLoader:240 - Cannot read IP mode file for STMicroelectronics.X-CUBE-EEPRMA1.4.2.0
2024-04-10 14:01:01,099 [WARN] PackLoader:240 - Cannot read IP mode file for STMicroelectronics.X-CUBE-NFC6.3.1.0
2024-04-10 14:01:01,112 [WARN] PackLoader:240 - Cannot read IP mode file for ITTIA_DB.I-CUBE-ITTIADB.8.8.0
2024-04-10 14:01:01,117 [WARN] PackLoader:240 - Cannot read IP mode file for STMicroelectronics.X-CUBE-NFC7.1.0.1
2024-04-10 14:01:01,126 [WARN] PackLoader:240 - Cannot read IP mode file for STMicroelectronics.X-CUBE-NFC6.3.0.0
2024-04-10 14:01:01,132 [WARN] PackLoader:240 - Cannot read IP mode file for STMicroelectronics.X-CUBE-AI.8.1.0
2024-04-10 14:01:01,154 [WARN] ConditionMgr:438 - getConditionDescription Invalid condition id : LAN8742 Phy interface Condition cause : null
2024-04-10 14:01:01,155 [WARN] PackLoader:240 - Cannot read IP mode file for STMicroelectronics.X-CUBE-AZRTOS-L4.2.0.0
2024-04-10 14:01:01,158 [WARN] ConditionMgr:1039 - genDependencies : Invalid condition id : LAN8742 Phy interface Condition cause : null
2024-04-10 14:01:01,159 [WARN] ConditionMgr:1039 - genDependencies : Invalid condition id : LAN8742 Phy interface Condition cause : null
2024-04-10 14:01:01,160 [WARN] ConditionMgr:1039 - genDependencies : Invalid condition id : LAN8742 Phy interface Condition cause : null
2024-04-10 14:01:01,175 [WARN] PackLoader:240 - Cannot read IP mode file for STMicroelectronics.X-CUBE-SFXS2LP1.4.0.0
2024-04-10 14:01:01,189 [WARN] ConditionMgr:438 - getConditionDescription Invalid condition id : UX DEVICE CLASS RTOS Condition cause : null
2024-04-10 14:01:01,189 [WARN] ConditionMgr:438 - getConditionDescription Invalid condition id : UX DEVICE CLASS RTOS Condition cause : null
2024-04-10 14:01:01,193 [WARN] PackLoader:240 - Cannot read IP mode file for STMicroelectronics.X-CUBE-AZRTOS-WB.2.0.0
2024-04-10 14:01:01,195 [WARN] ConditionMgr:1039 - genDependencies : Invalid condition id : UX DEVICE CLASS RTOS Condition cause : null
2024-04-10 14:01:01,195 [WARN] ConditionMgr:1039 - genDependencies : Invalid condition id : UX DEVICE CLASS RTOS Condition cause : null
2024-04-10 14:01:01,195 [WARN] ConditionMgr:1039 - genDependencies : Invalid condition id : UX DEVICE CLASS RTOS Condition cause : null
2024-04-10 14:01:01,196 [WARN] ConditionMgr:1039 - genDependencies : Invalid condition id : UX DEVICE CLASS RTOS Condition cause : null
2024-04-10 14:01:01,196 [WARN] ConditionMgr:1039 - genDependencies : Invalid condition id : UX DEVICE CLASS RTOS Condition cause : null
2024-04-10 14:01:01,210 [WARN] PackLoader:240 - Cannot read IP mode file for STMicroelectronics.X-CUBE-SUBG2.5.0.0
2024-04-10 14:01:01,233 [WARN] PackLoader:240 - Cannot read IP mode file for STMicroelectronics.X-CUBE-AZRTOS-G4.2.0.0
2024-04-10 14:01:01,250 [WARN] PackLoader:240 - Cannot read IP mode file for Infineon.AIROC-Wi-Fi-Bluetooth-STM32.1.5.1
2024-04-10 14:01:01,259 [WARN] PackLoader:240 - Cannot read IP mode file for STMicroelectronics.FP-SNS-MOTENVWB1.1.3.1
2024-04-10 14:01:01,268 [WARN] PackLoader:240 - Cannot read IP mode file for STMicroelectronics.X-CUBE-ISPU.2.0.0
2024-04-10 14:01:01,340 [WARN] PackLoader:240 - Cannot read IP mode file for STMicroelectronics.X-CUBE-MEMS1.10.0.0
2024-04-10 14:01:01,450 [WARN] PackLoader:240 - Cannot read IP mode file for STMicroelectronics.X-CUBE-FREERTOS.1.1.0
2024-04-10 14:01:01,456 [WARN] PackLoader:240 - Cannot read IP mode file for portGmbH.I-Cube-SoM-uGOAL.1.1.0
2024-04-10 14:01:01,460 [WARN] PackLoader:240 - Cannot read IP mode file for STMicroelectronics.X-CUBE-ALS.1.0.1
2024-04-10 14:01:01,462 [WARN] PackLoader:240 - Cannot read IP mode file for STMicroelectronics.FP-ATR-ASTRA1.2.0.0
2024-04-10 14:01:01,477 [WARN] PackLoader:240 - Cannot read IP mode file for STMicroelectronics.X-CUBE-TOF1.3.4.0
2024-04-10 14:01:01,498 [WARN] PackLoader:240 - Cannot read IP mode file for STMicroelectronics.X-CUBE-TOF1.3.4.1
2024-04-10 14:01:01,532 [WARN] PackLoader:240 - Cannot read IP mode file for STMicroelectronics.X-CUBE-AZRTOS-H7.3.2.0
2024-04-10 14:01:01,537 [INFO] ThirdParty:978 - Integrity check success = true
2024-04-10 14:01:01,537 [INFO] IntegrityCheckThread:100 - exiting critical section [integrity check]
2024-04-10 14:01:01,538 [INFO] IntegrityCheckThread:103 - End integrity checks thread
2024-04-10 14:01:04,561 [INFO] WebApp:161 - Instantiating new browser for Auth
2024-04-10 14:01:06,050 [INFO] WebApp:780 - Register for checkConnection events
2024-04-10 14:01:06,052 [INFO] WebApp:414 - Apply proxy settings
2024-04-10 14:01:06,068 [INFO] WebApp:459 - Chromium authenticates against Manually configured proxy
2024-04-10 14:01:06,090 [INFO] WebApp:467 - Username used for proxy authentication: 
2024-04-10 14:01:06,243 [INFO] WebApp:192 - Starting web application
2024-04-10 14:01:06,243 [INFO] WebApp:544 - Web application path used /Applications/STM32CubeIDE.app/Contents/Eclipse/plugins/com.st.stm32cube.common.mx_6.10.0.202311202037/db/plugins/mcufinder/reactClient1/index.html
2024-04-10 14:01:27,408 [ERROR] LogOutputStream:75 - [STDERR_REDIRECT] SLF4J: Failed to load class "org.slf4j.impl.StaticLoggerBinder".
2024-04-10 14:01:27,412 [ERROR] LogOutputStream:75 - [STDERR_REDIRECT] SLF4J: Defaulting to no-operation (NOP) logger implementation
2024-04-10 14:01:27,412 [ERROR] LogOutputStream:75 - [STDERR_REDIRECT] SLF4J: See http://www.slf4j.org/codes.html#StaticLoggerBinder for further details.
2024-04-10 15:26:59,877 [ERROR] LogOutputStream:75 - [STDERR_REDIRECT] 
