2024-03-07 11:58:10,918 [INFO] Activator:176 - 


2024-03-07 11:58:10,925 [INFO] Activator:177 - !SESSION log4j initialized
2024-03-07 11:58:16,911 [ERROR] LogOutputStream:75 - [STDERR_REDIRECT] 
2024-03-07 11:58:17,896 [INFO] LogOutputStream:77 - [STDOUT_REDIRECT] 
2024-03-07 11:58:19,704 [INFO] LogOutputStream:77 - [STDOUT_REDIRECT] 
2024-03-07 11:58:23,828 [INFO] ApplicationProperties:184 - Using Application install path: /Applications/STM32CubeIDE.app/Contents/Eclipse/plugins/com.st.stm32cube.common.mx_6.10.0.202311202037
2024-03-07 11:58:23,843 [INFO] DbMcusXml:78 - Set database path to: /Applications/STM32CubeIDE.app/Contents/Eclipse/plugins/com.st.stm32cube.common.mx_6.10.0.202311202037//db//mcu/
2024-03-07 11:58:23,843 [INFO] ApiDb:274 - Set plugin database path to: /Applications/STM32CubeIDE.app/Contents/Eclipse/plugins/com.st.stm32cube.common.mx_6.10.0.202311202037//db//plugins/boardmanager/
2024-03-07 11:58:23,844 [WARN] ApiDb:259 - Overriding images path with different value:  => /Applications/STM32CubeIDE.app/Contents/Eclipse/plugins/com.st.stm32cube.common.mx_6.10.0.202311202037//db//plugins/mcufinder/images/
2024-03-07 11:58:23,852 [INFO] ApiDb:250 - Set database path to: /Users/romeluis/.stmcufinder/plugins/mcufinder//mcu/
2024-03-07 11:58:23,853 [INFO] DbMcusAds:125 - Set database path to: /Users/romeluis/.stmcufinder/plugins/mcufinder//mcu/
2024-03-07 11:58:23,854 [INFO] CrossReferenceDbSqlite:203 - Set database path to: /Users/romeluis/.stmcufinder/plugins/mcufinder//mcu/cs/
2024-03-07 11:58:24,068 [INFO] RulesReader:64 - Compatibility file has been processed (297 Rules)
2024-03-07 11:58:24,205 [INFO] DbMcusXml:78 - Set database path to: /Applications/STM32CubeIDE.app/Contents/Eclipse/plugins/com.st.stm32cube.common.mx_6.10.0.202311202037//db//mcu/
2024-03-07 11:58:24,211 [INFO] ApiDb:274 - Set plugin database path to: /Applications/STM32CubeIDE.app/Contents/Eclipse/plugins/com.st.stm32cube.common.mx_6.10.0.202311202037//db//plugins/boardmanager/
2024-03-07 11:58:24,216 [INFO] ApiDb:261 - Set plugin images path to: /Applications/STM32CubeIDE.app/Contents/Eclipse/plugins/com.st.stm32cube.common.mx_6.10.0.202311202037//db//plugins/mcufinder/images/
2024-03-07 11:58:24,220 [WARN] DbFile:41 - Overriding database path with different value: /Users/romeluis/.stmcufinder/plugins/mcufinder/ => /Users/romeluis/.stmcufinder/plugins/mcufinder
2024-03-07 11:58:24,220 [INFO] ApiDb:250 - Set database path to: /Users/romeluis/.stmcufinder/plugins/mcufinder//mcu/
2024-03-07 11:58:24,220 [WARN] DbFile:41 - Overriding database path with different value: /Users/romeluis/.stmcufinder/plugins/mcufinder/ => /Users/romeluis/.stmcufinder/plugins/mcufinder
2024-03-07 11:58:24,220 [INFO] DbMcusAds:125 - Set database path to: /Users/romeluis/.stmcufinder/plugins/mcufinder//mcu/
2024-03-07 11:58:24,220 [WARN] DbFile:41 - Overriding database path with different value: /Users/romeluis/.stmcufinder/plugins/mcufinder/ => /Users/romeluis/.stmcufinder/plugins/mcufinder
2024-03-07 11:58:24,221 [WARN] DbFile:41 - Overriding database path with different value: /Users/romeluis/.stmcufinder/plugins/mcufinder/ => /Users/romeluis/.stmcufinder/plugins/mcufinder
2024-03-07 11:58:24,221 [INFO] CrossReferenceDbSqlite:203 - Set database path to: /Users/romeluis/.stmcufinder/plugins/mcufinder//mcu/cs/
2024-03-07 11:58:24,256 [ERROR] LogOutputStream:75 - [STDERR_REDIRECT] [Fatal Error] :2:10: DOCTYPE is disallowed when the feature "http://apache.org/xml/features/disallow-doctype-decl" set to true.
2024-03-07 11:58:24,272 [ERROR] LogOutputStream:75 - [STDERR_REDIRECT] 
2024-03-07 11:58:24,335 [INFO] MainPanel:264 - HeapMemory: 348127232
2024-03-07 11:58:24,425 [INFO] DbMcusXml:78 - Set database path to: /Applications/STM32CubeIDE.app/Contents/Eclipse/plugins/com.st.stm32cube.common.mx_6.10.0.202311202037//db//mcu/
2024-03-07 11:58:24,425 [INFO] ApiDb:274 - Set plugin database path to: /Applications/STM32CubeIDE.app/Contents/Eclipse/plugins/com.st.stm32cube.common.mx_6.10.0.202311202037//db//plugins/boardmanager/
2024-03-07 11:58:24,425 [INFO] ApiDb:261 - Set plugin images path to: /Applications/STM32CubeIDE.app/Contents/Eclipse/plugins/com.st.stm32cube.common.mx_6.10.0.202311202037//db//plugins/mcufinder/images/
2024-03-07 11:58:24,425 [WARN] DbFile:41 - Overriding database path with different value: /Users/romeluis/.stmcufinder/plugins/mcufinder/ => /Users/romeluis/.stmcufinder/plugins/mcufinder
2024-03-07 11:58:24,425 [INFO] ApiDb:250 - Set database path to: /Users/romeluis/.stmcufinder/plugins/mcufinder//mcu/
2024-03-07 11:58:24,425 [WARN] DbFile:41 - Overriding database path with different value: /Users/romeluis/.stmcufinder/plugins/mcufinder/ => /Users/romeluis/.stmcufinder/plugins/mcufinder
2024-03-07 11:58:24,425 [INFO] DbMcusAds:125 - Set database path to: /Users/romeluis/.stmcufinder/plugins/mcufinder//mcu/
2024-03-07 11:58:24,425 [WARN] DbFile:41 - Overriding database path with different value: /Users/romeluis/.stmcufinder/plugins/mcufinder/ => /Users/romeluis/.stmcufinder/plugins/mcufinder
2024-03-07 11:58:24,426 [WARN] DbFile:41 - Overriding database path with different value: /Users/romeluis/.stmcufinder/plugins/mcufinder/ => /Users/romeluis/.stmcufinder/plugins/mcufinder
2024-03-07 11:58:24,426 [INFO] CrossReferenceDbSqlite:203 - Set database path to: /Users/romeluis/.stmcufinder/plugins/mcufinder//mcu/cs/
2024-03-07 11:58:24,442 [INFO] ApplicationProperties:184 - Using Application install path: /Applications/STM32CubeIDE.app/Contents/Eclipse/plugins/com.st.stm32cube.common.mx_6.10.0.202311202037
2024-03-07 11:58:24,443 [INFO] PluginManage:196 - Search for loadable plugins [exclusion list=, ]
2024-03-07 11:58:24,446 [INFO] PluginManage:310 - Check plugin analytics
2024-03-07 11:58:24,843 [INFO] AnalyticsPlugin:253 - Accepted Software Licenses: STM32CubeMX.6.10.0
2024-03-07 11:58:24,847 [INFO] AnalyticsPlugin:255 - Accepted CMSIS Pack Licenses: 
2024-03-07 11:58:24,848 [INFO] AnalyticsPlugin:257 - Accepted Firmware Licenses: FW.F4.1.28.0,FW.F4.1.27.0
2024-03-07 11:58:24,870 [INFO] PluginManage:359 - Loaded plugin analytics (category:tool,tabindex:-1)
2024-03-07 11:58:24,876 [INFO] PluginManage:310 - Check plugin cadmodel
2024-03-07 11:58:25,322 [INFO] CADModel:105 - Init CAD model plugin
2024-03-07 11:58:25,323 [INFO] PluginManage:359 - Loaded plugin cadmodel (category:power,tabindex:5)
2024-03-07 11:58:25,325 [INFO] PluginManage:310 - Check plugin clock
2024-03-07 11:58:25,354 [INFO] PluginManage:359 - Loaded plugin clock (category:base,tabindex:2)
2024-03-07 11:58:25,355 [INFO] PluginManage:310 - Check plugin ddr
2024-03-07 11:58:25,357 [INFO] PluginManage:359 - Loaded plugin ddr (category:tool,tabindex:6)
2024-03-07 11:58:25,357 [INFO] PluginManage:310 - Check plugin filemanager
2024-03-07 11:58:25,556 [INFO] PluginManage:359 - Loaded plugin filemanager (category:base,tabindex:10)
2024-03-07 11:58:25,556 [INFO] PluginManage:310 - Check plugin ipmanager
2024-03-07 11:58:25,563 [INFO] PluginManage:359 - Loaded plugin ipmanager (category:base,tabindex:5)
2024-03-07 11:58:25,564 [INFO] PluginManage:310 - Check plugin lpbam
2024-03-07 11:58:25,574 [INFO] PluginManage:359 - Loaded plugin lpbam (category:base,tabindex:0)
2024-03-07 11:58:25,574 [INFO] PluginManage:310 - Check plugin memorymap
2024-03-07 11:58:25,588 [INFO] PluginManage:359 - Loaded plugin memorymap (category:base,tabindex:4)
2024-03-07 11:58:25,588 [INFO] PluginManage:310 - Check plugin pinoutandconfiguration
2024-03-07 11:58:25,595 [INFO] PluginManage:359 - Loaded plugin pinoutandconfiguration (category:base,tabindex:1)
2024-03-07 11:58:25,595 [INFO] PluginManage:310 - Check plugin pinoutconfig
2024-03-07 11:58:25,690 [WARN] SupportedApi:132 - Cannot load RTOS API schema: s4s-elt-must-match.1: The content of 'definitions' must match (annotation?, (simpleType | complexType)?, (unique | key | keyref)*)). A problem was found starting at: attribute.
2024-03-07 11:58:25,867 [INFO] PluginManage:359 - Loaded plugin pinoutconfig (category:base,tabindex:0)
2024-03-07 11:58:25,867 [INFO] PluginManage:310 - Check plugin power
2024-03-07 11:58:25,885 [INFO] PluginManage:359 - Loaded plugin power (category:power,tabindex:4)
2024-03-07 11:58:25,885 [INFO] PluginManage:310 - Check plugin projectmanager
2024-03-07 11:58:25,913 [INFO] PluginManage:359 - Loaded plugin projectmanager (category:projectmanager,tabindex:3)
2024-03-07 11:58:25,913 [INFO] PluginManage:310 - Check plugin thirdparty
2024-03-07 11:58:26,120 [INFO] PluginManage:359 - Loaded plugin thirdparty (category:base,tabindex:-1)
2024-03-07 11:58:26,122 [INFO] PluginManage:310 - Check plugin tools
2024-03-07 11:58:26,120 [WARN] IntegrityCheckThread:84 - waiting for thirdparty lock release [integrity check]
2024-03-07 11:58:26,123 [INFO] IntegrityCheckThread:86 - entering critical section [integrity check]
2024-03-07 11:58:26,124 [INFO] ThirdPartyUpdaterWithRetryManager:70 - Updater plugin not ready yet. [1/15]
2024-03-07 11:58:26,126 [INFO] PluginManage:359 - Loaded plugin tools (category:base,tabindex:7)
2024-03-07 11:58:26,126 [INFO] PluginManage:310 - Check plugin tutovideos
2024-03-07 11:58:26,309 [INFO] PluginManage:359 - Loaded plugin tutovideos (category:base,tabindex:-1)
2024-03-07 11:58:26,310 [INFO] PluginManage:310 - Check plugin updater
2024-03-07 11:58:26,324 [INFO] PluginManage:359 - Loaded plugin updater (category:base,tabindex:12)
2024-03-07 11:58:26,324 [INFO] PluginManage:310 - Check plugin userauth
2024-03-07 11:58:26,330 [INFO] UserAuth:114 - Init User Auth plugin
2024-03-07 11:58:26,330 [INFO] PluginManage:359 - Loaded plugin userauth (category:base,tabindex:14)
2024-03-07 11:58:26,330 [INFO] PluginManage:283 - PluginManage : Loaded plugins [17]
2024-03-07 11:58:26,578 [INFO] PinOutPanel:1499 - setPackage(No Configuration,No Configuration)
2024-03-07 11:58:26,641 [INFO] CADModel:165 - CPN selected for project level
2024-03-07 11:58:26,642 [INFO] CADModel:114 - Register for checkConnection events
2024-03-07 11:58:26,654 [INFO] IPUIPlugin:80 - create IPUIPlugin
2024-03-07 11:58:26,655 [INFO] PluginManager:220 - loadIPPluginJar : add mdma
2024-03-07 11:58:26,660 [INFO] IPUIPlugin:80 - create IPUIPlugin
2024-03-07 11:58:26,660 [INFO] PluginManager:220 - loadIPPluginJar : add freertos
2024-03-07 11:58:26,664 [INFO] IPUIPlugin:80 - create IPUIPlugin
2024-03-07 11:58:26,664 [INFO] PluginManager:220 - loadIPPluginJar : add gic
2024-03-07 11:58:26,671 [INFO] IPUIPlugin:80 - create IPUIPlugin
2024-03-07 11:58:26,671 [INFO] PluginManager:220 - loadIPPluginJar : add adc
2024-03-07 11:58:26,674 [INFO] IPUIPlugin:80 - create IPUIPlugin
2024-03-07 11:58:26,674 [INFO] PluginManager:220 - loadIPPluginJar : add gtzc
2024-03-07 11:58:26,675 [INFO] IPUIPlugin:80 - create IPUIPlugin
2024-03-07 11:58:26,675 [INFO] PluginManager:220 - loadIPPluginJar : add quadspi
2024-03-07 11:58:26,677 [INFO] IPUIPlugin:80 - create IPUIPlugin
2024-03-07 11:58:26,677 [INFO] PluginManager:220 - loadIPPluginJar : add aes
2024-03-07 11:58:26,679 [INFO] IPUIPlugin:80 - create IPUIPlugin
2024-03-07 11:58:26,679 [INFO] PluginManager:220 - loadIPPluginJar : add pdm2pcm
2024-03-07 11:58:26,680 [INFO] IPUIPlugin:80 - create IPUIPlugin
2024-03-07 11:58:26,680 [INFO] PluginManager:220 - loadIPPluginJar : add hash
2024-03-07 11:58:26,681 [INFO] IPUIPlugin:80 - create IPUIPlugin
2024-03-07 11:58:26,682 [INFO] PluginManager:220 - loadIPPluginJar : add tim
2024-03-07 11:58:26,682 [INFO] IPUIPlugin:80 - create IPUIPlugin
2024-03-07 11:58:26,683 [INFO] PluginManager:220 - loadIPPluginJar : add tsc
2024-03-07 11:58:26,684 [INFO] IPUIPlugin:80 - create IPUIPlugin
2024-03-07 11:58:26,686 [INFO] PluginManager:220 - loadIPPluginJar : add ts
2024-03-07 11:58:26,689 [INFO] IPUIPlugin:80 - create IPUIPlugin
2024-03-07 11:58:26,689 [INFO] PluginManager:220 - loadIPPluginJar : add can
2024-03-07 11:58:26,691 [INFO] IPUIPlugin:80 - create IPUIPlugin
2024-03-07 11:58:26,691 [INFO] PluginManager:220 - loadIPPluginJar : add dma3
2024-03-07 11:58:26,692 [INFO] IPUIPlugin:80 - create IPUIPlugin
2024-03-07 11:58:26,692 [INFO] PluginManager:220 - loadIPPluginJar : add dfsdm
2024-03-07 11:58:26,693 [INFO] IPUIPlugin:80 - create IPUIPlugin
2024-03-07 11:58:26,693 [INFO] PluginManager:220 - loadIPPluginJar : add spi
2024-03-07 11:58:26,695 [INFO] IPUIPlugin:80 - create IPUIPlugin
2024-03-07 11:58:26,695 [INFO] PluginManager:220 - loadIPPluginJar : add gfxmmu
2024-03-07 11:58:26,696 [INFO] IPUIPlugin:80 - create IPUIPlugin
2024-03-07 11:58:26,696 [INFO] PluginManager:220 - loadIPPluginJar : add genericplugin
2024-03-07 11:58:26,698 [INFO] IPUIPlugin:80 - create IPUIPlugin
2024-03-07 11:58:26,698 [INFO] PluginManager:220 - loadIPPluginJar : add cryp
2024-03-07 11:58:26,702 [INFO] IPUIPlugin:80 - create IPUIPlugin
2024-03-07 11:58:26,703 [INFO] PluginManager:220 - loadIPPluginJar : add gpio
2024-03-07 11:58:26,705 [INFO] IPUIPlugin:80 - create IPUIPlugin
2024-03-07 11:58:26,705 [INFO] PluginManager:220 - loadIPPluginJar : add comp
2024-03-07 11:58:26,706 [INFO] IPUIPlugin:80 - create IPUIPlugin
2024-03-07 11:58:26,707 [INFO] PluginManager:220 - loadIPPluginJar : add tracer_emb
2024-03-07 11:58:26,708 [INFO] IPUIPlugin:80 - create IPUIPlugin
2024-03-07 11:58:26,708 [INFO] PluginManager:220 - loadIPPluginJar : add openamp
2024-03-07 11:58:26,712 [INFO] IPUIPlugin:80 - create IPUIPlugin
2024-03-07 11:58:26,713 [INFO] PluginManager:220 - loadIPPluginJar : add stm32_wpan
2024-03-07 11:58:26,716 [INFO] IPUIPlugin:80 - create IPUIPlugin
2024-03-07 11:58:26,720 [INFO] PluginManager:220 - loadIPPluginJar : add plateformsettings
2024-03-07 11:58:26,723 [INFO] IPUIPlugin:80 - create IPUIPlugin
2024-03-07 11:58:26,723 [INFO] PluginManager:220 - loadIPPluginJar : add ipddr
2024-03-07 11:58:26,725 [INFO] IPUIPlugin:80 - create IPUIPlugin
2024-03-07 11:58:26,725 [INFO] PluginManager:220 - loadIPPluginJar : add usart
2024-03-07 11:58:26,726 [INFO] IPUIPlugin:80 - create IPUIPlugin
2024-03-07 11:58:26,726 [INFO] PluginManager:220 - loadIPPluginJar : add ltdc
2024-03-07 11:58:26,729 [INFO] IPUIPlugin:80 - create IPUIPlugin
2024-03-07 11:58:26,729 [INFO] PluginManager:220 - loadIPPluginJar : add nvic
2024-03-07 11:58:26,730 [INFO] IPUIPlugin:80 - create IPUIPlugin
2024-03-07 11:58:26,730 [INFO] PluginManager:220 - loadIPPluginJar : add fatfs
2024-03-07 11:58:26,734 [INFO] IPUIPlugin:80 - create IPUIPlugin
2024-03-07 11:58:26,734 [INFO] PluginManager:220 - loadIPPluginJar : add linkedlist
2024-03-07 11:58:26,738 [INFO] IPUIPlugin:80 - create IPUIPlugin
2024-03-07 11:58:26,738 [INFO] PluginManager:220 - loadIPPluginJar : add dma
2024-03-07 11:58:26,740 [INFO] IPUIPlugin:80 - create IPUIPlugin
2024-03-07 11:58:26,741 [INFO] PluginManager:220 - loadIPPluginJar : add fmc
2024-03-07 11:58:26,742 [INFO] IPUIPlugin:80 - create IPUIPlugin
2024-03-07 11:58:26,742 [INFO] PluginManager:220 - loadIPPluginJar : add i2s
2024-03-07 11:58:26,743 [INFO] IPUIPlugin:80 - create IPUIPlugin
2024-03-07 11:58:26,744 [INFO] PluginManager:220 - loadIPPluginJar : add ucpd
2024-03-07 11:58:26,745 [INFO] IPUIPlugin:80 - create IPUIPlugin
2024-03-07 11:58:26,745 [INFO] PluginManager:220 - loadIPPluginJar : add lorawan
2024-03-07 11:58:26,750 [INFO] IPUIPlugin:80 - create IPUIPlugin
2024-03-07 11:58:26,750 [INFO] PluginManager:220 - loadIPPluginJar : add opamp
2024-03-07 11:58:26,753 [INFO] IPUIPlugin:80 - create IPUIPlugin
2024-03-07 11:58:26,753 [INFO] PluginManager:220 - loadIPPluginJar : add i3c
2024-03-07 11:58:26,755 [INFO] IPUIPlugin:80 - create IPUIPlugin
2024-03-07 11:58:26,755 [INFO] PluginManager:220 - loadIPPluginJar : add touchsensing
2024-03-07 11:58:26,757 [INFO] IPUIPlugin:80 - create IPUIPlugin
2024-03-07 11:58:26,757 [INFO] PluginManager:220 - loadIPPluginJar : add i2c
2024-03-07 11:58:26,760 [INFO] IPUIPlugin:80 - create IPUIPlugin
2024-03-07 11:58:26,761 [INFO] PluginManager:220 - loadIPPluginJar : add resmgrutility
2024-03-07 11:58:26,764 [INFO] IPUIPlugin:80 - create IPUIPlugin
2024-03-07 11:58:26,764 [INFO] PluginManager:220 - loadIPPluginJar : add sai
2024-03-07 11:58:26,766 [INFO] IPUIPlugin:80 - create IPUIPlugin
2024-03-07 11:58:26,766 [INFO] PluginManager:220 - loadIPPluginJar : add usbx
2024-03-07 11:58:26,880 [INFO] CADModel:165 - CPN selected for project level
2024-03-07 11:58:26,880 [INFO] CADModel:114 - Register for checkConnection events
2024-03-07 11:58:26,881 [FATAL] Updater:308 - Updater called before beeing initialized
2024-03-07 11:58:26,881 [ERROR] CADModel:125 - Updater not yet initialized, retry later 
2024-03-07 11:58:27,142 [INFO] CADModel:165 - CPN selected for project level
2024-03-07 11:58:27,142 [INFO] CADModel:114 - Register for checkConnection events
2024-03-07 11:58:27,142 [FATAL] Updater:308 - Updater called before beeing initialized
2024-03-07 11:58:27,142 [ERROR] CADModel:125 - Updater not yet initialized, retry later 
2024-03-07 11:58:27,145 [FATAL] Updater:308 - Updater called before beeing initialized
2024-03-07 11:58:27,414 [FATAL] Updater:308 - Updater called before beeing initialized
2024-03-07 11:58:27,424 [INFO] DbMcusAds:53 - JSON generation date=Wed Nov 29 05:52:27 EST 2023 (1701255147349)
2024-03-07 11:58:27,424 [FATAL] Updater:308 - Updater called before beeing initialized
2024-03-07 11:58:27,491 [WARN] DetailPanel:346 - Failed to get advertising image, set to default
2024-03-07 11:58:27,573 [FATAL] Updater:308 - Updater called before beeing initialized
2024-03-07 11:58:27,575 [FATAL] Updater:308 - Updater called before beeing initialized
2024-03-07 11:58:27,575 [FATAL] Updater:308 - Updater called before beeing initialized
2024-03-07 11:58:27,575 [WARN] DetailPanel:346 - Failed to get advertising image, set to default
2024-03-07 11:58:27,576 [FATAL] Updater:308 - Updater called before beeing initialized
2024-03-07 11:58:27,673 [ERROR] Updater:1120 - MainUpdater not yet initialized. External WinMGr cannot be set.
2024-03-07 11:58:27,723 [INFO] Updater:1056 - Updater Version found : 6.10.0
2024-03-07 11:58:27,738 [INFO] ApplicationProperties:184 - Using Application install path: /Applications/STM32CubeIDE.app/Contents/Eclipse/plugins/com.st.stm32cube.common.mx_6.10.0.202311202037
2024-03-07 11:58:28,184 [INFO] MainUpdater:2873 - connection check result : 10
2024-03-07 11:58:28,184 [INFO] MainUpdater:3567 - Updater definition file requires update
2024-03-07 11:58:28,185 [INFO] MainUpdater:290 - Updater Check For Update Now.
2024-03-07 11:58:28,186 [INFO] MicroXplorer:498 - Change Database Version : DB.6.0.100
2024-03-07 11:58:28,192 [INFO] McuFinderGlobals:63 - Set McuFinder mode to 2 (CubeIDE integrated)
2024-03-07 11:58:28,389 [INFO] ServerAccessManage:473 - Download File updaters.zip
2024-03-07 11:58:28,516 [INFO] FileExtend:240 - Unzip File : updaters.zip
2024-03-07 11:58:28,517 [INFO] FileExtend:255 - Standard Zip Deflate
2024-03-07 11:58:28,563 [INFO] UserAuth:404 - Internet connection configuration mode: 1
2024-03-07 11:58:28,589 [INFO] JxBrowserEngine:152 - Initiate JxBrowser Engine with user profile folder
2024-03-07 11:58:28,845 [INFO] ServerAccessManage:473 - Download File PacksControlFlags.xml
2024-03-07 11:58:28,978 [INFO] ServerAccessManage:473 - Download File cubemx.pidx
2024-03-07 11:58:29,131 [WARN] MainUpdater:1194 - Updater busy. Cannot search thirdparties
2024-03-07 11:58:29,132 [INFO] ThirdPartyUpdaterWithRetryManager:96 - Updater plugin is busy. [1/15]
2024-03-07 11:58:29,703 [INFO] ServerAccessManage:473 - Download File STMicroelectronics.X-CUBE-BLEMGR.pdsc
2024-03-07 11:58:31,003 [INFO] ServerAccessManage:473 - Download File STMicroelectronics.X-CUBE-TOF1.pdsc
2024-03-07 11:58:32,149 [WARN] MainUpdater:1194 - Updater busy. Cannot search thirdparties
2024-03-07 11:58:32,165 [INFO] ThirdPartyUpdaterWithRetryManager:96 - Updater plugin is busy. [2/15]
2024-03-07 11:58:32,538 [ERROR] ServerAccessManage:1089 - Problem, file not found on Server
2024-03-07 11:58:33,683 [ERROR] ServerAccessManage:1096 - Problem, Http access forbiden
2024-03-07 11:58:33,690 [ERROR] ServerAccessManage:651 - Problem, Http access forbiden : RoweBots.I-CUBE-UNISONRTOS.pdsc.
2024-03-07 11:58:33,891 [INFO] WebApp:161 - Instantiating new browser for Auth
2024-03-07 11:58:34,140 [WARN] PackLoader:240 - Cannot read IP mode file for STMicroelectronics.X-CUBE-BLEMGR.3.1.0
2024-03-07 11:58:34,217 [WARN] PackLoader:240 - Cannot read IP mode file for STMicroelectronics.X-CUBE-TOF1.3.4.1
2024-03-07 11:58:34,262 [INFO] PopulateThirdPartyThread:66 - Ending populate Thread
2024-03-07 11:58:34,266 [INFO] ThirdParty:1030 - CMSIS Pack Vendor :STMicroelectronics X-CUBE-BLEMGR 3.1.0
2024-03-07 11:58:34,266 [INFO] ThirdParty:1030 - CMSIS Pack Vendor :STMicroelectronics X-CUBE-TOF1 3.4.1
2024-03-07 11:58:34,266 [INFO] LoadServerUpdatesThread:375 - End of LoadServerUpdate Thread
2024-03-07 11:58:34,299 [INFO] CheckServerUpdateThread:120 - End of CheckServer Thread
2024-03-07 11:58:35,155 [INFO] WebApp:780 - Register for checkConnection events
2024-03-07 11:58:35,155 [INFO] WebApp:414 - Apply proxy settings
2024-03-07 11:58:35,160 [INFO] WebApp:459 - Chromium authenticates against Manually configured proxy
2024-03-07 11:58:35,191 [INFO] WebApp:467 - Username used for proxy authentication: 
2024-03-07 11:58:35,323 [WARN] PackLoader:240 - Cannot read IP mode file for STMicroelectronics.X-CUBE-SMBUS.2.1.0
2024-03-07 11:58:35,358 [WARN] PackLoader:240 - Cannot read IP mode file for STMicroelectronics.X-CUBE-TOUCHGFX.4.23.0
2024-03-07 11:58:35,433 [INFO] WebApp:192 - Starting web application
2024-03-07 11:58:35,434 [INFO] WebApp:544 - Web application path used /Applications/STM32CubeIDE.app/Contents/Eclipse/plugins/com.st.stm32cube.common.mx_6.10.0.202311202037/db/plugins/mcufinder/reactClient1/index.html
2024-03-07 11:58:35,454 [WARN] PackLoader:240 - Cannot read IP mode file for STMicroelectronics.X-CUBE-AZRTOS-F7.1.1.0
2024-03-07 11:58:35,483 [WARN] PackLoader:240 - Cannot read IP mode file for STMicroelectronics.FP-SNS-MOTENV1.4.3.2
2024-03-07 11:58:35,502 [WARN] PackLoader:240 - Cannot read IP mode file for STMicroelectronics.FP-SNS-FLIGHT1.5.0.2
2024-03-07 11:58:35,511 [WARN] PackLoader:240 - Cannot read IP mode file for STMicroelectronics.X-CUBE-DISPLAY.3.0.0
2024-03-07 11:58:35,551 [WARN] PackLoader:240 - Cannot read IP mode file for STMicroelectronics.X-CUBE-BLE1.7.0.0
2024-03-07 11:58:35,564 [WARN] PackLoader:240 - Cannot read IP mode file for emotas.I-CUBE-CANOPEN.1.3.0
2024-03-07 11:58:35,599 [WARN] PackLoader:240 - Cannot read IP mode file for STMicroelectronics.X-CUBE-BLEMGR.3.1.0
2024-03-07 11:58:35,704 [WARN] PackLoader:240 - Cannot read IP mode file for STMicroelectronics.FP-SNS-SMARTAG2.1.2.0
2024-03-07 11:58:35,718 [INFO] LogOutputStream:77 - [STDOUT_REDIRECT] 1 : Invalid condition id : UX_CORESTACK_Condition cause : null
2024-03-07 11:58:35,719 [INFO] LogOutputStream:77 - [STDOUT_REDIRECT] 1 : Invalid condition id : UX_CORESTACK_Condition cause : null
2024-03-07 11:58:35,720 [INFO] LogOutputStream:77 - [STDOUT_REDIRECT] 1 : Invalid condition id : UX_CORESTACK_Condition cause : null
2024-03-07 11:58:35,720 [INFO] LogOutputStream:77 - [STDOUT_REDIRECT] 1 : Invalid condition id : UX_CORESTACK_Condition cause : null
2024-03-07 11:58:35,720 [INFO] LogOutputStream:77 - [STDOUT_REDIRECT] 1 : Invalid condition id : UX_CORESTACK_Condition cause : null
2024-03-07 11:58:35,728 [WARN] PackLoader:240 - Cannot read IP mode file for STMicroelectronics.X-CUBE-AZRTOS-WL.2.0.0
2024-03-07 11:58:35,741 [WARN] PackLoader:240 - Cannot read IP mode file for WES.I-CUBE-Cesium.1.3.0
2024-03-07 11:58:35,756 [WARN] PackLoader:240 - Cannot read IP mode file for STMicroelectronics.X-CUBE-BLE2.3.3.0
2024-03-07 11:58:35,768 [WARN] PackLoader:240 - Cannot read IP mode file for STMicroelectronics.X-CUBE-ALGOBUILD.1.3.0
2024-03-07 11:58:35,798 [WARN] PackLoader:240 - Cannot read IP mode file for STMicroelectronics.X-CUBE-AZRTOS-G0.1.1.0
2024-03-07 11:58:35,822 [WARN] PackLoader:240 - Cannot read IP mode file for STMicroelectronics.X-CUBE-NFC4.3.0.0
2024-03-07 11:58:35,845 [WARN] PackLoader:240 - Cannot read IP mode file for STMicroelectronics.X-CUBE-BLEMGR.3.0.0
2024-03-07 11:58:35,855 [WARN] PackLoader:240 - Cannot read IP mode file for STMicroelectronics.FP-ATR-SIGFOX1.3.2.0
2024-03-07 11:58:35,861 [WARN] PackLoader:240 - Cannot read IP mode file for STMicroelectronics.X-CUBE-EEPRMA1.5.1.0
2024-03-07 11:58:36,044 [WARN] PackLoader:240 - Cannot read IP mode file for SEGGER.I-CUBE-embOS.1.3.1
2024-03-07 11:58:36,202 [WARN] PackLoader:240 - Cannot read IP mode file for STMicroelectronics.X-CUBE-GNSS1.6.0.0
2024-03-07 11:58:36,248 [WARN] PackLoader:240 - Cannot read IP mode file for STMicroelectronics.X-CUBE-AZRTOS-F4.1.1.0
2024-03-07 11:58:36,257 [WARN] PackLoader:240 - Cannot read IP mode file for wolfSSL.I-CUBE-wolfSSL.5.6.6
2024-03-07 11:58:36,283 [WARN] PackLoader:240 - Cannot read IP mode file for STMicroelectronics.X-CUBE-AZRTOS-L5.2.0.0
2024-03-07 11:58:36,292 [WARN] PackLoader:240 - Cannot read IP mode file for STMicroelectronics.X-CUBE-EEPRMA1.4.2.0
2024-03-07 11:58:36,302 [WARN] PackLoader:240 - Cannot read IP mode file for ITTIA_DB.I-CUBE-ITTIADB.8.8.0
2024-03-07 11:58:36,312 [WARN] PackLoader:240 - Cannot read IP mode file for STMicroelectronics.X-CUBE-NFC7.1.0.1
2024-03-07 11:58:36,329 [WARN] PackLoader:240 - Cannot read IP mode file for STMicroelectronics.X-CUBE-NFC6.3.0.0
2024-03-07 11:58:36,340 [WARN] PackLoader:240 - Cannot read IP mode file for STMicroelectronics.X-CUBE-AI.8.1.0
2024-03-07 11:58:36,365 [WARN] ConditionMgr:438 - getConditionDescription Invalid condition id : LAN8742 Phy interface Condition cause : null
2024-03-07 11:58:36,366 [WARN] PackLoader:240 - Cannot read IP mode file for STMicroelectronics.X-CUBE-AZRTOS-L4.2.0.0
2024-03-07 11:58:36,371 [WARN] ConditionMgr:1039 - genDependencies : Invalid condition id : LAN8742 Phy interface Condition cause : null
2024-03-07 11:58:36,372 [WARN] ConditionMgr:1039 - genDependencies : Invalid condition id : LAN8742 Phy interface Condition cause : null
2024-03-07 11:58:36,373 [WARN] ConditionMgr:1039 - genDependencies : Invalid condition id : LAN8742 Phy interface Condition cause : null
2024-03-07 11:58:36,388 [WARN] PackLoader:240 - Cannot read IP mode file for STMicroelectronics.X-CUBE-SFXS2LP1.4.0.0
2024-03-07 11:58:36,401 [WARN] ConditionMgr:438 - getConditionDescription Invalid condition id : UX DEVICE CLASS RTOS Condition cause : null
2024-03-07 11:58:36,404 [WARN] ConditionMgr:438 - getConditionDescription Invalid condition id : UX DEVICE CLASS RTOS Condition cause : null
2024-03-07 11:58:36,409 [WARN] PackLoader:240 - Cannot read IP mode file for STMicroelectronics.X-CUBE-AZRTOS-WB.2.0.0
2024-03-07 11:58:36,410 [WARN] ConditionMgr:1039 - genDependencies : Invalid condition id : UX DEVICE CLASS RTOS Condition cause : null
2024-03-07 11:58:36,410 [WARN] ConditionMgr:1039 - genDependencies : Invalid condition id : UX DEVICE CLASS RTOS Condition cause : null
2024-03-07 11:58:36,411 [WARN] ConditionMgr:1039 - genDependencies : Invalid condition id : UX DEVICE CLASS RTOS Condition cause : null
2024-03-07 11:58:36,411 [WARN] ConditionMgr:1039 - genDependencies : Invalid condition id : UX DEVICE CLASS RTOS Condition cause : null
2024-03-07 11:58:36,411 [WARN] ConditionMgr:1039 - genDependencies : Invalid condition id : UX DEVICE CLASS RTOS Condition cause : null
2024-03-07 11:58:36,436 [WARN] PackLoader:240 - Cannot read IP mode file for STMicroelectronics.X-CUBE-SUBG2.5.0.0
2024-03-07 11:58:36,460 [WARN] PackLoader:240 - Cannot read IP mode file for STMicroelectronics.X-CUBE-AZRTOS-G4.2.0.0
2024-03-07 11:58:36,477 [WARN] PackLoader:240 - Cannot read IP mode file for Infineon.AIROC-Wi-Fi-Bluetooth-STM32.1.5.1
2024-03-07 11:58:36,484 [WARN] PackLoader:240 - Cannot read IP mode file for STMicroelectronics.FP-SNS-MOTENVWB1.1.3.1
2024-03-07 11:58:36,489 [WARN] PackLoader:240 - Cannot read IP mode file for STMicroelectronics.X-CUBE-ISPU.2.0.0
2024-03-07 11:58:36,551 [WARN] PackLoader:240 - Cannot read IP mode file for STMicroelectronics.X-CUBE-MEMS1.10.0.0
2024-03-07 11:58:36,698 [WARN] PackLoader:240 - Cannot read IP mode file for STMicroelectronics.X-CUBE-FREERTOS.1.1.0
2024-03-07 11:58:36,707 [WARN] PackLoader:240 - Cannot read IP mode file for portGmbH.I-Cube-SoM-uGOAL.1.1.0
2024-03-07 11:58:36,712 [WARN] PackLoader:240 - Cannot read IP mode file for STMicroelectronics.X-CUBE-ALS.1.0.1
2024-03-07 11:58:36,725 [WARN] PackLoader:240 - Cannot read IP mode file for STMicroelectronics.FP-ATR-ASTRA1.2.0.0
2024-03-07 11:58:36,741 [WARN] PackLoader:240 - Cannot read IP mode file for STMicroelectronics.X-CUBE-TOF1.3.4.0
2024-03-07 11:58:36,802 [WARN] PackLoader:240 - Cannot read IP mode file for STMicroelectronics.X-CUBE-TOF1.3.4.1
2024-03-07 11:58:36,847 [WARN] PackLoader:240 - Cannot read IP mode file for STMicroelectronics.X-CUBE-AZRTOS-H7.3.2.0
2024-03-07 11:58:36,857 [INFO] ThirdParty:978 - Integrity check success = true
2024-03-07 11:58:36,858 [INFO] IntegrityCheckThread:100 - exiting critical section [integrity check]
2024-03-07 11:58:36,858 [INFO] IntegrityCheckThread:103 - End integrity checks thread
2024-03-07 11:58:56,883 [ERROR] LogOutputStream:75 - [STDERR_REDIRECT] SLF4J: Failed to load class "org.slf4j.impl.StaticLoggerBinder".
2024-03-07 11:58:56,886 [ERROR] LogOutputStream:75 - [STDERR_REDIRECT] SLF4J: Defaulting to no-operation (NOP) logger implementation
2024-03-07 11:58:56,887 [ERROR] LogOutputStream:75 - [STDERR_REDIRECT] SLF4J: See http://www.slf4j.org/codes.html#StaticLoggerBinder for further details.
2024-03-07 12:01:17,746 [INFO] McuFinderGlobals:63 - Set McuFinder mode to 2 (CubeIDE integrated)
2024-03-07 12:01:17,762 [INFO] MainUpdater:2873 - connection check result : 10
2024-03-07 12:01:17,762 [INFO] MainUpdater:2873 - connection check result : 10
2024-03-07 12:01:18,451 [INFO] MicroXplorer:468 - Change Database Path : 
2024-03-07 12:01:18,452 [INFO] MicroXplorer:498 - Change Database Version : DB.6.0.100
2024-03-07 12:01:18,456 [WARN] ThirdParty:871 - waiting for thirdparty lock release [close project]
2024-03-07 12:01:18,456 [INFO] ThirdParty:873 - entering critical section [close project]
2024-03-07 12:01:18,461 [INFO] ThirdParty:883 - exiting critical section [close project]
2024-03-07 12:01:18,466 [INFO] PinOutPanel:1499 - setPackage(No Configuration,No Configuration)
2024-03-07 12:01:18,477 [INFO] UtilMem:75 - Begin LoadConfig() Used Memory: 675932152 Bytes (932184064)
2024-03-07 12:01:18,484 [INFO] OpenFileManager:312 - Change cursor
2024-03-07 12:01:18,595 [INFO] Mcu:2016 - Initializing MCU STM32F446Z(C-E)Tx STM32F446ZETx STM32F446ZET6
2024-03-07 12:01:20,967 [INFO] Context:659 - Trying to add GPIOservice into a context  which must be forbidden
2024-03-07 12:01:21,984 [INFO] RtosManager:555 - Registered RTOS mode: class=CMSIS, group=RTOS, mode=CMSIS_V1, owner=FREERTOS
2024-03-07 12:01:21,986 [INFO] RtosManager:555 - Registered RTOS mode: class=CMSIS, group=RTOS2, mode=CMSIS_V2, owner=FREERTOS
2024-03-07 12:01:21,986 [INFO] RtosManager:555 - Registered RTOS mode: class=RTOS, group=Core, mode=CMSIS_V1, owner=FREERTOS
2024-03-07 12:01:21,986 [INFO] RtosManager:555 - Registered RTOS mode: class=RTOS, group=Core, mode=CMSIS_V2, owner=FREERTOS
2024-03-07 12:01:21,987 [WARN] ModelIntegratedComponent:184 - Missing modes for component STMicroelectronics:FreeRTOS:0.0.1:STMicroelectronics:RTOS:FreeRTOS:Core:::10.2.0:
2024-03-07 12:01:22,025 [WARN] ModelIntegratedComponent:63 - No mode defined for component null
2024-03-07 12:01:22,025 [WARN] ModelIntegratedComponent:63 - No mode defined for component null
2024-03-07 12:01:22,025 [WARN] ModelIntegratedComponent:63 - No mode defined for component null
2024-03-07 12:01:22,025 [WARN] ModelIntegratedComponent:63 - No mode defined for component null
2024-03-07 12:01:22,025 [WARN] ModelIntegratedComponent:63 - No mode defined for component null
2024-03-07 12:01:22,025 [WARN] ModelIntegratedComponent:63 - No mode defined for component null
2024-03-07 12:01:22,025 [WARN] ModelIntegratedComponent:63 - No mode defined for component null
2024-03-07 12:01:22,025 [WARN] ModelIntegratedComponent:63 - No mode defined for component null
2024-03-07 12:01:22,025 [WARN] ModelIntegratedComponent:63 - No mode defined for component null
2024-03-07 12:01:22,025 [WARN] ModelIntegratedComponent:63 - No mode defined for component null
2024-03-07 12:01:22,025 [WARN] ModelIntegratedComponent:63 - No mode defined for component null
2024-03-07 12:01:22,025 [WARN] ModelIntegratedComponent:63 - No mode defined for component null
2024-03-07 12:01:22,025 [WARN] ModelIntegratedComponent:63 - No mode defined for component null
2024-03-07 12:01:22,025 [WARN] ModelIntegratedComponent:63 - No mode defined for component null
2024-03-07 12:01:22,025 [WARN] ModelIntegratedComponent:63 - No mode defined for component null
2024-03-07 12:01:22,025 [WARN] ModelIntegratedComponent:63 - No mode defined for component null
2024-03-07 12:01:22,025 [WARN] ModelIntegratedComponent:63 - No mode defined for component null
2024-03-07 12:01:22,025 [WARN] ModelIntegratedComponent:63 - No mode defined for component null
2024-03-07 12:01:22,025 [WARN] ModelIntegratedComponent:63 - No mode defined for component null
2024-03-07 12:01:22,025 [WARN] ModelIntegratedComponent:63 - No mode defined for component null
2024-03-07 12:01:22,025 [WARN] ModelIntegratedComponent:63 - No mode defined for component null
2024-03-07 12:01:22,025 [WARN] ModelIntegratedComponent:63 - No mode defined for component null
2024-03-07 12:01:22,025 [WARN] ModelIntegratedComponent:63 - No mode defined for component null
2024-03-07 12:01:22,025 [WARN] ModelIntegratedComponent:63 - No mode defined for component null
2024-03-07 12:01:22,025 [WARN] ModelIntegratedComponent:63 - No mode defined for component null
2024-03-07 12:01:22,025 [WARN] ModelIntegratedComponent:63 - No mode defined for component null
2024-03-07 12:01:22,025 [WARN] ModelIntegratedComponent:63 - No mode defined for component null
2024-03-07 12:01:22,025 [WARN] ModelIntegratedComponent:63 - No mode defined for component null
2024-03-07 12:01:22,025 [WARN] ModelIntegratedComponent:63 - No mode defined for component null
2024-03-07 12:01:22,025 [WARN] ModelIntegratedComponent:63 - No mode defined for component null
2024-03-07 12:01:22,025 [WARN] ModelIntegratedComponent:63 - No mode defined for component null
2024-03-07 12:01:22,025 [WARN] ModelIntegratedComponent:63 - No mode defined for component null
2024-03-07 12:01:22,026 [WARN] ModelIntegratedComponent:63 - No mode defined for component null
2024-03-07 12:01:22,157 [INFO] ThirdPartyModel:298 - Start build external matchings
2024-03-07 12:01:22,377 [INFO] ThirdPartyModel:316 - End build external matchings
2024-03-07 12:01:22,430 [INFO] ImportTextPane:194 - (OptionalMessage_ERROR) IP (DMA) : Parameter (Instance) has Id (DCMI) currently not set
2024-03-07 12:01:22,430 [INFO] ImportTextPane:194 - (OptionalMessage_ERROR) IP (DMA) : Parameter (Channel) has Id (DCMI) currently not set
2024-03-07 12:01:22,430 [INFO] ImportTextPane:194 - (OptionalMessage_ERROR) IP (DMA) : Parameter (Direction) has Id (DCMI) currently not set
2024-03-07 12:01:22,433 [INFO] ImportTextPane:194 - (OptionalMessage_ERROR) IP (DMA) : Parameter (PeriphInc) has Id (DCMI) currently not set
2024-03-07 12:01:22,434 [INFO] ImportTextPane:194 - (OptionalMessage_ERROR) IP (DMA) : Parameter (MemInc) has Id (DCMI) currently not set
2024-03-07 12:01:22,434 [INFO] ImportTextPane:194 - (OptionalMessage_ERROR) IP (DMA) : Parameter (PeriphDataAlignment) has Id (DCMI) currently not set
2024-03-07 12:01:22,435 [INFO] ImportTextPane:194 - (OptionalMessage_ERROR) IP (DMA) : Parameter (MemDataAlignment) has Id (DCMI) currently not set
2024-03-07 12:01:22,435 [INFO] ImportTextPane:194 - (OptionalMessage_ERROR) IP (DMA) : Parameter (Mode) has Id (DCMI) currently not set
2024-03-07 12:01:22,435 [INFO] ImportTextPane:194 - (OptionalMessage_ERROR) IP (DMA) : Parameter (Priority) has Id (DCMI) currently not set
2024-03-07 12:01:22,435 [INFO] ImportTextPane:194 - (OptionalMessage_ERROR) IP (DMA) : Parameter (FIFOMode) has Id (DCMI) currently not set
2024-03-07 12:01:22,435 [INFO] ImportTextPane:194 - (OptionalMessage_ERROR) IP (DMA) : Parameter (FIFOThreshold) has Id (DCMI) currently not set
2024-03-07 12:01:22,436 [INFO] ImportTextPane:194 - (OptionalMessage_ERROR) IP (DMA) : Parameter (FIFOThreshold) has invalid value (null)
2024-03-07 12:01:22,438 [INFO] ImportTextPane:194 - (OptionalMessage_ERROR) IP (DMA) : Parameter (MemBurst) has Id (DCMI) currently not set
2024-03-07 12:01:22,438 [INFO] ImportTextPane:194 - (OptionalMessage_ERROR) IP (DMA) : Parameter (MemBurst) has invalid value (null)
2024-03-07 12:01:22,438 [INFO] ImportTextPane:194 - (OptionalMessage_ERROR) IP (DMA) : Parameter (PeriphBurst) has Id (DCMI) currently not set
2024-03-07 12:01:22,438 [INFO] ImportTextPane:194 - (OptionalMessage_ERROR) IP (DMA) : Parameter (PeriphBurst) has invalid value (null)
2024-03-07 12:01:22,438 [INFO] ImportTextPane:194 - (OptionalMessage_ERROR) IP (DMA) : Parameter (Instance) has Id (USART3_TX) currently not set
2024-03-07 12:01:22,438 [INFO] ImportTextPane:194 - (OptionalMessage_ERROR) IP (DMA) : Parameter (Channel) has Id (USART3_TX) currently not set
2024-03-07 12:01:22,438 [INFO] ImportTextPane:194 - (OptionalMessage_ERROR) IP (DMA) : Parameter (Direction) has Id (USART3_TX) currently not set
2024-03-07 12:01:22,438 [INFO] ImportTextPane:194 - (OptionalMessage_ERROR) IP (DMA) : Parameter (PeriphInc) has Id (USART3_TX) currently not set
2024-03-07 12:01:22,438 [INFO] ImportTextPane:194 - (OptionalMessage_ERROR) IP (DMA) : Parameter (MemInc) has Id (USART3_TX) currently not set
2024-03-07 12:01:22,438 [INFO] ImportTextPane:194 - (OptionalMessage_ERROR) IP (DMA) : Parameter (PeriphDataAlignment) has Id (USART3_TX) currently not set
2024-03-07 12:01:22,438 [INFO] ImportTextPane:194 - (OptionalMessage_ERROR) IP (DMA) : Parameter (MemDataAlignment) has Id (USART3_TX) currently not set
2024-03-07 12:01:22,438 [INFO] ImportTextPane:194 - (OptionalMessage_ERROR) IP (DMA) : Parameter (Mode) has Id (USART3_TX) currently not set
2024-03-07 12:01:22,438 [INFO] ImportTextPane:194 - (OptionalMessage_ERROR) IP (DMA) : Parameter (Priority) has Id (USART3_TX) currently not set
2024-03-07 12:01:22,438 [INFO] ImportTextPane:194 - (OptionalMessage_ERROR) IP (DMA) : Parameter (FIFOMode) has Id (USART3_TX) currently not set
2024-03-07 12:01:22,438 [INFO] ImportTextPane:194 - (OptionalMessage_ERROR) IP (DMA) : Parameter (FIFOThreshold) has Id (USART3_TX) currently not set
2024-03-07 12:01:22,438 [INFO] ImportTextPane:194 - (OptionalMessage_ERROR) IP (DMA) : Parameter (FIFOThreshold) has invalid value (null)
2024-03-07 12:01:22,439 [INFO] ImportTextPane:194 - (OptionalMessage_ERROR) IP (DMA) : Parameter (MemBurst) has Id (USART3_TX) currently not set
2024-03-07 12:01:22,439 [INFO] ImportTextPane:194 - (OptionalMessage_ERROR) IP (DMA) : Parameter (MemBurst) has invalid value (null)
2024-03-07 12:01:22,439 [INFO] ImportTextPane:194 - (OptionalMessage_ERROR) IP (DMA) : Parameter (PeriphBurst) has Id (USART3_TX) currently not set
2024-03-07 12:01:22,439 [INFO] ImportTextPane:194 - (OptionalMessage_ERROR) IP (DMA) : Parameter (PeriphBurst) has invalid value (null)
2024-03-07 12:01:22,447 [INFO] ImportTextPane:194 - (OptionalMessage_ERROR) IP (RCC) : Invalid parameter (48MHZClocksFreq_Value)
2024-03-07 12:01:22,447 [INFO] ImportTextPane:194 - (OptionalMessage_ERROR) IP (RCC) : Invalid parameter (ADC12outputFreq_Value)
2024-03-07 12:01:22,447 [INFO] ImportTextPane:194 - (OptionalMessage_ERROR) IP (RCC) : Invalid parameter (ADC34outputFreq_Value)
2024-03-07 12:01:22,450 [INFO] ImportTextPane:194 - (OptionalMessage_ERROR) IP (RCC) : Invalid parameter (EthernetFreq_Value)
2024-03-07 12:01:22,450 [INFO] ImportTextPane:194 - (OptionalMessage_ERROR) IP (RCC) : Invalid parameter (FamilyName)
2024-03-07 12:01:22,450 [INFO] ImportTextPane:194 - (OptionalMessage_ERROR) IP (RCC) : Invalid parameter (I2C1Freq_Value)
2024-03-07 12:01:22,451 [INFO] ImportTextPane:194 - (OptionalMessage_ERROR) IP (RCC) : Invalid parameter (I2C2Freq_Value)
2024-03-07 12:01:22,451 [INFO] ImportTextPane:194 - (OptionalMessage_ERROR) IP (RCC) : Invalid parameter (I2C3Freq_Value)
2024-03-07 12:01:22,451 [INFO] ImportTextPane:194 - (OptionalMessage_ERROR) IP (RCC) : Invalid parameter (I2SClocksFreq_Value)
2024-03-07 12:01:22,451 [INFO] ImportTextPane:194 - (OptionalMessage_ERROR) IP (RCC) : Invalid parameter (LCDTFTFreq_Value)
2024-03-07 12:01:22,451 [INFO] ImportTextPane:194 - (OptionalMessage_ERROR) IP (RCC) : Parameter (MCO2PinFreq_Value) has invalid value (168000000)
2024-03-07 12:01:22,451 [INFO] ImportTextPane:194 - (OptionalMessage_ERROR) IP (RCC) : Invalid parameter (MCOFreq_Value)
2024-03-07 12:01:22,452 [INFO] ImportTextPane:194 - (OptionalMessage_ERROR) IP (RCC) : Invalid parameter (PLLMCOFreq_Value)
2024-03-07 12:01:22,453 [INFO] ImportTextPane:194 - (OptionalMessage_ERROR) IP (RCC) : Invalid parameter (PLLMUL)
2024-03-07 12:01:22,453 [INFO] ImportTextPane:194 - (OptionalMessage_ERROR) IP (RCC) : Invalid parameter (PRESCALERUSB)
2024-03-07 12:01:22,453 [INFO] ImportTextPane:194 - (OptionalMessage_ERROR) IP (RCC) : Invalid parameter (SAI_AClocksFreq_Value)
2024-03-07 12:01:22,453 [INFO] ImportTextPane:194 - (OptionalMessage_ERROR) IP (RCC) : Invalid parameter (SAI_BClocksFreq_Value)
2024-03-07 12:01:22,453 [INFO] ImportTextPane:194 - (OptionalMessage_ERROR) IP (RCC) : Invalid parameter (SYSCLKSourceVirtual)
2024-03-07 12:01:22,453 [INFO] ImportTextPane:194 - (OptionalMessage_ERROR) IP (RCC) : Invalid parameter (TIM15Freq_Value)
2024-03-07 12:01:22,453 [INFO] ImportTextPane:194 - (OptionalMessage_ERROR) IP (RCC) : Invalid parameter (TIM16Freq_Value)
2024-03-07 12:01:22,453 [INFO] ImportTextPane:194 - (OptionalMessage_ERROR) IP (RCC) : Invalid parameter (TIM17Freq_Value)
2024-03-07 12:01:22,453 [INFO] ImportTextPane:194 - (OptionalMessage_ERROR) IP (RCC) : Invalid parameter (TIM1Freq_Value)
2024-03-07 12:01:22,453 [INFO] ImportTextPane:194 - (OptionalMessage_ERROR) IP (RCC) : Invalid parameter (TIM20Freq_Value)
2024-03-07 12:01:22,453 [INFO] ImportTextPane:194 - (OptionalMessage_ERROR) IP (RCC) : Invalid parameter (TIM2Freq_Value)
2024-03-07 12:01:22,453 [INFO] ImportTextPane:194 - (OptionalMessage_ERROR) IP (RCC) : Invalid parameter (TIM3Freq_Value)
2024-03-07 12:01:22,453 [INFO] ImportTextPane:194 - (OptionalMessage_ERROR) IP (RCC) : Invalid parameter (TIM8Freq_Value)
2024-03-07 12:01:22,453 [INFO] ImportTextPane:194 - (OptionalMessage_ERROR) IP (RCC) : Invalid parameter (UART4Freq_Value)
2024-03-07 12:01:22,454 [INFO] ImportTextPane:194 - (OptionalMessage_ERROR) IP (RCC) : Invalid parameter (UART5Freq_Value)
2024-03-07 12:01:22,454 [INFO] ImportTextPane:194 - (OptionalMessage_ERROR) IP (RCC) : Invalid parameter (USART1Freq_Value)
2024-03-07 12:01:22,454 [INFO] ImportTextPane:194 - (OptionalMessage_ERROR) IP (RCC) : Invalid parameter (USART2Freq_Value)
2024-03-07 12:01:22,454 [INFO] ImportTextPane:194 - (OptionalMessage_ERROR) IP (RCC) : Invalid parameter (USART3Freq_Value)
2024-03-07 12:01:22,454 [INFO] ImportTextPane:194 - (OptionalMessage_ERROR) IP (RCC) : Invalid parameter (VCOOutput2Freq_Value)
2024-03-07 12:01:22,456 [INFO] ImportTextPane:194 - (OptionalMessage_ERROR) IP (RCC) : Invalid parameter (VCOSAIOutputFreq_ValueQ)
2024-03-07 12:01:22,456 [INFO] ImportTextPane:194 - (OptionalMessage_ERROR) IP (RCC) : Invalid parameter (VCOSAIOutputFreq_ValueR)
2024-03-07 12:01:22,457 [INFO] ImportTextPane:194 - (OptionalMessage_ERROR) IP (RCC) : Invalid parameter (VcooutputI2S)
2024-03-07 12:01:22,457 [INFO] ImportTextPane:194 - (OptionalMessage_ERROR) IP (RCC) : Invalid parameter (VcooutputI2SQ)
2024-03-07 12:01:22,968 [INFO] UtilMem:75 - End LoadConfig() Used Memory: 641406432 Bytes (1073741824)
2024-03-07 12:01:23,239 [INFO] ApiDb:581 - Connected to CubeFinder SQLite database (/Users/romeluis/.stmcufinder/plugins/mcufinder/mcu/cube-finder-db.db)
2024-03-07 12:01:23,326 [INFO] ApiDb:668 - CubeFinder database Data Model version=2.1
2024-03-07 12:01:23,328 [INFO] ApiDb:669 - CubeFinder database Configuration version=3.0.39
2024-03-07 12:01:23,330 [INFO] ApiDb:670 - CubeFinder database generation date=2024-01-11 (1704964531)
2024-03-07 12:01:23,330 [INFO] ApiDb:671 - CubeFinder database FW Pack versions=[FP-ATR-ASTRA1_V2.0.0, FP-SNS-FLIGHT1_V5.0.1, FP-SNS-FLIGHT1_V5.0.2, FP-SNS-MOTENV1_V4.3.1, FP-SNS-MOTENV1_V4.3.2, FP-SNS-MOTENVWB1_V1.3.1, FP-SNS-SMARTAG2_V1.2.0, STM32Cube_FW_C0_V1.1.0, STM32Cube_FW_F4_V1.28.0, STM32Cube_FW_F7_V1.17.0, STM32Cube_FW_G0_V1.6.2, STM32Cube_FW_G4_V1.5.2, STM32Cube_FW_H5_V0.5.1, STM32Cube_FW_H5_V1.1.1, STM32Cube_FW_H5_V1.2.0RC2, STM32Cube_FW_H7_V1.11.0, STM32Cube_FW_L0_V1.12.2, STM32Cube_FW_L5_V1.5.0, STM32Cube_FW_U5_V1.3.0RC4, STM32Cube_FW_U5_V1.4.0, STM32Cube_FW_WBA_V1.0.0RC1, STM32Cube_FW_WBA_V1.1.0RC1, STM32Cube_FW_WBA_V1.2.0, STM32Cube_FW_WBA_V1.2.0RC2, STM32Cube_FW_WB_V1.15.0RC1, STM32Cube_FW_WB_V1.16.0, STM32Cube_FW_WB_V1.16.0RC2, STM32Cube_FW_WB_V1.18.0, STM32Cube_FW_WL_V1.3.0, X-CUBE-ALGOBUILD_V1.3.0, X-CUBE-ALS_V1.0.1, X-CUBE-AZRTOS-F4_V1.1.0, X-CUBE-AZRTOS-F7_V1.1.0, X-CUBE-AZRTOS-G0_V1.1.0, X-CUBE-AZRTOS-G4_V2.0.0, X-CUBE-AZRTOS-H7_V3.2.0, X-CUBE-AZRTOS-L4_V1.0.0, X-CUBE-AZRTOS-L4_V2.0.0, X-CUBE-AZRTOS-L5_V1.1.0, X-CUBE-AZRTOS-WB_V2.0.0, X-CUBE-AZRTOS-WL_V2.0.0, X-CUBE-BLE1_V7.0.0, X-CUBE-BLE2_V3.3.0, X-CUBE-BLEMGR_V3.0.0, X-CUBE-EEPRMA1_V4.1.0, X-CUBE-EEPRMA1_V4.2.0, X-CUBE-FREERTOS_V1.1.0, X-CUBE-GNSS1_V6.0.0, X-CUBE-MEMS1_V10.0.0, X-CUBE-MEMS1_V9.1.0, X-CUBE-MEMS1_V9.4.0, X-CUBE-MEMS1_V9.6.0, X-CUBE-NFC4_V3.0.0, X-CUBE-NFC7_V1.0.1, X-CUBE-SFXS2LP1_V4.0.0, X-CUBE-SUBG2_V5.0.0, X-CUBE-TOF1_V3.4.0]
2024-03-07 12:01:24,687 [INFO] ApiDb:240 - Found 371 in-development CPN: [B-G473E-ZEST1S, B-WB1M-WPAN1, B-WL5M-SUBG1, NUCLEO-C031C6, NUCLEO-H503RB, NUCLEO-H563ZI, NUCLEO-U545RE-Q, NUCLEO-U5A5ZJ-Q, NUCLEO-WBA52CG, NUCLEO-WBA55CG, STEVAL-MKBOXPRO, STEVAL-PROTEUS1, STEVAL-STWINBX1, STM320518-EVAL, STM32C0116-DK, STM32C011D6Y3TR, STM32C011D6Y6TR, STM32C011F4P3, STM32C011F4P6, STM32C011F4U3, STM32C011F4U6TR, STM32C011F6P3, STM32C011F6P6, STM32C011F6U3, STM32C011F6U6TR, STM32C011J4M3, STM32C011J4M6, STM32C011J6M3, STM32C011J6M6, STM32C0316-DK, STM32C031C4T3, STM32C031C4T6, STM32C031C4U3, STM32C031C4U6, STM32C031C6T3, STM32C031C6T6, STM32C031C6U3, STM32C031C6U6, STM32C031F4P3, STM32C031F4P6, STM32C031F6P3, STM32C031F6P6, STM32C031G4U3, STM32C031G4U6, STM32C031G6U3, STM32C031G6U6, STM32C031K4T3, STM32C031K4T6, STM32C031K4U3, STM32C031K4U6, STM32C031K6T3, STM32C031K6T6, STM32C031K6U3, STM32C031K6U6, STM32G071K8TXN, STM32G071K8UXN, STM32G081GBU6N, STM32G081KBT6N, STM32G081KBUXN, STM32G0B1CCT6N, STM32G0B1KCT6, STM32G0B1NEY6TR, STM32G0B1RCT6N, STM32G0C1CCT6, STM32G0C1CCT6N, STM32G0C1CCU6N, STM32G0C1CET6N, STM32G0C1CEU6N, STM32G0C1KCT6, STM32G0C1NEY6TR, STM32G0C1RCI6N, STM32G0C1RCT6N, STM32G0C1REI6N, STM32G0C1RET6N, STM32G0C1VCI6, STM32G0C1VEI6, STM32G471CCT6, STM32G471CCU6, STM32G471CET3, STM32G471CET6, STM32G471CEU3, STM32G471CEU6, STM32G471MCT6, STM32G471MET3, STM32G471MET6, STM32G471MEY6TR, STM32G471QCT6, STM32G471QET3, STM32G471RCT6, STM32G471RET3, STM32G471RET6, STM32G471VCH6, STM32G471VCI6, STM32G471VCT6, STM32G471VEH3, STM32G471VEH6, STM32G471VEI3, STM32G471VEI6, STM32G471VET3, STM32G471VET6, STM32G474CCT6, STM32H503CBT6, STM32H503CBU6, STM32H503EBY6TR, STM32H503KBU6, STM32H503RBT6, STM32H562AGI6, STM32H562AII6, STM32H562IGK6, STM32H562IGT6, STM32H562IIK6, STM32H562IIT6, STM32H562RGT6, STM32H562RGV6, STM32H562RIT6, STM32H562RIV6, STM32H562VGT6, STM32H562VIT6, STM32H562ZGT6, STM32H562ZIT6, STM32H563AGI6, STM32H563AII3Q, STM32H563AII6, STM32H563IGK6, STM32H563IGT6, STM32H563IIK3Q, STM32H563IIK6, STM32H563IIT3Q, STM32H563IIT6, STM32H563MIY3QTR, STM32H563RGT6, STM32H563RGV6, STM32H563RIT6, STM32H563RIV6, STM32H563VGT6, STM32H563VIT3Q, STM32H563VIT6, STM32H563ZGT6, STM32H563ZIT3Q, STM32H563ZIT6, STM32H573AII3Q, STM32H573AII6, STM32H573I-DK, STM32H573IIK3Q, STM32H573IIK6, STM32H573IIT3Q, STM32H573IIT6, STM32H573MIY3QTR, STM32H573RIT6, STM32H573RIV6, STM32H573VIT3Q, STM32H573VIT6, STM32H573ZIT3Q, STM32H573ZIT6, STM32L4R5QGI6STR, STM32MP131AAE3, STM32MP131AAF3, STM32MP131AAG3, STM32MP131CAE3, STM32MP131CAF3, STM32MP131CAG3, STM32MP131DAE7, STM32MP131DAF7, STM32MP131DAG7, STM32MP131FAE7, STM32MP131FAF7, STM32MP131FAG7, STM32MP133AAE3, STM32MP133AAF3, STM32MP133AAG3, STM32MP133CAE3, STM32MP133CAF3, STM32MP133CAG3, STM32MP133DAE7, STM32MP133DAF7, STM32MP133DAG7, STM32MP133FAE7, STM32MP133FAF7, STM32MP133FAG7, STM32MP135AAE3, STM32MP135AAF3, STM32MP135AAG3, STM32MP135CAE3, STM32MP135CAF3, STM32MP135CAG3, STM32MP135DAE7, STM32MP135DAF7, STM32MP135DAG7, STM32MP135F-DK, STM32MP135FAE7, STM32MP135FAF7, STM32MP135FAF7T, STM32MP135FAF7U, STM32MP135FAG7, STM32U535CBT6, STM32U535CBT6Q, STM32U535CBU6, STM32U535CBU6Q, STM32U535CCT6, STM32U535CCT6Q, STM32U535CCU6, STM32U535CCU6Q, STM32U535CET6, STM32U535CET6Q, STM32U535CEU6, STM32U535CEU6Q, STM32U535JEY6QTR, STM32U535NCY6QTR, STM32U535NEY6QTR, STM32U535RBI6, STM32U535RBI6Q, STM32U535RBT6, STM32U535RBT6Q, STM32U535RCI6, STM32U535RCI6Q, STM32U535RCT6, STM32U535RCT6Q, STM32U535REI6, STM32U535REI6Q, STM32U535RET6, STM32U535RET6Q, STM32U535VCI6, STM32U535VCI6Q, STM32U535VCT6, STM32U535VCT6Q, STM32U535VEI6, STM32U535VEI6Q, STM32U535VET6, STM32U535VET6Q, STM32U545CET6, STM32U545CET6Q, STM32U545CEU6, STM32U545CEU6Q, STM32U545JEY6QTR, STM32U545NEY6QTR, STM32U545REI6, STM32U545REI6Q, STM32U545RET6, STM32U545RET6Q, STM32U545VEI6, STM32U545VEI6Q, STM32U545VET6, STM32U545VET6Q, STM32U595AIH6, STM32U595AIH6Q, STM32U595AJH6, STM32U595AJH6Q, STM32U595QII6, STM32U595QII6Q, STM32U595QJI6, STM32U595QJI6Q, STM32U595RIT6, STM32U595RIT6Q, STM32U595RJT6, STM32U595RJT6Q, STM32U595VIT6, STM32U595VIT6Q, STM32U595VJT6, STM32U595VJT6Q, STM32U595ZIT6, STM32U595ZIT6Q, STM32U595ZIY6QTR, STM32U595ZJT6, STM32U595ZJT6Q, STM32U595ZJY6QTR, STM32U599BJY6QTR, STM32U599NIH6Q, STM32U599NJH6Q, STM32U599VIT6Q, STM32U599VJT6, STM32U599VJT6Q, STM32U599ZIT6Q, STM32U599ZIY6QTR, STM32U599ZJT6Q, STM32U599ZJY6QTR, STM32U5A5AJH6, STM32U5A5AJH6Q, STM32U5A5QJI6, STM32U5A5QJI6Q, STM32U5A5RJT6, STM32U5A5RJT6Q, STM32U5A5VJT6, STM32U5A5VJT6Q, STM32U5A5ZJT6, STM32U5A5ZJT6Q, STM32U5A5ZJY6QTR, STM32U5A9BJY6QTR, STM32U5A9J-DK, STM32U5A9NJH6Q, STM32U5A9VJT6Q, STM32U5A9ZJT6Q, STM32U5A9ZJY6QTR, STM32U5F7VIT6, STM32U5F7VIT6Q, STM32U5F7VJT6, STM32U5F7VJT6Q, STM32U5F9BJY6QTR, STM32U5F9NJH6Q, STM32U5F9VIT6Q, STM32U5F9VJT6Q, STM32U5F9ZIJ6QTR, STM32U5F9ZIT6Q, STM32U5F9ZJJ6QTR, STM32U5F9ZJT6Q, STM32U5G7VJT6, STM32U5G7VJT6Q, STM32U5G9BJY6QTR, STM32U5G9J-DK1, STM32U5G9J-DK2, STM32U5G9NJH6Q, STM32U5G9VJT6Q, STM32U5G9ZJJ6QTR, STM32U5G9ZJT6Q, STM32WB1MMCH6, STM32WBA50KEU6, STM32WBA50KEU6TR, STM32WBA50KGU6, STM32WBA50KGU6TR, STM32WBA52CEU6, STM32WBA52CEU6TR, STM32WBA52CEU7, STM32WBA52CEU7TR, STM32WBA52CGU6, STM32WBA52CGU6TR, STM32WBA52CGU6U, STM32WBA52CGU7, STM32WBA52CGU7TR, STM32WBA52KEU6, STM32WBA52KEU6TR, STM32WBA52KGU6, STM32WBA52KGU6TR, STM32WBA54CEU6, STM32WBA54CEU6TR, STM32WBA54CEU7, STM32WBA54CEU7TR, STM32WBA54CGU6, STM32WBA54CGU6TR, STM32WBA54CGU7, STM32WBA54CGU7TR, STM32WBA54KEU6, STM32WBA54KEU6TR, STM32WBA54KEU7, STM32WBA54KEU7TR, STM32WBA54KGU6, STM32WBA54KGU6TR, STM32WBA54KGU7, STM32WBA54KGU7TR, STM32WBA55CEU6, STM32WBA55CEU6TR, STM32WBA55CEU7, STM32WBA55CEU7TR, STM32WBA55CGU6, STM32WBA55CGU6TR, STM32WBA55CGU6U, STM32WBA55CGU7, STM32WBA55CGU7TR, STM32WBA55G-DK1, STM32WBA55HEF6, STM32WBA55HEF7, STM32WBA55HGF6, STM32WBA55HGF7, STM32WBA55UEI6, STM32WBA55UEI6TR, STM32WBA55UEI7, STM32WBA55UEI7TR, STM32WBA55UGI6, STM32WBA55UGI6TR, STM32WBA55UGI7, STM32WBA55UGI7TR, STM32WL5MOCH6, STM32WL5MOCH6TR]
2024-03-07 12:01:24,693 [INFO] DbMcus:218 - Found 3930 MCUs, 3930 are supported
2024-03-07 12:01:24,695 [INFO] ApiDb:423 - Load user favorites file /Users/romeluis/.stm32cubeide/favorites.mcus.txt: 0 item(s)
2024-03-07 12:01:24,696 [INFO] ApiDb:427 - User favorites MCUs=[]
2024-03-07 12:01:24,696 [INFO] DbMcus:224 - Set 0 / 0 favorites MCUs
2024-03-07 12:01:25,054 [INFO] MicroXplorer:468 - Change Database Path : 
2024-03-07 12:01:25,055 [INFO] MicroXplorer:498 - Change Database Version : DB.6.0.100
2024-03-07 12:01:25,055 [WARN] ThirdParty:833 - waiting for thirdparty lock release [change project]
2024-03-07 12:01:25,055 [INFO] ThirdParty:835 - entering critical section [change project]
2024-03-07 12:01:25,055 [INFO] ThirdParty:1030 - CMSIS Pack Vendor :STMicroelectronics USBPD 4.1
2024-03-07 12:01:25,055 [INFO] ThirdParty:1030 - CMSIS Pack Vendor :STMicroelectronics X-CUBE-GNSS1 6.0.0
2024-03-07 12:01:25,055 [INFO] ThirdParty:1030 - CMSIS Pack Vendor :STMicroelectronics USB_HOST 2.0.0
2024-03-07 12:01:25,055 [INFO] ThirdParty:1030 - CMSIS Pack Vendor :STMicroelectronics X-CUBE-AZRTOS-F4 1.1.0
2024-03-07 12:01:25,055 [INFO] ThirdParty:1030 - CMSIS Pack Vendor :STMicroelectronics LIBJPEG 8.0.0
2024-03-07 12:01:25,055 [INFO] ThirdParty:1030 - CMSIS Pack Vendor :STMicroelectronics X-CUBE-SMBUS 2.1.0
2024-03-07 12:01:25,055 [INFO] ThirdParty:1030 - CMSIS Pack Vendor :STMicroelectronics USB_DEVICE 3.0.0
2024-03-07 12:01:25,055 [INFO] ThirdParty:1030 - CMSIS Pack Vendor :STMicroelectronics X-CUBE-AZRTOS-WB 2.0.0
2024-03-07 12:01:25,055 [INFO] ThirdParty:1030 - CMSIS Pack Vendor :wolfSSL I-CUBE-wolfSSL 5.6.6
2024-03-07 12:01:25,055 [INFO] ThirdParty:1030 - CMSIS Pack Vendor :STMicroelectronics X-CUBE-TOUCHGFX 4.23.0
2024-03-07 12:01:25,056 [INFO] ThirdParty:1030 - CMSIS Pack Vendor :STMicroelectronics X-CUBE-AZRTOS-F7 1.1.0
2024-03-07 12:01:25,056 [INFO] ThirdParty:1030 - CMSIS Pack Vendor :STMicroelectronics X-CUBE-AZRTOS-L5 2.0.0
2024-03-07 12:01:25,056 [INFO] ThirdParty:1030 - CMSIS Pack Vendor :STMicroelectronics USB_DEVICE 2.0.0
2024-03-07 12:01:25,056 [INFO] ThirdParty:1030 - CMSIS Pack Vendor :STMicroelectronics X-CUBE-EEPRMA1 4.2.0
2024-03-07 12:01:25,056 [INFO] ThirdParty:1030 - CMSIS Pack Vendor :ITTIA_DB I-CUBE-ITTIADB 8.8.0
2024-03-07 12:01:25,056 [INFO] ThirdParty:1030 - CMSIS Pack Vendor :STMicroelectronics FP-SNS-MOTENV1 4.3.2
2024-03-07 12:01:25,056 [INFO] ThirdParty:1030 - CMSIS Pack Vendor :STMicroelectronics X-CUBE-ALGOBUILD 1.3.0
2024-03-07 12:01:25,056 [INFO] ThirdParty:1030 - CMSIS Pack Vendor :STMicroelectronics FreeRTOS 0.0.1
2024-03-07 12:01:25,056 [INFO] ThirdParty:1030 - CMSIS Pack Vendor :STMicroelectronics X-CUBE-AZRTOS-G0 1.1.0
2024-03-07 12:01:25,056 [INFO] ThirdParty:1030 - CMSIS Pack Vendor :STMicroelectronics X-CUBE-NFC4 3.0.0
2024-03-07 12:01:25,056 [INFO] ThirdParty:1030 - CMSIS Pack Vendor :STMicroelectronics X-CUBE-SUBG2 5.0.0
2024-03-07 12:01:25,056 [INFO] ThirdParty:1030 - CMSIS Pack Vendor :STMicroelectronics STM32_WPAN 1.0.0
2024-03-07 12:01:25,056 [INFO] ThirdParty:1030 - CMSIS Pack Vendor :STMicroelectronics lwIP 2.0.3
2024-03-07 12:01:25,056 [INFO] ThirdParty:1030 - CMSIS Pack Vendor :STMicroelectronics FP-SNS-FLIGHT1 5.0.2
2024-03-07 12:01:25,056 [INFO] ThirdParty:1030 - CMSIS Pack Vendor :STMicroelectronics USB_HOST 1.0.0
2024-03-07 12:01:25,056 [INFO] ThirdParty:1030 - CMSIS Pack Vendor :STMicroelectronics X-CUBE-AZRTOS-G4 2.0.0
2024-03-07 12:01:25,056 [INFO] ThirdParty:1030 - CMSIS Pack Vendor :STMicroelectronics PDM2PCM 3.1.0
2024-03-07 12:01:25,056 [INFO] ThirdParty:1030 - CMSIS Pack Vendor :Infineon AIROC-Wi-Fi-Bluetooth-STM32 1.5.1
2024-03-07 12:01:25,056 [INFO] ThirdParty:1030 - CMSIS Pack Vendor :STMicroelectronics X-CUBE-BLEMGR 3.0.0
2024-03-07 12:01:25,056 [INFO] ThirdParty:1030 - CMSIS Pack Vendor :STMicroelectronics PDM2PCM 3.3.0
2024-03-07 12:01:25,056 [INFO] ThirdParty:1030 - CMSIS Pack Vendor :STMicroelectronics X-CUBE-DISPLAY 3.0.0
2024-03-07 12:01:25,056 [INFO] ThirdParty:1030 - CMSIS Pack Vendor :STMicroelectronics FP-SNS-MOTENVWB1 1.3.1
2024-03-07 12:01:25,056 [INFO] ThirdParty:1030 - CMSIS Pack Vendor :STMicroelectronics X-CUBE-BLE1 7.0.0
2024-03-07 12:01:25,056 [INFO] ThirdParty:1030 - CMSIS Pack Vendor :STMicroelectronics FP-ATR-SIGFOX1 3.2.0
2024-03-07 12:01:25,056 [INFO] ThirdParty:1030 - CMSIS Pack Vendor :STMicroelectronics X-CUBE-ISPU 2.0.0
2024-03-07 12:01:25,056 [INFO] ThirdParty:1030 - CMSIS Pack Vendor :STMicroelectronics X-CUBE-EEPRMA1 5.1.0
2024-03-07 12:01:25,057 [INFO] ThirdParty:1030 - CMSIS Pack Vendor :STMicroelectronics HAL Drivers 0.0.0
2024-03-07 12:01:25,057 [INFO] ThirdParty:1030 - CMSIS Pack Vendor :STMicroelectronics MBEDTLS 2.16.2
2024-03-07 12:01:25,057 [INFO] ThirdParty:1030 - CMSIS Pack Vendor :emotas I-CUBE-CANOPEN 1.3.0
2024-03-07 12:01:25,057 [INFO] ThirdParty:1030 - CMSIS Pack Vendor :STMicroelectronics X-CUBE-MEMS1 10.0.0
2024-03-07 12:01:25,057 [INFO] ThirdParty:1030 - CMSIS Pack Vendor :STMicroelectronics X-CUBE-FREERTOS 1.1.0
2024-03-07 12:01:25,057 [INFO] ThirdParty:1030 - CMSIS Pack Vendor :STMicroelectronics X-CUBE-NFC7 1.0.1
2024-03-07 12:01:25,057 [INFO] ThirdParty:1030 - CMSIS Pack Vendor :STMicroelectronics MBEDTLS 2.14.1
2024-03-07 12:01:25,057 [INFO] ThirdParty:1030 - CMSIS Pack Vendor :STMicroelectronics X-CUBE-NFC6 3.0.0
2024-03-07 12:01:25,057 [INFO] ThirdParty:1030 - CMSIS Pack Vendor :portGmbH I-Cube-SoM-uGOAL 1.1.0
2024-03-07 12:01:25,057 [INFO] ThirdParty:1030 - CMSIS Pack Vendor :STMicroelectronics X-CUBE-ALS 1.0.1
2024-03-07 12:01:25,057 [INFO] ThirdParty:1030 - CMSIS Pack Vendor :STMicroelectronics X-CUBE-BLEMGR 3.1.0
2024-03-07 12:01:25,057 [INFO] ThirdParty:1030 - CMSIS Pack Vendor :STMicroelectronics ThreadX 1.0.0
2024-03-07 12:01:25,057 [INFO] ThirdParty:1030 - CMSIS Pack Vendor :STMicroelectronics FP-SNS-SMARTAG2 1.2.0
2024-03-07 12:01:25,057 [INFO] ThirdParty:1030 - CMSIS Pack Vendor :STMicroelectronics X-CUBE-AZRTOS-WL 2.0.0
2024-03-07 12:01:25,058 [INFO] ThirdParty:1030 - CMSIS Pack Vendor :SEGGER I-CUBE-embOS 1.3.1
2024-03-07 12:01:25,058 [INFO] ThirdParty:1030 - CMSIS Pack Vendor :STMicroelectronics USB_DEVICE 1.0.0
2024-03-07 12:01:25,058 [INFO] ThirdParty:1030 - CMSIS Pack Vendor :STMicroelectronics X-CUBE-AI 8.1.0
2024-03-07 12:01:25,058 [INFO] ThirdParty:1030 - CMSIS Pack Vendor :STMicroelectronics X-CUBE-AZRTOS-L4 2.0.0
2024-03-07 12:01:25,058 [INFO] ThirdParty:1030 - CMSIS Pack Vendor :STMicroelectronics ThreadX 0.0.2
2024-03-07 12:01:25,058 [INFO] ThirdParty:1030 - CMSIS Pack Vendor :WES I-CUBE-Cesium 1.3.0
2024-03-07 12:01:25,058 [INFO] ThirdParty:1030 - CMSIS Pack Vendor :STMicroelectronics FP-ATR-ASTRA1 2.0.0
2024-03-07 12:01:25,058 [INFO] ThirdParty:1030 - CMSIS Pack Vendor :STMicroelectronics lwIP 2.1.2
2024-03-07 12:01:25,058 [INFO] ThirdParty:1030 - CMSIS Pack Vendor :STMicroelectronics X-CUBE-SFXS2LP1 4.0.0
2024-03-07 12:01:25,058 [INFO] ThirdParty:1030 - CMSIS Pack Vendor :STMicroelectronics X-CUBE-BLE2 3.3.0
2024-03-07 12:01:25,058 [INFO] ThirdParty:1030 - CMSIS Pack Vendor :STMicroelectronics X-CUBE-TOF1 3.4.0
2024-03-07 12:01:25,058 [INFO] ThirdParty:1030 - CMSIS Pack Vendor :STMicroelectronics X-CUBE-TOF1 3.4.1
2024-03-07 12:01:25,058 [INFO] ThirdParty:1030 - CMSIS Pack Vendor :STMicroelectronics X-CUBE-AZRTOS-H7 3.2.0
2024-03-07 12:01:25,058 [INFO] ThirdParty:1030 - CMSIS Pack Vendor :STMicroelectronics PDM2PCM 3.2.0
2024-03-07 12:01:25,060 [INFO] ThirdParty:841 - exiting critical section [change project]
2024-03-07 12:01:26,108 [INFO] PinOutPanel:1499 - setPackage(No Configuration,No Configuration)
2024-03-07 12:01:26,117 [INFO] PinOutPanel:1499 - setPackage(STM32F446ZETx,LQFP144)
2024-03-07 12:01:27,205 [INFO] UtilMem:75 - Before build in PCC Used Memory: 626071608 Bytes (1073741824)
2024-03-07 12:01:28,558 [INFO] UtilMem:75 - After build in PCC Used Memory: 899029992 Bytes (1073741824)
2024-03-07 12:01:28,665 [INFO] IPUIPlugin:80 - create IPUIPlugin
2024-03-07 12:01:28,666 [INFO] IPUIPlugin:80 - create IPUIPlugin
2024-03-07 12:01:28,666 [INFO] IPUIPlugin:80 - create IPUIPlugin
2024-03-07 12:01:28,667 [INFO] IPUIPlugin:80 - create IPUIPlugin
2024-03-07 12:01:28,669 [INFO] IPUIPlugin:80 - create IPUIPlugin
2024-03-07 12:01:28,670 [INFO] IPUIPlugin:80 - create IPUIPlugin
2024-03-07 12:01:28,670 [INFO] IPUIPlugin:80 - create IPUIPlugin
2024-03-07 12:01:28,671 [INFO] IPUIPlugin:80 - create IPUIPlugin
2024-03-07 12:01:28,671 [INFO] IPUIPlugin:80 - create IPUIPlugin
2024-03-07 12:01:28,671 [INFO] IPUIPlugin:80 - create IPUIPlugin
2024-03-07 12:01:28,671 [INFO] IPUIPlugin:80 - create IPUIPlugin
2024-03-07 12:01:28,671 [INFO] IPUIPlugin:80 - create IPUIPlugin
2024-03-07 12:01:28,671 [INFO] IPUIPlugin:80 - create IPUIPlugin
2024-03-07 12:01:28,672 [INFO] IPUIPlugin:80 - create IPUIPlugin
2024-03-07 12:01:28,672 [INFO] IPUIPlugin:80 - create IPUIPlugin
2024-03-07 12:01:28,672 [INFO] IPUIPlugin:80 - create IPUIPlugin
2024-03-07 12:01:28,672 [INFO] IPUIPlugin:80 - create IPUIPlugin
2024-03-07 12:01:28,677 [INFO] IPUIPlugin:80 - create IPUIPlugin
2024-03-07 12:01:28,677 [INFO] IPUIPlugin:80 - create IPUIPlugin
2024-03-07 12:01:28,677 [INFO] IPUIPlugin:80 - create IPUIPlugin
2024-03-07 12:01:28,677 [INFO] IPUIPlugin:80 - create IPUIPlugin
2024-03-07 12:01:28,677 [INFO] IPUIPlugin:80 - create IPUIPlugin
2024-03-07 12:01:28,677 [INFO] IPUIPlugin:80 - create IPUIPlugin
2024-03-07 12:01:28,678 [INFO] IPUIPlugin:80 - create IPUIPlugin
2024-03-07 12:01:28,678 [INFO] IPUIPlugin:80 - create IPUIPlugin
2024-03-07 12:01:28,678 [INFO] IPUIPlugin:80 - create IPUIPlugin
2024-03-07 12:01:28,678 [INFO] IPUIPlugin:80 - create IPUIPlugin
2024-03-07 12:01:28,678 [INFO] IPUIPlugin:80 - create IPUIPlugin
2024-03-07 12:01:28,679 [INFO] IPUIPlugin:80 - create IPUIPlugin
2024-03-07 12:01:28,680 [INFO] IPUIPlugin:80 - create IPUIPlugin
2024-03-07 12:01:28,680 [INFO] IPUIPlugin:80 - create IPUIPlugin
2024-03-07 12:01:28,681 [INFO] IPUIPlugin:80 - create IPUIPlugin
2024-03-07 12:01:28,682 [INFO] IPUIPlugin:80 - create IPUIPlugin
2024-03-07 12:01:28,683 [INFO] IPUIPlugin:80 - create IPUIPlugin
2024-03-07 12:01:28,683 [INFO] IPUIPlugin:80 - create IPUIPlugin
2024-03-07 12:01:28,683 [INFO] IPUIPlugin:80 - create IPUIPlugin
2024-03-07 12:01:28,683 [INFO] IPUIPlugin:80 - create IPUIPlugin
2024-03-07 12:01:28,684 [INFO] IPUIPlugin:80 - create IPUIPlugin
2024-03-07 12:01:28,684 [INFO] IPUIPlugin:80 - create IPUIPlugin
2024-03-07 12:01:28,684 [INFO] IPUIPlugin:80 - create IPUIPlugin
2024-03-07 12:01:28,684 [INFO] IPUIPlugin:80 - create IPUIPlugin
2024-03-07 12:01:28,684 [INFO] IPUIPlugin:80 - create IPUIPlugin
2024-03-07 12:01:28,684 [INFO] IPUIPlugin:80 - create IPUIPlugin
2024-03-07 12:01:28,684 [INFO] IPUIPlugin:80 - create IPUIPlugin
2024-03-07 12:01:28,684 [INFO] IPUIPlugin:80 - create IPUIPlugin
2024-03-07 12:01:28,684 [INFO] IPUIPlugin:80 - create IPUIPlugin
2024-03-07 12:01:28,684 [INFO] IPUIPlugin:80 - create IPUIPlugin
2024-03-07 12:01:28,685 [INFO] IPUIPlugin:80 - create IPUIPlugin
2024-03-07 12:01:28,685 [INFO] IPUIPlugin:80 - create IPUIPlugin
2024-03-07 12:01:28,685 [INFO] IPUIPlugin:80 - create IPUIPlugin
2024-03-07 12:01:28,685 [INFO] IPUIPlugin:80 - create IPUIPlugin
2024-03-07 12:01:28,686 [INFO] IPUIPlugin:80 - create IPUIPlugin
2024-03-07 12:01:28,686 [INFO] IPUIPlugin:80 - create IPUIPlugin
2024-03-07 12:01:28,686 [INFO] IPUIPlugin:80 - create IPUIPlugin
2024-03-07 12:01:28,686 [INFO] IPUIPlugin:80 - create IPUIPlugin
2024-03-07 12:01:28,686 [INFO] IPUIPlugin:80 - create IPUIPlugin
2024-03-07 12:01:28,687 [INFO] IPUIPlugin:80 - create IPUIPlugin
2024-03-07 12:01:28,687 [INFO] IPUIPlugin:80 - create IPUIPlugin
2024-03-07 12:01:28,687 [INFO] IPUIPlugin:80 - create IPUIPlugin
2024-03-07 12:01:28,687 [INFO] IPUIPlugin:80 - create IPUIPlugin
2024-03-07 12:01:28,688 [INFO] IPUIPlugin:80 - create IPUIPlugin
2024-03-07 12:01:28,688 [INFO] IPUIPlugin:80 - create IPUIPlugin
2024-03-07 12:01:28,689 [INFO] IPUIPlugin:80 - create IPUIPlugin
2024-03-07 12:01:28,757 [INFO] ApiDbMcu:508 - Load IP Config File for PDM2PCM
2024-03-07 12:01:28,785 [WARN] IP:2119 - I2C_Coeff_DF not found: check if there is a RefParameter without a condition.
2024-03-07 12:01:28,785 [WARN] IP:2119 - Analog_Filter not found: check if there is a RefParameter without a condition.
2024-03-07 12:01:29,096 [INFO] CADModel:165 - CPN selected for project levelSTM32F446ZET6
2024-03-07 12:01:29,096 [INFO] CADModel:114 - Register for checkConnection events
2024-03-07 12:01:29,145 [INFO] OpenFileManager:343 - Restore cursor
2024-03-07 12:01:29,428 [WARN] IP:2119 - I2C_Coeff_DF not found: check if there is a RefParameter without a condition.
2024-03-07 12:01:29,429 [WARN] IP:2119 - Analog_Filter not found: check if there is a RefParameter without a condition.
2024-03-07 12:01:29,430 [WARN] IP:2119 - I2C_Coeff_DF not found: check if there is a RefParameter without a condition.
2024-03-07 12:01:29,430 [WARN] IP:2119 - Analog_Filter not found: check if there is a RefParameter without a condition.
2024-03-07 12:04:47,138 [INFO] DmaTabbedPanel:205 - Cannot restore the selected Tab for DMA
2024-03-07 12:05:45,963 [INFO] Gpio:277 - dependency for GPIO [DCMI, I2C2, RCC, SYS, TIM1, USART3, USB_OTG_FS]
2024-03-07 12:06:55,203 [WARN] IP:2119 - I2C_Coeff_DF not found: check if there is a RefParameter without a condition.
2024-03-07 12:06:55,205 [WARN] IP:2119 - Analog_Filter not found: check if there is a RefParameter without a condition.
2024-03-07 12:19:46,167 [ERROR] LogOutputStream:75 - [STDERR_REDIRECT] 
