2024-03-22 15:11:15,513 [INFO] Activator:176 - 


2024-03-22 15:11:15,519 [INFO] Activator:177 - !SESSION log4j initialized
2024-03-22 15:11:20,891 [ERROR] LogOutputStream:75 - [STDERR_REDIRECT] 
2024-03-22 15:11:21,683 [INFO] LogOutputStream:77 - [STDOUT_REDIRECT] 
2024-03-22 15:11:23,583 [INFO] LogOutputStream:77 - [STDOUT_REDIRECT] 
2024-03-22 15:11:27,314 [INFO] ApplicationProperties:184 - Using Application install path: /Applications/STM32CubeIDE.app/Contents/Eclipse/plugins/com.st.stm32cube.common.mx_6.10.0.202311202037
2024-03-22 15:11:27,328 [INFO] DbMcusXml:78 - Set database path to: /Applications/STM32CubeIDE.app/Contents/Eclipse/plugins/com.st.stm32cube.common.mx_6.10.0.202311202037//db//mcu/
2024-03-22 15:11:27,328 [INFO] ApiDb:274 - Set plugin database path to: /Applications/STM32CubeIDE.app/Contents/Eclipse/plugins/com.st.stm32cube.common.mx_6.10.0.202311202037//db//plugins/boardmanager/
2024-03-22 15:11:27,328 [WARN] ApiDb:259 - Overriding images path with different value:  => /Applications/STM32CubeIDE.app/Contents/Eclipse/plugins/com.st.stm32cube.common.mx_6.10.0.202311202037//db//plugins/mcufinder/images/
2024-03-22 15:11:27,336 [INFO] ApiDb:250 - Set database path to: /Users/romeluis/.stmcufinder/plugins/mcufinder//mcu/
2024-03-22 15:11:27,337 [INFO] DbMcusAds:125 - Set database path to: /Users/romeluis/.stmcufinder/plugins/mcufinder//mcu/
2024-03-22 15:11:27,338 [INFO] CrossReferenceDbSqlite:203 - Set database path to: /Users/romeluis/.stmcufinder/plugins/mcufinder//mcu/cs/
2024-03-22 15:11:27,505 [INFO] RulesReader:64 - Compatibility file has been processed (297 Rules)
2024-03-22 15:11:27,776 [INFO] DbMcusXml:78 - Set database path to: /Applications/STM32CubeIDE.app/Contents/Eclipse/plugins/com.st.stm32cube.common.mx_6.10.0.202311202037//db//mcu/
2024-03-22 15:11:27,777 [INFO] ApiDb:274 - Set plugin database path to: /Applications/STM32CubeIDE.app/Contents/Eclipse/plugins/com.st.stm32cube.common.mx_6.10.0.202311202037//db//plugins/boardmanager/
2024-03-22 15:11:27,778 [INFO] ApiDb:261 - Set plugin images path to: /Applications/STM32CubeIDE.app/Contents/Eclipse/plugins/com.st.stm32cube.common.mx_6.10.0.202311202037//db//plugins/mcufinder/images/
2024-03-22 15:11:27,780 [WARN] DbFile:41 - Overriding database path with different value: /Users/romeluis/.stmcufinder/plugins/mcufinder/ => /Users/romeluis/.stmcufinder/plugins/mcufinder
2024-03-22 15:11:27,780 [INFO] ApiDb:250 - Set database path to: /Users/romeluis/.stmcufinder/plugins/mcufinder//mcu/
2024-03-22 15:11:27,780 [WARN] DbFile:41 - Overriding database path with different value: /Users/romeluis/.stmcufinder/plugins/mcufinder/ => /Users/romeluis/.stmcufinder/plugins/mcufinder
2024-03-22 15:11:27,780 [INFO] DbMcusAds:125 - Set database path to: /Users/romeluis/.stmcufinder/plugins/mcufinder//mcu/
2024-03-22 15:11:27,781 [WARN] DbFile:41 - Overriding database path with different value: /Users/romeluis/.stmcufinder/plugins/mcufinder/ => /Users/romeluis/.stmcufinder/plugins/mcufinder
2024-03-22 15:11:27,781 [WARN] DbFile:41 - Overriding database path with different value: /Users/romeluis/.stmcufinder/plugins/mcufinder/ => /Users/romeluis/.stmcufinder/plugins/mcufinder
2024-03-22 15:11:27,781 [INFO] CrossReferenceDbSqlite:203 - Set database path to: /Users/romeluis/.stmcufinder/plugins/mcufinder//mcu/cs/
2024-03-22 15:11:27,875 [INFO] MainPanel:264 - HeapMemory: 326107136
2024-03-22 15:11:27,896 [ERROR] LogOutputStream:75 - [STDERR_REDIRECT] [Fatal Error] :2:10: DOCTYPE is disallowed when the feature "http://apache.org/xml/features/disallow-doctype-decl" set to true.
2024-03-22 15:11:27,911 [ERROR] LogOutputStream:75 - [STDERR_REDIRECT] 
2024-03-22 15:11:27,967 [INFO] DbMcusXml:78 - Set database path to: /Applications/STM32CubeIDE.app/Contents/Eclipse/plugins/com.st.stm32cube.common.mx_6.10.0.202311202037//db//mcu/
2024-03-22 15:11:27,967 [INFO] ApiDb:274 - Set plugin database path to: /Applications/STM32CubeIDE.app/Contents/Eclipse/plugins/com.st.stm32cube.common.mx_6.10.0.202311202037//db//plugins/boardmanager/
2024-03-22 15:11:27,967 [INFO] ApiDb:261 - Set plugin images path to: /Applications/STM32CubeIDE.app/Contents/Eclipse/plugins/com.st.stm32cube.common.mx_6.10.0.202311202037//db//plugins/mcufinder/images/
2024-03-22 15:11:27,967 [WARN] DbFile:41 - Overriding database path with different value: /Users/romeluis/.stmcufinder/plugins/mcufinder/ => /Users/romeluis/.stmcufinder/plugins/mcufinder
2024-03-22 15:11:27,967 [INFO] ApiDb:250 - Set database path to: /Users/romeluis/.stmcufinder/plugins/mcufinder//mcu/
2024-03-22 15:11:27,967 [WARN] DbFile:41 - Overriding database path with different value: /Users/romeluis/.stmcufinder/plugins/mcufinder/ => /Users/romeluis/.stmcufinder/plugins/mcufinder
2024-03-22 15:11:27,967 [INFO] DbMcusAds:125 - Set database path to: /Users/romeluis/.stmcufinder/plugins/mcufinder//mcu/
2024-03-22 15:11:27,968 [WARN] DbFile:41 - Overriding database path with different value: /Users/romeluis/.stmcufinder/plugins/mcufinder/ => /Users/romeluis/.stmcufinder/plugins/mcufinder
2024-03-22 15:11:27,968 [WARN] DbFile:41 - Overriding database path with different value: /Users/romeluis/.stmcufinder/plugins/mcufinder/ => /Users/romeluis/.stmcufinder/plugins/mcufinder
2024-03-22 15:11:27,968 [INFO] CrossReferenceDbSqlite:203 - Set database path to: /Users/romeluis/.stmcufinder/plugins/mcufinder//mcu/cs/
2024-03-22 15:11:27,986 [INFO] ApplicationProperties:184 - Using Application install path: /Applications/STM32CubeIDE.app/Contents/Eclipse/plugins/com.st.stm32cube.common.mx_6.10.0.202311202037
2024-03-22 15:11:27,987 [INFO] PluginManage:196 - Search for loadable plugins [exclusion list=, ]
2024-03-22 15:11:27,989 [INFO] PluginManage:310 - Check plugin analytics
2024-03-22 15:11:28,198 [INFO] AnalyticsPlugin:253 - Accepted Software Licenses: STM32CubeMX.6.10.0
2024-03-22 15:11:28,199 [INFO] AnalyticsPlugin:255 - Accepted CMSIS Pack Licenses: 
2024-03-22 15:11:28,199 [INFO] AnalyticsPlugin:257 - Accepted Firmware Licenses: FW.F4.1.28.0,FW.F4.1.27.0
2024-03-22 15:11:28,252 [INFO] PluginManage:359 - Loaded plugin analytics (category:tool,tabindex:-1)
2024-03-22 15:11:28,253 [INFO] PluginManage:310 - Check plugin cadmodel
2024-03-22 15:11:28,598 [INFO] CADModel:105 - Init CAD model plugin
2024-03-22 15:11:28,598 [INFO] PluginManage:359 - Loaded plugin cadmodel (category:power,tabindex:5)
2024-03-22 15:11:28,599 [INFO] PluginManage:310 - Check plugin clock
2024-03-22 15:11:28,610 [INFO] PluginManage:359 - Loaded plugin clock (category:base,tabindex:2)
2024-03-22 15:11:28,610 [INFO] PluginManage:310 - Check plugin ddr
2024-03-22 15:11:28,612 [INFO] PluginManage:359 - Loaded plugin ddr (category:tool,tabindex:6)
2024-03-22 15:11:28,612 [INFO] PluginManage:310 - Check plugin filemanager
2024-03-22 15:11:28,788 [INFO] PluginManage:359 - Loaded plugin filemanager (category:base,tabindex:10)
2024-03-22 15:11:28,789 [INFO] PluginManage:310 - Check plugin ipmanager
2024-03-22 15:11:28,798 [INFO] PluginManage:359 - Loaded plugin ipmanager (category:base,tabindex:5)
2024-03-22 15:11:28,799 [INFO] PluginManage:310 - Check plugin lpbam
2024-03-22 15:11:28,808 [INFO] PluginManage:359 - Loaded plugin lpbam (category:base,tabindex:0)
2024-03-22 15:11:28,809 [INFO] PluginManage:310 - Check plugin memorymap
2024-03-22 15:11:28,818 [INFO] PluginManage:359 - Loaded plugin memorymap (category:base,tabindex:4)
2024-03-22 15:11:28,818 [INFO] PluginManage:310 - Check plugin pinoutandconfiguration
2024-03-22 15:11:28,823 [INFO] PluginManage:359 - Loaded plugin pinoutandconfiguration (category:base,tabindex:1)
2024-03-22 15:11:28,824 [INFO] PluginManage:310 - Check plugin pinoutconfig
2024-03-22 15:11:28,913 [WARN] SupportedApi:132 - Cannot load RTOS API schema: s4s-elt-must-match.1: The content of 'definitions' must match (annotation?, (simpleType | complexType)?, (unique | key | keyref)*)). A problem was found starting at: attribute.
2024-03-22 15:11:29,085 [INFO] PluginManage:359 - Loaded plugin pinoutconfig (category:base,tabindex:0)
2024-03-22 15:11:29,085 [INFO] PluginManage:310 - Check plugin power
2024-03-22 15:11:29,100 [INFO] PluginManage:359 - Loaded plugin power (category:power,tabindex:4)
2024-03-22 15:11:29,100 [INFO] PluginManage:310 - Check plugin projectmanager
2024-03-22 15:11:29,134 [INFO] PluginManage:359 - Loaded plugin projectmanager (category:projectmanager,tabindex:3)
2024-03-22 15:11:29,134 [INFO] PluginManage:310 - Check plugin thirdparty
2024-03-22 15:11:29,418 [INFO] PluginManage:359 - Loaded plugin thirdparty (category:base,tabindex:-1)
2024-03-22 15:11:29,421 [INFO] PluginManage:310 - Check plugin tools
2024-03-22 15:11:29,418 [WARN] IntegrityCheckThread:84 - waiting for thirdparty lock release [integrity check]
2024-03-22 15:11:29,422 [INFO] IntegrityCheckThread:86 - entering critical section [integrity check]
2024-03-22 15:11:29,425 [INFO] ThirdPartyUpdaterWithRetryManager:70 - Updater plugin not ready yet. [1/15]
2024-03-22 15:11:29,427 [INFO] PluginManage:359 - Loaded plugin tools (category:base,tabindex:7)
2024-03-22 15:11:29,428 [INFO] PluginManage:310 - Check plugin tutovideos
2024-03-22 15:11:29,641 [INFO] PluginManage:359 - Loaded plugin tutovideos (category:base,tabindex:-1)
2024-03-22 15:11:29,643 [INFO] PluginManage:310 - Check plugin updater
2024-03-22 15:11:29,685 [INFO] PluginManage:359 - Loaded plugin updater (category:base,tabindex:12)
2024-03-22 15:11:29,686 [INFO] PluginManage:310 - Check plugin userauth
2024-03-22 15:11:29,693 [INFO] UserAuth:114 - Init User Auth plugin
2024-03-22 15:11:29,693 [INFO] PluginManage:359 - Loaded plugin userauth (category:base,tabindex:14)
2024-03-22 15:11:29,695 [INFO] PluginManage:283 - PluginManage : Loaded plugins [17]
2024-03-22 15:11:29,941 [INFO] PinOutPanel:1499 - setPackage(No Configuration,No Configuration)
2024-03-22 15:11:30,009 [INFO] CADModel:165 - CPN selected for project level
2024-03-22 15:11:30,009 [INFO] CADModel:114 - Register for checkConnection events
2024-03-22 15:11:30,022 [INFO] IPUIPlugin:80 - create IPUIPlugin
2024-03-22 15:11:30,023 [INFO] PluginManager:220 - loadIPPluginJar : add mdma
2024-03-22 15:11:30,028 [INFO] IPUIPlugin:80 - create IPUIPlugin
2024-03-22 15:11:30,029 [INFO] PluginManager:220 - loadIPPluginJar : add freertos
2024-03-22 15:11:30,033 [INFO] IPUIPlugin:80 - create IPUIPlugin
2024-03-22 15:11:30,033 [INFO] PluginManager:220 - loadIPPluginJar : add gic
2024-03-22 15:11:30,039 [INFO] IPUIPlugin:80 - create IPUIPlugin
2024-03-22 15:11:30,040 [INFO] PluginManager:220 - loadIPPluginJar : add adc
2024-03-22 15:11:30,042 [INFO] IPUIPlugin:80 - create IPUIPlugin
2024-03-22 15:11:30,042 [INFO] PluginManager:220 - loadIPPluginJar : add gtzc
2024-03-22 15:11:30,043 [INFO] IPUIPlugin:80 - create IPUIPlugin
2024-03-22 15:11:30,043 [INFO] PluginManager:220 - loadIPPluginJar : add quadspi
2024-03-22 15:11:30,044 [INFO] IPUIPlugin:80 - create IPUIPlugin
2024-03-22 15:11:30,044 [INFO] PluginManager:220 - loadIPPluginJar : add aes
2024-03-22 15:11:30,047 [INFO] IPUIPlugin:80 - create IPUIPlugin
2024-03-22 15:11:30,047 [INFO] PluginManager:220 - loadIPPluginJar : add pdm2pcm
2024-03-22 15:11:30,048 [INFO] IPUIPlugin:80 - create IPUIPlugin
2024-03-22 15:11:30,048 [INFO] PluginManager:220 - loadIPPluginJar : add hash
2024-03-22 15:11:30,049 [INFO] IPUIPlugin:80 - create IPUIPlugin
2024-03-22 15:11:30,049 [INFO] PluginManager:220 - loadIPPluginJar : add tim
2024-03-22 15:11:30,049 [INFO] IPUIPlugin:80 - create IPUIPlugin
2024-03-22 15:11:30,049 [INFO] PluginManager:220 - loadIPPluginJar : add tsc
2024-03-22 15:11:30,050 [INFO] IPUIPlugin:80 - create IPUIPlugin
2024-03-22 15:11:30,050 [INFO] PluginManager:220 - loadIPPluginJar : add ts
2024-03-22 15:11:30,052 [INFO] IPUIPlugin:80 - create IPUIPlugin
2024-03-22 15:11:30,052 [INFO] PluginManager:220 - loadIPPluginJar : add can
2024-03-22 15:11:30,054 [INFO] IPUIPlugin:80 - create IPUIPlugin
2024-03-22 15:11:30,054 [INFO] PluginManager:220 - loadIPPluginJar : add dma3
2024-03-22 15:11:30,056 [INFO] IPUIPlugin:80 - create IPUIPlugin
2024-03-22 15:11:30,056 [INFO] PluginManager:220 - loadIPPluginJar : add dfsdm
2024-03-22 15:11:30,057 [INFO] IPUIPlugin:80 - create IPUIPlugin
2024-03-22 15:11:30,057 [INFO] PluginManager:220 - loadIPPluginJar : add spi
2024-03-22 15:11:30,058 [INFO] IPUIPlugin:80 - create IPUIPlugin
2024-03-22 15:11:30,058 [INFO] PluginManager:220 - loadIPPluginJar : add gfxmmu
2024-03-22 15:11:30,059 [INFO] IPUIPlugin:80 - create IPUIPlugin
2024-03-22 15:11:30,059 [INFO] PluginManager:220 - loadIPPluginJar : add genericplugin
2024-03-22 15:11:30,060 [INFO] IPUIPlugin:80 - create IPUIPlugin
2024-03-22 15:11:30,060 [INFO] PluginManager:220 - loadIPPluginJar : add cryp
2024-03-22 15:11:30,063 [INFO] IPUIPlugin:80 - create IPUIPlugin
2024-03-22 15:11:30,064 [INFO] PluginManager:220 - loadIPPluginJar : add gpio
2024-03-22 15:11:30,065 [INFO] IPUIPlugin:80 - create IPUIPlugin
2024-03-22 15:11:30,066 [INFO] PluginManager:220 - loadIPPluginJar : add comp
2024-03-22 15:11:30,067 [INFO] IPUIPlugin:80 - create IPUIPlugin
2024-03-22 15:11:30,067 [INFO] PluginManager:220 - loadIPPluginJar : add tracer_emb
2024-03-22 15:11:30,069 [INFO] IPUIPlugin:80 - create IPUIPlugin
2024-03-22 15:11:30,070 [INFO] PluginManager:220 - loadIPPluginJar : add openamp
2024-03-22 15:11:30,073 [INFO] IPUIPlugin:80 - create IPUIPlugin
2024-03-22 15:11:30,073 [INFO] PluginManager:220 - loadIPPluginJar : add stm32_wpan
2024-03-22 15:11:30,076 [INFO] IPUIPlugin:80 - create IPUIPlugin
2024-03-22 15:11:30,079 [INFO] PluginManager:220 - loadIPPluginJar : add plateformsettings
2024-03-22 15:11:30,082 [INFO] IPUIPlugin:80 - create IPUIPlugin
2024-03-22 15:11:30,083 [INFO] PluginManager:220 - loadIPPluginJar : add ipddr
2024-03-22 15:11:30,084 [INFO] IPUIPlugin:80 - create IPUIPlugin
2024-03-22 15:11:30,085 [INFO] PluginManager:220 - loadIPPluginJar : add usart
2024-03-22 15:11:30,085 [INFO] IPUIPlugin:80 - create IPUIPlugin
2024-03-22 15:11:30,086 [INFO] PluginManager:220 - loadIPPluginJar : add ltdc
2024-03-22 15:11:30,087 [INFO] IPUIPlugin:80 - create IPUIPlugin
2024-03-22 15:11:30,087 [INFO] PluginManager:220 - loadIPPluginJar : add nvic
2024-03-22 15:11:30,088 [INFO] IPUIPlugin:80 - create IPUIPlugin
2024-03-22 15:11:30,088 [INFO] PluginManager:220 - loadIPPluginJar : add fatfs
2024-03-22 15:11:30,093 [INFO] IPUIPlugin:80 - create IPUIPlugin
2024-03-22 15:11:30,093 [INFO] PluginManager:220 - loadIPPluginJar : add linkedlist
2024-03-22 15:11:30,096 [INFO] IPUIPlugin:80 - create IPUIPlugin
2024-03-22 15:11:30,096 [INFO] PluginManager:220 - loadIPPluginJar : add dma
2024-03-22 15:11:30,099 [INFO] IPUIPlugin:80 - create IPUIPlugin
2024-03-22 15:11:30,099 [INFO] PluginManager:220 - loadIPPluginJar : add fmc
2024-03-22 15:11:30,101 [INFO] IPUIPlugin:80 - create IPUIPlugin
2024-03-22 15:11:30,101 [INFO] PluginManager:220 - loadIPPluginJar : add i2s
2024-03-22 15:11:30,103 [INFO] IPUIPlugin:80 - create IPUIPlugin
2024-03-22 15:11:30,103 [INFO] PluginManager:220 - loadIPPluginJar : add ucpd
2024-03-22 15:11:30,105 [INFO] IPUIPlugin:80 - create IPUIPlugin
2024-03-22 15:11:30,105 [INFO] PluginManager:220 - loadIPPluginJar : add lorawan
2024-03-22 15:11:30,106 [INFO] IPUIPlugin:80 - create IPUIPlugin
2024-03-22 15:11:30,106 [INFO] PluginManager:220 - loadIPPluginJar : add opamp
2024-03-22 15:11:30,108 [INFO] IPUIPlugin:80 - create IPUIPlugin
2024-03-22 15:11:30,108 [INFO] PluginManager:220 - loadIPPluginJar : add i3c
2024-03-22 15:11:30,109 [INFO] IPUIPlugin:80 - create IPUIPlugin
2024-03-22 15:11:30,110 [INFO] PluginManager:220 - loadIPPluginJar : add touchsensing
2024-03-22 15:11:30,111 [INFO] IPUIPlugin:80 - create IPUIPlugin
2024-03-22 15:11:30,111 [INFO] PluginManager:220 - loadIPPluginJar : add i2c
2024-03-22 15:11:30,113 [INFO] IPUIPlugin:80 - create IPUIPlugin
2024-03-22 15:11:30,113 [INFO] PluginManager:220 - loadIPPluginJar : add resmgrutility
2024-03-22 15:11:30,115 [INFO] IPUIPlugin:80 - create IPUIPlugin
2024-03-22 15:11:30,115 [INFO] PluginManager:220 - loadIPPluginJar : add sai
2024-03-22 15:11:30,117 [INFO] IPUIPlugin:80 - create IPUIPlugin
2024-03-22 15:11:30,117 [INFO] PluginManager:220 - loadIPPluginJar : add usbx
2024-03-22 15:11:30,251 [INFO] CADModel:165 - CPN selected for project level
2024-03-22 15:11:30,251 [INFO] CADModel:114 - Register for checkConnection events
2024-03-22 15:11:30,251 [FATAL] Updater:308 - Updater called before beeing initialized
2024-03-22 15:11:30,251 [ERROR] CADModel:125 - Updater not yet initialized, retry later 
2024-03-22 15:11:30,492 [INFO] CADModel:165 - CPN selected for project level
2024-03-22 15:11:30,492 [INFO] CADModel:114 - Register for checkConnection events
2024-03-22 15:11:30,492 [FATAL] Updater:308 - Updater called before beeing initialized
2024-03-22 15:11:30,492 [ERROR] CADModel:125 - Updater not yet initialized, retry later 
2024-03-22 15:11:30,495 [FATAL] Updater:308 - Updater called before beeing initialized
2024-03-22 15:11:30,749 [FATAL] Updater:308 - Updater called before beeing initialized
2024-03-22 15:11:30,756 [INFO] DbMcusAds:53 - JSON generation date=Wed Nov 29 05:52:27 EST 2023 (1701255147349)
2024-03-22 15:11:30,757 [FATAL] Updater:308 - Updater called before beeing initialized
2024-03-22 15:11:30,835 [WARN] DetailPanel:346 - Failed to get advertising image, set to default
2024-03-22 15:11:30,918 [FATAL] Updater:308 - Updater called before beeing initialized
2024-03-22 15:11:30,923 [FATAL] Updater:308 - Updater called before beeing initialized
2024-03-22 15:11:30,924 [FATAL] Updater:308 - Updater called before beeing initialized
2024-03-22 15:11:30,924 [WARN] DetailPanel:346 - Failed to get advertising image, set to default
2024-03-22 15:11:30,926 [FATAL] Updater:308 - Updater called before beeing initialized
2024-03-22 15:11:31,000 [ERROR] Updater:1120 - MainUpdater not yet initialized. External WinMGr cannot be set.
2024-03-22 15:11:31,054 [INFO] Updater:1056 - Updater Version found : 6.10.0
2024-03-22 15:11:31,069 [INFO] ApplicationProperties:184 - Using Application install path: /Applications/STM32CubeIDE.app/Contents/Eclipse/plugins/com.st.stm32cube.common.mx_6.10.0.202311202037
2024-03-22 15:11:31,662 [INFO] MainUpdater:2873 - connection check result : 10
2024-03-22 15:11:31,663 [INFO] MainUpdater:3567 - Updater definition file requires update
2024-03-22 15:11:31,665 [INFO] MainUpdater:290 - Updater Check For Update Now.
2024-03-22 15:11:31,666 [INFO] MicroXplorer:498 - Change Database Version : DB.6.0.100
2024-03-22 15:11:31,677 [INFO] McuFinderGlobals:63 - Set McuFinder mode to 2 (CubeIDE integrated)
2024-03-22 15:11:31,716 [INFO] ServerAccessManage:473 - Download File updaters.zip
2024-03-22 15:11:31,864 [INFO] FileExtend:240 - Unzip File : updaters.zip
2024-03-22 15:11:31,866 [INFO] FileExtend:255 - Standard Zip Deflate
2024-03-22 15:11:32,159 [INFO] UserAuth:404 - Internet connection configuration mode: 1
2024-03-22 15:11:32,175 [INFO] JxBrowserEngine:152 - Initiate JxBrowser Engine with user profile folder
2024-03-22 15:11:32,210 [INFO] ServerAccessManage:473 - Download File PacksControlFlags.xml
2024-03-22 15:11:32,320 [INFO] ServerAccessManage:473 - Download File cubemx.pidx
2024-03-22 15:11:32,430 [WARN] MainUpdater:1194 - Updater busy. Cannot search thirdparties
2024-03-22 15:11:32,430 [INFO] ThirdPartyUpdaterWithRetryManager:96 - Updater plugin is busy. [1/15]
2024-03-22 15:11:33,337 [INFO] ServerAccessManage:473 - Download File STMicroelectronics.X-CUBE-NFC6.pdsc
2024-03-22 15:11:34,005 [WARN] PackLoader:240 - Cannot read IP mode file for STMicroelectronics.X-CUBE-NFC6.3.1.0
2024-03-22 15:11:34,042 [INFO] PopulateThirdPartyThread:66 - Ending populate Thread
2024-03-22 15:11:34,044 [INFO] ThirdParty:1030 - CMSIS Pack Vendor :STMicroelectronics X-CUBE-NFC6 3.1.0
2024-03-22 15:11:34,044 [INFO] LoadServerUpdatesThread:375 - End of LoadServerUpdate Thread
2024-03-22 15:11:34,175 [INFO] CheckServerUpdateThread:120 - End of CheckServer Thread
2024-03-22 15:11:35,562 [WARN] PackLoader:240 - Cannot read IP mode file for STMicroelectronics.X-CUBE-SMBUS.2.1.0
2024-03-22 15:11:35,584 [WARN] PackLoader:240 - Cannot read IP mode file for STMicroelectronics.X-CUBE-TOUCHGFX.4.23.0
2024-03-22 15:11:35,641 [WARN] PackLoader:240 - Cannot read IP mode file for STMicroelectronics.X-CUBE-AZRTOS-F7.1.1.0
2024-03-22 15:11:35,684 [WARN] PackLoader:240 - Cannot read IP mode file for STMicroelectronics.FP-SNS-MOTENV1.4.3.2
2024-03-22 15:11:35,723 [WARN] PackLoader:240 - Cannot read IP mode file for STMicroelectronics.FP-SNS-FLIGHT1.5.0.2
2024-03-22 15:11:35,753 [WARN] PackLoader:240 - Cannot read IP mode file for STMicroelectronics.X-CUBE-DISPLAY.3.0.0
2024-03-22 15:11:35,814 [WARN] PackLoader:240 - Cannot read IP mode file for STMicroelectronics.X-CUBE-BLE1.7.0.0
2024-03-22 15:11:35,833 [WARN] PackLoader:240 - Cannot read IP mode file for emotas.I-CUBE-CANOPEN.1.3.0
2024-03-22 15:11:35,856 [WARN] PackLoader:240 - Cannot read IP mode file for STMicroelectronics.X-CUBE-BLEMGR.3.1.0
2024-03-22 15:11:35,890 [WARN] PackLoader:240 - Cannot read IP mode file for STMicroelectronics.FP-SNS-SMARTAG2.1.2.0
2024-03-22 15:11:35,930 [INFO] LogOutputStream:77 - [STDOUT_REDIRECT] 1 : Invalid condition id : UX_CORESTACK_Condition cause : null
2024-03-22 15:11:35,933 [INFO] LogOutputStream:77 - [STDOUT_REDIRECT] 1 : Invalid condition id : UX_CORESTACK_Condition cause : null
2024-03-22 15:11:35,933 [INFO] LogOutputStream:77 - [STDOUT_REDIRECT] 1 : Invalid condition id : UX_CORESTACK_Condition cause : null
2024-03-22 15:11:35,933 [INFO] LogOutputStream:77 - [STDOUT_REDIRECT] 1 : Invalid condition id : UX_CORESTACK_Condition cause : null
2024-03-22 15:11:35,934 [INFO] LogOutputStream:77 - [STDOUT_REDIRECT] 1 : Invalid condition id : UX_CORESTACK_Condition cause : null
2024-03-22 15:11:35,946 [WARN] PackLoader:240 - Cannot read IP mode file for STMicroelectronics.X-CUBE-AZRTOS-WL.2.0.0
2024-03-22 15:11:35,973 [WARN] PackLoader:240 - Cannot read IP mode file for WES.I-CUBE-Cesium.1.3.0
2024-03-22 15:11:35,992 [WARN] PackLoader:240 - Cannot read IP mode file for STMicroelectronics.X-CUBE-BLE2.3.3.0
2024-03-22 15:11:36,050 [WARN] PackLoader:240 - Cannot read IP mode file for STMicroelectronics.X-CUBE-ALGOBUILD.1.3.0
2024-03-22 15:11:36,091 [WARN] PackLoader:240 - Cannot read IP mode file for STMicroelectronics.X-CUBE-AZRTOS-G0.1.1.0
2024-03-22 15:11:36,121 [WARN] PackLoader:240 - Cannot read IP mode file for STMicroelectronics.X-CUBE-NFC4.3.0.0
2024-03-22 15:11:36,154 [WARN] PackLoader:240 - Cannot read IP mode file for STMicroelectronics.X-CUBE-BLEMGR.3.0.0
2024-03-22 15:11:36,170 [WARN] PackLoader:240 - Cannot read IP mode file for STMicroelectronics.FP-ATR-SIGFOX1.3.2.0
2024-03-22 15:11:36,176 [WARN] PackLoader:240 - Cannot read IP mode file for STMicroelectronics.X-CUBE-EEPRMA1.5.1.0
2024-03-22 15:11:36,270 [WARN] PackLoader:240 - Cannot read IP mode file for SEGGER.I-CUBE-embOS.1.3.1
2024-03-22 15:11:36,343 [WARN] PackLoader:240 - Cannot read IP mode file for STMicroelectronics.X-CUBE-GNSS1.6.0.0
2024-03-22 15:11:36,373 [WARN] PackLoader:240 - Cannot read IP mode file for STMicroelectronics.X-CUBE-AZRTOS-F4.1.1.0
2024-03-22 15:11:36,384 [WARN] PackLoader:240 - Cannot read IP mode file for wolfSSL.I-CUBE-wolfSSL.5.6.6
2024-03-22 15:11:36,407 [WARN] PackLoader:240 - Cannot read IP mode file for STMicroelectronics.X-CUBE-AZRTOS-L5.2.0.0
2024-03-22 15:11:36,416 [WARN] PackLoader:240 - Cannot read IP mode file for STMicroelectronics.X-CUBE-EEPRMA1.4.2.0
2024-03-22 15:11:36,431 [WARN] PackLoader:240 - Cannot read IP mode file for STMicroelectronics.X-CUBE-NFC6.3.1.0
2024-03-22 15:11:36,445 [WARN] PackLoader:240 - Cannot read IP mode file for ITTIA_DB.I-CUBE-ITTIADB.8.8.0
2024-03-22 15:11:36,451 [WARN] PackLoader:240 - Cannot read IP mode file for STMicroelectronics.X-CUBE-NFC7.1.0.1
2024-03-22 15:11:36,464 [WARN] PackLoader:240 - Cannot read IP mode file for STMicroelectronics.X-CUBE-NFC6.3.0.0
2024-03-22 15:11:36,470 [WARN] PackLoader:240 - Cannot read IP mode file for STMicroelectronics.X-CUBE-AI.8.1.0
2024-03-22 15:11:36,493 [WARN] ConditionMgr:438 - getConditionDescription Invalid condition id : LAN8742 Phy interface Condition cause : null
2024-03-22 15:11:36,495 [WARN] PackLoader:240 - Cannot read IP mode file for STMicroelectronics.X-CUBE-AZRTOS-L4.2.0.0
2024-03-22 15:11:36,499 [WARN] ConditionMgr:1039 - genDependencies : Invalid condition id : LAN8742 Phy interface Condition cause : null
2024-03-22 15:11:36,500 [WARN] ConditionMgr:1039 - genDependencies : Invalid condition id : LAN8742 Phy interface Condition cause : null
2024-03-22 15:11:36,501 [WARN] ConditionMgr:1039 - genDependencies : Invalid condition id : LAN8742 Phy interface Condition cause : null
2024-03-22 15:11:36,509 [WARN] PackLoader:240 - Cannot read IP mode file for STMicroelectronics.X-CUBE-SFXS2LP1.4.0.0
2024-03-22 15:11:36,528 [WARN] ConditionMgr:438 - getConditionDescription Invalid condition id : UX DEVICE CLASS RTOS Condition cause : null
2024-03-22 15:11:36,529 [WARN] ConditionMgr:438 - getConditionDescription Invalid condition id : UX DEVICE CLASS RTOS Condition cause : null
2024-03-22 15:11:36,533 [WARN] PackLoader:240 - Cannot read IP mode file for STMicroelectronics.X-CUBE-AZRTOS-WB.2.0.0
2024-03-22 15:11:36,535 [WARN] ConditionMgr:1039 - genDependencies : Invalid condition id : UX DEVICE CLASS RTOS Condition cause : null
2024-03-22 15:11:36,535 [WARN] ConditionMgr:1039 - genDependencies : Invalid condition id : UX DEVICE CLASS RTOS Condition cause : null
2024-03-22 15:11:36,536 [WARN] ConditionMgr:1039 - genDependencies : Invalid condition id : UX DEVICE CLASS RTOS Condition cause : null
2024-03-22 15:11:36,537 [WARN] ConditionMgr:1039 - genDependencies : Invalid condition id : UX DEVICE CLASS RTOS Condition cause : null
2024-03-22 15:11:36,537 [WARN] ConditionMgr:1039 - genDependencies : Invalid condition id : UX DEVICE CLASS RTOS Condition cause : null
2024-03-22 15:11:36,557 [WARN] PackLoader:240 - Cannot read IP mode file for STMicroelectronics.X-CUBE-SUBG2.5.0.0
2024-03-22 15:11:36,586 [WARN] PackLoader:240 - Cannot read IP mode file for STMicroelectronics.X-CUBE-AZRTOS-G4.2.0.0
2024-03-22 15:11:36,608 [WARN] PackLoader:240 - Cannot read IP mode file for Infineon.AIROC-Wi-Fi-Bluetooth-STM32.1.5.1
2024-03-22 15:11:36,616 [WARN] PackLoader:240 - Cannot read IP mode file for STMicroelectronics.FP-SNS-MOTENVWB1.1.3.1
2024-03-22 15:11:36,622 [WARN] PackLoader:240 - Cannot read IP mode file for STMicroelectronics.X-CUBE-ISPU.2.0.0
2024-03-22 15:11:36,681 [WARN] PackLoader:240 - Cannot read IP mode file for STMicroelectronics.X-CUBE-MEMS1.10.0.0
2024-03-22 15:11:36,787 [WARN] PackLoader:240 - Cannot read IP mode file for STMicroelectronics.X-CUBE-FREERTOS.1.1.0
2024-03-22 15:11:36,806 [WARN] PackLoader:240 - Cannot read IP mode file for portGmbH.I-Cube-SoM-uGOAL.1.1.0
2024-03-22 15:11:36,812 [WARN] PackLoader:240 - Cannot read IP mode file for STMicroelectronics.X-CUBE-ALS.1.0.1
2024-03-22 15:11:36,821 [WARN] PackLoader:240 - Cannot read IP mode file for STMicroelectronics.FP-ATR-ASTRA1.2.0.0
2024-03-22 15:11:36,841 [WARN] PackLoader:240 - Cannot read IP mode file for STMicroelectronics.X-CUBE-TOF1.3.4.0
2024-03-22 15:11:36,887 [WARN] PackLoader:240 - Cannot read IP mode file for STMicroelectronics.X-CUBE-TOF1.3.4.1
2024-03-22 15:11:36,992 [WARN] PackLoader:240 - Cannot read IP mode file for STMicroelectronics.X-CUBE-AZRTOS-H7.3.2.0
2024-03-22 15:11:37,004 [INFO] ThirdParty:978 - Integrity check success = true
2024-03-22 15:11:37,004 [INFO] IntegrityCheckThread:100 - exiting critical section [integrity check]
2024-03-22 15:11:37,004 [INFO] IntegrityCheckThread:103 - End integrity checks thread
2024-03-22 15:11:37,268 [INFO] WebApp:161 - Instantiating new browser for Auth
2024-03-22 15:11:38,568 [INFO] WebApp:780 - Register for checkConnection events
2024-03-22 15:11:38,571 [INFO] WebApp:414 - Apply proxy settings
2024-03-22 15:11:38,592 [INFO] WebApp:459 - Chromium authenticates against Manually configured proxy
2024-03-22 15:11:38,610 [INFO] WebApp:467 - Username used for proxy authentication: 
2024-03-22 15:11:38,768 [INFO] WebApp:192 - Starting web application
2024-03-22 15:11:38,769 [INFO] WebApp:544 - Web application path used /Applications/STM32CubeIDE.app/Contents/Eclipse/plugins/com.st.stm32cube.common.mx_6.10.0.202311202037/db/plugins/mcufinder/reactClient1/index.html
2024-03-22 15:12:00,641 [ERROR] LogOutputStream:75 - [STDERR_REDIRECT] SLF4J: Failed to load class "org.slf4j.impl.StaticLoggerBinder".
2024-03-22 15:12:00,647 [ERROR] LogOutputStream:75 - [STDERR_REDIRECT] SLF4J: Defaulting to no-operation (NOP) logger implementation
2024-03-22 15:12:00,648 [ERROR] LogOutputStream:75 - [STDERR_REDIRECT] SLF4J: See http://www.slf4j.org/codes.html#StaticLoggerBinder for further details.
2024-03-22 15:16:58,888 [INFO] McuFinderGlobals:63 - Set McuFinder mode to 2 (CubeIDE integrated)
2024-03-22 15:16:58,896 [INFO] MainUpdater:2873 - connection check result : 10
2024-03-22 15:16:58,896 [INFO] MainUpdater:2873 - connection check result : 10
2024-03-22 15:16:59,767 [INFO] MicroXplorer:468 - Change Database Path : 
2024-03-22 15:16:59,770 [INFO] MicroXplorer:498 - Change Database Version : DB.6.0.100
2024-03-22 15:16:59,774 [WARN] ThirdParty:871 - waiting for thirdparty lock release [close project]
2024-03-22 15:16:59,774 [INFO] ThirdParty:873 - entering critical section [close project]
2024-03-22 15:16:59,779 [INFO] ThirdParty:883 - exiting critical section [close project]
2024-03-22 15:16:59,783 [INFO] PinOutPanel:1499 - setPackage(No Configuration,No Configuration)
2024-03-22 15:16:59,796 [INFO] UtilMem:75 - Begin LoadConfig() Used Memory: 727526800 Bytes (1031798784)
2024-03-22 15:16:59,800 [INFO] OpenFileManager:312 - Change cursor
2024-03-22 15:16:59,905 [INFO] Mcu:2016 - Initializing MCU STM32F446Z(C-E)Tx STM32F446ZETx STM32F446ZET6
2024-03-22 15:17:02,255 [INFO] Context:659 - Trying to add GPIOservice into a context  which must be forbidden
2024-03-22 15:17:03,204 [INFO] RtosManager:555 - Registered RTOS mode: class=CMSIS, group=RTOS, mode=CMSIS_V1, owner=FREERTOS
2024-03-22 15:17:03,204 [INFO] RtosManager:555 - Registered RTOS mode: class=CMSIS, group=RTOS2, mode=CMSIS_V2, owner=FREERTOS
2024-03-22 15:17:03,204 [INFO] RtosManager:555 - Registered RTOS mode: class=RTOS, group=Core, mode=CMSIS_V1, owner=FREERTOS
2024-03-22 15:17:03,204 [INFO] RtosManager:555 - Registered RTOS mode: class=RTOS, group=Core, mode=CMSIS_V2, owner=FREERTOS
2024-03-22 15:17:03,204 [WARN] ModelIntegratedComponent:184 - Missing modes for component STMicroelectronics:FreeRTOS:0.0.1:STMicroelectronics:RTOS:FreeRTOS:Core:::10.2.0:
2024-03-22 15:17:03,240 [WARN] ModelIntegratedComponent:63 - No mode defined for component null
2024-03-22 15:17:03,240 [WARN] ModelIntegratedComponent:63 - No mode defined for component null
2024-03-22 15:17:03,240 [WARN] ModelIntegratedComponent:63 - No mode defined for component null
2024-03-22 15:17:03,240 [WARN] ModelIntegratedComponent:63 - No mode defined for component null
2024-03-22 15:17:03,240 [WARN] ModelIntegratedComponent:63 - No mode defined for component null
2024-03-22 15:17:03,240 [WARN] ModelIntegratedComponent:63 - No mode defined for component null
2024-03-22 15:17:03,241 [WARN] ModelIntegratedComponent:63 - No mode defined for component null
2024-03-22 15:17:03,241 [WARN] ModelIntegratedComponent:63 - No mode defined for component null
2024-03-22 15:17:03,241 [WARN] ModelIntegratedComponent:63 - No mode defined for component null
2024-03-22 15:17:03,241 [WARN] ModelIntegratedComponent:63 - No mode defined for component null
2024-03-22 15:17:03,241 [WARN] ModelIntegratedComponent:63 - No mode defined for component null
2024-03-22 15:17:03,241 [WARN] ModelIntegratedComponent:63 - No mode defined for component null
2024-03-22 15:17:03,241 [WARN] ModelIntegratedComponent:63 - No mode defined for component null
2024-03-22 15:17:03,241 [WARN] ModelIntegratedComponent:63 - No mode defined for component null
2024-03-22 15:17:03,241 [WARN] ModelIntegratedComponent:63 - No mode defined for component null
2024-03-22 15:17:03,242 [WARN] ModelIntegratedComponent:63 - No mode defined for component null
2024-03-22 15:17:03,242 [WARN] ModelIntegratedComponent:63 - No mode defined for component null
2024-03-22 15:17:03,242 [WARN] ModelIntegratedComponent:63 - No mode defined for component null
2024-03-22 15:17:03,242 [WARN] ModelIntegratedComponent:63 - No mode defined for component null
2024-03-22 15:17:03,242 [WARN] ModelIntegratedComponent:63 - No mode defined for component null
2024-03-22 15:17:03,242 [WARN] ModelIntegratedComponent:63 - No mode defined for component null
2024-03-22 15:17:03,242 [WARN] ModelIntegratedComponent:63 - No mode defined for component null
2024-03-22 15:17:03,242 [WARN] ModelIntegratedComponent:63 - No mode defined for component null
2024-03-22 15:17:03,242 [WARN] ModelIntegratedComponent:63 - No mode defined for component null
2024-03-22 15:17:03,242 [WARN] ModelIntegratedComponent:63 - No mode defined for component null
2024-03-22 15:17:03,242 [WARN] ModelIntegratedComponent:63 - No mode defined for component null
2024-03-22 15:17:03,242 [WARN] ModelIntegratedComponent:63 - No mode defined for component null
2024-03-22 15:17:03,242 [WARN] ModelIntegratedComponent:63 - No mode defined for component null
2024-03-22 15:17:03,242 [WARN] ModelIntegratedComponent:63 - No mode defined for component null
2024-03-22 15:17:03,242 [WARN] ModelIntegratedComponent:63 - No mode defined for component null
2024-03-22 15:17:03,242 [WARN] ModelIntegratedComponent:63 - No mode defined for component null
2024-03-22 15:17:03,242 [WARN] ModelIntegratedComponent:63 - No mode defined for component null
2024-03-22 15:17:03,242 [WARN] ModelIntegratedComponent:63 - No mode defined for component null
2024-03-22 15:17:03,442 [INFO] ThirdPartyModel:298 - Start build external matchings
2024-03-22 15:17:03,813 [INFO] ThirdPartyModel:316 - End build external matchings
2024-03-22 15:17:03,923 [INFO] ImportTextPane:194 - (OptionalMessage_ERROR) IP (DMA) : Parameter (Instance) has Id (DCMI) currently not set
2024-03-22 15:17:03,923 [INFO] ImportTextPane:194 - (OptionalMessage_ERROR) IP (DMA) : Parameter (Channel) has Id (DCMI) currently not set
2024-03-22 15:17:03,923 [INFO] ImportTextPane:194 - (OptionalMessage_ERROR) IP (DMA) : Parameter (Direction) has Id (DCMI) currently not set
2024-03-22 15:17:03,926 [INFO] ImportTextPane:194 - (OptionalMessage_ERROR) IP (DMA) : Parameter (PeriphInc) has Id (DCMI) currently not set
2024-03-22 15:17:03,926 [INFO] ImportTextPane:194 - (OptionalMessage_ERROR) IP (DMA) : Parameter (MemInc) has Id (DCMI) currently not set
2024-03-22 15:17:03,927 [INFO] ImportTextPane:194 - (OptionalMessage_ERROR) IP (DMA) : Parameter (PeriphDataAlignment) has Id (DCMI) currently not set
2024-03-22 15:17:03,927 [INFO] ImportTextPane:194 - (OptionalMessage_ERROR) IP (DMA) : Parameter (MemDataAlignment) has Id (DCMI) currently not set
2024-03-22 15:17:03,927 [INFO] ImportTextPane:194 - (OptionalMessage_ERROR) IP (DMA) : Parameter (Mode) has Id (DCMI) currently not set
2024-03-22 15:17:03,927 [INFO] ImportTextPane:194 - (OptionalMessage_ERROR) IP (DMA) : Parameter (Priority) has Id (DCMI) currently not set
2024-03-22 15:17:03,928 [INFO] ImportTextPane:194 - (OptionalMessage_ERROR) IP (DMA) : Parameter (FIFOMode) has Id (DCMI) currently not set
2024-03-22 15:17:03,928 [INFO] ImportTextPane:194 - (OptionalMessage_ERROR) IP (DMA) : Parameter (FIFOThreshold) has Id (DCMI) currently not set
2024-03-22 15:17:03,928 [INFO] ImportTextPane:194 - (OptionalMessage_ERROR) IP (DMA) : Parameter (FIFOThreshold) has invalid value (null)
2024-03-22 15:17:03,929 [INFO] ImportTextPane:194 - (OptionalMessage_ERROR) IP (DMA) : Parameter (MemBurst) has Id (DCMI) currently not set
2024-03-22 15:17:03,929 [INFO] ImportTextPane:194 - (OptionalMessage_ERROR) IP (DMA) : Parameter (MemBurst) has invalid value (null)
2024-03-22 15:17:03,930 [INFO] ImportTextPane:194 - (OptionalMessage_ERROR) IP (DMA) : Parameter (PeriphBurst) has Id (DCMI) currently not set
2024-03-22 15:17:03,930 [INFO] ImportTextPane:194 - (OptionalMessage_ERROR) IP (DMA) : Parameter (PeriphBurst) has invalid value (null)
2024-03-22 15:17:03,930 [INFO] ImportTextPane:194 - (OptionalMessage_ERROR) IP (DMA) : Parameter (Instance) has Id (USART3_TX) currently not set
2024-03-22 15:17:03,930 [INFO] ImportTextPane:194 - (OptionalMessage_ERROR) IP (DMA) : Parameter (Channel) has Id (USART3_TX) currently not set
2024-03-22 15:17:03,930 [INFO] ImportTextPane:194 - (OptionalMessage_ERROR) IP (DMA) : Parameter (Direction) has Id (USART3_TX) currently not set
2024-03-22 15:17:03,930 [INFO] ImportTextPane:194 - (OptionalMessage_ERROR) IP (DMA) : Parameter (PeriphInc) has Id (USART3_TX) currently not set
2024-03-22 15:17:03,930 [INFO] ImportTextPane:194 - (OptionalMessage_ERROR) IP (DMA) : Parameter (MemInc) has Id (USART3_TX) currently not set
2024-03-22 15:17:03,930 [INFO] ImportTextPane:194 - (OptionalMessage_ERROR) IP (DMA) : Parameter (PeriphDataAlignment) has Id (USART3_TX) currently not set
2024-03-22 15:17:03,931 [INFO] ImportTextPane:194 - (OptionalMessage_ERROR) IP (DMA) : Parameter (MemDataAlignment) has Id (USART3_TX) currently not set
2024-03-22 15:17:03,931 [INFO] ImportTextPane:194 - (OptionalMessage_ERROR) IP (DMA) : Parameter (Mode) has Id (USART3_TX) currently not set
2024-03-22 15:17:03,931 [INFO] ImportTextPane:194 - (OptionalMessage_ERROR) IP (DMA) : Parameter (Priority) has Id (USART3_TX) currently not set
2024-03-22 15:17:03,931 [INFO] ImportTextPane:194 - (OptionalMessage_ERROR) IP (DMA) : Parameter (FIFOMode) has Id (USART3_TX) currently not set
2024-03-22 15:17:03,931 [INFO] ImportTextPane:194 - (OptionalMessage_ERROR) IP (DMA) : Parameter (FIFOThreshold) has Id (USART3_TX) currently not set
2024-03-22 15:17:03,931 [INFO] ImportTextPane:194 - (OptionalMessage_ERROR) IP (DMA) : Parameter (FIFOThreshold) has invalid value (null)
2024-03-22 15:17:03,931 [INFO] ImportTextPane:194 - (OptionalMessage_ERROR) IP (DMA) : Parameter (MemBurst) has Id (USART3_TX) currently not set
2024-03-22 15:17:03,931 [INFO] ImportTextPane:194 - (OptionalMessage_ERROR) IP (DMA) : Parameter (MemBurst) has invalid value (null)
2024-03-22 15:17:03,931 [INFO] ImportTextPane:194 - (OptionalMessage_ERROR) IP (DMA) : Parameter (PeriphBurst) has Id (USART3_TX) currently not set
2024-03-22 15:17:03,931 [INFO] ImportTextPane:194 - (OptionalMessage_ERROR) IP (DMA) : Parameter (PeriphBurst) has invalid value (null)
2024-03-22 15:17:03,935 [INFO] ImportTextPane:194 - (OptionalMessage_ERROR) IP (RCC) : Invalid parameter (48MHZClocksFreq_Value)
2024-03-22 15:17:03,935 [INFO] ImportTextPane:194 - (OptionalMessage_ERROR) IP (RCC) : Invalid parameter (ADC12outputFreq_Value)
2024-03-22 15:17:03,935 [INFO] ImportTextPane:194 - (OptionalMessage_ERROR) IP (RCC) : Invalid parameter (ADC34outputFreq_Value)
2024-03-22 15:17:03,938 [INFO] ImportTextPane:194 - (OptionalMessage_ERROR) IP (RCC) : Invalid parameter (EthernetFreq_Value)
2024-03-22 15:17:03,938 [INFO] ImportTextPane:194 - (OptionalMessage_ERROR) IP (RCC) : Invalid parameter (FamilyName)
2024-03-22 15:17:03,938 [INFO] ImportTextPane:194 - (OptionalMessage_ERROR) IP (RCC) : Invalid parameter (I2C1Freq_Value)
2024-03-22 15:17:03,939 [INFO] ImportTextPane:194 - (OptionalMessage_ERROR) IP (RCC) : Invalid parameter (I2C2Freq_Value)
2024-03-22 15:17:03,939 [INFO] ImportTextPane:194 - (OptionalMessage_ERROR) IP (RCC) : Invalid parameter (I2C3Freq_Value)
2024-03-22 15:17:03,939 [INFO] ImportTextPane:194 - (OptionalMessage_ERROR) IP (RCC) : Invalid parameter (I2SClocksFreq_Value)
2024-03-22 15:17:03,939 [INFO] ImportTextPane:194 - (OptionalMessage_ERROR) IP (RCC) : Invalid parameter (LCDTFTFreq_Value)
2024-03-22 15:17:03,939 [INFO] ImportTextPane:194 - (OptionalMessage_ERROR) IP (RCC) : Parameter (MCO2PinFreq_Value) has invalid value (168000000)
2024-03-22 15:17:03,939 [INFO] ImportTextPane:194 - (OptionalMessage_ERROR) IP (RCC) : Invalid parameter (MCOFreq_Value)
2024-03-22 15:17:03,941 [INFO] ImportTextPane:194 - (OptionalMessage_ERROR) IP (RCC) : Invalid parameter (PLLMCOFreq_Value)
2024-03-22 15:17:03,942 [INFO] ImportTextPane:194 - (OptionalMessage_ERROR) IP (RCC) : Invalid parameter (PLLMUL)
2024-03-22 15:17:03,942 [INFO] ImportTextPane:194 - (OptionalMessage_ERROR) IP (RCC) : Invalid parameter (PRESCALERUSB)
2024-03-22 15:17:03,943 [INFO] ImportTextPane:194 - (OptionalMessage_ERROR) IP (RCC) : Invalid parameter (SAI_AClocksFreq_Value)
2024-03-22 15:17:03,943 [INFO] ImportTextPane:194 - (OptionalMessage_ERROR) IP (RCC) : Invalid parameter (SAI_BClocksFreq_Value)
2024-03-22 15:17:03,943 [INFO] ImportTextPane:194 - (OptionalMessage_ERROR) IP (RCC) : Invalid parameter (SYSCLKSourceVirtual)
2024-03-22 15:17:03,943 [INFO] ImportTextPane:194 - (OptionalMessage_ERROR) IP (RCC) : Invalid parameter (TIM15Freq_Value)
2024-03-22 15:17:03,943 [INFO] ImportTextPane:194 - (OptionalMessage_ERROR) IP (RCC) : Invalid parameter (TIM16Freq_Value)
2024-03-22 15:17:03,943 [INFO] ImportTextPane:194 - (OptionalMessage_ERROR) IP (RCC) : Invalid parameter (TIM17Freq_Value)
2024-03-22 15:17:03,943 [INFO] ImportTextPane:194 - (OptionalMessage_ERROR) IP (RCC) : Invalid parameter (TIM1Freq_Value)
2024-03-22 15:17:03,943 [INFO] ImportTextPane:194 - (OptionalMessage_ERROR) IP (RCC) : Invalid parameter (TIM20Freq_Value)
2024-03-22 15:17:03,943 [INFO] ImportTextPane:194 - (OptionalMessage_ERROR) IP (RCC) : Invalid parameter (TIM2Freq_Value)
2024-03-22 15:17:03,943 [INFO] ImportTextPane:194 - (OptionalMessage_ERROR) IP (RCC) : Invalid parameter (TIM3Freq_Value)
2024-03-22 15:17:03,943 [INFO] ImportTextPane:194 - (OptionalMessage_ERROR) IP (RCC) : Invalid parameter (TIM8Freq_Value)
2024-03-22 15:17:03,943 [INFO] ImportTextPane:194 - (OptionalMessage_ERROR) IP (RCC) : Invalid parameter (UART4Freq_Value)
2024-03-22 15:17:03,943 [INFO] ImportTextPane:194 - (OptionalMessage_ERROR) IP (RCC) : Invalid parameter (UART5Freq_Value)
2024-03-22 15:17:03,943 [INFO] ImportTextPane:194 - (OptionalMessage_ERROR) IP (RCC) : Invalid parameter (USART1Freq_Value)
2024-03-22 15:17:03,943 [INFO] ImportTextPane:194 - (OptionalMessage_ERROR) IP (RCC) : Invalid parameter (USART2Freq_Value)
2024-03-22 15:17:03,943 [INFO] ImportTextPane:194 - (OptionalMessage_ERROR) IP (RCC) : Invalid parameter (USART3Freq_Value)
2024-03-22 15:17:03,944 [INFO] ImportTextPane:194 - (OptionalMessage_ERROR) IP (RCC) : Invalid parameter (VCOOutput2Freq_Value)
2024-03-22 15:17:03,945 [INFO] ImportTextPane:194 - (OptionalMessage_ERROR) IP (RCC) : Invalid parameter (VCOSAIOutputFreq_ValueQ)
2024-03-22 15:17:03,945 [INFO] ImportTextPane:194 - (OptionalMessage_ERROR) IP (RCC) : Invalid parameter (VCOSAIOutputFreq_ValueR)
2024-03-22 15:17:03,945 [INFO] ImportTextPane:194 - (OptionalMessage_ERROR) IP (RCC) : Invalid parameter (VcooutputI2S)
2024-03-22 15:17:03,945 [INFO] ImportTextPane:194 - (OptionalMessage_ERROR) IP (RCC) : Invalid parameter (VcooutputI2SQ)
2024-03-22 15:17:04,442 [INFO] UtilMem:75 - End LoadConfig() Used Memory: 627841592 Bytes (1073741824)
2024-03-22 15:17:04,701 [INFO] ApiDb:581 - Connected to CubeFinder SQLite database (/Users/romeluis/.stmcufinder/plugins/mcufinder/mcu/cube-finder-db.db)
2024-03-22 15:17:04,759 [INFO] ApiDb:668 - CubeFinder database Data Model version=2.1
2024-03-22 15:17:04,759 [INFO] ApiDb:669 - CubeFinder database Configuration version=3.0.39
2024-03-22 15:17:04,760 [INFO] ApiDb:670 - CubeFinder database generation date=2024-02-19 (1708350410)
2024-03-22 15:17:04,760 [INFO] ApiDb:671 - CubeFinder database FW Pack versions=[FP-ATR-ASTRA1_V2.0.0, FP-SNS-FLIGHT1_V5.0.1, FP-SNS-FLIGHT1_V5.0.2, FP-SNS-MOTENV1_V4.3.1, FP-SNS-MOTENV1_V4.3.2, FP-SNS-MOTENVWB1_V1.3.1, FP-SNS-SMARTAG2_V1.2.0, STM32Cube_FW_C0_V1.1.0, STM32Cube_FW_F4_V1.28.0, STM32Cube_FW_F7_V1.17.0, STM32Cube_FW_G0_V1.6.2, STM32Cube_FW_G4_V1.5.2, STM32Cube_FW_H5_V0.5.1, STM32Cube_FW_H5_V1.1.1, STM32Cube_FW_H5_V1.2.0RC2, STM32Cube_FW_H7_V1.11.0, STM32Cube_FW_L0_V1.12.2, STM32Cube_FW_L5_V1.5.0, STM32Cube_FW_U5_V1.3.0RC4, STM32Cube_FW_U5_V1.4.0, STM32Cube_FW_WBA_V1.0.0RC1, STM32Cube_FW_WBA_V1.1.0RC1, STM32Cube_FW_WBA_V1.2.0, STM32Cube_FW_WBA_V1.2.0RC2, STM32Cube_FW_WB_V1.15.0RC1, STM32Cube_FW_WB_V1.16.0, STM32Cube_FW_WB_V1.16.0RC2, STM32Cube_FW_WB_V1.18.0, STM32Cube_FW_WL_V1.3.0, X-CUBE-ALGOBUILD_V1.3.0, X-CUBE-ALS_V1.0.1, X-CUBE-AZRTOS-F4_V1.1.0, X-CUBE-AZRTOS-F7_V1.1.0, X-CUBE-AZRTOS-G0_V1.1.0, X-CUBE-AZRTOS-G4_V2.0.0, X-CUBE-AZRTOS-H7_V3.2.0, X-CUBE-AZRTOS-L4_V1.0.0, X-CUBE-AZRTOS-L4_V2.0.0, X-CUBE-AZRTOS-L5_V1.1.0, X-CUBE-AZRTOS-WB_V2.0.0, X-CUBE-AZRTOS-WL_V2.0.0, X-CUBE-BLE1_V7.0.0, X-CUBE-BLE2_V3.3.0, X-CUBE-BLEMGR_V3.0.0, X-CUBE-EEPRMA1_V4.1.0, X-CUBE-EEPRMA1_V5.1.0, X-CUBE-FREERTOS_V1.1.0, X-CUBE-GNSS1_V6.0.0, X-CUBE-MEMS1_V10.0.0, X-CUBE-MEMS1_V9.1.0, X-CUBE-MEMS1_V9.4.0, X-CUBE-MEMS1_V9.6.0, X-CUBE-NFC4_V3.0.0, X-CUBE-NFC7_V1.0.1, X-CUBE-SFXS2LP1_V4.0.0, X-CUBE-SUBG2_V5.0.0, X-CUBE-TOF1_V3.4.0]
2024-03-22 15:17:06,126 [INFO] ApiDb:240 - Found 371 in-development CPN: [B-G473E-ZEST1S, B-WB1M-WPAN1, B-WL5M-SUBG1, NUCLEO-C031C6, NUCLEO-H503RB, NUCLEO-H563ZI, NUCLEO-U545RE-Q, NUCLEO-U5A5ZJ-Q, NUCLEO-WBA52CG, NUCLEO-WBA55CG, STEVAL-MKBOXPRO, STEVAL-PROTEUS1, STEVAL-STWINBX1, STM320518-EVAL, STM32C0116-DK, STM32C011D6Y3TR, STM32C011D6Y6TR, STM32C011F4P3, STM32C011F4P6, STM32C011F4U3, STM32C011F4U6TR, STM32C011F6P3, STM32C011F6P6, STM32C011F6U3, STM32C011F6U6TR, STM32C011J4M3, STM32C011J4M6, STM32C011J6M3, STM32C011J6M6, STM32C0316-DK, STM32C031C4T3, STM32C031C4T6, STM32C031C4U3, STM32C031C4U6, STM32C031C6T3, STM32C031C6T6, STM32C031C6U3, STM32C031C6U6, STM32C031F4P3, STM32C031F4P6, STM32C031F6P3, STM32C031F6P6, STM32C031G4U3, STM32C031G4U6, STM32C031G6U3, STM32C031G6U6, STM32C031K4T3, STM32C031K4T6, STM32C031K4U3, STM32C031K4U6, STM32C031K6T3, STM32C031K6T6, STM32C031K6U3, STM32C031K6U6, STM32G071K8TXN, STM32G071K8UXN, STM32G081GBU6N, STM32G081KBT6N, STM32G081KBUXN, STM32G0B1CCT6N, STM32G0B1KCT6, STM32G0B1NEY6TR, STM32G0B1RCT6N, STM32G0C1CCT6, STM32G0C1CCT6N, STM32G0C1CCU6N, STM32G0C1CET6N, STM32G0C1CEU6N, STM32G0C1KCT6, STM32G0C1NEY6TR, STM32G0C1RCI6N, STM32G0C1RCT6N, STM32G0C1REI6N, STM32G0C1RET6N, STM32G0C1VCI6, STM32G0C1VEI6, STM32G471CCT6, STM32G471CCU6, STM32G471CET3, STM32G471CET6, STM32G471CEU3, STM32G471CEU6, STM32G471MCT6, STM32G471MET3, STM32G471MET6, STM32G471MEY6TR, STM32G471QCT6, STM32G471QET3, STM32G471RCT6, STM32G471RET3, STM32G471RET6, STM32G471VCH6, STM32G471VCI6, STM32G471VCT6, STM32G471VEH3, STM32G471VEH6, STM32G471VEI3, STM32G471VEI6, STM32G471VET3, STM32G471VET6, STM32G474CCT6, STM32H503CBT6, STM32H503CBU6, STM32H503EBY6TR, STM32H503KBU6, STM32H503RBT6, STM32H562AGI6, STM32H562AII6, STM32H562IGK6, STM32H562IGT6, STM32H562IIK6, STM32H562IIT6, STM32H562RGT6, STM32H562RGV6, STM32H562RIT6, STM32H562RIV6, STM32H562VGT6, STM32H562VIT6, STM32H562ZGT6, STM32H562ZIT6, STM32H563AGI6, STM32H563AII3Q, STM32H563AII6, STM32H563IGK6, STM32H563IGT6, STM32H563IIK3Q, STM32H563IIK6, STM32H563IIT3Q, STM32H563IIT6, STM32H563MIY3QTR, STM32H563RGT6, STM32H563RGV6, STM32H563RIT6, STM32H563RIV6, STM32H563VGT6, STM32H563VIT3Q, STM32H563VIT6, STM32H563ZGT6, STM32H563ZIT3Q, STM32H563ZIT6, STM32H573AII3Q, STM32H573AII6, STM32H573I-DK, STM32H573IIK3Q, STM32H573IIK6, STM32H573IIT3Q, STM32H573IIT6, STM32H573MIY3QTR, STM32H573RIT6, STM32H573RIV6, STM32H573VIT3Q, STM32H573VIT6, STM32H573ZIT3Q, STM32H573ZIT6, STM32L4R5QGI6STR, STM32MP131AAE3, STM32MP131AAF3, STM32MP131AAG3, STM32MP131CAE3, STM32MP131CAF3, STM32MP131CAG3, STM32MP131DAE7, STM32MP131DAF7, STM32MP131DAG7, STM32MP131FAE7, STM32MP131FAF7, STM32MP131FAG7, STM32MP133AAE3, STM32MP133AAF3, STM32MP133AAG3, STM32MP133CAE3, STM32MP133CAF3, STM32MP133CAG3, STM32MP133DAE7, STM32MP133DAF7, STM32MP133DAG7, STM32MP133FAE7, STM32MP133FAF7, STM32MP133FAG7, STM32MP135AAE3, STM32MP135AAF3, STM32MP135AAG3, STM32MP135CAE3, STM32MP135CAF3, STM32MP135CAG3, STM32MP135DAE7, STM32MP135DAF7, STM32MP135DAG7, STM32MP135F-DK, STM32MP135FAE7, STM32MP135FAF7, STM32MP135FAF7T, STM32MP135FAF7U, STM32MP135FAG7, STM32U535CBT6, STM32U535CBT6Q, STM32U535CBU6, STM32U535CBU6Q, STM32U535CCT6, STM32U535CCT6Q, STM32U535CCU6, STM32U535CCU6Q, STM32U535CET6, STM32U535CET6Q, STM32U535CEU6, STM32U535CEU6Q, STM32U535JEY6QTR, STM32U535NCY6QTR, STM32U535NEY6QTR, STM32U535RBI6, STM32U535RBI6Q, STM32U535RBT6, STM32U535RBT6Q, STM32U535RCI6, STM32U535RCI6Q, STM32U535RCT6, STM32U535RCT6Q, STM32U535REI6, STM32U535REI6Q, STM32U535RET6, STM32U535RET6Q, STM32U535VCI6, STM32U535VCI6Q, STM32U535VCT6, STM32U535VCT6Q, STM32U535VEI6, STM32U535VEI6Q, STM32U535VET6, STM32U535VET6Q, STM32U545CET6, STM32U545CET6Q, STM32U545CEU6, STM32U545CEU6Q, STM32U545JEY6QTR, STM32U545NEY6QTR, STM32U545REI6, STM32U545REI6Q, STM32U545RET6, STM32U545RET6Q, STM32U545VEI6, STM32U545VEI6Q, STM32U545VET6, STM32U545VET6Q, STM32U595AIH6, STM32U595AIH6Q, STM32U595AJH6, STM32U595AJH6Q, STM32U595QII6, STM32U595QII6Q, STM32U595QJI6, STM32U595QJI6Q, STM32U595RIT6, STM32U595RIT6Q, STM32U595RJT6, STM32U595RJT6Q, STM32U595VIT6, STM32U595VIT6Q, STM32U595VJT6, STM32U595VJT6Q, STM32U595ZIT6, STM32U595ZIT6Q, STM32U595ZIY6QTR, STM32U595ZJT6, STM32U595ZJT6Q, STM32U595ZJY6QTR, STM32U599BJY6QTR, STM32U599NIH6Q, STM32U599NJH6Q, STM32U599VIT6Q, STM32U599VJT6, STM32U599VJT6Q, STM32U599ZIT6Q, STM32U599ZIY6QTR, STM32U599ZJT6Q, STM32U599ZJY6QTR, STM32U5A5AJH6, STM32U5A5AJH6Q, STM32U5A5QJI6, STM32U5A5QJI6Q, STM32U5A5RJT6, STM32U5A5RJT6Q, STM32U5A5VJT6, STM32U5A5VJT6Q, STM32U5A5ZJT6, STM32U5A5ZJT6Q, STM32U5A5ZJY6QTR, STM32U5A9BJY6QTR, STM32U5A9J-DK, STM32U5A9NJH6Q, STM32U5A9VJT6Q, STM32U5A9ZJT6Q, STM32U5A9ZJY6QTR, STM32U5F7VIT6, STM32U5F7VIT6Q, STM32U5F7VJT6, STM32U5F7VJT6Q, STM32U5F9BJY6QTR, STM32U5F9NJH6Q, STM32U5F9VIT6Q, STM32U5F9VJT6Q, STM32U5F9ZIJ6QTR, STM32U5F9ZIT6Q, STM32U5F9ZJJ6QTR, STM32U5F9ZJT6Q, STM32U5G7VJT6, STM32U5G7VJT6Q, STM32U5G9BJY6QTR, STM32U5G9J-DK1, STM32U5G9J-DK2, STM32U5G9NJH6Q, STM32U5G9VJT6Q, STM32U5G9ZJJ6QTR, STM32U5G9ZJT6Q, STM32WB1MMCH6, STM32WBA50KEU6, STM32WBA50KEU6TR, STM32WBA50KGU6, STM32WBA50KGU6TR, STM32WBA52CEU6, STM32WBA52CEU6TR, STM32WBA52CEU7, STM32WBA52CEU7TR, STM32WBA52CGU6, STM32WBA52CGU6TR, STM32WBA52CGU6U, STM32WBA52CGU7, STM32WBA52CGU7TR, STM32WBA52KEU6, STM32WBA52KEU6TR, STM32WBA52KGU6, STM32WBA52KGU6TR, STM32WBA54CEU6, STM32WBA54CEU6TR, STM32WBA54CEU7, STM32WBA54CEU7TR, STM32WBA54CGU6, STM32WBA54CGU6TR, STM32WBA54CGU7, STM32WBA54CGU7TR, STM32WBA54KEU6, STM32WBA54KEU6TR, STM32WBA54KEU7, STM32WBA54KEU7TR, STM32WBA54KGU6, STM32WBA54KGU6TR, STM32WBA54KGU7, STM32WBA54KGU7TR, STM32WBA55CEU6, STM32WBA55CEU6TR, STM32WBA55CEU7, STM32WBA55CEU7TR, STM32WBA55CGU6, STM32WBA55CGU6TR, STM32WBA55CGU6U, STM32WBA55CGU7, STM32WBA55CGU7TR, STM32WBA55G-DK1, STM32WBA55HEF6, STM32WBA55HEF7, STM32WBA55HGF6, STM32WBA55HGF7, STM32WBA55UEI6, STM32WBA55UEI6TR, STM32WBA55UEI7, STM32WBA55UEI7TR, STM32WBA55UGI6, STM32WBA55UGI6TR, STM32WBA55UGI7, STM32WBA55UGI7TR, STM32WL5MOCH6, STM32WL5MOCH6TR]
2024-03-22 15:17:06,142 [INFO] DbMcus:218 - Found 3930 MCUs, 3930 are supported
2024-03-22 15:17:06,144 [INFO] ApiDb:423 - Load user favorites file /Users/romeluis/.stm32cubeide/favorites.mcus.txt: 0 item(s)
2024-03-22 15:17:06,145 [INFO] ApiDb:427 - User favorites MCUs=[]
2024-03-22 15:17:06,145 [INFO] DbMcus:224 - Set 0 / 0 favorites MCUs
2024-03-22 15:17:06,480 [INFO] MicroXplorer:468 - Change Database Path : 
2024-03-22 15:17:06,480 [INFO] MicroXplorer:498 - Change Database Version : DB.6.0.100
2024-03-22 15:17:06,482 [WARN] ThirdParty:833 - waiting for thirdparty lock release [change project]
2024-03-22 15:17:06,482 [INFO] ThirdParty:835 - entering critical section [change project]
2024-03-22 15:17:06,482 [INFO] ThirdParty:1030 - CMSIS Pack Vendor :STMicroelectronics USBPD 4.1
2024-03-22 15:17:06,482 [INFO] ThirdParty:1030 - CMSIS Pack Vendor :STMicroelectronics X-CUBE-GNSS1 6.0.0
2024-03-22 15:17:06,482 [INFO] ThirdParty:1030 - CMSIS Pack Vendor :STMicroelectronics USB_HOST 2.0.0
2024-03-22 15:17:06,482 [INFO] ThirdParty:1030 - CMSIS Pack Vendor :STMicroelectronics X-CUBE-AZRTOS-F4 1.1.0
2024-03-22 15:17:06,482 [INFO] ThirdParty:1030 - CMSIS Pack Vendor :STMicroelectronics LIBJPEG 8.0.0
2024-03-22 15:17:06,482 [INFO] ThirdParty:1030 - CMSIS Pack Vendor :STMicroelectronics X-CUBE-SMBUS 2.1.0
2024-03-22 15:17:06,482 [INFO] ThirdParty:1030 - CMSIS Pack Vendor :STMicroelectronics USB_DEVICE 3.0.0
2024-03-22 15:17:06,482 [INFO] ThirdParty:1030 - CMSIS Pack Vendor :STMicroelectronics X-CUBE-AZRTOS-WB 2.0.0
2024-03-22 15:17:06,483 [INFO] ThirdParty:1030 - CMSIS Pack Vendor :wolfSSL I-CUBE-wolfSSL 5.6.6
2024-03-22 15:17:06,483 [INFO] ThirdParty:1030 - CMSIS Pack Vendor :STMicroelectronics X-CUBE-TOUCHGFX 4.23.0
2024-03-22 15:17:06,483 [INFO] ThirdParty:1030 - CMSIS Pack Vendor :STMicroelectronics X-CUBE-AZRTOS-F7 1.1.0
2024-03-22 15:17:06,483 [INFO] ThirdParty:1030 - CMSIS Pack Vendor :STMicroelectronics X-CUBE-AZRTOS-L5 2.0.0
2024-03-22 15:17:06,483 [INFO] ThirdParty:1030 - CMSIS Pack Vendor :STMicroelectronics USB_DEVICE 2.0.0
2024-03-22 15:17:06,483 [INFO] ThirdParty:1030 - CMSIS Pack Vendor :STMicroelectronics X-CUBE-EEPRMA1 4.2.0
2024-03-22 15:17:06,483 [INFO] ThirdParty:1030 - CMSIS Pack Vendor :STMicroelectronics X-CUBE-NFC6 3.1.0
2024-03-22 15:17:06,483 [INFO] ThirdParty:1030 - CMSIS Pack Vendor :ITTIA_DB I-CUBE-ITTIADB 8.8.0
2024-03-22 15:17:06,483 [INFO] ThirdParty:1030 - CMSIS Pack Vendor :STMicroelectronics FP-SNS-MOTENV1 4.3.2
2024-03-22 15:17:06,483 [INFO] ThirdParty:1030 - CMSIS Pack Vendor :STMicroelectronics X-CUBE-ALGOBUILD 1.3.0
2024-03-22 15:17:06,483 [INFO] ThirdParty:1030 - CMSIS Pack Vendor :STMicroelectronics FreeRTOS 0.0.1
2024-03-22 15:17:06,483 [INFO] ThirdParty:1030 - CMSIS Pack Vendor :STMicroelectronics X-CUBE-AZRTOS-G0 1.1.0
2024-03-22 15:17:06,483 [INFO] ThirdParty:1030 - CMSIS Pack Vendor :STMicroelectronics X-CUBE-NFC4 3.0.0
2024-03-22 15:17:06,483 [INFO] ThirdParty:1030 - CMSIS Pack Vendor :STMicroelectronics X-CUBE-SUBG2 5.0.0
2024-03-22 15:17:06,483 [INFO] ThirdParty:1030 - CMSIS Pack Vendor :STMicroelectronics STM32_WPAN 1.0.0
2024-03-22 15:17:06,483 [INFO] ThirdParty:1030 - CMSIS Pack Vendor :STMicroelectronics lwIP 2.0.3
2024-03-22 15:17:06,483 [INFO] ThirdParty:1030 - CMSIS Pack Vendor :STMicroelectronics FP-SNS-FLIGHT1 5.0.2
2024-03-22 15:17:06,483 [INFO] ThirdParty:1030 - CMSIS Pack Vendor :STMicroelectronics USB_HOST 1.0.0
2024-03-22 15:17:06,483 [INFO] ThirdParty:1030 - CMSIS Pack Vendor :STMicroelectronics X-CUBE-AZRTOS-G4 2.0.0
2024-03-22 15:17:06,484 [INFO] ThirdParty:1030 - CMSIS Pack Vendor :STMicroelectronics PDM2PCM 3.1.0
2024-03-22 15:17:06,484 [INFO] ThirdParty:1030 - CMSIS Pack Vendor :Infineon AIROC-Wi-Fi-Bluetooth-STM32 1.5.1
2024-03-22 15:17:06,484 [INFO] ThirdParty:1030 - CMSIS Pack Vendor :STMicroelectronics X-CUBE-BLEMGR 3.0.0
2024-03-22 15:17:06,484 [INFO] ThirdParty:1030 - CMSIS Pack Vendor :STMicroelectronics PDM2PCM 3.3.0
2024-03-22 15:17:06,484 [INFO] ThirdParty:1030 - CMSIS Pack Vendor :STMicroelectronics X-CUBE-DISPLAY 3.0.0
2024-03-22 15:17:06,484 [INFO] ThirdParty:1030 - CMSIS Pack Vendor :STMicroelectronics FP-SNS-MOTENVWB1 1.3.1
2024-03-22 15:17:06,484 [INFO] ThirdParty:1030 - CMSIS Pack Vendor :STMicroelectronics X-CUBE-BLE1 7.0.0
2024-03-22 15:17:06,484 [INFO] ThirdParty:1030 - CMSIS Pack Vendor :STMicroelectronics FP-ATR-SIGFOX1 3.2.0
2024-03-22 15:17:06,484 [INFO] ThirdParty:1030 - CMSIS Pack Vendor :STMicroelectronics X-CUBE-ISPU 2.0.0
2024-03-22 15:17:06,484 [INFO] ThirdParty:1030 - CMSIS Pack Vendor :STMicroelectronics X-CUBE-EEPRMA1 5.1.0
2024-03-22 15:17:06,484 [INFO] ThirdParty:1030 - CMSIS Pack Vendor :STMicroelectronics HAL Drivers 0.0.0
2024-03-22 15:17:06,484 [INFO] ThirdParty:1030 - CMSIS Pack Vendor :STMicroelectronics MBEDTLS 2.16.2
2024-03-22 15:17:06,484 [INFO] ThirdParty:1030 - CMSIS Pack Vendor :emotas I-CUBE-CANOPEN 1.3.0
2024-03-22 15:17:06,484 [INFO] ThirdParty:1030 - CMSIS Pack Vendor :STMicroelectronics X-CUBE-MEMS1 10.0.0
2024-03-22 15:17:06,484 [INFO] ThirdParty:1030 - CMSIS Pack Vendor :STMicroelectronics X-CUBE-FREERTOS 1.1.0
2024-03-22 15:17:06,484 [INFO] ThirdParty:1030 - CMSIS Pack Vendor :STMicroelectronics X-CUBE-NFC7 1.0.1
2024-03-22 15:17:06,484 [INFO] ThirdParty:1030 - CMSIS Pack Vendor :STMicroelectronics MBEDTLS 2.14.1
2024-03-22 15:17:06,484 [INFO] ThirdParty:1030 - CMSIS Pack Vendor :STMicroelectronics X-CUBE-NFC6 3.0.0
2024-03-22 15:17:06,484 [INFO] ThirdParty:1030 - CMSIS Pack Vendor :portGmbH I-Cube-SoM-uGOAL 1.1.0
2024-03-22 15:17:06,484 [INFO] ThirdParty:1030 - CMSIS Pack Vendor :STMicroelectronics X-CUBE-ALS 1.0.1
2024-03-22 15:17:06,485 [INFO] ThirdParty:1030 - CMSIS Pack Vendor :STMicroelectronics X-CUBE-BLEMGR 3.1.0
2024-03-22 15:17:06,485 [INFO] ThirdParty:1030 - CMSIS Pack Vendor :STMicroelectronics ThreadX 1.0.0
2024-03-22 15:17:06,485 [INFO] ThirdParty:1030 - CMSIS Pack Vendor :STMicroelectronics FP-SNS-SMARTAG2 1.2.0
2024-03-22 15:17:06,485 [INFO] ThirdParty:1030 - CMSIS Pack Vendor :STMicroelectronics X-CUBE-AZRTOS-WL 2.0.0
2024-03-22 15:17:06,485 [INFO] ThirdParty:1030 - CMSIS Pack Vendor :SEGGER I-CUBE-embOS 1.3.1
2024-03-22 15:17:06,485 [INFO] ThirdParty:1030 - CMSIS Pack Vendor :STMicroelectronics USB_DEVICE 1.0.0
2024-03-22 15:17:06,485 [INFO] ThirdParty:1030 - CMSIS Pack Vendor :STMicroelectronics X-CUBE-AI 8.1.0
2024-03-22 15:17:06,485 [INFO] ThirdParty:1030 - CMSIS Pack Vendor :STMicroelectronics X-CUBE-AZRTOS-L4 2.0.0
2024-03-22 15:17:06,485 [INFO] ThirdParty:1030 - CMSIS Pack Vendor :STMicroelectronics ThreadX 0.0.2
2024-03-22 15:17:06,485 [INFO] ThirdParty:1030 - CMSIS Pack Vendor :WES I-CUBE-Cesium 1.3.0
2024-03-22 15:17:06,485 [INFO] ThirdParty:1030 - CMSIS Pack Vendor :STMicroelectronics FP-ATR-ASTRA1 2.0.0
2024-03-22 15:17:06,485 [INFO] ThirdParty:1030 - CMSIS Pack Vendor :STMicroelectronics lwIP 2.1.2
2024-03-22 15:17:06,485 [INFO] ThirdParty:1030 - CMSIS Pack Vendor :STMicroelectronics X-CUBE-SFXS2LP1 4.0.0
2024-03-22 15:17:06,485 [INFO] ThirdParty:1030 - CMSIS Pack Vendor :STMicroelectronics X-CUBE-BLE2 3.3.0
2024-03-22 15:17:06,485 [INFO] ThirdParty:1030 - CMSIS Pack Vendor :STMicroelectronics X-CUBE-TOF1 3.4.0
2024-03-22 15:17:06,485 [INFO] ThirdParty:1030 - CMSIS Pack Vendor :STMicroelectronics X-CUBE-TOF1 3.4.1
2024-03-22 15:17:06,485 [INFO] ThirdParty:1030 - CMSIS Pack Vendor :STMicroelectronics X-CUBE-AZRTOS-H7 3.2.0
2024-03-22 15:17:06,485 [INFO] ThirdParty:1030 - CMSIS Pack Vendor :STMicroelectronics PDM2PCM 3.2.0
2024-03-22 15:17:06,487 [INFO] ThirdParty:841 - exiting critical section [change project]
2024-03-22 15:17:07,693 [INFO] PinOutPanel:1499 - setPackage(No Configuration,No Configuration)
2024-03-22 15:17:07,700 [INFO] PinOutPanel:1499 - setPackage(STM32F446ZETx,LQFP144)
2024-03-22 15:17:08,828 [INFO] UtilMem:75 - Before build in PCC Used Memory: 813204128 Bytes (1073741824)
2024-03-22 15:17:10,140 [INFO] UtilMem:75 - After build in PCC Used Memory: 725614584 Bytes (1073741824)
2024-03-22 15:17:10,247 [INFO] IPUIPlugin:80 - create IPUIPlugin
2024-03-22 15:17:10,248 [INFO] IPUIPlugin:80 - create IPUIPlugin
2024-03-22 15:17:10,248 [INFO] IPUIPlugin:80 - create IPUIPlugin
2024-03-22 15:17:10,249 [INFO] IPUIPlugin:80 - create IPUIPlugin
2024-03-22 15:17:10,249 [INFO] IPUIPlugin:80 - create IPUIPlugin
2024-03-22 15:17:10,250 [INFO] IPUIPlugin:80 - create IPUIPlugin
2024-03-22 15:17:10,252 [INFO] IPUIPlugin:80 - create IPUIPlugin
2024-03-22 15:17:10,252 [INFO] IPUIPlugin:80 - create IPUIPlugin
2024-03-22 15:17:10,252 [INFO] IPUIPlugin:80 - create IPUIPlugin
2024-03-22 15:17:10,252 [INFO] IPUIPlugin:80 - create IPUIPlugin
2024-03-22 15:17:10,252 [INFO] IPUIPlugin:80 - create IPUIPlugin
2024-03-22 15:17:10,253 [INFO] IPUIPlugin:80 - create IPUIPlugin
2024-03-22 15:17:10,253 [INFO] IPUIPlugin:80 - create IPUIPlugin
2024-03-22 15:17:10,253 [INFO] IPUIPlugin:80 - create IPUIPlugin
2024-03-22 15:17:10,253 [INFO] IPUIPlugin:80 - create IPUIPlugin
2024-03-22 15:17:10,255 [INFO] IPUIPlugin:80 - create IPUIPlugin
2024-03-22 15:17:10,256 [INFO] IPUIPlugin:80 - create IPUIPlugin
2024-03-22 15:17:10,256 [INFO] IPUIPlugin:80 - create IPUIPlugin
2024-03-22 15:17:10,256 [INFO] IPUIPlugin:80 - create IPUIPlugin
2024-03-22 15:17:10,256 [INFO] IPUIPlugin:80 - create IPUIPlugin
2024-03-22 15:17:10,256 [INFO] IPUIPlugin:80 - create IPUIPlugin
2024-03-22 15:17:10,256 [INFO] IPUIPlugin:80 - create IPUIPlugin
2024-03-22 15:17:10,256 [INFO] IPUIPlugin:80 - create IPUIPlugin
2024-03-22 15:17:10,256 [INFO] IPUIPlugin:80 - create IPUIPlugin
2024-03-22 15:17:10,257 [INFO] IPUIPlugin:80 - create IPUIPlugin
2024-03-22 15:17:10,257 [INFO] IPUIPlugin:80 - create IPUIPlugin
2024-03-22 15:17:10,257 [INFO] IPUIPlugin:80 - create IPUIPlugin
2024-03-22 15:17:10,257 [INFO] IPUIPlugin:80 - create IPUIPlugin
2024-03-22 15:17:10,257 [INFO] IPUIPlugin:80 - create IPUIPlugin
2024-03-22 15:17:10,257 [INFO] IPUIPlugin:80 - create IPUIPlugin
2024-03-22 15:17:10,257 [INFO] IPUIPlugin:80 - create IPUIPlugin
2024-03-22 15:17:10,257 [INFO] IPUIPlugin:80 - create IPUIPlugin
2024-03-22 15:17:10,258 [INFO] IPUIPlugin:80 - create IPUIPlugin
2024-03-22 15:17:10,258 [INFO] IPUIPlugin:80 - create IPUIPlugin
2024-03-22 15:17:10,259 [INFO] IPUIPlugin:80 - create IPUIPlugin
2024-03-22 15:17:10,260 [INFO] IPUIPlugin:80 - create IPUIPlugin
2024-03-22 15:17:10,260 [INFO] IPUIPlugin:80 - create IPUIPlugin
2024-03-22 15:17:10,260 [INFO] IPUIPlugin:80 - create IPUIPlugin
2024-03-22 15:17:10,261 [INFO] IPUIPlugin:80 - create IPUIPlugin
2024-03-22 15:17:10,262 [INFO] IPUIPlugin:80 - create IPUIPlugin
2024-03-22 15:17:10,263 [INFO] IPUIPlugin:80 - create IPUIPlugin
2024-03-22 15:17:10,263 [INFO] IPUIPlugin:80 - create IPUIPlugin
2024-03-22 15:17:10,263 [INFO] IPUIPlugin:80 - create IPUIPlugin
2024-03-22 15:17:10,264 [INFO] IPUIPlugin:80 - create IPUIPlugin
2024-03-22 15:17:10,264 [INFO] IPUIPlugin:80 - create IPUIPlugin
2024-03-22 15:17:10,264 [INFO] IPUIPlugin:80 - create IPUIPlugin
2024-03-22 15:17:10,264 [INFO] IPUIPlugin:80 - create IPUIPlugin
2024-03-22 15:17:10,264 [INFO] IPUIPlugin:80 - create IPUIPlugin
2024-03-22 15:17:10,264 [INFO] IPUIPlugin:80 - create IPUIPlugin
2024-03-22 15:17:10,264 [INFO] IPUIPlugin:80 - create IPUIPlugin
2024-03-22 15:17:10,264 [INFO] IPUIPlugin:80 - create IPUIPlugin
2024-03-22 15:17:10,264 [INFO] IPUIPlugin:80 - create IPUIPlugin
2024-03-22 15:17:10,264 [INFO] IPUIPlugin:80 - create IPUIPlugin
2024-03-22 15:17:10,264 [INFO] IPUIPlugin:80 - create IPUIPlugin
2024-03-22 15:17:10,265 [INFO] IPUIPlugin:80 - create IPUIPlugin
2024-03-22 15:17:10,265 [INFO] IPUIPlugin:80 - create IPUIPlugin
2024-03-22 15:17:10,265 [INFO] IPUIPlugin:80 - create IPUIPlugin
2024-03-22 15:17:10,265 [INFO] IPUIPlugin:80 - create IPUIPlugin
2024-03-22 15:17:10,265 [INFO] IPUIPlugin:80 - create IPUIPlugin
2024-03-22 15:17:10,266 [INFO] IPUIPlugin:80 - create IPUIPlugin
2024-03-22 15:17:10,269 [INFO] IPUIPlugin:80 - create IPUIPlugin
2024-03-22 15:17:10,269 [INFO] IPUIPlugin:80 - create IPUIPlugin
2024-03-22 15:17:10,270 [INFO] IPUIPlugin:80 - create IPUIPlugin
2024-03-22 15:17:10,316 [INFO] ApiDbMcu:508 - Load IP Config File for PDM2PCM
2024-03-22 15:17:10,340 [WARN] IP:2119 - I2C_Coeff_DF not found: check if there is a RefParameter without a condition.
2024-03-22 15:17:10,341 [WARN] IP:2119 - Analog_Filter not found: check if there is a RefParameter without a condition.
2024-03-22 15:17:10,711 [INFO] CADModel:165 - CPN selected for project levelSTM32F446ZET6
2024-03-22 15:17:10,711 [INFO] CADModel:114 - Register for checkConnection events
2024-03-22 15:17:10,765 [INFO] OpenFileManager:343 - Restore cursor
2024-03-22 15:17:11,107 [WARN] IP:2119 - I2C_Coeff_DF not found: check if there is a RefParameter without a condition.
2024-03-22 15:17:11,107 [WARN] IP:2119 - Analog_Filter not found: check if there is a RefParameter without a condition.
2024-03-22 15:17:11,108 [WARN] IP:2119 - I2C_Coeff_DF not found: check if there is a RefParameter without a condition.
2024-03-22 15:17:11,108 [WARN] IP:2119 - Analog_Filter not found: check if there is a RefParameter without a condition.
2024-03-22 17:49:13,047 [ERROR] LogOutputStream:75 - [STDERR_REDIRECT] 
