2024-01-23 15:55:46,442 [INFO] Activator:176 - 


2024-01-23 15:55:46,447 [INFO] Activator:177 - !SESSION log4j initialized
2024-01-23 15:55:52,346 [ERROR] LogOutputStream:75 - [STDERR_REDIRECT] 
2024-01-23 15:55:53,155 [INFO] LogOutputStream:77 - [STDOUT_REDIRECT] 
2024-01-23 15:55:55,271 [INFO] LogOutputStream:77 - [STDOUT_REDIRECT] 
2024-01-23 15:55:57,993 [INFO] ApplicationProperties:184 - Using Application install path: /Applications/STM32CubeIDE.app/Contents/Eclipse/plugins/com.st.stm32cube.common.mx_6.10.0.202311202037
2024-01-23 15:55:58,008 [INFO] DbMcusXml:78 - Set database path to: /Applications/STM32CubeIDE.app/Contents/Eclipse/plugins/com.st.stm32cube.common.mx_6.10.0.202311202037//db//mcu/
2024-01-23 15:55:58,009 [INFO] ApiDb:274 - Set plugin database path to: /Applications/STM32CubeIDE.app/Contents/Eclipse/plugins/com.st.stm32cube.common.mx_6.10.0.202311202037//db//plugins/boardmanager/
2024-01-23 15:55:58,012 [WARN] ApiDb:259 - Overriding images path with different value:  => /Applications/STM32CubeIDE.app/Contents/Eclipse/plugins/com.st.stm32cube.common.mx_6.10.0.202311202037//db//plugins/mcufinder/images/
2024-01-23 15:55:58,021 [INFO] ApiDb:250 - Set database path to: /Users/romeluis/.stmcufinder/plugins/mcufinder//mcu/
2024-01-23 15:55:58,021 [INFO] DbMcusAds:125 - Set database path to: /Users/romeluis/.stmcufinder/plugins/mcufinder//mcu/
2024-01-23 15:55:58,023 [INFO] CrossReferenceDbSqlite:203 - Set database path to: /Users/romeluis/.stmcufinder/plugins/mcufinder//mcu/cs/
2024-01-23 15:55:58,163 [INFO] RulesReader:64 - Compatibility file has been processed (297 Rules)
2024-01-23 15:55:58,246 [INFO] DbMcusXml:78 - Set database path to: /Applications/STM32CubeIDE.app/Contents/Eclipse/plugins/com.st.stm32cube.common.mx_6.10.0.202311202037//db//mcu/
2024-01-23 15:55:58,247 [INFO] ApiDb:274 - Set plugin database path to: /Applications/STM32CubeIDE.app/Contents/Eclipse/plugins/com.st.stm32cube.common.mx_6.10.0.202311202037//db//plugins/boardmanager/
2024-01-23 15:55:58,249 [INFO] ApiDb:261 - Set plugin images path to: /Applications/STM32CubeIDE.app/Contents/Eclipse/plugins/com.st.stm32cube.common.mx_6.10.0.202311202037//db//plugins/mcufinder/images/
2024-01-23 15:55:58,250 [WARN] DbFile:41 - Overriding database path with different value: /Users/romeluis/.stmcufinder/plugins/mcufinder/ => /Users/romeluis/.stmcufinder/plugins/mcufinder
2024-01-23 15:55:58,250 [INFO] ApiDb:250 - Set database path to: /Users/romeluis/.stmcufinder/plugins/mcufinder//mcu/
2024-01-23 15:55:58,250 [WARN] DbFile:41 - Overriding database path with different value: /Users/romeluis/.stmcufinder/plugins/mcufinder/ => /Users/romeluis/.stmcufinder/plugins/mcufinder
2024-01-23 15:55:58,250 [INFO] DbMcusAds:125 - Set database path to: /Users/romeluis/.stmcufinder/plugins/mcufinder//mcu/
2024-01-23 15:55:58,251 [WARN] DbFile:41 - Overriding database path with different value: /Users/romeluis/.stmcufinder/plugins/mcufinder/ => /Users/romeluis/.stmcufinder/plugins/mcufinder
2024-01-23 15:55:58,251 [WARN] DbFile:41 - Overriding database path with different value: /Users/romeluis/.stmcufinder/plugins/mcufinder/ => /Users/romeluis/.stmcufinder/plugins/mcufinder
2024-01-23 15:55:58,251 [INFO] CrossReferenceDbSqlite:203 - Set database path to: /Users/romeluis/.stmcufinder/plugins/mcufinder//mcu/cs/
2024-01-23 15:55:58,367 [INFO] MainPanel:264 - HeapMemory: 297795584
2024-01-23 15:55:58,461 [INFO] DbMcusXml:78 - Set database path to: /Applications/STM32CubeIDE.app/Contents/Eclipse/plugins/com.st.stm32cube.common.mx_6.10.0.202311202037//db//mcu/
2024-01-23 15:55:58,461 [INFO] ApiDb:274 - Set plugin database path to: /Applications/STM32CubeIDE.app/Contents/Eclipse/plugins/com.st.stm32cube.common.mx_6.10.0.202311202037//db//plugins/boardmanager/
2024-01-23 15:55:58,461 [INFO] ApiDb:261 - Set plugin images path to: /Applications/STM32CubeIDE.app/Contents/Eclipse/plugins/com.st.stm32cube.common.mx_6.10.0.202311202037//db//plugins/mcufinder/images/
2024-01-23 15:55:58,462 [WARN] DbFile:41 - Overriding database path with different value: /Users/romeluis/.stmcufinder/plugins/mcufinder/ => /Users/romeluis/.stmcufinder/plugins/mcufinder
2024-01-23 15:55:58,462 [INFO] ApiDb:250 - Set database path to: /Users/romeluis/.stmcufinder/plugins/mcufinder//mcu/
2024-01-23 15:55:58,462 [WARN] DbFile:41 - Overriding database path with different value: /Users/romeluis/.stmcufinder/plugins/mcufinder/ => /Users/romeluis/.stmcufinder/plugins/mcufinder
2024-01-23 15:55:58,462 [INFO] DbMcusAds:125 - Set database path to: /Users/romeluis/.stmcufinder/plugins/mcufinder//mcu/
2024-01-23 15:55:58,462 [WARN] DbFile:41 - Overriding database path with different value: /Users/romeluis/.stmcufinder/plugins/mcufinder/ => /Users/romeluis/.stmcufinder/plugins/mcufinder
2024-01-23 15:55:58,462 [WARN] DbFile:41 - Overriding database path with different value: /Users/romeluis/.stmcufinder/plugins/mcufinder/ => /Users/romeluis/.stmcufinder/plugins/mcufinder
2024-01-23 15:55:58,462 [INFO] CrossReferenceDbSqlite:203 - Set database path to: /Users/romeluis/.stmcufinder/plugins/mcufinder//mcu/cs/
2024-01-23 15:55:58,483 [INFO] ApplicationProperties:184 - Using Application install path: /Applications/STM32CubeIDE.app/Contents/Eclipse/plugins/com.st.stm32cube.common.mx_6.10.0.202311202037
2024-01-23 15:55:58,485 [INFO] PluginManage:196 - Search for loadable plugins [exclusion list=, ]
2024-01-23 15:55:58,489 [INFO] PluginManage:310 - Check plugin analytics
2024-01-23 15:55:58,818 [INFO] AnalyticsPlugin:253 - Accepted Software Licenses: STM32CubeMX.6.10.0
2024-01-23 15:55:58,819 [INFO] AnalyticsPlugin:255 - Accepted CMSIS Pack Licenses: 
2024-01-23 15:55:58,819 [INFO] AnalyticsPlugin:257 - Accepted Firmware Licenses: FW.F4.1.28.0,FW.F4.1.27.0
2024-01-23 15:55:58,867 [INFO] PluginManage:359 - Loaded plugin analytics (category:tool,tabindex:-1)
2024-01-23 15:55:58,868 [INFO] PluginManage:310 - Check plugin cadmodel
2024-01-23 15:55:59,166 [ERROR] LogOutputStream:75 - [STDERR_REDIRECT] [Fatal Error] :2:10: DOCTYPE is disallowed when the feature "http://apache.org/xml/features/disallow-doctype-decl" set to true.
2024-01-23 15:55:59,170 [ERROR] LogOutputStream:75 - [STDERR_REDIRECT] 
2024-01-23 15:55:59,301 [INFO] CADModel:105 - Init CAD model plugin
2024-01-23 15:55:59,301 [INFO] PluginManage:359 - Loaded plugin cadmodel (category:power,tabindex:5)
2024-01-23 15:55:59,302 [INFO] PluginManage:310 - Check plugin clock
2024-01-23 15:55:59,326 [INFO] PluginManage:359 - Loaded plugin clock (category:base,tabindex:2)
2024-01-23 15:55:59,328 [INFO] PluginManage:310 - Check plugin ddr
2024-01-23 15:55:59,332 [INFO] PluginManage:359 - Loaded plugin ddr (category:tool,tabindex:6)
2024-01-23 15:55:59,333 [INFO] PluginManage:310 - Check plugin filemanager
2024-01-23 15:55:59,488 [INFO] PluginManage:359 - Loaded plugin filemanager (category:base,tabindex:10)
2024-01-23 15:55:59,489 [INFO] PluginManage:310 - Check plugin ipmanager
2024-01-23 15:55:59,498 [INFO] PluginManage:359 - Loaded plugin ipmanager (category:base,tabindex:5)
2024-01-23 15:55:59,499 [INFO] PluginManage:310 - Check plugin lpbam
2024-01-23 15:55:59,507 [INFO] PluginManage:359 - Loaded plugin lpbam (category:base,tabindex:0)
2024-01-23 15:55:59,508 [INFO] PluginManage:310 - Check plugin memorymap
2024-01-23 15:55:59,517 [INFO] PluginManage:359 - Loaded plugin memorymap (category:base,tabindex:4)
2024-01-23 15:55:59,518 [INFO] PluginManage:310 - Check plugin pinoutandconfiguration
2024-01-23 15:55:59,522 [INFO] PluginManage:359 - Loaded plugin pinoutandconfiguration (category:base,tabindex:1)
2024-01-23 15:55:59,522 [INFO] PluginManage:310 - Check plugin pinoutconfig
2024-01-23 15:55:59,608 [WARN] SupportedApi:132 - Cannot load RTOS API schema: s4s-elt-must-match.1: The content of 'definitions' must match (annotation?, (simpleType | complexType)?, (unique | key | keyref)*)). A problem was found starting at: attribute.
2024-01-23 15:55:59,771 [INFO] PluginManage:359 - Loaded plugin pinoutconfig (category:base,tabindex:0)
2024-01-23 15:55:59,777 [INFO] PluginManage:310 - Check plugin power
2024-01-23 15:55:59,793 [INFO] PluginManage:359 - Loaded plugin power (category:power,tabindex:4)
2024-01-23 15:55:59,794 [INFO] PluginManage:310 - Check plugin projectmanager
2024-01-23 15:55:59,830 [INFO] PluginManage:359 - Loaded plugin projectmanager (category:projectmanager,tabindex:3)
2024-01-23 15:55:59,830 [INFO] PluginManage:310 - Check plugin thirdparty
2024-01-23 15:55:59,992 [INFO] PluginManage:359 - Loaded plugin thirdparty (category:base,tabindex:-1)
2024-01-23 15:55:59,993 [INFO] PluginManage:310 - Check plugin tools
2024-01-23 15:55:59,992 [WARN] IntegrityCheckThread:84 - waiting for thirdparty lock release [integrity check]
2024-01-23 15:55:59,993 [INFO] IntegrityCheckThread:86 - entering critical section [integrity check]
2024-01-23 15:55:59,995 [INFO] ThirdPartyUpdaterWithRetryManager:70 - Updater plugin not ready yet. [1/15]
2024-01-23 15:55:59,998 [INFO] PluginManage:359 - Loaded plugin tools (category:base,tabindex:7)
2024-01-23 15:55:59,998 [INFO] PluginManage:310 - Check plugin tutovideos
2024-01-23 15:56:00,161 [INFO] PluginManage:359 - Loaded plugin tutovideos (category:base,tabindex:-1)
2024-01-23 15:56:00,161 [INFO] PluginManage:310 - Check plugin updater
2024-01-23 15:56:00,175 [INFO] PluginManage:359 - Loaded plugin updater (category:base,tabindex:12)
2024-01-23 15:56:00,175 [INFO] PluginManage:310 - Check plugin userauth
2024-01-23 15:56:00,186 [INFO] UserAuth:114 - Init User Auth plugin
2024-01-23 15:56:00,187 [INFO] PluginManage:359 - Loaded plugin userauth (category:base,tabindex:14)
2024-01-23 15:56:00,188 [INFO] PluginManage:283 - PluginManage : Loaded plugins [17]
2024-01-23 15:56:00,480 [INFO] PinOutPanel:1499 - setPackage(No Configuration,No Configuration)
2024-01-23 15:56:00,541 [INFO] CADModel:165 - CPN selected for project level
2024-01-23 15:56:00,541 [INFO] CADModel:114 - Register for checkConnection events
2024-01-23 15:56:00,552 [INFO] IPUIPlugin:80 - create IPUIPlugin
2024-01-23 15:56:00,552 [INFO] PluginManager:220 - loadIPPluginJar : add mdma
2024-01-23 15:56:00,556 [INFO] IPUIPlugin:80 - create IPUIPlugin
2024-01-23 15:56:00,556 [INFO] PluginManager:220 - loadIPPluginJar : add freertos
2024-01-23 15:56:00,559 [INFO] IPUIPlugin:80 - create IPUIPlugin
2024-01-23 15:56:00,559 [INFO] PluginManager:220 - loadIPPluginJar : add gic
2024-01-23 15:56:00,564 [INFO] IPUIPlugin:80 - create IPUIPlugin
2024-01-23 15:56:00,564 [INFO] PluginManager:220 - loadIPPluginJar : add adc
2024-01-23 15:56:00,566 [INFO] IPUIPlugin:80 - create IPUIPlugin
2024-01-23 15:56:00,566 [INFO] PluginManager:220 - loadIPPluginJar : add gtzc
2024-01-23 15:56:00,567 [INFO] IPUIPlugin:80 - create IPUIPlugin
2024-01-23 15:56:00,567 [INFO] PluginManager:220 - loadIPPluginJar : add quadspi
2024-01-23 15:56:00,568 [INFO] IPUIPlugin:80 - create IPUIPlugin
2024-01-23 15:56:00,568 [INFO] PluginManager:220 - loadIPPluginJar : add aes
2024-01-23 15:56:00,569 [INFO] IPUIPlugin:80 - create IPUIPlugin
2024-01-23 15:56:00,569 [INFO] PluginManager:220 - loadIPPluginJar : add pdm2pcm
2024-01-23 15:56:00,570 [INFO] IPUIPlugin:80 - create IPUIPlugin
2024-01-23 15:56:00,570 [INFO] PluginManager:220 - loadIPPluginJar : add hash
2024-01-23 15:56:00,571 [INFO] IPUIPlugin:80 - create IPUIPlugin
2024-01-23 15:56:00,571 [INFO] PluginManager:220 - loadIPPluginJar : add tim
2024-01-23 15:56:00,572 [INFO] IPUIPlugin:80 - create IPUIPlugin
2024-01-23 15:56:00,572 [INFO] PluginManager:220 - loadIPPluginJar : add tsc
2024-01-23 15:56:00,572 [INFO] IPUIPlugin:80 - create IPUIPlugin
2024-01-23 15:56:00,572 [INFO] PluginManager:220 - loadIPPluginJar : add ts
2024-01-23 15:56:00,574 [INFO] IPUIPlugin:80 - create IPUIPlugin
2024-01-23 15:56:00,574 [INFO] PluginManager:220 - loadIPPluginJar : add can
2024-01-23 15:56:00,576 [INFO] IPUIPlugin:80 - create IPUIPlugin
2024-01-23 15:56:00,576 [INFO] PluginManager:220 - loadIPPluginJar : add dma3
2024-01-23 15:56:00,577 [INFO] IPUIPlugin:80 - create IPUIPlugin
2024-01-23 15:56:00,577 [INFO] PluginManager:220 - loadIPPluginJar : add dfsdm
2024-01-23 15:56:00,578 [INFO] IPUIPlugin:80 - create IPUIPlugin
2024-01-23 15:56:00,579 [INFO] PluginManager:220 - loadIPPluginJar : add spi
2024-01-23 15:56:00,580 [INFO] IPUIPlugin:80 - create IPUIPlugin
2024-01-23 15:56:00,580 [INFO] PluginManager:220 - loadIPPluginJar : add gfxmmu
2024-01-23 15:56:00,581 [INFO] IPUIPlugin:80 - create IPUIPlugin
2024-01-23 15:56:00,581 [INFO] PluginManager:220 - loadIPPluginJar : add genericplugin
2024-01-23 15:56:00,582 [INFO] IPUIPlugin:80 - create IPUIPlugin
2024-01-23 15:56:00,582 [INFO] PluginManager:220 - loadIPPluginJar : add cryp
2024-01-23 15:56:00,585 [INFO] IPUIPlugin:80 - create IPUIPlugin
2024-01-23 15:56:00,587 [INFO] PluginManager:220 - loadIPPluginJar : add gpio
2024-01-23 15:56:00,588 [INFO] IPUIPlugin:80 - create IPUIPlugin
2024-01-23 15:56:00,588 [INFO] PluginManager:220 - loadIPPluginJar : add comp
2024-01-23 15:56:00,590 [INFO] IPUIPlugin:80 - create IPUIPlugin
2024-01-23 15:56:00,590 [INFO] PluginManager:220 - loadIPPluginJar : add tracer_emb
2024-01-23 15:56:00,591 [INFO] IPUIPlugin:80 - create IPUIPlugin
2024-01-23 15:56:00,592 [INFO] PluginManager:220 - loadIPPluginJar : add openamp
2024-01-23 15:56:00,594 [INFO] IPUIPlugin:80 - create IPUIPlugin
2024-01-23 15:56:00,595 [INFO] PluginManager:220 - loadIPPluginJar : add stm32_wpan
2024-01-23 15:56:00,598 [INFO] IPUIPlugin:80 - create IPUIPlugin
2024-01-23 15:56:00,600 [INFO] PluginManager:220 - loadIPPluginJar : add plateformsettings
2024-01-23 15:56:00,603 [INFO] IPUIPlugin:80 - create IPUIPlugin
2024-01-23 15:56:00,603 [INFO] PluginManager:220 - loadIPPluginJar : add ipddr
2024-01-23 15:56:00,605 [INFO] IPUIPlugin:80 - create IPUIPlugin
2024-01-23 15:56:00,605 [INFO] PluginManager:220 - loadIPPluginJar : add usart
2024-01-23 15:56:00,606 [INFO] IPUIPlugin:80 - create IPUIPlugin
2024-01-23 15:56:00,607 [INFO] PluginManager:220 - loadIPPluginJar : add ltdc
2024-01-23 15:56:00,609 [INFO] IPUIPlugin:80 - create IPUIPlugin
2024-01-23 15:56:00,609 [INFO] PluginManager:220 - loadIPPluginJar : add nvic
2024-01-23 15:56:00,609 [INFO] IPUIPlugin:80 - create IPUIPlugin
2024-01-23 15:56:00,610 [INFO] PluginManager:220 - loadIPPluginJar : add fatfs
2024-01-23 15:56:00,613 [INFO] IPUIPlugin:80 - create IPUIPlugin
2024-01-23 15:56:00,613 [INFO] PluginManager:220 - loadIPPluginJar : add linkedlist
2024-01-23 15:56:00,617 [INFO] IPUIPlugin:80 - create IPUIPlugin
2024-01-23 15:56:00,617 [INFO] PluginManager:220 - loadIPPluginJar : add dma
2024-01-23 15:56:00,619 [INFO] IPUIPlugin:80 - create IPUIPlugin
2024-01-23 15:56:00,620 [INFO] PluginManager:220 - loadIPPluginJar : add fmc
2024-01-23 15:56:00,621 [INFO] IPUIPlugin:80 - create IPUIPlugin
2024-01-23 15:56:00,621 [INFO] PluginManager:220 - loadIPPluginJar : add i2s
2024-01-23 15:56:00,623 [INFO] IPUIPlugin:80 - create IPUIPlugin
2024-01-23 15:56:00,623 [INFO] PluginManager:220 - loadIPPluginJar : add ucpd
2024-01-23 15:56:00,626 [INFO] IPUIPlugin:80 - create IPUIPlugin
2024-01-23 15:56:00,626 [INFO] PluginManager:220 - loadIPPluginJar : add lorawan
2024-01-23 15:56:00,628 [INFO] IPUIPlugin:80 - create IPUIPlugin
2024-01-23 15:56:00,628 [INFO] PluginManager:220 - loadIPPluginJar : add opamp
2024-01-23 15:56:00,630 [INFO] IPUIPlugin:80 - create IPUIPlugin
2024-01-23 15:56:00,630 [INFO] PluginManager:220 - loadIPPluginJar : add i3c
2024-01-23 15:56:00,632 [INFO] IPUIPlugin:80 - create IPUIPlugin
2024-01-23 15:56:00,632 [INFO] PluginManager:220 - loadIPPluginJar : add touchsensing
2024-01-23 15:56:00,633 [INFO] IPUIPlugin:80 - create IPUIPlugin
2024-01-23 15:56:00,634 [INFO] PluginManager:220 - loadIPPluginJar : add i2c
2024-01-23 15:56:00,636 [INFO] IPUIPlugin:80 - create IPUIPlugin
2024-01-23 15:56:00,637 [INFO] PluginManager:220 - loadIPPluginJar : add resmgrutility
2024-01-23 15:56:00,641 [INFO] IPUIPlugin:80 - create IPUIPlugin
2024-01-23 15:56:00,641 [INFO] PluginManager:220 - loadIPPluginJar : add sai
2024-01-23 15:56:00,644 [INFO] IPUIPlugin:80 - create IPUIPlugin
2024-01-23 15:56:00,644 [INFO] PluginManager:220 - loadIPPluginJar : add usbx
2024-01-23 15:56:00,765 [INFO] CADModel:165 - CPN selected for project level
2024-01-23 15:56:00,765 [INFO] CADModel:114 - Register for checkConnection events
2024-01-23 15:56:00,766 [FATAL] Updater:308 - Updater called before beeing initialized
2024-01-23 15:56:00,766 [ERROR] CADModel:125 - Updater not yet initialized, retry later 
2024-01-23 15:56:01,035 [INFO] CADModel:165 - CPN selected for project level
2024-01-23 15:56:01,035 [INFO] CADModel:114 - Register for checkConnection events
2024-01-23 15:56:01,035 [FATAL] Updater:308 - Updater called before beeing initialized
2024-01-23 15:56:01,035 [ERROR] CADModel:125 - Updater not yet initialized, retry later 
2024-01-23 15:56:01,038 [FATAL] Updater:308 - Updater called before beeing initialized
2024-01-23 15:56:01,199 [FATAL] Updater:308 - Updater called before beeing initialized
2024-01-23 15:56:01,204 [INFO] DbMcusAds:53 - JSON generation date=Wed Nov 29 05:52:27 EST 2023 (1701255147200)
2024-01-23 15:56:01,204 [FATAL] Updater:308 - Updater called before beeing initialized
2024-01-23 15:56:01,260 [WARN] DetailPanel:346 - Failed to get advertising image, set to default
2024-01-23 15:56:01,322 [FATAL] Updater:308 - Updater called before beeing initialized
2024-01-23 15:56:01,324 [FATAL] Updater:308 - Updater called before beeing initialized
2024-01-23 15:56:01,324 [FATAL] Updater:308 - Updater called before beeing initialized
2024-01-23 15:56:01,324 [WARN] DetailPanel:346 - Failed to get advertising image, set to default
2024-01-23 15:56:01,324 [FATAL] Updater:308 - Updater called before beeing initialized
2024-01-23 15:56:01,382 [ERROR] Updater:1120 - MainUpdater not yet initialized. External WinMGr cannot be set.
2024-01-23 15:56:01,424 [INFO] Updater:1056 - Updater Version found : 6.10.0
2024-01-23 15:56:01,436 [INFO] ApplicationProperties:184 - Using Application install path: /Applications/STM32CubeIDE.app/Contents/Eclipse/plugins/com.st.stm32cube.common.mx_6.10.0.202311202037
2024-01-23 15:56:01,949 [INFO] MainUpdater:2873 - connection check result : 10
2024-01-23 15:56:01,951 [INFO] MainUpdater:290 - Updater Check For Update Now.
2024-01-23 15:56:01,953 [INFO] MicroXplorer:498 - Change Database Version : DB.6.0.100
2024-01-23 15:56:01,965 [INFO] McuFinderGlobals:63 - Set McuFinder mode to 2 (CubeIDE integrated)
2024-01-23 15:56:02,211 [INFO] UserAuth:404 - Internet connection configuration mode: 1
2024-01-23 15:56:02,223 [INFO] JxBrowserEngine:152 - Initiate JxBrowser Engine with user profile folder
2024-01-23 15:56:02,238 [INFO] CheckServerUpdateThread:120 - End of CheckServer Thread
2024-01-23 15:56:03,130 [WARN] PackLoader:240 - Cannot read IP mode file for STMicroelectronics.X-CUBE-SMBUS.2.1.0
2024-01-23 15:56:03,149 [WARN] PackLoader:240 - Cannot read IP mode file for STMicroelectronics.X-CUBE-TOUCHGFX.4.23.0
2024-01-23 15:56:03,207 [WARN] PackLoader:240 - Cannot read IP mode file for STMicroelectronics.X-CUBE-AZRTOS-F7.1.1.0
2024-01-23 15:56:03,247 [WARN] PackLoader:240 - Cannot read IP mode file for STMicroelectronics.FP-SNS-MOTENV1.4.3.2
2024-01-23 15:56:03,292 [WARN] PackLoader:240 - Cannot read IP mode file for STMicroelectronics.FP-SNS-FLIGHT1.5.0.2
2024-01-23 15:56:03,321 [WARN] PackLoader:240 - Cannot read IP mode file for STMicroelectronics.X-CUBE-DISPLAY.3.0.0
2024-01-23 15:56:03,371 [WARN] PackLoader:240 - Cannot read IP mode file for STMicroelectronics.X-CUBE-BLE1.7.0.0
2024-01-23 15:56:03,405 [WARN] PackLoader:240 - Cannot read IP mode file for emotas.I-CUBE-CANOPEN.1.3.0
2024-01-23 15:56:03,424 [WARN] PackLoader:240 - Cannot read IP mode file for STMicroelectronics.FP-SNS-SMARTAG2.1.2.0
2024-01-23 15:56:03,438 [INFO] LogOutputStream:77 - [STDOUT_REDIRECT] 1 : Invalid condition id : UX_CORESTACK_Condition cause : null
2024-01-23 15:56:03,439 [INFO] LogOutputStream:77 - [STDOUT_REDIRECT] 1 : Invalid condition id : UX_CORESTACK_Condition cause : null
2024-01-23 15:56:03,439 [INFO] LogOutputStream:77 - [STDOUT_REDIRECT] 1 : Invalid condition id : UX_CORESTACK_Condition cause : null
2024-01-23 15:56:03,439 [INFO] LogOutputStream:77 - [STDOUT_REDIRECT] 1 : Invalid condition id : UX_CORESTACK_Condition cause : null
2024-01-23 15:56:03,439 [INFO] LogOutputStream:77 - [STDOUT_REDIRECT] 1 : Invalid condition id : UX_CORESTACK_Condition cause : null
2024-01-23 15:56:03,448 [WARN] PackLoader:240 - Cannot read IP mode file for STMicroelectronics.X-CUBE-AZRTOS-WL.2.0.0
2024-01-23 15:56:03,464 [WARN] PackLoader:240 - Cannot read IP mode file for WES.I-CUBE-Cesium.1.3.0
2024-01-23 15:56:03,476 [WARN] PackLoader:240 - Cannot read IP mode file for STMicroelectronics.X-CUBE-BLE2.3.3.0
2024-01-23 15:56:03,508 [WARN] PackLoader:240 - Cannot read IP mode file for STMicroelectronics.X-CUBE-ALGOBUILD.1.3.0
2024-01-23 15:56:03,560 [WARN] PackLoader:240 - Cannot read IP mode file for STMicroelectronics.X-CUBE-AZRTOS-G0.1.1.0
2024-01-23 15:56:03,583 [WARN] PackLoader:240 - Cannot read IP mode file for STMicroelectronics.X-CUBE-NFC4.3.0.0
2024-01-23 15:56:03,633 [WARN] PackLoader:240 - Cannot read IP mode file for STMicroelectronics.X-CUBE-BLEMGR.3.0.0
2024-01-23 15:56:03,658 [WARN] PackLoader:240 - Cannot read IP mode file for STMicroelectronics.FP-ATR-SIGFOX1.3.2.0
2024-01-23 15:56:03,745 [WARN] PackLoader:240 - Cannot read IP mode file for SEGGER.I-CUBE-embOS.1.3.1
2024-01-23 15:56:03,805 [WARN] PackLoader:240 - Cannot read IP mode file for STMicroelectronics.X-CUBE-GNSS1.6.0.0
2024-01-23 15:56:03,842 [WARN] PackLoader:240 - Cannot read IP mode file for STMicroelectronics.X-CUBE-AZRTOS-F4.1.1.0
2024-01-23 15:56:03,861 [WARN] PackLoader:240 - Cannot read IP mode file for wolfSSL.I-CUBE-wolfSSL.5.6.6
2024-01-23 15:56:03,894 [WARN] PackLoader:240 - Cannot read IP mode file for STMicroelectronics.X-CUBE-AZRTOS-L5.2.0.0
2024-01-23 15:56:03,908 [WARN] PackLoader:240 - Cannot read IP mode file for STMicroelectronics.X-CUBE-EEPRMA1.4.2.0
2024-01-23 15:56:03,917 [WARN] PackLoader:240 - Cannot read IP mode file for ITTIA_DB.I-CUBE-ITTIADB.8.8.0
2024-01-23 15:56:03,922 [WARN] PackLoader:240 - Cannot read IP mode file for STMicroelectronics.X-CUBE-NFC7.1.0.1
2024-01-23 15:56:03,939 [WARN] PackLoader:240 - Cannot read IP mode file for STMicroelectronics.X-CUBE-NFC6.3.0.0
2024-01-23 15:56:03,946 [WARN] PackLoader:240 - Cannot read IP mode file for STMicroelectronics.X-CUBE-AI.8.1.0
2024-01-23 15:56:04,009 [WARN] ConditionMgr:438 - getConditionDescription Invalid condition id : LAN8742 Phy interface Condition cause : null
2024-01-23 15:56:04,016 [WARN] PackLoader:240 - Cannot read IP mode file for STMicroelectronics.X-CUBE-AZRTOS-L4.2.0.0
2024-01-23 15:56:04,029 [WARN] ConditionMgr:1039 - genDependencies : Invalid condition id : LAN8742 Phy interface Condition cause : null
2024-01-23 15:56:04,030 [WARN] ConditionMgr:1039 - genDependencies : Invalid condition id : LAN8742 Phy interface Condition cause : null
2024-01-23 15:56:04,032 [WARN] ConditionMgr:1039 - genDependencies : Invalid condition id : LAN8742 Phy interface Condition cause : null
2024-01-23 15:56:04,077 [WARN] PackLoader:240 - Cannot read IP mode file for STMicroelectronics.X-CUBE-SFXS2LP1.4.0.0
2024-01-23 15:56:04,101 [WARN] ConditionMgr:438 - getConditionDescription Invalid condition id : UX DEVICE CLASS RTOS Condition cause : null
2024-01-23 15:56:04,102 [WARN] ConditionMgr:438 - getConditionDescription Invalid condition id : UX DEVICE CLASS RTOS Condition cause : null
2024-01-23 15:56:04,107 [WARN] PackLoader:240 - Cannot read IP mode file for STMicroelectronics.X-CUBE-AZRTOS-WB.2.0.0
2024-01-23 15:56:04,109 [WARN] ConditionMgr:1039 - genDependencies : Invalid condition id : UX DEVICE CLASS RTOS Condition cause : null
2024-01-23 15:56:04,109 [WARN] ConditionMgr:1039 - genDependencies : Invalid condition id : UX DEVICE CLASS RTOS Condition cause : null
2024-01-23 15:56:04,110 [WARN] ConditionMgr:1039 - genDependencies : Invalid condition id : UX DEVICE CLASS RTOS Condition cause : null
2024-01-23 15:56:04,111 [WARN] ConditionMgr:1039 - genDependencies : Invalid condition id : UX DEVICE CLASS RTOS Condition cause : null
2024-01-23 15:56:04,112 [WARN] ConditionMgr:1039 - genDependencies : Invalid condition id : UX DEVICE CLASS RTOS Condition cause : null
2024-01-23 15:56:04,163 [WARN] PackLoader:240 - Cannot read IP mode file for STMicroelectronics.X-CUBE-SUBG2.5.0.0
2024-01-23 15:56:04,210 [WARN] PackLoader:240 - Cannot read IP mode file for STMicroelectronics.X-CUBE-AZRTOS-G4.2.0.0
2024-01-23 15:56:04,241 [WARN] PackLoader:240 - Cannot read IP mode file for Infineon.AIROC-Wi-Fi-Bluetooth-STM32.1.5.1
2024-01-23 15:56:04,259 [WARN] PackLoader:240 - Cannot read IP mode file for STMicroelectronics.FP-SNS-MOTENVWB1.1.3.1
2024-01-23 15:56:04,264 [WARN] PackLoader:240 - Cannot read IP mode file for STMicroelectronics.X-CUBE-ISPU.2.0.0
2024-01-23 15:56:04,320 [WARN] PackLoader:240 - Cannot read IP mode file for STMicroelectronics.X-CUBE-MEMS1.10.0.0
2024-01-23 15:56:04,420 [WARN] PackLoader:240 - Cannot read IP mode file for STMicroelectronics.X-CUBE-FREERTOS.1.1.0
2024-01-23 15:56:04,426 [WARN] PackLoader:240 - Cannot read IP mode file for portGmbH.I-Cube-SoM-uGOAL.1.1.0
2024-01-23 15:56:04,429 [WARN] PackLoader:240 - Cannot read IP mode file for STMicroelectronics.X-CUBE-ALS.1.0.1
2024-01-23 15:56:04,432 [WARN] PackLoader:240 - Cannot read IP mode file for STMicroelectronics.FP-ATR-ASTRA1.2.0.0
2024-01-23 15:56:04,444 [WARN] PackLoader:240 - Cannot read IP mode file for STMicroelectronics.X-CUBE-TOF1.3.4.0
2024-01-23 15:56:04,485 [WARN] PackLoader:240 - Cannot read IP mode file for STMicroelectronics.X-CUBE-AZRTOS-H7.3.2.0
2024-01-23 15:56:04,494 [INFO] ThirdParty:978 - Integrity check success = true
2024-01-23 15:56:04,495 [INFO] IntegrityCheckThread:100 - exiting critical section [integrity check]
2024-01-23 15:56:04,495 [INFO] IntegrityCheckThread:103 - End integrity checks thread
2024-01-23 15:56:07,128 [INFO] WebApp:161 - Instantiating new browser for Auth
2024-01-23 15:56:08,320 [INFO] WebApp:780 - Register for checkConnection events
2024-01-23 15:56:08,320 [INFO] WebApp:414 - Apply proxy settings
2024-01-23 15:56:08,342 [INFO] WebApp:459 - Chromium authenticates against Manually configured proxy
2024-01-23 15:56:08,361 [INFO] WebApp:467 - Username used for proxy authentication: 
2024-01-23 15:56:08,515 [INFO] WebApp:192 - Starting web application
2024-01-23 15:56:08,516 [INFO] WebApp:544 - Web application path used /Applications/STM32CubeIDE.app/Contents/Eclipse/plugins/com.st.stm32cube.common.mx_6.10.0.202311202037/db/plugins/mcufinder/reactClient1/index.html
2024-01-23 15:56:29,734 [ERROR] LogOutputStream:75 - [STDERR_REDIRECT] SLF4J: Failed to load class "org.slf4j.impl.StaticLoggerBinder".
2024-01-23 15:56:29,737 [ERROR] LogOutputStream:75 - [STDERR_REDIRECT] SLF4J: Defaulting to no-operation (NOP) logger implementation
2024-01-23 15:56:29,739 [ERROR] LogOutputStream:75 - [STDERR_REDIRECT] SLF4J: See http://www.slf4j.org/codes.html#StaticLoggerBinder for further details.
2024-01-23 19:28:03,642 [ERROR] LogOutputStream:75 - [STDERR_REDIRECT] 
