2024-04-11 00:13:13,026 [INFO] Activator:176 - 


2024-04-11 00:13:13,031 [INFO] Activator:177 - !SESSION log4j initialized
2024-04-11 00:13:18,730 [ERROR] LogOutputStream:75 - [STDERR_REDIRECT] 
2024-04-11 00:13:19,407 [INFO] LogOutputStream:77 - [STDOUT_REDIRECT] 
2024-04-11 00:13:21,310 [INFO] LogOutputStream:77 - [STDOUT_REDIRECT] 
2024-04-11 00:13:25,184 [ERROR] LogOutputStream:75 - [STDERR_REDIRECT] [Fatal Error] :2:10: DOCTYPE no está permitido cuando la función "http://apache.org/xml/features/disallow-doctype-decl" se ha definido en true.
2024-04-11 00:13:25,188 [ERROR] LogOutputStream:75 - [STDERR_REDIRECT] 
2024-04-11 00:13:25,931 [INFO] ApplicationProperties:184 - Using Application install path: /Applications/STM32CubeIDE.app/Contents/Eclipse/plugins/com.st.stm32cube.common.mx_6.10.0.202311202037
2024-04-11 00:13:25,952 [INFO] DbMcusXml:78 - Set database path to: /Applications/STM32CubeIDE.app/Contents/Eclipse/plugins/com.st.stm32cube.common.mx_6.10.0.202311202037//db//mcu/
2024-04-11 00:13:25,952 [INFO] ApiDb:274 - Set plugin database path to: /Applications/STM32CubeIDE.app/Contents/Eclipse/plugins/com.st.stm32cube.common.mx_6.10.0.202311202037//db//plugins/boardmanager/
2024-04-11 00:13:25,952 [WARN] ApiDb:259 - Overriding images path with different value:  => /Applications/STM32CubeIDE.app/Contents/Eclipse/plugins/com.st.stm32cube.common.mx_6.10.0.202311202037//db//plugins/mcufinder/images/
2024-04-11 00:13:25,963 [INFO] ApiDb:250 - Set database path to: /Users/romeluis/.stmcufinder/plugins/mcufinder//mcu/
2024-04-11 00:13:25,964 [INFO] DbMcusAds:125 - Set database path to: /Users/romeluis/.stmcufinder/plugins/mcufinder//mcu/
2024-04-11 00:13:25,965 [INFO] CrossReferenceDbSqlite:203 - Set database path to: /Users/romeluis/.stmcufinder/plugins/mcufinder//mcu/cs/
2024-04-11 00:13:26,201 [INFO] RulesReader:64 - Compatibility file has been processed (297 Rules)
2024-04-11 00:13:26,324 [INFO] DbMcusXml:78 - Set database path to: /Applications/STM32CubeIDE.app/Contents/Eclipse/plugins/com.st.stm32cube.common.mx_6.10.0.202311202037//db//mcu/
2024-04-11 00:13:26,325 [INFO] ApiDb:274 - Set plugin database path to: /Applications/STM32CubeIDE.app/Contents/Eclipse/plugins/com.st.stm32cube.common.mx_6.10.0.202311202037//db//plugins/boardmanager/
2024-04-11 00:13:26,326 [INFO] ApiDb:261 - Set plugin images path to: /Applications/STM32CubeIDE.app/Contents/Eclipse/plugins/com.st.stm32cube.common.mx_6.10.0.202311202037//db//plugins/mcufinder/images/
2024-04-11 00:13:26,327 [WARN] DbFile:41 - Overriding database path with different value: /Users/romeluis/.stmcufinder/plugins/mcufinder/ => /Users/romeluis/.stmcufinder/plugins/mcufinder
2024-04-11 00:13:26,327 [INFO] ApiDb:250 - Set database path to: /Users/romeluis/.stmcufinder/plugins/mcufinder//mcu/
2024-04-11 00:13:26,327 [WARN] DbFile:41 - Overriding database path with different value: /Users/romeluis/.stmcufinder/plugins/mcufinder/ => /Users/romeluis/.stmcufinder/plugins/mcufinder
2024-04-11 00:13:26,327 [INFO] DbMcusAds:125 - Set database path to: /Users/romeluis/.stmcufinder/plugins/mcufinder//mcu/
2024-04-11 00:13:26,328 [WARN] DbFile:41 - Overriding database path with different value: /Users/romeluis/.stmcufinder/plugins/mcufinder/ => /Users/romeluis/.stmcufinder/plugins/mcufinder
2024-04-11 00:13:26,328 [WARN] DbFile:41 - Overriding database path with different value: /Users/romeluis/.stmcufinder/plugins/mcufinder/ => /Users/romeluis/.stmcufinder/plugins/mcufinder
2024-04-11 00:13:26,328 [INFO] CrossReferenceDbSqlite:203 - Set database path to: /Users/romeluis/.stmcufinder/plugins/mcufinder//mcu/cs/
2024-04-11 00:13:26,417 [INFO] MainPanel:264 - HeapMemory: 319815680
2024-04-11 00:13:26,491 [INFO] DbMcusXml:78 - Set database path to: /Applications/STM32CubeIDE.app/Contents/Eclipse/plugins/com.st.stm32cube.common.mx_6.10.0.202311202037//db//mcu/
2024-04-11 00:13:26,492 [INFO] ApiDb:274 - Set plugin database path to: /Applications/STM32CubeIDE.app/Contents/Eclipse/plugins/com.st.stm32cube.common.mx_6.10.0.202311202037//db//plugins/boardmanager/
2024-04-11 00:13:26,492 [INFO] ApiDb:261 - Set plugin images path to: /Applications/STM32CubeIDE.app/Contents/Eclipse/plugins/com.st.stm32cube.common.mx_6.10.0.202311202037//db//plugins/mcufinder/images/
2024-04-11 00:13:26,492 [WARN] DbFile:41 - Overriding database path with different value: /Users/romeluis/.stmcufinder/plugins/mcufinder/ => /Users/romeluis/.stmcufinder/plugins/mcufinder
2024-04-11 00:13:26,492 [INFO] ApiDb:250 - Set database path to: /Users/romeluis/.stmcufinder/plugins/mcufinder//mcu/
2024-04-11 00:13:26,492 [WARN] DbFile:41 - Overriding database path with different value: /Users/romeluis/.stmcufinder/plugins/mcufinder/ => /Users/romeluis/.stmcufinder/plugins/mcufinder
2024-04-11 00:13:26,492 [INFO] DbMcusAds:125 - Set database path to: /Users/romeluis/.stmcufinder/plugins/mcufinder//mcu/
2024-04-11 00:13:26,492 [WARN] DbFile:41 - Overriding database path with different value: /Users/romeluis/.stmcufinder/plugins/mcufinder/ => /Users/romeluis/.stmcufinder/plugins/mcufinder
2024-04-11 00:13:26,492 [WARN] DbFile:41 - Overriding database path with different value: /Users/romeluis/.stmcufinder/plugins/mcufinder/ => /Users/romeluis/.stmcufinder/plugins/mcufinder
2024-04-11 00:13:26,492 [INFO] CrossReferenceDbSqlite:203 - Set database path to: /Users/romeluis/.stmcufinder/plugins/mcufinder//mcu/cs/
2024-04-11 00:13:26,510 [INFO] ApplicationProperties:184 - Using Application install path: /Applications/STM32CubeIDE.app/Contents/Eclipse/plugins/com.st.stm32cube.common.mx_6.10.0.202311202037
2024-04-11 00:13:26,511 [INFO] PluginManage:196 - Search for loadable plugins [exclusion list=, ]
2024-04-11 00:13:26,513 [INFO] PluginManage:310 - Check plugin analytics
2024-04-11 00:13:26,762 [INFO] AnalyticsPlugin:253 - Accepted Software Licenses: STM32CubeMX.6.10.0
2024-04-11 00:13:26,763 [INFO] AnalyticsPlugin:255 - Accepted CMSIS Pack Licenses: 
2024-04-11 00:13:26,763 [INFO] AnalyticsPlugin:257 - Accepted Firmware Licenses: FW.F4.1.28.0,FW.F4.1.27.0
2024-04-11 00:13:26,775 [INFO] PluginManage:359 - Loaded plugin analytics (category:tool,tabindex:-1)
2024-04-11 00:13:26,779 [INFO] PluginManage:310 - Check plugin cadmodel
2024-04-11 00:13:27,157 [INFO] CADModel:105 - Init CAD model plugin
2024-04-11 00:13:27,160 [INFO] PluginManage:359 - Loaded plugin cadmodel (category:power,tabindex:5)
2024-04-11 00:13:27,162 [INFO] PluginManage:310 - Check plugin clock
2024-04-11 00:13:27,196 [INFO] PluginManage:359 - Loaded plugin clock (category:base,tabindex:2)
2024-04-11 00:13:27,196 [INFO] PluginManage:310 - Check plugin ddr
2024-04-11 00:13:27,199 [INFO] PluginManage:359 - Loaded plugin ddr (category:tool,tabindex:6)
2024-04-11 00:13:27,199 [INFO] PluginManage:310 - Check plugin filemanager
2024-04-11 00:13:27,472 [INFO] PluginManage:359 - Loaded plugin filemanager (category:base,tabindex:10)
2024-04-11 00:13:27,473 [INFO] PluginManage:310 - Check plugin ipmanager
2024-04-11 00:13:27,494 [INFO] PluginManage:359 - Loaded plugin ipmanager (category:base,tabindex:5)
2024-04-11 00:13:27,495 [INFO] PluginManage:310 - Check plugin lpbam
2024-04-11 00:13:27,506 [INFO] PluginManage:359 - Loaded plugin lpbam (category:base,tabindex:0)
2024-04-11 00:13:27,506 [INFO] PluginManage:310 - Check plugin memorymap
2024-04-11 00:13:27,518 [INFO] PluginManage:359 - Loaded plugin memorymap (category:base,tabindex:4)
2024-04-11 00:13:27,518 [INFO] PluginManage:310 - Check plugin pinoutandconfiguration
2024-04-11 00:13:27,525 [INFO] PluginManage:359 - Loaded plugin pinoutandconfiguration (category:base,tabindex:1)
2024-04-11 00:13:27,525 [INFO] PluginManage:310 - Check plugin pinoutconfig
2024-04-11 00:13:27,633 [WARN] SupportedApi:132 - Cannot load RTOS API schema: s4s-elt-must-match.1: The content of 'definitions' must match (annotation?, (simpleType | complexType)?, (unique | key | keyref)*)). A problem was found starting at: attribute.
2024-04-11 00:13:27,807 [INFO] PluginManage:359 - Loaded plugin pinoutconfig (category:base,tabindex:0)
2024-04-11 00:13:27,807 [INFO] PluginManage:310 - Check plugin power
2024-04-11 00:13:27,822 [INFO] PluginManage:359 - Loaded plugin power (category:power,tabindex:4)
2024-04-11 00:13:27,822 [INFO] PluginManage:310 - Check plugin projectmanager
2024-04-11 00:13:27,852 [INFO] PluginManage:359 - Loaded plugin projectmanager (category:projectmanager,tabindex:3)
2024-04-11 00:13:27,852 [INFO] PluginManage:310 - Check plugin thirdparty
2024-04-11 00:13:28,015 [INFO] PluginManage:359 - Loaded plugin thirdparty (category:base,tabindex:-1)
2024-04-11 00:13:28,017 [INFO] PluginManage:310 - Check plugin tools
2024-04-11 00:13:28,015 [WARN] IntegrityCheckThread:84 - waiting for thirdparty lock release [integrity check]
2024-04-11 00:13:28,018 [INFO] IntegrityCheckThread:86 - entering critical section [integrity check]
2024-04-11 00:13:28,019 [INFO] ThirdPartyUpdaterWithRetryManager:70 - Updater plugin not ready yet. [1/15]
2024-04-11 00:13:28,020 [INFO] PluginManage:359 - Loaded plugin tools (category:base,tabindex:7)
2024-04-11 00:13:28,021 [INFO] PluginManage:310 - Check plugin tutovideos
2024-04-11 00:13:28,195 [INFO] PluginManage:359 - Loaded plugin tutovideos (category:base,tabindex:-1)
2024-04-11 00:13:28,196 [INFO] PluginManage:310 - Check plugin updater
2024-04-11 00:13:28,222 [INFO] PluginManage:359 - Loaded plugin updater (category:base,tabindex:12)
2024-04-11 00:13:28,223 [INFO] PluginManage:310 - Check plugin userauth
2024-04-11 00:13:28,236 [INFO] UserAuth:114 - Init User Auth plugin
2024-04-11 00:13:28,236 [INFO] PluginManage:359 - Loaded plugin userauth (category:base,tabindex:14)
2024-04-11 00:13:28,238 [INFO] PluginManage:283 - PluginManage : Loaded plugins [17]
2024-04-11 00:13:28,535 [INFO] PinOutPanel:1499 - setPackage(No Configuration,No Configuration)
2024-04-11 00:13:28,611 [INFO] CADModel:165 - CPN selected for project level
2024-04-11 00:13:28,612 [INFO] CADModel:114 - Register for checkConnection events
2024-04-11 00:13:28,629 [INFO] IPUIPlugin:80 - create IPUIPlugin
2024-04-11 00:13:28,629 [INFO] PluginManager:220 - loadIPPluginJar : add mdma
2024-04-11 00:13:28,635 [INFO] IPUIPlugin:80 - create IPUIPlugin
2024-04-11 00:13:28,635 [INFO] PluginManager:220 - loadIPPluginJar : add freertos
2024-04-11 00:13:28,640 [INFO] IPUIPlugin:80 - create IPUIPlugin
2024-04-11 00:13:28,640 [INFO] PluginManager:220 - loadIPPluginJar : add gic
2024-04-11 00:13:28,647 [INFO] IPUIPlugin:80 - create IPUIPlugin
2024-04-11 00:13:28,647 [INFO] PluginManager:220 - loadIPPluginJar : add adc
2024-04-11 00:13:28,649 [INFO] IPUIPlugin:80 - create IPUIPlugin
2024-04-11 00:13:28,650 [INFO] PluginManager:220 - loadIPPluginJar : add gtzc
2024-04-11 00:13:28,651 [INFO] IPUIPlugin:80 - create IPUIPlugin
2024-04-11 00:13:28,651 [INFO] PluginManager:220 - loadIPPluginJar : add quadspi
2024-04-11 00:13:28,653 [INFO] IPUIPlugin:80 - create IPUIPlugin
2024-04-11 00:13:28,653 [INFO] PluginManager:220 - loadIPPluginJar : add aes
2024-04-11 00:13:28,655 [INFO] IPUIPlugin:80 - create IPUIPlugin
2024-04-11 00:13:28,655 [INFO] PluginManager:220 - loadIPPluginJar : add pdm2pcm
2024-04-11 00:13:28,656 [INFO] IPUIPlugin:80 - create IPUIPlugin
2024-04-11 00:13:28,657 [INFO] PluginManager:220 - loadIPPluginJar : add hash
2024-04-11 00:13:28,658 [INFO] IPUIPlugin:80 - create IPUIPlugin
2024-04-11 00:13:28,658 [INFO] PluginManager:220 - loadIPPluginJar : add tim
2024-04-11 00:13:28,659 [INFO] IPUIPlugin:80 - create IPUIPlugin
2024-04-11 00:13:28,659 [INFO] PluginManager:220 - loadIPPluginJar : add tsc
2024-04-11 00:13:28,660 [INFO] IPUIPlugin:80 - create IPUIPlugin
2024-04-11 00:13:28,660 [INFO] PluginManager:220 - loadIPPluginJar : add ts
2024-04-11 00:13:28,663 [INFO] IPUIPlugin:80 - create IPUIPlugin
2024-04-11 00:13:28,663 [INFO] PluginManager:220 - loadIPPluginJar : add can
2024-04-11 00:13:28,665 [INFO] IPUIPlugin:80 - create IPUIPlugin
2024-04-11 00:13:28,666 [INFO] PluginManager:220 - loadIPPluginJar : add dma3
2024-04-11 00:13:28,667 [INFO] IPUIPlugin:80 - create IPUIPlugin
2024-04-11 00:13:28,667 [INFO] PluginManager:220 - loadIPPluginJar : add dfsdm
2024-04-11 00:13:28,668 [INFO] IPUIPlugin:80 - create IPUIPlugin
2024-04-11 00:13:28,668 [INFO] PluginManager:220 - loadIPPluginJar : add spi
2024-04-11 00:13:28,670 [INFO] IPUIPlugin:80 - create IPUIPlugin
2024-04-11 00:13:28,671 [INFO] PluginManager:220 - loadIPPluginJar : add gfxmmu
2024-04-11 00:13:28,672 [INFO] IPUIPlugin:80 - create IPUIPlugin
2024-04-11 00:13:28,672 [INFO] PluginManager:220 - loadIPPluginJar : add genericplugin
2024-04-11 00:13:28,673 [INFO] IPUIPlugin:80 - create IPUIPlugin
2024-04-11 00:13:28,673 [INFO] PluginManager:220 - loadIPPluginJar : add cryp
2024-04-11 00:13:28,676 [INFO] IPUIPlugin:80 - create IPUIPlugin
2024-04-11 00:13:28,677 [INFO] PluginManager:220 - loadIPPluginJar : add gpio
2024-04-11 00:13:28,678 [INFO] IPUIPlugin:80 - create IPUIPlugin
2024-04-11 00:13:28,678 [INFO] PluginManager:220 - loadIPPluginJar : add comp
2024-04-11 00:13:28,680 [INFO] IPUIPlugin:80 - create IPUIPlugin
2024-04-11 00:13:28,680 [INFO] PluginManager:220 - loadIPPluginJar : add tracer_emb
2024-04-11 00:13:28,683 [INFO] IPUIPlugin:80 - create IPUIPlugin
2024-04-11 00:13:28,683 [INFO] PluginManager:220 - loadIPPluginJar : add openamp
2024-04-11 00:13:28,686 [INFO] IPUIPlugin:80 - create IPUIPlugin
2024-04-11 00:13:28,686 [INFO] PluginManager:220 - loadIPPluginJar : add stm32_wpan
2024-04-11 00:13:28,689 [INFO] IPUIPlugin:80 - create IPUIPlugin
2024-04-11 00:13:28,692 [INFO] PluginManager:220 - loadIPPluginJar : add plateformsettings
2024-04-11 00:13:28,696 [INFO] IPUIPlugin:80 - create IPUIPlugin
2024-04-11 00:13:28,696 [INFO] PluginManager:220 - loadIPPluginJar : add ipddr
2024-04-11 00:13:28,698 [INFO] IPUIPlugin:80 - create IPUIPlugin
2024-04-11 00:13:28,698 [INFO] PluginManager:220 - loadIPPluginJar : add usart
2024-04-11 00:13:28,699 [INFO] IPUIPlugin:80 - create IPUIPlugin
2024-04-11 00:13:28,700 [INFO] PluginManager:220 - loadIPPluginJar : add ltdc
2024-04-11 00:13:28,702 [INFO] IPUIPlugin:80 - create IPUIPlugin
2024-04-11 00:13:28,702 [INFO] PluginManager:220 - loadIPPluginJar : add nvic
2024-04-11 00:13:28,703 [INFO] IPUIPlugin:80 - create IPUIPlugin
2024-04-11 00:13:28,704 [INFO] PluginManager:220 - loadIPPluginJar : add fatfs
2024-04-11 00:13:28,708 [INFO] IPUIPlugin:80 - create IPUIPlugin
2024-04-11 00:13:28,708 [INFO] PluginManager:220 - loadIPPluginJar : add linkedlist
2024-04-11 00:13:28,715 [INFO] IPUIPlugin:80 - create IPUIPlugin
2024-04-11 00:13:28,715 [INFO] PluginManager:220 - loadIPPluginJar : add dma
2024-04-11 00:13:28,719 [INFO] IPUIPlugin:80 - create IPUIPlugin
2024-04-11 00:13:28,719 [INFO] PluginManager:220 - loadIPPluginJar : add fmc
2024-04-11 00:13:28,723 [INFO] IPUIPlugin:80 - create IPUIPlugin
2024-04-11 00:13:28,723 [INFO] PluginManager:220 - loadIPPluginJar : add i2s
2024-04-11 00:13:28,725 [INFO] IPUIPlugin:80 - create IPUIPlugin
2024-04-11 00:13:28,725 [INFO] PluginManager:220 - loadIPPluginJar : add ucpd
2024-04-11 00:13:28,726 [INFO] IPUIPlugin:80 - create IPUIPlugin
2024-04-11 00:13:28,726 [INFO] PluginManager:220 - loadIPPluginJar : add lorawan
2024-04-11 00:13:28,728 [INFO] IPUIPlugin:80 - create IPUIPlugin
2024-04-11 00:13:28,728 [INFO] PluginManager:220 - loadIPPluginJar : add opamp
2024-04-11 00:13:28,731 [INFO] IPUIPlugin:80 - create IPUIPlugin
2024-04-11 00:13:28,731 [INFO] PluginManager:220 - loadIPPluginJar : add i3c
2024-04-11 00:13:28,733 [INFO] IPUIPlugin:80 - create IPUIPlugin
2024-04-11 00:13:28,733 [INFO] PluginManager:220 - loadIPPluginJar : add touchsensing
2024-04-11 00:13:28,735 [INFO] IPUIPlugin:80 - create IPUIPlugin
2024-04-11 00:13:28,735 [INFO] PluginManager:220 - loadIPPluginJar : add i2c
2024-04-11 00:13:28,738 [INFO] IPUIPlugin:80 - create IPUIPlugin
2024-04-11 00:13:28,738 [INFO] PluginManager:220 - loadIPPluginJar : add resmgrutility
2024-04-11 00:13:28,742 [INFO] IPUIPlugin:80 - create IPUIPlugin
2024-04-11 00:13:28,742 [INFO] PluginManager:220 - loadIPPluginJar : add sai
2024-04-11 00:13:28,745 [INFO] IPUIPlugin:80 - create IPUIPlugin
2024-04-11 00:13:28,745 [INFO] PluginManager:220 - loadIPPluginJar : add usbx
2024-04-11 00:13:28,896 [INFO] CADModel:165 - CPN selected for project level
2024-04-11 00:13:28,898 [INFO] CADModel:114 - Register for checkConnection events
2024-04-11 00:13:28,899 [FATAL] Updater:308 - Updater called before beeing initialized
2024-04-11 00:13:28,899 [ERROR] CADModel:125 - Updater not yet initialized, retry later 
2024-04-11 00:13:29,185 [INFO] CADModel:165 - CPN selected for project level
2024-04-11 00:13:29,185 [INFO] CADModel:114 - Register for checkConnection events
2024-04-11 00:13:29,185 [FATAL] Updater:308 - Updater called before beeing initialized
2024-04-11 00:13:29,185 [ERROR] CADModel:125 - Updater not yet initialized, retry later 
2024-04-11 00:13:29,188 [FATAL] Updater:308 - Updater called before beeing initialized
2024-04-11 00:13:29,360 [FATAL] Updater:308 - Updater called before beeing initialized
2024-04-11 00:13:29,365 [INFO] DbMcusAds:53 - JSON generation date=Wed Nov 29 05:52:27 EST 2023 (1701255147349)
2024-04-11 00:13:29,365 [FATAL] Updater:308 - Updater called before beeing initialized
2024-04-11 00:13:29,420 [WARN] DetailPanel:346 - Failed to get advertising image, set to default
2024-04-11 00:13:29,486 [FATAL] Updater:308 - Updater called before beeing initialized
2024-04-11 00:13:29,487 [FATAL] Updater:308 - Updater called before beeing initialized
2024-04-11 00:13:29,487 [FATAL] Updater:308 - Updater called before beeing initialized
2024-04-11 00:13:29,488 [WARN] DetailPanel:346 - Failed to get advertising image, set to default
2024-04-11 00:13:29,488 [FATAL] Updater:308 - Updater called before beeing initialized
2024-04-11 00:13:29,587 [ERROR] Updater:1120 - MainUpdater not yet initialized. External WinMGr cannot be set.
2024-04-11 00:13:29,629 [INFO] Updater:1056 - Updater Version found : 6.10.0
2024-04-11 00:13:29,642 [INFO] ApplicationProperties:184 - Using Application install path: /Applications/STM32CubeIDE.app/Contents/Eclipse/plugins/com.st.stm32cube.common.mx_6.10.0.202311202037
2024-04-11 00:13:29,984 [INFO] MainUpdater:2873 - connection check result : 10
2024-04-11 00:13:29,985 [INFO] MainUpdater:290 - Updater Check For Update Now.
2024-04-11 00:13:29,985 [INFO] MicroXplorer:498 - Change Database Version : DB.6.0.100
2024-04-11 00:13:29,993 [INFO] McuFinderGlobals:63 - Set McuFinder mode to 2 (CubeIDE integrated)
2024-04-11 00:13:30,259 [INFO] CheckServerUpdateThread:120 - End of CheckServer Thread
2024-04-11 00:13:30,290 [INFO] UserAuth:404 - Internet connection configuration mode: 1
2024-04-11 00:13:30,313 [INFO] JxBrowserEngine:152 - Initiate JxBrowser Engine with user profile folder
2024-04-11 00:13:31,202 [WARN] PackLoader:240 - Cannot read IP mode file for STMicroelectronics.X-CUBE-SMBUS.2.1.0
2024-04-11 00:13:31,234 [WARN] PackLoader:240 - Cannot read IP mode file for STMicroelectronics.X-CUBE-TOUCHGFX.4.23.1
2024-04-11 00:13:31,239 [WARN] PackLoader:240 - Cannot read IP mode file for STMicroelectronics.X-CUBE-TOUCHGFX.4.23.0
2024-04-11 00:13:31,247 [WARN] PackLoader:240 - Cannot read IP mode file for STMicroelectronics.X-CUBE-TOUCHGFX.4.23.2
2024-04-11 00:13:31,309 [WARN] PackLoader:240 - Cannot read IP mode file for STMicroelectronics.X-CUBE-AZRTOS-F7.1.1.0
2024-04-11 00:13:31,345 [WARN] PackLoader:240 - Cannot read IP mode file for STMicroelectronics.FP-SNS-MOTENV1.4.3.2
2024-04-11 00:13:31,386 [WARN] PackLoader:240 - Cannot read IP mode file for STMicroelectronics.FP-SNS-FLIGHT1.5.0.2
2024-04-11 00:13:31,410 [WARN] PackLoader:240 - Cannot read IP mode file for STMicroelectronics.X-CUBE-DISPLAY.3.0.0
2024-04-11 00:13:31,438 [WARN] PackLoader:240 - Cannot read IP mode file for STMicroelectronics.X-CUBE-BLE1.7.0.0
2024-04-11 00:13:31,472 [WARN] PackLoader:240 - Cannot read IP mode file for emotas.I-CUBE-CANOPEN.1.3.0
2024-04-11 00:13:31,522 [WARN] PackLoader:240 - Cannot read IP mode file for STMicroelectronics.X-CUBE-BLEMGR.3.1.0
2024-04-11 00:13:31,561 [WARN] PackLoader:240 - Cannot read IP mode file for STMicroelectronics.FP-SNS-SMARTAG2.1.2.0
2024-04-11 00:13:31,579 [INFO] LogOutputStream:77 - [STDOUT_REDIRECT] 1 : Invalid condition id : UX_CORESTACK_Condition cause : null
2024-04-11 00:13:31,582 [INFO] LogOutputStream:77 - [STDOUT_REDIRECT] 1 : Invalid condition id : UX_CORESTACK_Condition cause : null
2024-04-11 00:13:31,582 [INFO] LogOutputStream:77 - [STDOUT_REDIRECT] 1 : Invalid condition id : UX_CORESTACK_Condition cause : null
2024-04-11 00:13:31,582 [INFO] LogOutputStream:77 - [STDOUT_REDIRECT] 1 : Invalid condition id : UX_CORESTACK_Condition cause : null
2024-04-11 00:13:31,583 [INFO] LogOutputStream:77 - [STDOUT_REDIRECT] 1 : Invalid condition id : UX_CORESTACK_Condition cause : null
2024-04-11 00:13:31,589 [WARN] PackLoader:240 - Cannot read IP mode file for STMicroelectronics.X-CUBE-AZRTOS-WL.2.0.0
2024-04-11 00:13:31,604 [WARN] PackLoader:240 - Cannot read IP mode file for STMicroelectronics.FP-SNS-MOTENV1.5.0.0
2024-04-11 00:13:31,639 [WARN] PackLoader:240 - Cannot read IP mode file for WES.I-CUBE-Cesium.1.3.0
2024-04-11 00:13:31,657 [WARN] PackLoader:240 - Cannot read IP mode file for STMicroelectronics.X-CUBE-BLE2.3.3.0
2024-04-11 00:13:31,669 [WARN] PackLoader:240 - Cannot read IP mode file for STMicroelectronics.X-CUBE-TCPP.4.1.0
2024-04-11 00:13:31,704 [WARN] PackLoader:240 - Cannot read IP mode file for STMicroelectronics.X-CUBE-ALGOBUILD.1.3.0
2024-04-11 00:13:31,789 [WARN] PackLoader:240 - Cannot read IP mode file for STMicroelectronics.X-CUBE-AZRTOS-G0.1.1.0
2024-04-11 00:13:31,816 [WARN] PackLoader:240 - Cannot read IP mode file for STMicroelectronics.X-CUBE-SAFEA1.1.2.2
2024-04-11 00:13:31,843 [WARN] PackLoader:240 - Cannot read IP mode file for STMicroelectronics.X-CUBE-NFC4.3.0.0
2024-04-11 00:13:31,867 [WARN] PackLoader:240 - Cannot read IP mode file for STMicroelectronics.X-CUBE-BLEMGR.3.0.0
2024-04-11 00:13:31,878 [WARN] PackLoader:240 - Cannot read IP mode file for STMicroelectronics.FP-ATR-SIGFOX1.3.2.0
2024-04-11 00:13:31,900 [WARN] PackLoader:240 - Cannot read IP mode file for STMicroelectronics.X-CUBE-EEPRMA1.5.1.0
2024-04-11 00:13:31,975 [WARN] PackLoader:240 - Cannot read IP mode file for SEGGER.I-CUBE-embOS.1.3.1
2024-04-11 00:13:32,022 [WARN] PackLoader:240 - Cannot read IP mode file for STMicroelectronics.X-CUBE-GNSS1.6.0.0
2024-04-11 00:13:32,054 [WARN] PackLoader:240 - Cannot read IP mode file for STMicroelectronics.X-CUBE-AZRTOS-F4.1.1.0
2024-04-11 00:13:32,065 [WARN] PackLoader:240 - Cannot read IP mode file for wolfSSL.I-CUBE-wolfSSL.5.6.6
2024-04-11 00:13:32,109 [WARN] PackLoader:240 - Cannot read IP mode file for STMicroelectronics.X-CUBE-AZRTOS-L5.2.0.0
2024-04-11 00:13:32,138 [WARN] PackLoader:240 - Cannot read IP mode file for STMicroelectronics.X-CUBE-EEPRMA1.4.2.0
2024-04-11 00:13:32,217 [WARN] PackLoader:240 - Cannot read IP mode file for STMicroelectronics.X-CUBE-NFC6.3.1.0
2024-04-11 00:13:32,257 [WARN] PackLoader:240 - Cannot read IP mode file for ITTIA_DB.I-CUBE-ITTIADB.8.8.0
2024-04-11 00:13:32,269 [WARN] PackLoader:240 - Cannot read IP mode file for STMicroelectronics.X-CUBE-NFC7.1.0.1
2024-04-11 00:13:32,280 [WARN] PackLoader:240 - Cannot read IP mode file for STMicroelectronics.X-CUBE-NFC6.3.0.0
2024-04-11 00:13:32,289 [WARN] PackLoader:240 - Cannot read IP mode file for STMicroelectronics.X-CUBE-AI.8.1.0
2024-04-11 00:13:32,317 [WARN] ConditionMgr:438 - getConditionDescription Invalid condition id : LAN8742 Phy interface Condition cause : null
2024-04-11 00:13:32,318 [WARN] PackLoader:240 - Cannot read IP mode file for STMicroelectronics.X-CUBE-AZRTOS-L4.2.0.0
2024-04-11 00:13:32,325 [WARN] ConditionMgr:1039 - genDependencies : Invalid condition id : LAN8742 Phy interface Condition cause : null
2024-04-11 00:13:32,326 [WARN] ConditionMgr:1039 - genDependencies : Invalid condition id : LAN8742 Phy interface Condition cause : null
2024-04-11 00:13:32,327 [WARN] ConditionMgr:1039 - genDependencies : Invalid condition id : LAN8742 Phy interface Condition cause : null
2024-04-11 00:13:32,343 [WARN] PackLoader:240 - Cannot read IP mode file for STMicroelectronics.X-CUBE-SFXS2LP1.4.0.0
2024-04-11 00:13:32,360 [WARN] ConditionMgr:438 - getConditionDescription Invalid condition id : UX DEVICE CLASS RTOS Condition cause : null
2024-04-11 00:13:32,360 [WARN] ConditionMgr:438 - getConditionDescription Invalid condition id : UX DEVICE CLASS RTOS Condition cause : null
2024-04-11 00:13:32,365 [WARN] PackLoader:240 - Cannot read IP mode file for STMicroelectronics.X-CUBE-AZRTOS-WB.2.0.0
2024-04-11 00:13:32,367 [WARN] ConditionMgr:1039 - genDependencies : Invalid condition id : UX DEVICE CLASS RTOS Condition cause : null
2024-04-11 00:13:32,367 [WARN] ConditionMgr:1039 - genDependencies : Invalid condition id : UX DEVICE CLASS RTOS Condition cause : null
2024-04-11 00:13:32,368 [WARN] ConditionMgr:1039 - genDependencies : Invalid condition id : UX DEVICE CLASS RTOS Condition cause : null
2024-04-11 00:13:32,369 [WARN] ConditionMgr:1039 - genDependencies : Invalid condition id : UX DEVICE CLASS RTOS Condition cause : null
2024-04-11 00:13:32,369 [WARN] ConditionMgr:1039 - genDependencies : Invalid condition id : UX DEVICE CLASS RTOS Condition cause : null
2024-04-11 00:13:32,397 [WARN] PackLoader:240 - Cannot read IP mode file for STMicroelectronics.X-CUBE-SUBG2.5.0.0
2024-04-11 00:13:32,432 [WARN] PackLoader:240 - Cannot read IP mode file for STMicroelectronics.X-CUBE-AZRTOS-G4.2.0.0
2024-04-11 00:13:32,452 [WARN] PackLoader:240 - Cannot read IP mode file for Infineon.AIROC-Wi-Fi-Bluetooth-STM32.1.5.1
2024-04-11 00:13:32,463 [WARN] PackLoader:240 - Cannot read IP mode file for STMicroelectronics.FP-SNS-MOTENVWB1.1.3.1
2024-04-11 00:13:32,482 [WARN] PackLoader:240 - Cannot read IP mode file for STMicroelectronics.X-CUBE-ISPU.2.0.0
2024-04-11 00:13:32,559 [WARN] PackLoader:240 - Cannot read IP mode file for STMicroelectronics.X-CUBE-MEMS1.10.0.0
2024-04-11 00:13:32,695 [WARN] PackLoader:240 - Cannot read IP mode file for STMicroelectronics.X-CUBE-FREERTOS.1.1.0
2024-04-11 00:13:32,704 [WARN] PackLoader:240 - Cannot read IP mode file for portGmbH.I-Cube-SoM-uGOAL.1.1.0
2024-04-11 00:13:32,709 [WARN] PackLoader:240 - Cannot read IP mode file for STMicroelectronics.X-CUBE-ALS.1.0.1
2024-04-11 00:13:32,712 [WARN] PackLoader:240 - Cannot read IP mode file for STMicroelectronics.FP-ATR-ASTRA1.2.0.0
2024-04-11 00:13:32,725 [WARN] PackLoader:240 - Cannot read IP mode file for STMicroelectronics.X-CUBE-TOF1.3.4.0
2024-04-11 00:13:32,746 [WARN] PackLoader:240 - Cannot read IP mode file for STMicroelectronics.X-CUBE-TOF1.3.4.1
2024-04-11 00:13:32,784 [WARN] PackLoader:240 - Cannot read IP mode file for STMicroelectronics.X-CUBE-AZRTOS-H7.3.2.0
2024-04-11 00:13:32,794 [INFO] ThirdParty:978 - Integrity check success = true
2024-04-11 00:13:32,794 [INFO] IntegrityCheckThread:100 - exiting critical section [integrity check]
2024-04-11 00:13:32,794 [INFO] IntegrityCheckThread:103 - End integrity checks thread
2024-04-11 00:13:35,285 [INFO] WebApp:161 - Instantiating new browser for Auth
2024-04-11 00:13:36,550 [INFO] WebApp:780 - Register for checkConnection events
2024-04-11 00:13:36,551 [INFO] WebApp:414 - Apply proxy settings
2024-04-11 00:13:36,560 [INFO] WebApp:459 - Chromium authenticates against Manually configured proxy
2024-04-11 00:13:36,584 [INFO] WebApp:467 - Username used for proxy authentication: 
2024-04-11 00:13:36,754 [INFO] WebApp:192 - Starting web application
2024-04-11 00:13:36,754 [INFO] WebApp:544 - Web application path used /Applications/STM32CubeIDE.app/Contents/Eclipse/plugins/com.st.stm32cube.common.mx_6.10.0.202311202037/db/plugins/mcufinder/reactClient1/index.html
2024-04-11 00:13:58,202 [ERROR] LogOutputStream:75 - [STDERR_REDIRECT] SLF4J: Failed to load class "org.slf4j.impl.StaticLoggerBinder".
2024-04-11 00:13:58,204 [ERROR] LogOutputStream:75 - [STDERR_REDIRECT] SLF4J: Defaulting to no-operation (NOP) logger implementation
2024-04-11 00:13:58,205 [ERROR] LogOutputStream:75 - [STDERR_REDIRECT] SLF4J: See http://www.slf4j.org/codes.html#StaticLoggerBinder for further details.
2024-04-11 00:21:59,204 [ERROR] LogOutputStream:75 - [STDERR_REDIRECT] 
